7.3306 	EXP 	Created window1 = Window(allowGUI=True, allowStencil=False, autoLog=True, backendConf=UNKNOWN, bitsMode=UNKNOWN, blendMode='avg', bpc=(8, 8, 8), color=array([0, 0, 0]), colorSpace='rgb', depthBits=8, fullscr=<method-wrapper '__getattribute__' of attributeSetter object at 0x000001D2B087D3D0>, gamma=None, gammaErrorPolicy='raise', lms=UNKNOWN, monitor=<psychopy.monitors.calibTools.Monitor object at 0x000001D2B56F4C10>, multiSample=False, name='window1', numSamples=2, pos=(492, 108), screen=0, size=array([936, 864]), stencilBits=0, stereo=False, units='height', useFBO=True, useRetina=False, viewOri=0.0, viewPos=None, viewScale=None, waitBlanking=True, winType='pyglet')
7.3307 	EXP 	window1: mouseVisible = True
7.3307 	EXP 	window1: mouseVisible = True
7.3308 	EXP 	window1: Attempting to measure frame rate of screen (0) ...
7.3308 	EXP 	window1: recordFrameIntervals = False
7.4964 	EXP 	window1: recordFrameIntervals = True
7.6801 	EXP 	Screen (0) actual frame rate measured at 59.99Hz
7.6802 	EXP 	window1: recordFrameIntervals = False
7.7247 	WARNING 	launchHubServer: If using the iohub mouse or eyetracker devices, fullScr should be True.
9.9544 	EXP 	Created text = TextStim(__class__=<class 'psychopy.visual.text.TextStim'>, alignHoriz=method-wrapper(...), alignText='center', alignVert=method-wrapper(...), anchorHoriz='center', anchorVert='center', antialias=True, autoDraw=False, autoLog=True, bold=False, color=array([1, 1, 1]), colorSpace='rgb', contrast=1.0, depth=0.0, flipHoriz=False, flipVert=False, font='Open Sans', fontFiles=[], height=0.05, italic=False, languageStyle='LTR', name='text', opacity=1.0, ori=0.0, pos=array([0., 0.]), rgb=UNKNOWN, text=str(...), units='height', win=Window(...), wrapWidth=1)
10.2134 	EXP 	Sound ModulatedTone set volume 1.000
10.2164 	EXP 	Created Cross = ShapeStim(__class__=<class 'psychopy.visual.shape.ShapeStim'>, anchor=('center', 'center'), autoDraw=False, autoLog=True, closeShape=True, color=method-wrapper(...), colorSpace='rgb', contrast=None, depth=-1.0, fillColor=array([1, 1, 1]), fillColorSpace='rgb', fillRGB=array([1, 1, 1]), interpolate=True, lineColor=array([1, 1, 1]), lineColorSpace='rgb', lineRGB=array([1, 1, 1]), lineWidth=1.0, name='Cross', opacity=1.0, ori=0.0, pos=array([0., 0.]), size=array([0.1, 0.1]), units='height', vertices=ndarray(...), win=Window(...), windingRule=None)
10.2194 	EXP 	Created text_3 = TextStim(__class__=<class 'psychopy.visual.text.TextStim'>, alignHoriz=method-wrapper(...), alignText='center', alignVert=method-wrapper(...), anchorHoriz='center', anchorVert='center', antialias=True, autoDraw=False, autoLog=True, bold=False, color=array([-1, -1, -1]), colorSpace='rgb', contrast=1.0, depth=-3.0, flipHoriz=False, flipVert=False, font='Open Sans', fontFiles=[], height=0.05, italic=False, languageStyle='LTR', name='text_3', opacity=1.0, ori=0.0, pos=array([0., 0.]), rgb=UNKNOWN, text='Rest', units='height', win=Window(...), wrapWidth=1)
10.2257 	EXP 	Created text_2 = TextStim(__class__=<class 'psychopy.visual.text.TextStim'>, alignHoriz=method-wrapper(...), alignText='center', alignVert=method-wrapper(...), anchorHoriz='center', anchorVert='center', antialias=True, autoDraw=False, autoLog=True, bold=False, color=array([1, 1, 1]), colorSpace='rgb', contrast=1.0, depth=-1.0, flipHoriz=False, flipVert=False, font='Open Sans', fontFiles=[], height=0.05, italic=False, languageStyle='LTR', name='text_2', opacity=1.0, ori=0.0, pos=array([0., 0.]), rgb=UNKNOWN, text=str(...), units='height', win=Window(...), wrapWidth=1)
10.2315 	EXP 	Created text_4 = TextStim(__class__=<class 'psychopy.visual.text.TextStim'>, alignHoriz=method-wrapper(...), alignText='center', alignVert=method-wrapper(...), anchorHoriz='center', anchorVert='center', antialias=True, autoDraw=False, autoLog=True, bold=False, color=array([1, 1, 1]), colorSpace='rgb', contrast=1.0, depth=0.0, flipHoriz=False, flipVert=False, font='Open Sans', fontFiles=[], height=0.05, italic=False, languageStyle='LTR', name='text_4', opacity=1.0, ori=0.0, pos=array([0., 0.]), rgb=UNKNOWN, text=str(...), units='height', win=Window(...), wrapWidth=1)
10.2467 	EXP 	text: autoDraw = True
12.2121 	EXP 	Created sequence: sequential, trialTypes=1, nReps=2, seed=None
12.2128 	EXP 	New trial (rep=0, index=0): None
12.2133 	EXP 	Created sequence: sequential, trialTypes=1, nReps=50, seed=None
12.2138 	EXP 	New trial (rep=0, index=0): None
12.2686 	DATA 	Keypress: space
12.2761 	EXP 	text: autoDraw = False
12.2761 	EXP 	Cross: autoDraw = True
12.2761 	EXP 	text_3: autoDraw = True
12.7249 	EXP 	Sound ModulatedTone started
12.7761 	EXP 	text_3: autoDraw = False
14.7476 	EXP 	Sound ModulatedTone stopped
14.7485 	EXP 	New trial (rep=1, index=0): None
14.8234 	EXP 	Cross: autoDraw = False
14.8234 	EXP 	text_3: autoDraw = False
14.8234 	EXP 	Cross: autoDraw = True
14.8234 	EXP 	text_3: autoDraw = True
15.2229 	EXP 	Sound ModulatedTone started
15.3231 	EXP 	text_3: autoDraw = False
17.2475 	EXP 	Sound ModulatedTone stopped
17.2488 	EXP 	New trial (rep=2, index=0): None
17.3206 	EXP 	Cross: autoDraw = False
17.3206 	EXP 	text_3: autoDraw = False
17.3206 	EXP 	Cross: autoDraw = True
17.3206 	EXP 	text_3: autoDraw = True
17.7200 	EXP 	Sound ModulatedTone started
17.8201 	EXP 	text_3: autoDraw = False
19.7475 	EXP 	Sound ModulatedTone stopped
19.7479 	EXP 	New trial (rep=3, index=0): None
19.8009 	EXP 	Cross: autoDraw = False
19.8009 	EXP 	text_3: autoDraw = False
19.8009 	EXP 	Cross: autoDraw = True
19.8009 	EXP 	text_3: autoDraw = True
20.2188 	EXP 	Sound ModulatedTone started
20.3022 	EXP 	text_3: autoDraw = False
21.7505 	DATA 	Keypress: escape
22.3218 	EXP 	window1: mouseVisible = True
