10.9320 	WARNING 	Requested an unavailable screen number - using first available.
13.0144 	EXP 	Created window1 = Window(allowGUI=True, allowStencil=False, autoLog=True, backendConf=UNKNOWN, bitsMode=UNKNOWN, blendMode='avg', bpc=(8, 8, 8), color=array([0, 0, 0]), colorSpace='rgb', depthBits=8, fullscr=<method-wrapper '__getattribute__' of attributeSetter object at 0x000002525D76E400>, gamma=None, gammaErrorPolicy='raise', lms=UNKNOWN, monitor=<psychopy.monitors.calibTools.Monitor object at 0x000002525E837BE0>, multiSample=False, name='window1', numSamples=2, pos=(492, 108), screen=1, size=array([936, 864]), stencilBits=0, stereo=False, units='height', useFBO=True, useRetina=False, viewOri=0.0, viewPos=None, viewScale=None, waitBlanking=True, winType='pyglet')
13.0150 	EXP 	window1: mouseVisible = True
13.0152 	EXP 	window1: mouseVisible = True
13.0153 	EXP 	window1: Attempting to measure frame rate of screen (1) ...
13.0153 	EXP 	window1: recordFrameIntervals = False
13.1804 	EXP 	window1: recordFrameIntervals = True
13.3996 	WARNING 	t of last frame was 20.81ms (=1/48)
13.6843 	WARNING 	t of last frame was 22.23ms (=1/44)
13.7863 	WARNING 	t of last frame was 22.61ms (=1/44)
13.8185 	WARNING 	t of last frame was 19.97ms (=1/50)
14.0655 	EXP 	Screen (1) actual frame rate measured at 59.99Hz
14.0656 	EXP 	window1: recordFrameIntervals = False
14.1591 	WARNING 	launchHubServer: If using the iohub mouse or eyetracker devices, fullScr should be True.
17.5795 	EXP 	Created text = TextStim(__class__=<class 'psychopy.visual.text.TextStim'>, alignHoriz=method-wrapper(...), alignText='center', alignVert=method-wrapper(...), anchorHoriz='center', anchorVert='center', antialias=True, autoDraw=False, autoLog=True, bold=False, color=array([1, 1, 1]), colorSpace='rgb', contrast=1.0, depth=0.0, flipHoriz=False, flipVert=False, font='Open Sans', fontFiles=[], height=0.05, italic=False, languageStyle='LTR', name='text', opacity=1.0, ori=0.0, pos=array([0., 0.]), rgb=UNKNOWN, text=str(...), units='height', win=Window(...), wrapWidth=1)
17.9282 	EXP 	Sound ModulatedTone set volume 1.000
17.9344 	EXP 	Created Cross = ShapeStim(__class__=<class 'psychopy.visual.shape.ShapeStim'>, anchor=('center', 'center'), autoDraw=False, autoLog=True, closeShape=True, color=method-wrapper(...), colorSpace='rgb', contrast=None, depth=-1.0, fillColor=array([1, 1, 1]), fillColorSpace='rgb', fillRGB=array([1, 1, 1]), interpolate=True, lineColor=array([1, 1, 1]), lineColorSpace='rgb', lineRGB=array([1, 1, 1]), lineWidth=1.0, name='Cross', opacity=1.0, ori=0.0, pos=array([0., 0.]), size=array([0.1, 0.1]), units='height', vertices=ndarray(...), win=Window(...), windingRule=None)
17.9439 	EXP 	Created text_3 = TextStim(__class__=<class 'psychopy.visual.text.TextStim'>, alignHoriz=method-wrapper(...), alignText='center', alignVert=method-wrapper(...), anchorHoriz='center', anchorVert='center', antialias=True, autoDraw=False, autoLog=True, bold=False, color=array([-1, -1, -1]), colorSpace='rgb', contrast=1.0, depth=-3.0, flipHoriz=False, flipVert=False, font='Open Sans', fontFiles=[], height=0.05, italic=False, languageStyle='LTR', name='text_3', opacity=1.0, ori=0.0, pos=array([0., 0.]), rgb=UNKNOWN, text='Rest', units='height', win=Window(...), wrapWidth=1)
17.9520 	EXP 	Created text_2 = TextStim(__class__=<class 'psychopy.visual.text.TextStim'>, alignHoriz=method-wrapper(...), alignText='center', alignVert=method-wrapper(...), anchorHoriz='center', anchorVert='center', antialias=True, autoDraw=False, autoLog=True, bold=False, color=array([1, 1, 1]), colorSpace='rgb', contrast=1.0, depth=0.0, flipHoriz=False, flipVert=False, font='Open Sans', fontFiles=[], height=0.05, italic=False, languageStyle='LTR', name='text_2', opacity=1.0, ori=0.0, pos=array([0., 0.]), rgb=UNKNOWN, text='5 second break', units='height', win=Window(...), wrapWidth=1)
17.9643 	EXP 	Created text_4 = TextStim(__class__=<class 'psychopy.visual.text.TextStim'>, alignHoriz=method-wrapper(...), alignText='center', alignVert=method-wrapper(...), anchorHoriz='center', anchorVert='center', antialias=True, autoDraw=False, autoLog=True, bold=False, color=array([1, 1, 1]), colorSpace='rgb', contrast=1.0, depth=0.0, flipHoriz=False, flipVert=False, font='Open Sans', fontFiles=[], height=0.05, italic=False, languageStyle='LTR', name='text_4', opacity=1.0, ori=0.0, pos=array([0., 0.]), rgb=UNKNOWN, text=str(...), units='height', win=Window(...), wrapWidth=1)
17.9808 	EXP 	text: autoDraw = True
597.5660 	DATA 	Mouse: Left button down, pos=(881,813)
597.7200 	DATA 	Mouse:  Left button up, pos=(881,813)
599.9508 	EXP 	Created sequence: sequential, trialTypes=1, nReps=3, seed=None
599.9511 	EXP 	New trial (rep=0, index=0): None
599.9515 	EXP 	Created sequence: sequential, trialTypes=1, nReps=5, seed=None
599.9517 	EXP 	New trial (rep=0, index=0): None
600.0262 	DATA 	Keypress: space
600.0474 	EXP 	text: autoDraw = False
600.0474 	EXP 	Cross: autoDraw = True
600.0474 	EXP 	text_3: autoDraw = True
609.9550 	EXP 	Sound ModulatedTone started
610.0550 	EXP 	text_3: autoDraw = False
630.6241 	DATA 	Keypress: escape
631.2986 	EXP 	window1: mouseVisible = True
