1.3490 	WARNING 	Speech-to-text recognition using Google online services is not available (use command `pip install google-api-core google-auth google-cloud google-cloud-speech googleapis-common-protos` to get it). Transcription will be unavailable using that service this session.
14.3795 	EXP 	Created window1 = Window(allowGUI=True, allowStencil=False, autoLog=True, backendConf=UNKNOWN, bitsMode=UNKNOWN, blendMode='avg', bpc=(8, 8, 8), color=array([0, 0, 0]), colorSpace='rgb', depthBits=8, fullscr=<method-wrapper '__getattribute__' of attributeSetter object at 0x000002A57E333460>, gamma=None, gammaErrorPolicy='raise', lms=UNKNOWN, monitor=<psychopy.monitors.calibTools.Monitor object at 0x000002A500415070>, multiSample=False, name='window1', numSamples=2, pos=(1858, 168), screen=1, size=array([936, 864]), stencilBits=0, stereo=False, units='height', useFBO=True, useRetina=False, viewOri=0.0, viewPos=None, viewScale=None, waitBlanking=True, winType='pyglet')
14.3797 	EXP 	window1: mouseVisible = True
14.3798 	EXP 	window1: mouseVisible = True
14.3798 	EXP 	window1: Attempting to measure frame rate of screen (1) ...
14.3798 	EXP 	window1: recordFrameIntervals = False
14.5434 	EXP 	window1: recordFrameIntervals = True
14.8615 	EXP 	Screen (1) actual frame rate measured at 60.31Hz
14.8615 	EXP 	window1: recordFrameIntervals = False
14.9067 	WARNING 	launchHubServer: If using the iohub mouse or eyetracker devices, fullScr should be True.
18.1200 	EXP 	Created text = TextStim(__class__=<class 'psychopy.visual.text.TextStim'>, alignHoriz=method-wrapper(...), alignText='center', alignVert=method-wrapper(...), anchorHoriz='center', anchorVert='center', antialias=True, autoDraw=False, autoLog=True, bold=False, color=array([1, 1, 1]), colorSpace='rgb', contrast=1.0, depth=0.0, flipHoriz=False, flipVert=False, font='Open Sans', fontFiles=[], height=0.05, italic=False, languageStyle='LTR', name='text', opacity=1.0, ori=0.0, pos=array([0., 0.]), rgb=UNKNOWN, text=str(...), units='height', win=Window(...), wrapWidth=1)
18.9584 	EXP 	Sound ModulatedTone set volume 1.000
18.9656 	EXP 	Created Cross = ShapeStim(__class__=<class 'psychopy.visual.shape.ShapeStim'>, anchor=('center', 'center'), autoDraw=False, autoLog=True, closeShape=True, color=method-wrapper(...), colorSpace='rgb', contrast=None, depth=-1.0, fillColor=array([1, 1, 1]), fillColorSpace='rgb', fillRGB=array([1, 1, 1]), interpolate=True, lineColor=array([1, 1, 1]), lineColorSpace='rgb', lineRGB=array([1, 1, 1]), lineWidth=1.0, name='Cross', opacity=1.0, ori=0.0, pos=array([0., 0.]), size=array([0.1, 0.1]), units='height', vertices=ndarray(...), win=Window(...), windingRule=None)
18.9740 	EXP 	Created text_3 = TextStim(__class__=<class 'psychopy.visual.text.TextStim'>, alignHoriz=method-wrapper(...), alignText='center', alignVert=method-wrapper(...), anchorHoriz='center', anchorVert='center', antialias=True, autoDraw=False, autoLog=True, bold=False, color=array([-1, -1, -1]), colorSpace='rgb', contrast=1.0, depth=-3.0, flipHoriz=False, flipVert=False, font='Open Sans', fontFiles=[], height=0.05, italic=False, languageStyle='LTR', name='text_3', opacity=1.0, ori=0.0, pos=array([0., 0.]), rgb=UNKNOWN, text='Rest', units='height', win=Window(...), wrapWidth=1)
18.9803 	EXP 	Created text_2 = TextStim(__class__=<class 'psychopy.visual.text.TextStim'>, alignHoriz=method-wrapper(...), alignText='center', alignVert=method-wrapper(...), anchorHoriz='center', anchorVert='center', antialias=True, autoDraw=False, autoLog=True, bold=False, color=array([1, 1, 1]), colorSpace='rgb', contrast=1.0, depth=0.0, flipHoriz=False, flipVert=False, font='Open Sans', fontFiles=[], height=0.05, italic=False, languageStyle='LTR', name='text_2', opacity=1.0, ori=0.0, pos=array([0., 0.]), rgb=UNKNOWN, text='5 second break', units='height', win=Window(...), wrapWidth=1)
18.9949 	EXP 	Created text_4 = TextStim(__class__=<class 'psychopy.visual.text.TextStim'>, alignHoriz=method-wrapper(...), alignText='center', alignVert=method-wrapper(...), anchorHoriz='center', anchorVert='center', antialias=True, autoDraw=False, autoLog=True, bold=False, color=array([1, 1, 1]), colorSpace='rgb', contrast=1.0, depth=0.0, flipHoriz=False, flipVert=False, font='Open Sans', fontFiles=[], height=0.05, italic=False, languageStyle='LTR', name='text_4', opacity=1.0, ori=0.0, pos=array([0., 0.]), rgb=UNKNOWN, text=str(...), units='height', win=Window(...), wrapWidth=1)
19.0094 	EXP 	text: autoDraw = True
21.0310 	DATA 	Keypress: space
21.0459 	EXP 	Created sequence: sequential, trialTypes=1, nReps=3, seed=None
21.0464 	EXP 	New trial (rep=0, index=0): None
21.0468 	EXP 	Created sequence: sequential, trialTypes=1, nReps=5, seed=None
21.0472 	EXP 	New trial (rep=0, index=0): None
21.1252 	EXP 	text: autoDraw = False
21.1252 	EXP 	Cross: autoDraw = True
21.1252 	EXP 	text_3: autoDraw = True
31.0605 	EXP 	Sound ModulatedTone started
31.1260 	EXP 	text_3: autoDraw = False
87.0726 	DATA 	Keypress: lwindows
87.3393 	DATA 	Keypress: up
87.7227 	DATA 	Keypress: up
87.8890 	DATA 	Keypress: up
88.0223 	DATA 	Keypress: up
91.0670 	EXP 	Sound ModulatedTone reached end of file
91.0674 	EXP 	New trial (rep=1, index=0): None
91.1383 	EXP 	Cross: autoDraw = False
91.1383 	EXP 	text_3: autoDraw = False
91.1383 	EXP 	Cross: autoDraw = True
91.1383 	EXP 	text_3: autoDraw = True
101.0553 	EXP 	Sound ModulatedTone started
101.1381 	EXP 	text_3: autoDraw = False
116.7210 	DATA 	Keypress: escape
117.1831 	EXP 	window1: mouseVisible = True
