15.0103 	WARNING 	Couldn't measure a consistent frame rate!
  - Is your graphics card set to sync to vertical blank?
  - Are you running other processes on your computer?

15.0127 	EXP 	Created window1 = Window(allowGUI=True, allowStencil=False, autoLog=True, backendConf=UNKNOWN, bitsMode=UNKNOWN, blendMode='avg', bpc=(8, 8, 8), color=array([0, 0, 0]), colorSpace='rgb', depthBits=8, fullscr=<method-wrapper '__getattribute__' of attributeSetter object at 0x000002485A7BC370>, gamma=None, gammaErrorPolicy='raise', lms=UNKNOWN, monitor=<psychopy.monitors.calibTools.Monitor object at 0x000002485F9F7B80>, multiSample=False, name='window1', numSamples=2, pos=(492, 108), screen=0, size=array([936, 864]), stencilBits=0, stereo=False, units='height', useFBO=True, useRetina=False, viewOri=0.0, viewPos=None, viewScale=None, waitBlanking=True, winType='pyglet')
15.0129 	EXP 	window1: mouseVisible = True
15.0129 	EXP 	window1: mouseVisible = True
15.0129 	EXP 	window1: Attempting to measure frame rate of screen (0) ...
15.0130 	EXP 	window1: recordFrameIntervals = False
15.1737 	EXP 	window1: recordFrameIntervals = True
15.2284 	WARNING 	t of last frame was 21.55ms (=1/46)
15.2753 	WARNING 	t of last frame was 28.86ms (=1/34)
15.3286 	WARNING 	t of last frame was 21.69ms (=1/46)
15.3640 	WARNING 	t of last frame was 22.71ms (=1/44)
15.4118 	WARNING 	Multiple dropped frames have occurred - I'll stop bothering you about them!
16.8590 	WARNING 	Couldn't measure a consistent frame rate!
  - Is your graphics card set to sync to vertical blank?
  - Are you running other processes on your computer?

16.9645 	WARNING 	launchHubServer: If using the iohub mouse or eyetracker devices, fullScr should be True.
20.8560 	EXP 	Created text = TextStim(__class__=<class 'psychopy.visual.text.TextStim'>, alignHoriz=method-wrapper(...), alignText='center', alignVert=method-wrapper(...), anchorHoriz='center', anchorVert='center', antialias=True, autoDraw=False, autoLog=True, bold=False, color=array([1, 1, 1]), colorSpace='rgb', contrast=1.0, depth=0.0, flipHoriz=False, flipVert=False, font='Open Sans', fontFiles=[], height=0.05, italic=False, languageStyle='LTR', name='text', opacity=1.0, ori=0.0, pos=array([0., 0.]), rgb=UNKNOWN, text=str(...), units='height', win=Window(...), wrapWidth=1)
21.1443 	EXP 	Sound ModulatedTone set volume 1.000
21.1494 	EXP 	Created Cross = ShapeStim(__class__=<class 'psychopy.visual.shape.ShapeStim'>, anchor=('center', 'center'), autoDraw=False, autoLog=True, closeShape=True, color=method-wrapper(...), colorSpace='rgb', contrast=None, depth=-1.0, fillColor=array([1, 1, 1]), fillColorSpace='rgb', fillRGB=array([1, 1, 1]), interpolate=True, lineColor=array([1, 1, 1]), lineColorSpace='rgb', lineRGB=array([1, 1, 1]), lineWidth=1.0, name='Cross', opacity=1.0, ori=0.0, pos=array([0., 0.]), size=array([0.1, 0.1]), units='height', vertices=ndarray(...), win=Window(...), windingRule=None)
21.1555 	EXP 	Created text_3 = TextStim(__class__=<class 'psychopy.visual.text.TextStim'>, alignHoriz=method-wrapper(...), alignText='center', alignVert=method-wrapper(...), anchorHoriz='center', anchorVert='center', antialias=True, autoDraw=False, autoLog=True, bold=False, color=array([-1, -1, -1]), colorSpace='rgb', contrast=1.0, depth=-3.0, flipHoriz=False, flipVert=False, font='Open Sans', fontFiles=[], height=0.05, italic=False, languageStyle='LTR', name='text_3', opacity=1.0, ori=0.0, pos=array([0., 0.]), rgb=UNKNOWN, text='Rest', units='height', win=Window(...), wrapWidth=1)
21.1675 	EXP 	Created text_2 = TextStim(__class__=<class 'psychopy.visual.text.TextStim'>, alignHoriz=method-wrapper(...), alignText='center', alignVert=method-wrapper(...), anchorHoriz='center', anchorVert='center', antialias=True, autoDraw=False, autoLog=True, bold=False, color=array([1, 1, 1]), colorSpace='rgb', contrast=1.0, depth=-1.0, flipHoriz=False, flipVert=False, font='Open Sans', fontFiles=[], height=0.05, italic=False, languageStyle='LTR', name='text_2', opacity=1.0, ori=0.0, pos=array([0., 0.]), rgb=UNKNOWN, text=str(...), units='height', win=Window(...), wrapWidth=1)
21.1829 	EXP 	Created text_4 = TextStim(__class__=<class 'psychopy.visual.text.TextStim'>, alignHoriz=method-wrapper(...), alignText='center', alignVert=method-wrapper(...), anchorHoriz='center', anchorVert='center', antialias=True, autoDraw=False, autoLog=True, bold=False, color=array([1, 1, 1]), colorSpace='rgb', contrast=1.0, depth=0.0, flipHoriz=False, flipVert=False, font='Open Sans', fontFiles=[], height=0.05, italic=False, languageStyle='LTR', name='text_4', opacity=1.0, ori=0.0, pos=array([0., 0.]), rgb=UNKNOWN, text=str(...), units='height', win=Window(...), wrapWidth=1)
21.2081 	EXP 	text: autoDraw = True
128.2241 	EXP 	Created sequence: sequential, trialTypes=1, nReps=5, seed=None
128.2244 	EXP 	New trial (rep=0, index=0): None
128.2246 	EXP 	Created sequence: sequential, trialTypes=1, nReps=10, seed=None
128.2249 	EXP 	New trial (rep=0, index=0): None
128.3217 	EXP 	text: autoDraw = False
128.3217 	EXP 	Cross: autoDraw = True
128.3217 	EXP 	text_3: autoDraw = True
130.2340 	EXP 	Sound ModulatedTone started
130.3422 	EXP 	text_3: autoDraw = False
131.6840 	DATA 	Keypress: escape
132.3925 	EXP 	window1: mouseVisible = True
