20.6426 	WARNING 	Requested an unavailable screen number - using first available.
24.1755 	WARNING 	Couldn't measure a consistent frame rate!
  - Is your graphics card set to sync to vertical blank?
  - Are you running other processes on your computer?

24.1758 	EXP 	Created window1 = Window(allowGUI=True, allowStencil=False, autoLog=True, backendConf=UNKNOWN, bitsMode=UNKNOWN, blendMode='avg', bpc=(8, 8, 8), color=array([0, 0, 0]), colorSpace='rgb', depthBits=8, fullscr=<method-wrapper '__getattribute__' of attributeSetter object at 0x000001D7FB27F3D0>, gamma=None, gammaErrorPolicy='raise', lms=UNKNOWN, monitor=<psychopy.monitors.calibTools.Monitor object at 0x000001D7FB7D2C70>, multiSample=False, name='window1', numSamples=2, pos=(492, 108), screen=1, size=array([936, 864]), stencilBits=0, stereo=False, units='height', useFBO=True, useRetina=False, viewOri=0.0, viewPos=None, viewScale=None, waitBlanking=True, winType='pyglet')
24.1759 	EXP 	window1: mouseVisible = True
24.1759 	EXP 	window1: mouseVisible = True
24.1759 	EXP 	window1: Attempting to measure frame rate of screen (1) ...
24.1759 	EXP 	window1: recordFrameIntervals = False
24.3444 	EXP 	window1: recordFrameIntervals = True
24.4816 	WARNING 	t of last frame was 20.28ms (=1/49)
24.9465 	WARNING 	t of last frame was 21.48ms (=1/46)
25.0457 	WARNING 	t of last frame was 20.66ms (=1/48)
25.1296 	WARNING 	t of last frame was 21.23ms (=1/47)
25.3763 	EXP 	Screen (1) actual frame rate measured at 59.83Hz
25.3763 	EXP 	window1: recordFrameIntervals = True
25.4688 	WARNING 	launchHubServer: If using the iohub mouse or eyetracker devices, fullScr should be True.
28.8703 	EXP 	Created text = TextStim(__class__=<class 'psychopy.visual.text.TextStim'>, alignHoriz=method-wrapper(...), alignText='center', alignVert=method-wrapper(...), anchorHoriz='center', anchorVert='center', antialias=True, autoDraw=False, autoLog=True, bold=False, color=array([1, 1, 1]), colorSpace='rgb', contrast=1.0, depth=0.0, flipHoriz=False, flipVert=False, font='Open Sans', fontFiles=[], height=0.05, italic=False, languageStyle='LTR', name='text', opacity=1.0, ori=0.0, pos=array([0., 0.]), rgb=UNKNOWN, text=str(...), units='height', win=Window(...), wrapWidth=1)
28.8971 	EXP 	Created text_2 = TextStim(__class__=<class 'psychopy.visual.text.TextStim'>, alignHoriz=method-wrapper(...), alignText='center', alignVert=method-wrapper(...), anchorHoriz='center', anchorVert='center', antialias=True, autoDraw=False, autoLog=True, bold=False, color=array([1, 1, 1]), colorSpace='rgb', contrast=1.0, depth=0.0, flipHoriz=False, flipVert=False, font='Open Sans', fontFiles=[], height=0.05, italic=False, languageStyle='LTR', name='text_2', opacity=1.0, ori=0.0, pos=array([0., 0.]), rgb=UNKNOWN, text=str(...), units='height', win=Window(...), wrapWidth=1)
29.1889 	EXP 	Sound ModulatedTone set volume 1.000
29.1945 	EXP 	Created CloseEyes = TextStim(__class__=<class 'psychopy.visual.text.TextStim'>, alignHoriz=method-wrapper(...), alignText='center', alignVert=method-wrapper(...), anchorHoriz='center', anchorVert='center', antialias=True, autoDraw=False, autoLog=True, bold=False, color=array([-1, -1, -1]), colorSpace='rgb', contrast=1.0, depth=-2.0, flipHoriz=False, flipVert=False, font='Open Sans', fontFiles=[], height=0.05, italic=False, languageStyle='LTR', name='CloseEyes', opacity=1.0, ori=0.0, pos=array([0., 0.]), rgb=UNKNOWN, text='---- Close your eyes ----', units='height', win=Window(...), wrapWidth=1)
29.2002 	EXP 	Created OpenEyes = TextStim(__class__=<class 'psychopy.visual.text.TextStim'>, alignHoriz=method-wrapper(...), alignText='center', alignVert=method-wrapper(...), anchorHoriz='center', anchorVert='center', antialias=True, autoDraw=False, autoLog=True, bold=False, color=array([1, 1, 1]), colorSpace='rgb', contrast=1.0, depth=-3.0, flipHoriz=False, flipVert=False, font='Open Sans', fontFiles=[], height=0.05, italic=False, languageStyle='LTR', name='OpenEyes', opacity=1.0, ori=0.0, pos=array([0., 0.]), rgb=UNKNOWN, text='Open your eyes when you hear the sound', units='height', win=Window(...), wrapWidth=1)
29.2163 	EXP 	Created text_4 = TextStim(__class__=<class 'psychopy.visual.text.TextStim'>, alignHoriz=method-wrapper(...), alignText='center', alignVert=method-wrapper(...), anchorHoriz='center', anchorVert='center', antialias=True, autoDraw=False, autoLog=True, bold=False, color=array([1, 1, 1]), colorSpace='rgb', contrast=1.0, depth=0.0, flipHoriz=False, flipVert=False, font='Open Sans', fontFiles=[], height=0.05, italic=False, languageStyle='LTR', name='text_4', opacity=1.0, ori=0.0, pos=array([0., 0.]), rgb=UNKNOWN, text=str(...), units='height', win=Window(...), wrapWidth=1)
29.2455 	WARNING 	Multiple dropped frames have occurred - I'll stop bothering you about them!
29.2450 	EXP 	text: autoDraw = True
165.5029 	DATA 	Mouse: Left button down, pos=(858,817)
165.5990 	DATA 	Mouse:  Left button up, pos=(858,817)
171.3102 	DATA 	Keypress: space
171.3237 	EXP 	text: autoDraw = False
171.3237 	EXP 	text_2: autoDraw = True
176.3205 	EXP 	Created sequence: sequential, trialTypes=1, nReps=10, seed=None
176.3208 	EXP 	New trial (rep=0, index=0): None
176.4170 	EXP 	text_2: autoDraw = False
176.4170 	EXP 	CloseEyes: autoDraw = True
206.3229 	EXP 	Sound ModulatedTone started
206.3231 	EXP 	OpenEyes: autoDraw = True
206.4229 	EXP 	CloseEyes: autoDraw = False
236.3370 	EXP 	Sound ModulatedTone stopped
236.3373 	EXP 	New trial (rep=1, index=0): None
236.4279 	EXP 	CloseEyes: autoDraw = False
236.4279 	EXP 	OpenEyes: autoDraw = False
236.4279 	EXP 	CloseEyes: autoDraw = True
252.1472 	DATA 	Keypress: escape
252.9680 	EXP 	window1: mouseVisible = True
