8.7377 	WARNING 	Requested an unavailable screen number - using first available.
10.7597 	EXP 	Created window1 = Window(allowGUI=True, allowStencil=False, autoLog=True, backendConf=UNKNOWN, bitsMode=UNKNOWN, blendMode='avg', bpc=(8, 8, 8), color=array([0, 0, 0]), colorSpace='rgb', depthBits=8, fullscr=<method-wrapper '__getattribute__' of attributeSetter object at 0x000002C2C17FF460>, gamma=None, gammaErrorPolicy='raise', lms=UNKNOWN, monitor=<psychopy.monitors.calibTools.Monitor object at 0x000002C2C382DBE0>, multiSample=False, name='window1', numSamples=2, pos=(492, 108), screen=1, size=array([936, 864]), stencilBits=0, stereo=False, units='height', useFBO=True, useRetina=False, viewOri=0.0, viewPos=None, viewScale=None, waitBlanking=True, winType='pyglet')
10.7598 	EXP 	window1: mouseVisible = True
10.7599 	EXP 	window1: mouseVisible = True
10.7599 	EXP 	window1: Attempting to measure frame rate of screen (1) ...
10.7599 	EXP 	window1: recordFrameIntervals = False
10.9253 	EXP 	window1: recordFrameIntervals = True
11.1751 	EXP 	Screen (1) actual frame rate measured at 60.88Hz
11.1752 	EXP 	window1: recordFrameIntervals = False
11.2611 	WARNING 	launchHubServer: If using the iohub mouse or eyetracker devices, fullScr should be True.
14.6139 	EXP 	Created text = TextStim(__class__=<class 'psychopy.visual.text.TextStim'>, alignHoriz=method-wrapper(...), alignText='center', alignVert=method-wrapper(...), anchorHoriz='center', anchorVert='center', antialias=True, autoDraw=False, autoLog=True, bold=False, color=array([1, 1, 1]), colorSpace='rgb', contrast=1.0, depth=0.0, flipHoriz=False, flipVert=False, font='Open Sans', fontFiles=[], height=0.05, italic=False, languageStyle='LTR', name='text', opacity=1.0, ori=0.0, pos=array([0., 0.]), rgb=UNKNOWN, text=str(...), units='height', win=Window(...), wrapWidth=1)
14.6458 	EXP 	Created text_2 = TextStim(__class__=<class 'psychopy.visual.text.TextStim'>, alignHoriz=method-wrapper(...), alignText='center', alignVert=method-wrapper(...), anchorHoriz='center', anchorVert='center', antialias=True, autoDraw=False, autoLog=True, bold=False, color=array([1, 1, 1]), colorSpace='rgb', contrast=1.0, depth=0.0, flipHoriz=False, flipVert=False, font='Open Sans', fontFiles=[], height=0.05, italic=False, languageStyle='LTR', name='text_2', opacity=1.0, ori=0.0, pos=array([0., 0.]), rgb=UNKNOWN, text=str(...), units='height', win=Window(...), wrapWidth=1)
14.8722 	EXP 	Sound ModulatedTone set volume 1.000
14.8811 	EXP 	Created CloseEyes = TextStim(__class__=<class 'psychopy.visual.text.TextStim'>, alignHoriz=method-wrapper(...), alignText='center', alignVert=method-wrapper(...), anchorHoriz='center', anchorVert='center', antialias=True, autoDraw=False, autoLog=True, bold=False, color=array([-1, -1, -1]), colorSpace='rgb', contrast=1.0, depth=-2.0, flipHoriz=False, flipVert=False, font='Open Sans', fontFiles=[], height=0.05, italic=False, languageStyle='LTR', name='CloseEyes', opacity=1.0, ori=0.0, pos=array([0., 0.]), rgb=UNKNOWN, text='---- Close your eyes ----', units='height', win=Window(...), wrapWidth=1)
14.8883 	EXP 	Created OpenEyes = TextStim(__class__=<class 'psychopy.visual.text.TextStim'>, alignHoriz=method-wrapper(...), alignText='center', alignVert=method-wrapper(...), anchorHoriz='center', anchorVert='center', antialias=True, autoDraw=False, autoLog=True, bold=False, color=array([1, 1, 1]), colorSpace='rgb', contrast=1.0, depth=-3.0, flipHoriz=False, flipVert=False, font='Open Sans', fontFiles=[], height=0.05, italic=False, languageStyle='LTR', name='OpenEyes', opacity=1.0, ori=0.0, pos=array([0., 0.]), rgb=UNKNOWN, text='Open your eyes when you hear the sound', units='height', win=Window(...), wrapWidth=1)
14.8996 	EXP 	Created text_4 = TextStim(__class__=<class 'psychopy.visual.text.TextStim'>, alignHoriz=method-wrapper(...), alignText='center', alignVert=method-wrapper(...), anchorHoriz='center', anchorVert='center', antialias=True, autoDraw=False, autoLog=True, bold=False, color=array([1, 1, 1]), colorSpace='rgb', contrast=1.0, depth=0.0, flipHoriz=False, flipVert=False, font='Open Sans', fontFiles=[], height=0.05, italic=False, languageStyle='LTR', name='text_4', opacity=1.0, ori=0.0, pos=array([0., 0.]), rgb=UNKNOWN, text=str(...), units='height', win=Window(...), wrapWidth=1)
14.9268 	EXP 	text: autoDraw = True
48.3128 	DATA 	Keypress: n
49.2597 	DATA 	Keypress: space
49.2736 	EXP 	text: autoDraw = False
49.2736 	EXP 	text_2: autoDraw = True
54.2723 	EXP 	Created sequence: sequential, trialTypes=1, nReps=10, seed=None
54.2726 	EXP 	New trial (rep=0, index=0): None
54.3519 	EXP 	text_2: autoDraw = False
54.3519 	EXP 	CloseEyes: autoDraw = True
84.2580 	EXP 	Sound ModulatedTone started
84.2577 	EXP 	OpenEyes: autoDraw = True
84.3582 	EXP 	CloseEyes: autoDraw = False
114.2592 	EXP 	Sound ModulatedTone stopped
114.2606 	EXP 	New trial (rep=1, index=0): None
114.3455 	EXP 	OpenEyes: autoDraw = False
114.3455 	EXP 	CloseEyes: autoDraw = False
114.3455 	EXP 	OpenEyes: autoDraw = False
114.3455 	EXP 	CloseEyes: autoDraw = True
123.6236 	DATA 	Keypress: escape
124.1634 	EXP 	window1: mouseVisible = True
