11.7772 	EXP 	Created window1 = Window(allowGUI=True, allowStencil=False, autoLog=True, backendConf=UNKNOWN, bitsMode=UNKNOWN, blendMode='avg', bpc=(8, 8, 8), color=array([0, 0, 0]), colorSpace='rgb', depthBits=8, fullscr=<method-wrapper '__getattribute__' of attributeSetter object at 0x00000152819DB2E0>, gamma=None, gammaErrorPolicy='raise', lms=UNKNOWN, monitor=<psychopy.monitors.calibTools.Monitor object at 0x0000015283A42AF0>, multiSample=False, name='window1', numSamples=2, pos=(492, 108), screen=0, size=array([936, 864]), stencilBits=0, stereo=False, units='height', useFBO=True, useRetina=False, viewOri=0.0, viewPos=None, viewScale=None, waitBlanking=True, winType='pyglet')
11.7792 	EXP 	window1: mouseVisible = True
11.7793 	EXP 	window1: mouseVisible = True
11.7794 	EXP 	window1: Attempting to measure frame rate of screen (0) ...
11.7794 	EXP 	window1: recordFrameIntervals = False
11.9429 	EXP 	window1: recordFrameIntervals = True
12.2779 	EXP 	Screen (0) actual frame rate measured at 59.34Hz
12.2779 	EXP 	window1: recordFrameIntervals = False
12.3674 	WARNING 	launchHubServer: If using the iohub mouse or eyetracker devices, fullScr should be True.
16.1587 	EXP 	Created text = TextStim(__class__=<class 'psychopy.visual.text.TextStim'>, alignHoriz=method-wrapper(...), alignText='center', alignVert=method-wrapper(...), anchorHoriz='center', anchorVert='center', antialias=True, autoDraw=False, autoLog=True, bold=False, color=array([1, 1, 1]), colorSpace='rgb', contrast=1.0, depth=0.0, flipHoriz=False, flipVert=False, font='Open Sans', fontFiles=[], height=0.05, italic=False, languageStyle='LTR', name='text', opacity=1.0, ori=0.0, pos=array([0., 0.]), rgb=UNKNOWN, text=str(...), units='height', win=Window(...), wrapWidth=1)
16.4268 	EXP 	Sound ModulatedTone set volume 1.000
16.4308 	EXP 	Created Cross = ShapeStim(__class__=<class 'psychopy.visual.shape.ShapeStim'>, anchor=('center', 'center'), autoDraw=False, autoLog=True, closeShape=True, color=method-wrapper(...), colorSpace='rgb', contrast=None, depth=-1.0, fillColor=array([1, 1, 1]), fillColorSpace='rgb', fillRGB=array([1, 1, 1]), interpolate=True, lineColor=array([1, 1, 1]), lineColorSpace='rgb', lineRGB=array([1, 1, 1]), lineWidth=1.0, name='Cross', opacity=1.0, ori=0.0, pos=array([0., 0.]), size=array([0.1, 0.1]), units='height', vertices=ndarray(...), win=Window(...), windingRule=None)
16.4376 	EXP 	Created text_3 = TextStim(__class__=<class 'psychopy.visual.text.TextStim'>, alignHoriz=method-wrapper(...), alignText='center', alignVert=method-wrapper(...), anchorHoriz='center', anchorVert='center', antialias=True, autoDraw=False, autoLog=True, bold=False, color=array([-1, -1, -1]), colorSpace='rgb', contrast=1.0, depth=-3.0, flipHoriz=False, flipVert=False, font='Open Sans', fontFiles=[], height=0.05, italic=False, languageStyle='LTR', name='text_3', opacity=1.0, ori=0.0, pos=array([0., 0.]), rgb=UNKNOWN, text='Rest', units='height', win=Window(...), wrapWidth=1)
16.4487 	EXP 	Created text_2 = TextStim(__class__=<class 'psychopy.visual.text.TextStim'>, alignHoriz=method-wrapper(...), alignText='center', alignVert=method-wrapper(...), anchorHoriz='center', anchorVert='center', antialias=True, autoDraw=False, autoLog=True, bold=False, color=array([1, 1, 1]), colorSpace='rgb', contrast=1.0, depth=-1.0, flipHoriz=False, flipVert=False, font='Open Sans', fontFiles=[], height=0.05, italic=False, languageStyle='LTR', name='text_2', opacity=1.0, ori=0.0, pos=array([0., 0.]), rgb=UNKNOWN, text=str(...), units='height', win=Window(...), wrapWidth=1)
16.4599 	EXP 	Created text_4 = TextStim(__class__=<class 'psychopy.visual.text.TextStim'>, alignHoriz=method-wrapper(...), alignText='center', alignVert=method-wrapper(...), anchorHoriz='center', anchorVert='center', antialias=True, autoDraw=False, autoLog=True, bold=False, color=array([1, 1, 1]), colorSpace='rgb', contrast=1.0, depth=0.0, flipHoriz=False, flipVert=False, font='Open Sans', fontFiles=[], height=0.05, italic=False, languageStyle='LTR', name='text_4', opacity=1.0, ori=0.0, pos=array([0., 0.]), rgb=UNKNOWN, text=str(...), units='height', win=Window(...), wrapWidth=1)
16.4835 	EXP 	text: autoDraw = True
17.7257 	EXP 	Created sequence: sequential, trialTypes=1, nReps=4, seed=None
17.7266 	EXP 	New trial (rep=0, index=0): None
17.7270 	EXP 	Created sequence: sequential, trialTypes=1, nReps=25, seed=None
17.7276 	EXP 	New trial (rep=0, index=0): None
17.8163 	DATA 	Keypress: space
17.8402 	EXP 	text: autoDraw = False
17.8402 	EXP 	Cross: autoDraw = True
17.8402 	EXP 	text_3: autoDraw = True
20.2402 	EXP 	Sound ModulatedTone started
20.3506 	EXP 	text_3: autoDraw = False
30.2445 	EXP 	Sound ModulatedTone stopped
30.2452 	EXP 	New trial (rep=1, index=0): None
30.3437 	EXP 	Cross: autoDraw = False
30.3437 	EXP 	text_3: autoDraw = False
30.3437 	EXP 	Cross: autoDraw = True
30.3437 	EXP 	text_3: autoDraw = True
32.7395 	EXP 	Sound ModulatedTone started
32.8584 	EXP 	text_3: autoDraw = False
33.3400 	DATA 	Keypress: escape
33.9666 	EXP 	window1: mouseVisible = True
