9.9225 	WARNING 	Requested an unavailable screen number - using first available.
12.2154 	EXP 	Created window1 = Window(allowGUI=True, allowStencil=False, autoLog=True, backendConf=UNKNOWN, bitsMode=UNKNOWN, blendMode='avg', bpc=(8, 8, 8), color=array([0, 0, 0]), colorSpace='rgb', depthBits=8, fullscr=<method-wrapper '__getattribute__' of attributeSetter object at 0x000002236B2DF400>, gamma=None, gammaErrorPolicy='raise', lms=UNKNOWN, monitor=<psychopy.monitors.calibTools.Monitor object at 0x000002236B83C9D0>, multiSample=False, name='window1', numSamples=2, pos=(492, 108), screen=1, size=array([936, 864]), stencilBits=0, stereo=False, units='height', useFBO=True, useRetina=False, viewOri=0.0, viewPos=None, viewScale=None, waitBlanking=True, winType='pyglet')
12.2155 	EXP 	window1: mouseVisible = True
12.2156 	EXP 	window1: mouseVisible = True
12.2156 	EXP 	window1: Attempting to measure frame rate of screen (1) ...
12.2156 	EXP 	window1: recordFrameIntervals = False
12.3813 	EXP 	window1: recordFrameIntervals = True
12.5649 	EXP 	Screen (1) actual frame rate measured at 59.73Hz
12.5650 	EXP 	window1: recordFrameIntervals = False
12.6424 	WARNING 	launchHubServer: If using the iohub mouse or eyetracker devices, fullScr should be True.
15.9580 	EXP 	Created text = TextStim(__class__=<class 'psychopy.visual.text.TextStim'>, alignHoriz=method-wrapper(...), alignText='center', alignVert=method-wrapper(...), anchorHoriz='center', anchorVert='center', antialias=True, autoDraw=False, autoLog=True, bold=False, color=array([1, 1, 1]), colorSpace='rgb', contrast=1.0, depth=0.0, flipHoriz=False, flipVert=False, font='Open Sans', fontFiles=[], height=0.05, italic=False, languageStyle='LTR', name='text', opacity=1.0, ori=0.0, pos=array([0., 0.]), rgb=UNKNOWN, text=str(...), units='height', win=Window(...), wrapWidth=1)
15.9824 	EXP 	Created text_2 = TextStim(__class__=<class 'psychopy.visual.text.TextStim'>, alignHoriz=method-wrapper(...), alignText='center', alignVert=method-wrapper(...), anchorHoriz='center', anchorVert='center', antialias=True, autoDraw=False, autoLog=True, bold=False, color=array([1, 1, 1]), colorSpace='rgb', contrast=1.0, depth=0.0, flipHoriz=False, flipVert=False, font='Open Sans', fontFiles=[], height=0.05, italic=False, languageStyle='LTR', name='text_2', opacity=1.0, ori=0.0, pos=array([0., 0.]), rgb=UNKNOWN, text=str(...), units='height', win=Window(...), wrapWidth=1)
16.2902 	EXP 	Sound ModulatedTone set volume 1.000
16.2962 	EXP 	Created CloseEyes = TextStim(__class__=<class 'psychopy.visual.text.TextStim'>, alignHoriz=method-wrapper(...), alignText='center', alignVert=method-wrapper(...), anchorHoriz='center', anchorVert='center', antialias=True, autoDraw=False, autoLog=True, bold=False, color=array([-1, -1, -1]), colorSpace='rgb', contrast=1.0, depth=-2.0, flipHoriz=False, flipVert=False, font='Open Sans', fontFiles=[], height=0.05, italic=False, languageStyle='LTR', name='CloseEyes', opacity=1.0, ori=0.0, pos=array([0., 0.]), rgb=UNKNOWN, text='---- Close your eyes ----', units='height', win=Window(...), wrapWidth=1)
16.3034 	EXP 	Created OpenEyes = TextStim(__class__=<class 'psychopy.visual.text.TextStim'>, alignHoriz=method-wrapper(...), alignText='center', alignVert=method-wrapper(...), anchorHoriz='center', anchorVert='center', antialias=True, autoDraw=False, autoLog=True, bold=False, color=array([1, 1, 1]), colorSpace='rgb', contrast=1.0, depth=-3.0, flipHoriz=False, flipVert=False, font='Open Sans', fontFiles=[], height=0.05, italic=False, languageStyle='LTR', name='OpenEyes', opacity=1.0, ori=0.0, pos=array([0., 0.]), rgb=UNKNOWN, text='Open your eyes when you hear the sound', units='height', win=Window(...), wrapWidth=1)
16.3186 	EXP 	Created text_4 = TextStim(__class__=<class 'psychopy.visual.text.TextStim'>, alignHoriz=method-wrapper(...), alignText='center', alignVert=method-wrapper(...), anchorHoriz='center', anchorVert='center', antialias=True, autoDraw=False, autoLog=True, bold=False, color=array([1, 1, 1]), colorSpace='rgb', contrast=1.0, depth=0.0, flipHoriz=False, flipVert=False, font='Open Sans', fontFiles=[], height=0.05, italic=False, languageStyle='LTR', name='text_4', opacity=1.0, ori=0.0, pos=array([0., 0.]), rgb=UNKNOWN, text=str(...), units='height', win=Window(...), wrapWidth=1)
16.3492 	EXP 	text: autoDraw = True
120.1694 	DATA 	Keypress: space
120.1811 	EXP 	text: autoDraw = False
120.1811 	EXP 	text_2: autoDraw = True
125.1773 	EXP 	Created sequence: sequential, trialTypes=1, nReps=15, seed=None
125.1775 	EXP 	New trial (rep=0, index=0): None
125.2596 	EXP 	text_2: autoDraw = False
125.2596 	EXP 	CloseEyes: autoDraw = True
155.1824 	EXP 	Sound ModulatedTone started
155.1811 	EXP 	OpenEyes: autoDraw = True
155.2637 	EXP 	CloseEyes: autoDraw = False
185.1963 	EXP 	Sound ModulatedTone stopped
185.1966 	EXP 	New trial (rep=1, index=0): None
185.2853 	EXP 	CloseEyes: autoDraw = False
185.2853 	EXP 	OpenEyes: autoDraw = False
185.2853 	EXP 	CloseEyes: autoDraw = True
215.1754 	EXP 	Sound ModulatedTone started
215.1762 	EXP 	OpenEyes: autoDraw = True
215.2926 	EXP 	CloseEyes: autoDraw = False
245.1864 	EXP 	Sound ModulatedTone stopped
245.1877 	EXP 	New trial (rep=2, index=0): None
245.2799 	EXP 	OpenEyes: autoDraw = False
245.2799 	EXP 	CloseEyes: autoDraw = False
245.2799 	EXP 	OpenEyes: autoDraw = False
245.2799 	EXP 	CloseEyes: autoDraw = True
269.8095 	DATA 	Keypress: escape
270.6746 	EXP 	window1: mouseVisible = True
