14.0051 	WARNING 	Requested an unavailable screen number - using first available.
16.1998 	EXP 	Created window1 = Window(allowGUI=True, allowStencil=False, autoLog=True, backendConf=UNKNOWN, bitsMode=UNKNOWN, blendMode='avg', bpc=(8, 8, 8), color=array([0, 0, 0]), colorSpace='rgb', depthBits=8, fullscr=<method-wrapper '__getattribute__' of attributeSetter object at 0x000001C650DAF400>, gamma=None, gammaErrorPolicy='raise', lms=UNKNOWN, monitor=<psychopy.monitors.calibTools.Monitor object at 0x000001C65130C910>, multiSample=False, name='window1', numSamples=2, pos=(492, 108), screen=1, size=array([936, 864]), stencilBits=0, stereo=False, units='height', useFBO=True, useRetina=False, viewOri=0.0, viewPos=None, viewScale=None, waitBlanking=True, winType='pyglet')
16.1999 	EXP 	window1: mouseVisible = True
16.1999 	EXP 	window1: mouseVisible = True
16.1999 	EXP 	window1: Attempting to measure frame rate of screen (1) ...
16.2000 	EXP 	window1: recordFrameIntervals = False
16.3700 	EXP 	window1: recordFrameIntervals = True
17.3497 	EXP 	Screen (1) actual frame rate measured at 60.55Hz
17.3498 	EXP 	window1: recordFrameIntervals = False
17.4320 	WARNING 	launchHubServer: If using the iohub mouse or eyetracker devices, fullScr should be True.
20.8539 	EXP 	Created text = TextStim(__class__=<class 'psychopy.visual.text.TextStim'>, alignHoriz=method-wrapper(...), alignText='center', alignVert=method-wrapper(...), anchorHoriz='center', anchorVert='center', antialias=True, autoDraw=False, autoLog=True, bold=False, color=array([1, 1, 1]), colorSpace='rgb', contrast=1.0, depth=0.0, flipHoriz=False, flipVert=False, font='Open Sans', fontFiles=[], height=0.05, italic=False, languageStyle='LTR', name='text', opacity=1.0, ori=0.0, pos=array([0., 0.]), rgb=UNKNOWN, text=str(...), units='height', win=Window(...), wrapWidth=1)
20.8838 	EXP 	Created text_2 = TextStim(__class__=<class 'psychopy.visual.text.TextStim'>, alignHoriz=method-wrapper(...), alignText='center', alignVert=method-wrapper(...), anchorHoriz='center', anchorVert='center', antialias=True, autoDraw=False, autoLog=True, bold=False, color=array([1, 1, 1]), colorSpace='rgb', contrast=1.0, depth=0.0, flipHoriz=False, flipVert=False, font='Open Sans', fontFiles=[], height=0.05, italic=False, languageStyle='LTR', name='text_2', opacity=1.0, ori=0.0, pos=array([0., 0.]), rgb=UNKNOWN, text=str(...), units='height', win=Window(...), wrapWidth=1)
21.2975 	EXP 	Sound ModulatedTone set volume 1.000
21.3045 	EXP 	Created CloseEyes = TextStim(__class__=<class 'psychopy.visual.text.TextStim'>, alignHoriz=method-wrapper(...), alignText='center', alignVert=method-wrapper(...), anchorHoriz='center', anchorVert='center', antialias=True, autoDraw=False, autoLog=True, bold=False, color=array([-1, -1, -1]), colorSpace='rgb', contrast=1.0, depth=-2.0, flipHoriz=False, flipVert=False, font='Open Sans', fontFiles=[], height=0.05, italic=False, languageStyle='LTR', name='CloseEyes', opacity=1.0, ori=0.0, pos=array([0., 0.]), rgb=UNKNOWN, text='---- Close your eyes ----', units='height', win=Window(...), wrapWidth=1)
21.3152 	EXP 	Created OpenEyes = TextStim(__class__=<class 'psychopy.visual.text.TextStim'>, alignHoriz=method-wrapper(...), alignText='center', alignVert=method-wrapper(...), anchorHoriz='center', anchorVert='center', antialias=True, autoDraw=False, autoLog=True, bold=False, color=array([1, 1, 1]), colorSpace='rgb', contrast=1.0, depth=-3.0, flipHoriz=False, flipVert=False, font='Open Sans', fontFiles=[], height=0.05, italic=False, languageStyle='LTR', name='OpenEyes', opacity=1.0, ori=0.0, pos=array([0., 0.]), rgb=UNKNOWN, text='Open your eyes when you hear the sound', units='height', win=Window(...), wrapWidth=1)
21.3406 	EXP 	Created text_4 = TextStim(__class__=<class 'psychopy.visual.text.TextStim'>, alignHoriz=method-wrapper(...), alignText='center', alignVert=method-wrapper(...), anchorHoriz='center', anchorVert='center', antialias=True, autoDraw=False, autoLog=True, bold=False, color=array([1, 1, 1]), colorSpace='rgb', contrast=1.0, depth=0.0, flipHoriz=False, flipVert=False, font='Open Sans', fontFiles=[], height=0.05, italic=False, languageStyle='LTR', name='text_4', opacity=1.0, ori=0.0, pos=array([0., 0.]), rgb=UNKNOWN, text=str(...), units='height', win=Window(...), wrapWidth=1)
21.3705 	EXP 	text: autoDraw = True
56.0749 	DATA 	Mouse: Left button down, pos=(867,804)
56.1352 	DATA 	Mouse:  Left button up, pos=(867,804)
60.2634 	DATA 	Keypress: space
60.2752 	EXP 	text: autoDraw = False
60.2752 	EXP 	text_2: autoDraw = True
65.2722 	EXP 	Created sequence: sequential, trialTypes=1, nReps=10, seed=None
65.2725 	EXP 	New trial (rep=0, index=0): None
65.3711 	EXP 	text_2: autoDraw = False
65.3711 	EXP 	CloseEyes: autoDraw = True
95.2608 	EXP 	Sound ModulatedTone started
95.2604 	EXP 	OpenEyes: autoDraw = True
95.3759 	EXP 	CloseEyes: autoDraw = False
125.2656 	EXP 	Sound ModulatedTone stopped
125.2667 	EXP 	New trial (rep=1, index=0): None
125.3643 	EXP 	OpenEyes: autoDraw = False
125.3643 	EXP 	CloseEyes: autoDraw = False
125.3643 	EXP 	OpenEyes: autoDraw = False
125.3643 	EXP 	CloseEyes: autoDraw = True
128.4790 	DATA 	Keypress: escape
129.3310 	EXP 	window1: mouseVisible = True
