11.2065 	WARNING 	Requested an unavailable screen number - using first available.
13.5850 	EXP 	Created window1 = Window(allowGUI=True, allowStencil=False, autoLog=True, backendConf=UNKNOWN, bitsMode=UNKNOWN, blendMode='avg', bpc=(8, 8, 8), color=array([0, 0, 0]), colorSpace='rgb', depthBits=8, fullscr=<method-wrapper '__getattribute__' of attributeSetter object at 0x000001E23E7AF460>, gamma=None, gammaErrorPolicy='raise', lms=UNKNOWN, monitor=<psychopy.monitors.calibTools.Monitor object at 0x000001E23ED0CC70>, multiSample=False, name='window1', numSamples=2, pos=(492, 108), screen=1, size=array([936, 864]), stencilBits=0, stereo=False, units='height', useFBO=True, useRetina=False, viewOri=0.0, viewPos=None, viewScale=None, waitBlanking=True, winType='pyglet')
13.5851 	EXP 	window1: mouseVisible = True
13.5852 	EXP 	window1: mouseVisible = True
13.5852 	EXP 	window1: Attempting to measure frame rate of screen (1) ...
13.5852 	EXP 	window1: recordFrameIntervals = False
13.7504 	EXP 	window1: recordFrameIntervals = True
13.9504 	EXP 	Screen (1) actual frame rate measured at 60.28Hz
13.9505 	EXP 	window1: recordFrameIntervals = False
14.0400 	WARNING 	launchHubServer: If using the iohub mouse or eyetracker devices, fullScr should be True.
17.4661 	EXP 	Created text = TextStim(__class__=<class 'psychopy.visual.text.TextStim'>, alignHoriz=method-wrapper(...), alignText='center', alignVert=method-wrapper(...), anchorHoriz='center', anchorVert='center', antialias=True, autoDraw=False, autoLog=True, bold=False, color=array([1, 1, 1]), colorSpace='rgb', contrast=1.0, depth=0.0, flipHoriz=False, flipVert=False, font='Open Sans', fontFiles=[], height=0.05, italic=False, languageStyle='LTR', name='text', opacity=1.0, ori=0.0, pos=array([0., 0.]), rgb=UNKNOWN, text=str(...), units='height', win=Window(...), wrapWidth=1)
17.4897 	EXP 	Created text_2 = TextStim(__class__=<class 'psychopy.visual.text.TextStim'>, alignHoriz=method-wrapper(...), alignText='center', alignVert=method-wrapper(...), anchorHoriz='center', anchorVert='center', antialias=True, autoDraw=False, autoLog=True, bold=False, color=array([1, 1, 1]), colorSpace='rgb', contrast=1.0, depth=0.0, flipHoriz=False, flipVert=False, font='Open Sans', fontFiles=[], height=0.05, italic=False, languageStyle='LTR', name='text_2', opacity=1.0, ori=0.0, pos=array([0., 0.]), rgb=UNKNOWN, text=str(...), units='height', win=Window(...), wrapWidth=1)
17.8192 	EXP 	Sound ModulatedTone set volume 1.000
17.8255 	EXP 	Created CloseEyes = TextStim(__class__=<class 'psychopy.visual.text.TextStim'>, alignHoriz=method-wrapper(...), alignText='center', alignVert=method-wrapper(...), anchorHoriz='center', anchorVert='center', antialias=True, autoDraw=False, autoLog=True, bold=False, color=array([-1, -1, -1]), colorSpace='rgb', contrast=1.0, depth=-2.0, flipHoriz=False, flipVert=False, font='Open Sans', fontFiles=[], height=0.05, italic=False, languageStyle='LTR', name='CloseEyes', opacity=1.0, ori=0.0, pos=array([0., 0.]), rgb=UNKNOWN, text='---- Close your eyes ----', units='height', win=Window(...), wrapWidth=1)
17.8333 	EXP 	Created OpenEyes = TextStim(__class__=<class 'psychopy.visual.text.TextStim'>, alignHoriz=method-wrapper(...), alignText='center', alignVert=method-wrapper(...), anchorHoriz='center', anchorVert='center', antialias=True, autoDraw=False, autoLog=True, bold=False, color=array([1, 1, 1]), colorSpace='rgb', contrast=1.0, depth=-3.0, flipHoriz=False, flipVert=False, font='Open Sans', fontFiles=[], height=0.05, italic=False, languageStyle='LTR', name='OpenEyes', opacity=1.0, ori=0.0, pos=array([0., 0.]), rgb=UNKNOWN, text='Open your eyes when you hear the sound', units='height', win=Window(...), wrapWidth=1)
17.8495 	EXP 	Created text_4 = TextStim(__class__=<class 'psychopy.visual.text.TextStim'>, alignHoriz=method-wrapper(...), alignText='center', alignVert=method-wrapper(...), anchorHoriz='center', anchorVert='center', antialias=True, autoDraw=False, autoLog=True, bold=False, color=array([1, 1, 1]), colorSpace='rgb', contrast=1.0, depth=0.0, flipHoriz=False, flipVert=False, font='Open Sans', fontFiles=[], height=0.05, italic=False, languageStyle='LTR', name='text_4', opacity=1.0, ori=0.0, pos=array([0., 0.]), rgb=UNKNOWN, text=str(...), units='height', win=Window(...), wrapWidth=1)
17.8697 	EXP 	text: autoDraw = True
24.7212 	DATA 	Mouse: Left button down, pos=(882,801)
24.8443 	DATA 	Mouse:  Left button up, pos=(882,801)
38.0842 	DATA 	Keypress: space
38.0947 	EXP 	text: autoDraw = False
38.0947 	EXP 	text_2: autoDraw = True
43.0930 	EXP 	Created sequence: sequential, trialTypes=1, nReps=10, seed=None
43.0934 	EXP 	New trial (rep=0, index=0): None
43.1903 	EXP 	text_2: autoDraw = False
43.1903 	EXP 	CloseEyes: autoDraw = True
73.0946 	EXP 	Sound ModulatedTone started
73.0957 	EXP 	OpenEyes: autoDraw = True
73.1957 	EXP 	CloseEyes: autoDraw = False
103.1116 	EXP 	Sound ModulatedTone stopped
103.1119 	EXP 	New trial (rep=1, index=0): None
103.2004 	EXP 	CloseEyes: autoDraw = False
103.2004 	EXP 	OpenEyes: autoDraw = False
103.2004 	EXP 	CloseEyes: autoDraw = True
114.0086 	DATA 	Keypress: escape
114.4550 	EXP 	window1: mouseVisible = True
