7.7202 	WARNING 	Requested an unavailable screen number - using first available.
9.9073 	EXP 	Created window1 = Window(allowGUI=True, allowStencil=False, autoLog=True, backendConf=UNKNOWN, bitsMode=UNKNOWN, blendMode='avg', bpc=(8, 8, 8), color=array([0, 0, 0]), colorSpace='rgb', depthBits=8, fullscr=<method-wrapper '__getattribute__' of attributeSetter object at 0x00000216F3E3F400>, gamma=None, gammaErrorPolicy='raise', lms=UNKNOWN, monitor=<psychopy.monitors.calibTools.Monitor object at 0x00000216F431BBE0>, multiSample=False, name='window1', numSamples=2, pos=(492, 108), screen=1, size=array([936, 864]), stencilBits=0, stereo=False, units='height', useFBO=True, useRetina=False, viewOri=0.0, viewPos=None, viewScale=None, waitBlanking=True, winType='pyglet')
9.9074 	EXP 	window1: mouseVisible = True
9.9075 	EXP 	window1: mouseVisible = True
9.9075 	EXP 	window1: Attempting to measure frame rate of screen (1) ...
9.9075 	EXP 	window1: recordFrameIntervals = False
10.0733 	EXP 	window1: recordFrameIntervals = True
10.1762 	WARNING 	t of last frame was 19.65ms (=1/50)
10.5393 	EXP 	Screen (1) actual frame rate measured at 60.55Hz
10.5393 	EXP 	window1: recordFrameIntervals = False
10.6129 	WARNING 	launchHubServer: If using the iohub mouse or eyetracker devices, fullScr should be True.
13.8247 	EXP 	Created text = TextStim(__class__=<class 'psychopy.visual.text.TextStim'>, alignHoriz=method-wrapper(...), alignText='center', alignVert=method-wrapper(...), anchorHoriz='center', anchorVert='center', antialias=True, autoDraw=False, autoLog=True, bold=False, color=array([1, 1, 1]), colorSpace='rgb', contrast=1.0, depth=0.0, flipHoriz=False, flipVert=False, font='Open Sans', fontFiles=[], height=0.05, italic=False, languageStyle='LTR', name='text', opacity=1.0, ori=0.0, pos=array([0., 0.]), rgb=UNKNOWN, text=str(...), units='height', win=Window(...), wrapWidth=1)
13.8495 	EXP 	Created text_2 = TextStim(__class__=<class 'psychopy.visual.text.TextStim'>, alignHoriz=method-wrapper(...), alignText='center', alignVert=method-wrapper(...), anchorHoriz='center', anchorVert='center', antialias=True, autoDraw=False, autoLog=True, bold=False, color=array([1, 1, 1]), colorSpace='rgb', contrast=1.0, depth=0.0, flipHoriz=False, flipVert=False, font='Open Sans', fontFiles=[], height=0.05, italic=False, languageStyle='LTR', name='text_2', opacity=1.0, ori=0.0, pos=array([0., 0.]), rgb=UNKNOWN, text=str(...), units='height', win=Window(...), wrapWidth=1)
14.0908 	EXP 	Sound ModulatedTone set volume 1.000
14.0957 	EXP 	Created CloseEyes = TextStim(__class__=<class 'psychopy.visual.text.TextStim'>, alignHoriz=method-wrapper(...), alignText='center', alignVert=method-wrapper(...), anchorHoriz='center', anchorVert='center', antialias=True, autoDraw=False, autoLog=True, bold=False, color=array([-1, -1, -1]), colorSpace='rgb', contrast=1.0, depth=-2.0, flipHoriz=False, flipVert=False, font='Open Sans', fontFiles=[], height=0.05, italic=False, languageStyle='LTR', name='CloseEyes', opacity=1.0, ori=0.0, pos=array([0., 0.]), rgb=UNKNOWN, text='---- Close your eyes ----', units='height', win=Window(...), wrapWidth=1)
14.1012 	EXP 	Created OpenEyes = TextStim(__class__=<class 'psychopy.visual.text.TextStim'>, alignHoriz=method-wrapper(...), alignText='center', alignVert=method-wrapper(...), anchorHoriz='center', anchorVert='center', antialias=True, autoDraw=False, autoLog=True, bold=False, color=array([1, 1, 1]), colorSpace='rgb', contrast=1.0, depth=-3.0, flipHoriz=False, flipVert=False, font='Open Sans', fontFiles=[], height=0.05, italic=False, languageStyle='LTR', name='OpenEyes', opacity=1.0, ori=0.0, pos=array([0., 0.]), rgb=UNKNOWN, text='Open your eyes when you hear the sound', units='height', win=Window(...), wrapWidth=1)
14.1147 	EXP 	Created text_4 = TextStim(__class__=<class 'psychopy.visual.text.TextStim'>, alignHoriz=method-wrapper(...), alignText='center', alignVert=method-wrapper(...), anchorHoriz='center', anchorVert='center', antialias=True, autoDraw=False, autoLog=True, bold=False, color=array([1, 1, 1]), colorSpace='rgb', contrast=1.0, depth=0.0, flipHoriz=False, flipVert=False, font='Open Sans', fontFiles=[], height=0.05, italic=False, languageStyle='LTR', name='text_4', opacity=1.0, ori=0.0, pos=array([0., 0.]), rgb=UNKNOWN, text=str(...), units='height', win=Window(...), wrapWidth=1)
14.1421 	EXP 	text: autoDraw = True
67.4572 	DATA 	Keypress: space
67.4698 	EXP 	text: autoDraw = False
67.4698 	EXP 	text_2: autoDraw = True
72.4655 	EXP 	Created sequence: sequential, trialTypes=1, nReps=10, seed=None
72.4658 	EXP 	New trial (rep=0, index=0): None
72.5640 	EXP 	text_2: autoDraw = False
72.5640 	EXP 	CloseEyes: autoDraw = True
102.4694 	EXP 	Sound ModulatedTone started
102.4707 	EXP 	OpenEyes: autoDraw = True
102.5692 	EXP 	CloseEyes: autoDraw = False
132.4849 	EXP 	Sound ModulatedTone stopped
132.4852 	EXP 	New trial (rep=1, index=0): None
132.5778 	EXP 	CloseEyes: autoDraw = False
132.5778 	EXP 	OpenEyes: autoDraw = False
132.5778 	EXP 	CloseEyes: autoDraw = True
145.3804 	DATA 	Keypress: escape
145.8244 	EXP 	window1: mouseVisible = True
