8.7558 	WARNING 	Requested an unavailable screen number - using first available.
10.8019 	EXP 	Created window1 = Window(allowGUI=True, allowStencil=False, autoLog=True, backendConf=UNKNOWN, bitsMode=UNKNOWN, blendMode='avg', bpc=(8, 8, 8), color=array([0, 0, 0]), colorSpace='rgb', depthBits=8, fullscr=<method-wrapper '__getattribute__' of attributeSetter object at 0x00000233A2DB0490>, gamma=None, gammaErrorPolicy='raise', lms=UNKNOWN, monitor=<psychopy.monitors.calibTools.Monitor object at 0x00000233A5FDCD00>, multiSample=False, name='window1', numSamples=2, pos=(492, 108), screen=1, size=array([936, 864]), stencilBits=0, stereo=False, units='height', useFBO=True, useRetina=False, viewOri=0.0, viewPos=None, viewScale=None, waitBlanking=True, winType='pyglet')
10.8021 	EXP 	window1: mouseVisible = True
10.8021 	EXP 	window1: mouseVisible = True
10.8021 	EXP 	window1: Attempting to measure frame rate of screen (1) ...
10.8021 	EXP 	window1: recordFrameIntervals = False
10.9671 	EXP 	window1: recordFrameIntervals = True
11.1516 	EXP 	Screen (1) actual frame rate measured at 59.91Hz
11.1517 	EXP 	window1: recordFrameIntervals = False
11.2217 	WARNING 	launchHubServer: If using the iohub mouse or eyetracker devices, fullScr should be True.
14.5618 	EXP 	Created text = TextStim(__class__=<class 'psychopy.visual.text.TextStim'>, alignHoriz=method-wrapper(...), alignText='center', alignVert=method-wrapper(...), anchorHoriz='center', anchorVert='center', antialias=True, autoDraw=False, autoLog=True, bold=False, color=array([1, 1, 1]), colorSpace='rgb', contrast=1.0, depth=0.0, flipHoriz=False, flipVert=False, font='Open Sans', fontFiles=[], height=0.05, italic=False, languageStyle='LTR', name='text', opacity=1.0, ori=0.0, pos=array([0., 0.]), rgb=UNKNOWN, text=str(...), units='height', win=Window(...), wrapWidth=1)
14.5869 	EXP 	Created text_2 = TextStim(__class__=<class 'psychopy.visual.text.TextStim'>, alignHoriz=method-wrapper(...), alignText='center', alignVert=method-wrapper(...), anchorHoriz='center', anchorVert='center', antialias=True, autoDraw=False, autoLog=True, bold=False, color=array([1, 1, 1]), colorSpace='rgb', contrast=1.0, depth=0.0, flipHoriz=False, flipVert=False, font='Open Sans', fontFiles=[], height=0.05, italic=False, languageStyle='LTR', name='text_2', opacity=1.0, ori=0.0, pos=array([0., 0.]), rgb=UNKNOWN, text='5 second break', units='height', win=Window(...), wrapWidth=1)
14.9654 	EXP 	Sound ModulatedTone set volume 1.000
14.9690 	EXP 	Created Cross = ShapeStim(__class__=<class 'psychopy.visual.shape.ShapeStim'>, anchor=('center', 'center'), autoDraw=False, autoLog=True, closeShape=True, color=method-wrapper(...), colorSpace='rgb', contrast=None, depth=-1.0, fillColor=array([1, 1, 1]), fillColorSpace='rgb', fillRGB=array([1, 1, 1]), interpolate=True, lineColor=array([1, 1, 1]), lineColorSpace='rgb', lineRGB=array([1, 1, 1]), lineWidth=1.0, name='Cross', opacity=1.0, ori=0.0, pos=array([0., 0.]), size=array([0.1, 0.1]), units='height', vertices=ndarray(...), win=Window(...), windingRule=None)
14.9733 	EXP 	Created Rest = TextStim(__class__=<class 'psychopy.visual.text.TextStim'>, alignHoriz=method-wrapper(...), alignText='center', alignVert=method-wrapper(...), anchorHoriz='center', anchorVert='center', antialias=True, autoDraw=False, autoLog=True, bold=False, color=array([-1, -1, -1]), colorSpace='rgb', contrast=1.0, depth=-3.0, flipHoriz=False, flipVert=False, font='Open Sans', fontFiles=[], height=0.05, italic=False, languageStyle='LTR', name='Rest', opacity=1.0, ori=0.0, pos=array([0., 0.]), rgb=UNKNOWN, text='Rest', units='height', win=Window(...), wrapWidth=1)
14.9857 	EXP 	Created text_4 = TextStim(__class__=<class 'psychopy.visual.text.TextStim'>, alignHoriz=method-wrapper(...), alignText='center', alignVert=method-wrapper(...), anchorHoriz='center', anchorVert='center', antialias=True, autoDraw=False, autoLog=True, bold=False, color=array([1, 1, 1]), colorSpace='rgb', contrast=1.0, depth=0.0, flipHoriz=False, flipVert=False, font='Open Sans', fontFiles=[], height=0.05, italic=False, languageStyle='LTR', name='text_4', opacity=1.0, ori=0.0, pos=array([0., 0.]), rgb=UNKNOWN, text=str(...), units='height', win=Window(...), wrapWidth=1)
15.0093 	EXP 	text: autoDraw = True
68.5854 	EXP 	Created sequence: sequential, trialTypes=1, nReps=1, seed=None
68.5859 	EXP 	New trial (rep=0, index=0): None
68.5891 	DATA 	Keypress: space
68.5969 	EXP 	text: autoDraw = False
68.5969 	EXP 	text_2: autoDraw = True
73.5939 	EXP 	Created sequence: sequential, trialTypes=1, nReps=5, seed=None
73.5943 	EXP 	New trial (rep=0, index=0): None
73.7100 	EXP 	text_2: autoDraw = False
73.7100 	EXP 	Cross: autoDraw = True
73.7100 	EXP 	Rest: autoDraw = True
133.5882 	EXP 	Sound ModulatedTone started
133.7198 	EXP 	Rest: autoDraw = False
193.5920 	EXP 	Sound ModulatedTone reached end of file
193.6138 	EXP 	New trial (rep=1, index=0): None
193.7500 	EXP 	Cross: autoDraw = False
193.7500 	EXP 	Rest: autoDraw = False
193.7500 	EXP 	Cross: autoDraw = True
193.7500 	EXP 	Rest: autoDraw = True
253.5915 	EXP 	Sound ModulatedTone started
253.7589 	EXP 	Rest: autoDraw = False
313.5917 	EXP 	Sound ModulatedTone stopped
313.6020 	EXP 	New trial (rep=2, index=0): None
313.7178 	EXP 	Cross: autoDraw = False
313.7178 	EXP 	Rest: autoDraw = False
313.7178 	EXP 	Cross: autoDraw = True
313.7178 	EXP 	Rest: autoDraw = True
373.5957 	EXP 	Sound ModulatedTone started
373.7284 	EXP 	Rest: autoDraw = False
433.5963 	EXP 	Sound ModulatedTone reached end of file
433.5968 	EXP 	New trial (rep=3, index=0): None
433.7232 	EXP 	Cross: autoDraw = False
433.7232 	EXP 	Rest: autoDraw = False
433.7232 	EXP 	Cross: autoDraw = True
433.7232 	EXP 	Rest: autoDraw = True
454.2218 	DATA 	Keypress: escape
454.8356 	EXP 	window1: mouseVisible = True
