1.3348 	WARNING 	Speech-to-text recognition using Google online services is not available (use command `pip install google-api-core google-auth google-cloud google-cloud-speech googleapis-common-protos` to get it). Transcription will be unavailable using that service this session.
30.3286 	EXP 	Created window1 = Window(allowGUI=True, allowStencil=False, autoLog=True, backendConf=UNKNOWN, bitsMode=UNKNOWN, blendMode='avg', bpc=(8, 8, 8), color=array([0, 0, 0]), colorSpace='rgb', depthBits=8, fullscr=<method-wrapper '__getattribute__' of attributeSetter object at 0x000001DB9F8C3460>, gamma=None, gammaErrorPolicy='raise', lms=UNKNOWN, monitor=<psychopy.monitors.calibTools.Monitor object at 0x000001DBA08C3FD0>, multiSample=False, name='window1', numSamples=2, pos=(1858, 168), screen=1, size=array([936, 864]), stencilBits=0, stereo=False, units='height', useFBO=True, useRetina=False, viewOri=0.0, viewPos=None, viewScale=None, waitBlanking=True, winType='pyglet')
30.3288 	EXP 	window1: mouseVisible = True
30.3289 	EXP 	window1: mouseVisible = True
30.3289 	EXP 	window1: Attempting to measure frame rate of screen (1) ...
30.3289 	EXP 	window1: recordFrameIntervals = False
30.4954 	EXP 	window1: recordFrameIntervals = True
30.6792 	EXP 	Screen (1) actual frame rate measured at 59.74Hz
30.6793 	EXP 	window1: recordFrameIntervals = False
30.7277 	WARNING 	launchHubServer: If using the iohub mouse or eyetracker devices, fullScr should be True.
33.7675 	EXP 	Created text = TextStim(__class__=<class 'psychopy.visual.text.TextStim'>, alignHoriz=method-wrapper(...), alignText='center', alignVert=method-wrapper(...), anchorHoriz='center', anchorVert='center', antialias=True, autoDraw=False, autoLog=True, bold=False, color=array([1, 1, 1]), colorSpace='rgb', contrast=1.0, depth=0.0, flipHoriz=False, flipVert=False, font='Open Sans', fontFiles=[], height=0.05, italic=False, languageStyle='LTR', name='text', opacity=1.0, ori=0.0, pos=array([0., 0.]), rgb=UNKNOWN, text=str(...), units='height', win=Window(...), wrapWidth=1)
34.6270 	EXP 	Sound ModulatedTone set volume 1.000
34.6340 	EXP 	Created Cross = ShapeStim(__class__=<class 'psychopy.visual.shape.ShapeStim'>, anchor=('center', 'center'), autoDraw=False, autoLog=True, closeShape=True, color=method-wrapper(...), colorSpace='rgb', contrast=None, depth=-1.0, fillColor=array([1, 1, 1]), fillColorSpace='rgb', fillRGB=array([1, 1, 1]), interpolate=True, lineColor=array([1, 1, 1]), lineColorSpace='rgb', lineRGB=array([1, 1, 1]), lineWidth=1.0, name='Cross', opacity=1.0, ori=0.0, pos=array([0., 0.]), size=array([0.1, 0.1]), units='height', vertices=ndarray(...), win=Window(...), windingRule=None)
34.6424 	EXP 	Created text_3 = TextStim(__class__=<class 'psychopy.visual.text.TextStim'>, alignHoriz=method-wrapper(...), alignText='center', alignVert=method-wrapper(...), anchorHoriz='center', anchorVert='center', antialias=True, autoDraw=False, autoLog=True, bold=False, color=array([-1, -1, -1]), colorSpace='rgb', contrast=1.0, depth=-3.0, flipHoriz=False, flipVert=False, font='Open Sans', fontFiles=[], height=0.05, italic=False, languageStyle='LTR', name='text_3', opacity=1.0, ori=0.0, pos=array([0., 0.]), rgb=UNKNOWN, text='Rest', units='height', win=Window(...), wrapWidth=1)
34.6505 	EXP 	Created text_2 = TextStim(__class__=<class 'psychopy.visual.text.TextStim'>, alignHoriz=method-wrapper(...), alignText='center', alignVert=method-wrapper(...), anchorHoriz='center', anchorVert='center', antialias=True, autoDraw=False, autoLog=True, bold=False, color=array([1, 1, 1]), colorSpace='rgb', contrast=1.0, depth=0.0, flipHoriz=False, flipVert=False, font='Open Sans', fontFiles=[], height=0.05, italic=False, languageStyle='LTR', name='text_2', opacity=1.0, ori=0.0, pos=array([0., 0.]), rgb=UNKNOWN, text='5 second break', units='height', win=Window(...), wrapWidth=1)
34.6648 	EXP 	Created text_4 = TextStim(__class__=<class 'psychopy.visual.text.TextStim'>, alignHoriz=method-wrapper(...), alignText='center', alignVert=method-wrapper(...), anchorHoriz='center', anchorVert='center', antialias=True, autoDraw=False, autoLog=True, bold=False, color=array([1, 1, 1]), colorSpace='rgb', contrast=1.0, depth=0.0, flipHoriz=False, flipVert=False, font='Open Sans', fontFiles=[], height=0.05, italic=False, languageStyle='LTR', name='text_4', opacity=1.0, ori=0.0, pos=array([0., 0.]), rgb=UNKNOWN, text=str(...), units='height', win=Window(...), wrapWidth=1)
34.6753 	EXP 	text: autoDraw = True
219.8682 	EXP 	Created sequence: sequential, trialTypes=1, nReps=3, seed=None
219.8688 	EXP 	New trial (rep=0, index=0): None
219.8694 	EXP 	Created sequence: sequential, trialTypes=1, nReps=5, seed=None
219.8700 	EXP 	New trial (rep=0, index=0): None
219.9292 	DATA 	Keypress: space
219.9478 	EXP 	text: autoDraw = False
219.9478 	EXP 	Cross: autoDraw = True
219.9478 	EXP 	text_3: autoDraw = True
229.8815 	EXP 	Sound ModulatedTone started
229.9485 	EXP 	text_3: autoDraw = False
289.8876 	EXP 	Sound ModulatedTone reached end of file
289.8951 	EXP 	New trial (rep=1, index=0): None
289.9601 	EXP 	Cross: autoDraw = False
289.9601 	EXP 	text_3: autoDraw = False
289.9601 	EXP 	Cross: autoDraw = True
289.9601 	EXP 	text_3: autoDraw = True
299.8782 	EXP 	Sound ModulatedTone started
299.9604 	EXP 	text_3: autoDraw = False
359.8877 	EXP 	Sound ModulatedTone reached end of file
359.8884 	EXP 	New trial (rep=2, index=0): None
359.9735 	EXP 	Cross: autoDraw = False
359.9735 	EXP 	text_3: autoDraw = False
359.9735 	EXP 	Cross: autoDraw = True
359.9735 	EXP 	text_3: autoDraw = True
367.7000 	DATA 	Keypress: escape
368.5881 	EXP 	window1: mouseVisible = True
