30.4438 	EXP 	Created window1 = Window(allowGUI=True, allowStencil=False, autoLog=True, backendConf=UNKNOWN, bitsMode=UNKNOWN, blendMode='avg', bpc=(8, 8, 8), color=array([0, 0, 0]), colorSpace='rgb', depthBits=8, fullscr=<method-wrapper '__getattribute__' of attributeSetter object at 0x0000020D23ABC280>, gamma=None, gammaErrorPolicy='raise', lms=UNKNOWN, monitor=<psychopy.monitors.calibTools.Monitor object at 0x0000020D25E56A30>, multiSample=False, name='window1', numSamples=2, pos=(492, 108), screen=0, size=array([936, 864]), stencilBits=0, stereo=False, units='height', useFBO=True, useRetina=False, viewOri=0.0, viewPos=None, viewScale=None, waitBlanking=True, winType='pyglet')
30.4439 	EXP 	window1: mouseVisible = True
30.4439 	EXP 	window1: mouseVisible = True
30.4439 	EXP 	window1: Attempting to measure frame rate of screen (0) ...
30.4439 	EXP 	window1: recordFrameIntervals = False
30.6128 	EXP 	window1: recordFrameIntervals = True
30.7788 	WARNING 	t of last frame was 20.04ms (=1/49)
31.2109 	EXP 	Screen (0) actual frame rate measured at 59.86Hz
31.2110 	EXP 	window1: recordFrameIntervals = False
31.3139 	WARNING 	launchHubServer: If using the iohub mouse or eyetracker devices, fullScr should be True.
34.9614 	EXP 	Created text = TextStim(__class__=<class 'psychopy.visual.text.TextStim'>, alignHoriz=method-wrapper(...), alignText='center', alignVert=method-wrapper(...), anchorHoriz='center', anchorVert='center', antialias=True, autoDraw=False, autoLog=True, bold=False, color=array([1, 1, 1]), colorSpace='rgb', contrast=1.0, depth=0.0, flipHoriz=False, flipVert=False, font='Open Sans', fontFiles=[], height=0.05, italic=False, languageStyle='LTR', name='text', opacity=1.0, ori=0.0, pos=array([0., 0.]), rgb=UNKNOWN, text=str(...), units='height', win=Window(...), wrapWidth=1)
35.3037 	EXP 	Sound ModulatedTone set volume 1.000
35.3102 	EXP 	Created Cross = ShapeStim(__class__=<class 'psychopy.visual.shape.ShapeStim'>, anchor=('center', 'center'), autoDraw=False, autoLog=True, closeShape=True, color=method-wrapper(...), colorSpace='rgb', contrast=None, depth=-1.0, fillColor=array([1, 1, 1]), fillColorSpace='rgb', fillRGB=array([1, 1, 1]), interpolate=True, lineColor=array([1, 1, 1]), lineColorSpace='rgb', lineRGB=array([1, 1, 1]), lineWidth=1.0, name='Cross', opacity=1.0, ori=0.0, pos=array([0., 0.]), size=array([0.1, 0.1]), units='height', vertices=ndarray(...), win=Window(...), windingRule=None)
35.3141 	EXP 	Created text_3 = TextStim(__class__=<class 'psychopy.visual.text.TextStim'>, alignHoriz=method-wrapper(...), alignText='center', alignVert=method-wrapper(...), anchorHoriz='center', anchorVert='center', antialias=True, autoDraw=False, autoLog=True, bold=False, color=array([-1, -1, -1]), colorSpace='rgb', contrast=1.0, depth=-3.0, flipHoriz=False, flipVert=False, font='Open Sans', fontFiles=[], height=0.05, italic=False, languageStyle='LTR', name='text_3', opacity=1.0, ori=0.0, pos=array([0., 0.]), rgb=UNKNOWN, text='Rest', units='height', win=Window(...), wrapWidth=1)
35.3252 	EXP 	Created text_2 = TextStim(__class__=<class 'psychopy.visual.text.TextStim'>, alignHoriz=method-wrapper(...), alignText='center', alignVert=method-wrapper(...), anchorHoriz='center', anchorVert='center', antialias=True, autoDraw=False, autoLog=True, bold=False, color=array([1, 1, 1]), colorSpace='rgb', contrast=1.0, depth=-1.0, flipHoriz=False, flipVert=False, font='Open Sans', fontFiles=[], height=0.05, italic=False, languageStyle='LTR', name='text_2', opacity=1.0, ori=0.0, pos=array([0., 0.]), rgb=UNKNOWN, text=str(...), units='height', win=Window(...), wrapWidth=1)
35.3337 	EXP 	Created text_4 = TextStim(__class__=<class 'psychopy.visual.text.TextStim'>, alignHoriz=method-wrapper(...), alignText='center', alignVert=method-wrapper(...), anchorHoriz='center', anchorVert='center', antialias=True, autoDraw=False, autoLog=True, bold=False, color=array([1, 1, 1]), colorSpace='rgb', contrast=1.0, depth=0.0, flipHoriz=False, flipVert=False, font='Open Sans', fontFiles=[], height=0.05, italic=False, languageStyle='LTR', name='text_4', opacity=1.0, ori=0.0, pos=array([0., 0.]), rgb=UNKNOWN, text=str(...), units='height', win=Window(...), wrapWidth=1)
35.3592 	EXP 	text: autoDraw = True
71.2433 	DATA 	Mouse: wheel shift=(0,-1), pos=(515,506)
71.3583 	DATA 	Mouse: wheel shift=(0,-1), pos=(511,505)
71.4627 	DATA 	Mouse: wheel shift=(0,-1), pos=(511,505)
230.1615 	EXP 	Created sequence: sequential, trialTypes=1, nReps=4, seed=None
230.1620 	EXP 	New trial (rep=0, index=0): None
230.1623 	EXP 	Created sequence: sequential, trialTypes=1, nReps=25, seed=None
230.1626 	EXP 	New trial (rep=0, index=0): None
230.2491 	DATA 	Keypress: space
230.2534 	EXP 	text: autoDraw = False
230.2534 	EXP 	Cross: autoDraw = True
230.2534 	EXP 	text_3: autoDraw = True
232.6741 	EXP 	Sound ModulatedTone started
232.7539 	EXP 	text_3: autoDraw = False
242.6780 	EXP 	Sound ModulatedTone stopped
242.6785 	EXP 	New trial (rep=1, index=0): None
242.7755 	EXP 	Cross: autoDraw = False
242.7755 	EXP 	text_3: autoDraw = False
242.7755 	EXP 	Cross: autoDraw = True
242.7755 	EXP 	text_3: autoDraw = True
244.8297 	DATA 	Keypress: escape
245.5332 	EXP 	window1: mouseVisible = True
