1.6918 	WARNING 	Speech-to-text recognition using Google online services is not available (use command `pip install google-api-core google-auth google-cloud google-cloud-speech googleapis-common-protos` to get it). Transcription will be unavailable using that service this session.
20.7497 	EXP 	Created window1 = Window(allowGUI=True, allowStencil=False, autoLog=True, backendConf=UNKNOWN, bitsMode=UNKNOWN, blendMode='avg', bpc=(8, 8, 8), color=array([0, 0, 0]), colorSpace='rgb', depthBits=8, fullscr=<method-wrapper '__getattribute__' of attributeSetter object at 0x000001EE1E003460>, gamma=None, gammaErrorPolicy='raise', lms=UNKNOWN, monitor=<psychopy.monitors.calibTools.Monitor object at 0x000001EE1F005040>, multiSample=False, name='window1', numSamples=2, pos=(1858, 168), screen=1, size=array([936, 864]), stencilBits=0, stereo=False, units='height', useFBO=True, useRetina=False, viewOri=0.0, viewPos=None, viewScale=None, waitBlanking=True, winType='pyglet')
20.7499 	EXP 	window1: mouseVisible = True
20.7499 	EXP 	window1: mouseVisible = True
20.7499 	EXP 	window1: Attempting to measure frame rate of screen (1) ...
20.7500 	EXP 	window1: recordFrameIntervals = False
20.9160 	EXP 	window1: recordFrameIntervals = True
21.0992 	EXP 	Screen (1) actual frame rate measured at 60.36Hz
21.0993 	EXP 	window1: recordFrameIntervals = False
21.1495 	WARNING 	launchHubServer: If using the iohub mouse or eyetracker devices, fullScr should be True.
25.1278 	EXP 	Created text = TextStim(__class__=<class 'psychopy.visual.text.TextStim'>, alignHoriz=method-wrapper(...), alignText='center', alignVert=method-wrapper(...), anchorHoriz='center', anchorVert='center', antialias=True, autoDraw=False, autoLog=True, bold=False, color=array([1, 1, 1]), colorSpace='rgb', contrast=1.0, depth=0.0, flipHoriz=False, flipVert=False, font='Open Sans', fontFiles=[], height=0.05, italic=False, languageStyle='LTR', name='text', opacity=1.0, ori=0.0, pos=array([0., 0.]), rgb=UNKNOWN, text=str(...), units='height', win=Window(...), wrapWidth=1)
25.9109 	EXP 	Sound ModulatedTone set volume 1.000
25.9156 	EXP 	Created Cross = ShapeStim(__class__=<class 'psychopy.visual.shape.ShapeStim'>, anchor=('center', 'center'), autoDraw=False, autoLog=True, closeShape=True, color=method-wrapper(...), colorSpace='rgb', contrast=None, depth=-1.0, fillColor=array([1, 1, 1]), fillColorSpace='rgb', fillRGB=array([1, 1, 1]), interpolate=True, lineColor=array([1, 1, 1]), lineColorSpace='rgb', lineRGB=array([1, 1, 1]), lineWidth=1.0, name='Cross', opacity=1.0, ori=0.0, pos=array([0., 0.]), size=array([0.1, 0.1]), units='height', vertices=ndarray(...), win=Window(...), windingRule=None)
25.9216 	EXP 	Created text_3 = TextStim(__class__=<class 'psychopy.visual.text.TextStim'>, alignHoriz=method-wrapper(...), alignText='center', alignVert=method-wrapper(...), anchorHoriz='center', anchorVert='center', antialias=True, autoDraw=False, autoLog=True, bold=False, color=array([-1, -1, -1]), colorSpace='rgb', contrast=1.0, depth=-3.0, flipHoriz=False, flipVert=False, font='Open Sans', fontFiles=[], height=0.05, italic=False, languageStyle='LTR', name='text_3', opacity=1.0, ori=0.0, pos=array([0., 0.]), rgb=UNKNOWN, text='Rest', units='height', win=Window(...), wrapWidth=1)
25.9285 	EXP 	Created text_2 = TextStim(__class__=<class 'psychopy.visual.text.TextStim'>, alignHoriz=method-wrapper(...), alignText='center', alignVert=method-wrapper(...), anchorHoriz='center', anchorVert='center', antialias=True, autoDraw=False, autoLog=True, bold=False, color=array([1, 1, 1]), colorSpace='rgb', contrast=1.0, depth=0.0, flipHoriz=False, flipVert=False, font='Open Sans', fontFiles=[], height=0.05, italic=False, languageStyle='LTR', name='text_2', opacity=1.0, ori=0.0, pos=array([0., 0.]), rgb=UNKNOWN, text='5 second break', units='height', win=Window(...), wrapWidth=1)
25.9435 	EXP 	Created text_4 = TextStim(__class__=<class 'psychopy.visual.text.TextStim'>, alignHoriz=method-wrapper(...), alignText='center', alignVert=method-wrapper(...), anchorHoriz='center', anchorVert='center', antialias=True, autoDraw=False, autoLog=True, bold=False, color=array([1, 1, 1]), colorSpace='rgb', contrast=1.0, depth=0.0, flipHoriz=False, flipVert=False, font='Open Sans', fontFiles=[], height=0.05, italic=False, languageStyle='LTR', name='text_4', opacity=1.0, ori=0.0, pos=array([0., 0.]), rgb=UNKNOWN, text=str(...), units='height', win=Window(...), wrapWidth=1)
25.9635 	EXP 	text: autoDraw = True
56.9653 	EXP 	Created sequence: sequential, trialTypes=1, nReps=3, seed=None
56.9656 	EXP 	New trial (rep=0, index=0): None
56.9660 	EXP 	Created sequence: sequential, trialTypes=1, nReps=5, seed=None
56.9664 	EXP 	New trial (rep=0, index=0): None
57.0209 	DATA 	Keypress: space
57.0453 	EXP 	text: autoDraw = False
57.0453 	EXP 	Cross: autoDraw = True
57.0453 	EXP 	text_3: autoDraw = True
66.9799 	EXP 	Sound ModulatedTone started
67.0473 	EXP 	text_3: autoDraw = False
126.9900 	EXP 	Sound ModulatedTone reached end of file
126.9906 	EXP 	New trial (rep=1, index=0): None
127.0749 	EXP 	Cross: autoDraw = False
127.0749 	EXP 	text_3: autoDraw = False
127.0749 	EXP 	Cross: autoDraw = True
127.0749 	EXP 	text_3: autoDraw = True
136.9759 	EXP 	Sound ModulatedTone started
137.0750 	EXP 	text_3: autoDraw = False
196.9802 	EXP 	Sound ModulatedTone reached end of file
196.9806 	EXP 	New trial (rep=2, index=0): None
197.0702 	EXP 	Cross: autoDraw = False
197.0702 	EXP 	text_3: autoDraw = False
197.0702 	EXP 	Cross: autoDraw = True
197.0702 	EXP 	text_3: autoDraw = True
206.9712 	EXP 	Sound ModulatedTone started
207.0707 	EXP 	text_3: autoDraw = False
266.9707 	EXP 	Sound ModulatedTone reached end of file
266.9711 	EXP 	New trial (rep=3, index=0): None
267.0493 	EXP 	Cross: autoDraw = False
267.0493 	EXP 	text_3: autoDraw = False
267.0493 	EXP 	Cross: autoDraw = True
267.0493 	EXP 	text_3: autoDraw = True
272.0832 	DATA 	Keypress: escape
272.8993 	EXP 	window1: mouseVisible = True
