2.4855 	WARNING 	Speech-to-text recognition using Google online services is not available (use command `pip install google-api-core google-auth google-cloud google-cloud-speech googleapis-common-protos` to get it). Transcription will be unavailable using that service this session.
4.1297 	WARNING 	We strongly recommend you activate the PTB sound engine in PsychoPy prefs as the preferred audio engine. Its timing is vastly superior. Your prefs are currently set to use ['sounddevice', 'PTB', 'pyo', 'pygame'] (in that order).
10.8532 	EXP 	Created window1 = Window(allowGUI=True, allowStencil=False, autoLog=True, backendConf=UNKNOWN, bitsMode=UNKNOWN, blendMode='avg', bpc=(8, 8, 8), color=array([0, 0, 0]), colorSpace='rgb', depthBits=8, fullscr=<method-wrapper '__getattribute__' of attributeSetter object at 0x000001EFFA258CD0>, gamma=None, gammaErrorPolicy='raise', lms=UNKNOWN, monitor=<psychopy.monitors.calibTools.Monitor object at 0x000001EFFB273850>, multiSample=False, name='window1', numSamples=2, pos=(360, 200), screen=0, size=array([1200,  800]), stencilBits=0, stereo=False, units='height', useFBO=True, useRetina=False, viewOri=0.0, viewPos=None, viewScale=None, waitBlanking=True, winType='pyglet')
10.8535 	EXP 	window1: mouseVisible = True
10.8535 	EXP 	window1: mouseVisible = True
10.8536 	EXP 	window1: Attempting to measure frame rate of screen (0) ...
10.8536 	EXP 	window1: recordFrameIntervals = False
11.0203 	EXP 	window1: recordFrameIntervals = True
11.2360 	EXP 	Screen (0) actual frame rate measured at 59.50Hz
11.2361 	EXP 	window1: recordFrameIntervals = False
11.2671 	WARNING 	launchHubServer: If using the iohub mouse or eyetracker devices, fullScr should be True.
14.3552 	EXP 	Created text_2 = TextStim(__class__=<class 'psychopy.visual.text.TextStim'>, alignHoriz=method-wrapper(...), alignText='center', alignVert=method-wrapper(...), anchorHoriz='center', anchorVert='center', antialias=True, autoDraw=False, autoLog=True, bold=False, color=array([1, 1, 1]), colorSpace='rgb', contrast=1.0, depth=0.0, flipHoriz=False, flipVert=False, font='Open Sans', fontFiles=[], height=0.05, italic=False, languageStyle='LTR', name='text_2', opacity=1.0, ori=0.0, pos=array([0., 0.]), rgb=UNKNOWN, text='to start, press space', units='height', win=Window(...), wrapWidth=1)
14.3728 	EXP 	Created text_5 = TextStim(__class__=<class 'psychopy.visual.text.TextStim'>, alignHoriz=method-wrapper(...), alignText='center', alignVert=method-wrapper(...), anchorHoriz='center', anchorVert='center', antialias=True, autoDraw=False, autoLog=True, bold=False, color=array([1, 1, 1]), colorSpace='rgb', contrast=1.0, depth=0.0, flipHoriz=False, flipVert=False, font='Open Sans', fontFiles=[], height=0.05, italic=False, languageStyle='LTR', name='text_5', opacity=1.0, ori=0.0, pos=array([0.  , 0.25]), rgb=UNKNOWN, text='', units='height', win=Window(...), wrapWidth=1)
14.3833 	EXP 	window1: mouseVisible = True
14.5016 	EXP 	Created slider = Slider(__class__=<class 'psychopy.visual.slider.Slider'>, autoDraw=False, autoLog=True, borderColor=None, color=None, colorSpace='rgb', depth=-2, fillColor=None, flip=False, font='Open Sans', granularity=1.0, labelColor=None, labelHeight=0.03, labelWrapWidth=None, labels=('Disagree: 1', 2, 3, 4, 5, 6, 'Agree: 7'), lineColor=None, markerColor=None, name='slider', opacity=None, ori=0.0, pos=array([ 0. , -0.1]), readOnly=False, self=UNKNOWN, size=array([1. , 0.1]), startValue=4, style='rating', styleTweaks=[], ticks=array([1, 2, 3, 4, 5, 6, 7]), units='height', win=Window(...))
14.5204 	EXP 	Created text_4 = TextStim(__class__=<class 'psychopy.visual.text.TextStim'>, alignHoriz=method-wrapper(...), alignText='center', alignVert=method-wrapper(...), anchorHoriz='center', anchorVert='center', antialias=True, autoDraw=False, autoLog=True, bold=False, color=array([1, 1, 1]), colorSpace='rgb', contrast=1.0, depth=0.0, flipHoriz=False, flipVert=False, font='Open Sans', fontFiles=[], height=0.05, italic=False, languageStyle='LTR', name='text_4', opacity=1.0, ori=0.0, pos=array([0., 0.]), rgb=UNKNOWN, text=str(...), units='height', win=Window(...), wrapWidth=1)
14.5521 	EXP 	Created InstructionsText = TextStim(__class__=<class 'psychopy.visual.text.TextStim'>, alignHoriz=method-wrapper(...), alignText='center', alignVert=method-wrapper(...), anchorHoriz='center', anchorVert='center', antialias=True, autoDraw=False, autoLog=True, bold=False, color=array([1, 1, 1]), colorSpace='rgb', contrast=1.0, depth=0.0, flipHoriz=False, flipVert=False, font='Open Sans', fontFiles=[], height=0.05, italic=False, languageStyle='LTR', name='InstructionsText', opacity=1.0, ori=0.0, pos=array([0., 0.]), rgb=UNKNOWN, text=str(...), units='height', win=Window(...), wrapWidth=1)
14.5549 	EXP 	Created ISI_text = TextStim(__class__=<class 'psychopy.visual.text.TextStim'>, alignHoriz=method-wrapper(...), alignText='center', alignVert=method-wrapper(...), anchorHoriz='center', anchorVert='center', antialias=True, autoDraw=False, autoLog=True, bold=False, color=array([1, 1, 1]), colorSpace='rgb', contrast=1.0, depth=-1.0, flipHoriz=False, flipVert=False, font='Open Sans', fontFiles=[], height=0.05, italic=False, languageStyle='LTR', name='ISI_text', opacity=1.0, ori=0.0, pos=array([0., 0.]), rgb=UNKNOWN, text='', units='height', win=Window(...), wrapWidth=1)
14.5565 	EXP 	Created Targetstim = TextStim(__class__=<class 'psychopy.visual.text.TextStim'>, alignHoriz=method-wrapper(...), alignText='center', alignVert=method-wrapper(...), anchorHoriz='center', anchorVert='center', antialias=True, autoDraw=False, autoLog=True, bold=False, color=array([ 1, -1, -1]), colorSpace='rgb', contrast=1.0, depth=-1.0, flipHoriz=False, flipVert=False, font='Open Sans', fontFiles=[], height=0.05, italic=False, languageStyle='LTR', name='Targetstim', opacity=1.0, ori=0.0, pos=array([0., 0.]), rgb=UNKNOWN, text='', units='height', win=Window(...), wrapWidth=1)
14.5581 	EXP 	Created Feedback_text = TextStim(__class__=<class 'psychopy.visual.text.TextStim'>, alignHoriz=method-wrapper(...), alignText='center', alignVert=method-wrapper(...), anchorHoriz='center', anchorVert='center', antialias=True, autoDraw=False, autoLog=True, bold=False, color=array([ 1, -1, -1]), colorSpace='rgb', contrast=1.0, depth=0.0, flipHoriz=False, flipVert=False, font='Open Sans', fontFiles=[], height=0.05, italic=False, languageStyle='LTR', name='Feedback_text', opacity=1.0, ori=0.0, pos=array([0., 0.]), rgb=UNKNOWN, text='', units='height', win=Window(...), wrapWidth=1)
14.5921 	EXP 	Created text_6 = TextStim(__class__=<class 'psychopy.visual.text.TextStim'>, alignHoriz=method-wrapper(...), alignText='center', alignVert=method-wrapper(...), anchorHoriz='center', anchorVert='center', antialias=True, autoDraw=False, autoLog=True, bold=False, color=array([1, 1, 1]), colorSpace='rgb', contrast=1.0, depth=0.0, flipHoriz=False, flipVert=False, font='Open Sans', fontFiles=[], height=0.05, italic=False, languageStyle='LTR', name='text_6', opacity=1.0, ori=0.0, pos=array([0., 0.]), rgb=UNKNOWN, text=str(...), units='height', win=Window(...), wrapWidth=1)
14.5939 	EXP 	Created text_7 = TextStim(__class__=<class 'psychopy.visual.text.TextStim'>, alignHoriz=method-wrapper(...), alignText='center', alignVert=method-wrapper(...), anchorHoriz='center', anchorVert='center', antialias=True, autoDraw=False, autoLog=True, bold=False, color=array([1, 1, 1]), colorSpace='rgb', contrast=1.0, depth=-2.0, flipHoriz=False, flipVert=False, font='Open Sans', fontFiles=[], height=0.05, italic=False, languageStyle='LTR', name='text_7', opacity=1.0, ori=0.0, pos=array([0., 0.]), rgb=UNKNOWN, text='', units='height', win=Window(...), wrapWidth=1)
14.6155 	EXP 	Created InstructionsText = TextStim(__class__=<class 'psychopy.visual.text.TextStim'>, alignHoriz=method-wrapper(...), alignText='center', alignVert=method-wrapper(...), anchorHoriz='center', anchorVert='center', antialias=True, autoDraw=False, autoLog=True, bold=False, color=array([1, 1, 1]), colorSpace='rgb', contrast=1.0, depth=0.0, flipHoriz=False, flipVert=False, font='Open Sans', fontFiles=[], height=0.05, italic=False, languageStyle='LTR', name='InstructionsText', opacity=1.0, ori=0.0, pos=array([0., 0.]), rgb=UNKNOWN, text=str(...), units='height', win=Window(...), wrapWidth=1)
14.6188 	EXP 	Created ISI_text = TextStim(__class__=<class 'psychopy.visual.text.TextStim'>, alignHoriz=method-wrapper(...), alignText='center', alignVert=method-wrapper(...), anchorHoriz='center', anchorVert='center', antialias=True, autoDraw=False, autoLog=True, bold=False, color=array([1, 1, 1]), colorSpace='rgb', contrast=1.0, depth=-1.0, flipHoriz=False, flipVert=False, font='Open Sans', fontFiles=[], height=0.05, italic=False, languageStyle='LTR', name='ISI_text', opacity=1.0, ori=0.0, pos=array([0., 0.]), rgb=UNKNOWN, text='', units='height', win=Window(...), wrapWidth=1)
14.6207 	EXP 	Created Targetstim = TextStim(__class__=<class 'psychopy.visual.text.TextStim'>, alignHoriz=method-wrapper(...), alignText='center', alignVert=method-wrapper(...), anchorHoriz='center', anchorVert='center', antialias=True, autoDraw=False, autoLog=True, bold=False, color=array([ 1, -1, -1]), colorSpace='rgb', contrast=1.0, depth=-1.0, flipHoriz=False, flipVert=False, font='Open Sans', fontFiles=[], height=0.05, italic=False, languageStyle='LTR', name='Targetstim', opacity=1.0, ori=0.0, pos=array([0., 0.]), rgb=UNKNOWN, text='', units='height', win=Window(...), wrapWidth=1)
14.6224 	EXP 	Created Feedback_text = TextStim(__class__=<class 'psychopy.visual.text.TextStim'>, alignHoriz=method-wrapper(...), alignText='center', alignVert=method-wrapper(...), anchorHoriz='center', anchorVert='center', antialias=True, autoDraw=False, autoLog=True, bold=False, color=array([ 1, -1, -1]), colorSpace='rgb', contrast=1.0, depth=0.0, flipHoriz=False, flipVert=False, font='Open Sans', fontFiles=[], height=0.05, italic=False, languageStyle='LTR', name='Feedback_text', opacity=1.0, ori=0.0, pos=array([0., 0.]), rgb=UNKNOWN, text='', units='height', win=Window(...), wrapWidth=1)
14.6464 	EXP 	Created text_6 = TextStim(__class__=<class 'psychopy.visual.text.TextStim'>, alignHoriz=method-wrapper(...), alignText='center', alignVert=method-wrapper(...), anchorHoriz='center', anchorVert='center', antialias=True, autoDraw=False, autoLog=True, bold=False, color=array([1, 1, 1]), colorSpace='rgb', contrast=1.0, depth=0.0, flipHoriz=False, flipVert=False, font='Open Sans', fontFiles=[], height=0.05, italic=False, languageStyle='LTR', name='text_6', opacity=1.0, ori=0.0, pos=array([0., 0.]), rgb=UNKNOWN, text=str(...), units='height', win=Window(...), wrapWidth=1)
14.6483 	EXP 	Created text_7 = TextStim(__class__=<class 'psychopy.visual.text.TextStim'>, alignHoriz=method-wrapper(...), alignText='center', alignVert=method-wrapper(...), anchorHoriz='center', anchorVert='center', antialias=True, autoDraw=False, autoLog=True, bold=False, color=array([1, 1, 1]), colorSpace='rgb', contrast=1.0, depth=-2.0, flipHoriz=False, flipVert=False, font='Open Sans', fontFiles=[], height=0.05, italic=False, languageStyle='LTR', name='text_7', opacity=1.0, ori=0.0, pos=array([0., 0.]), rgb=UNKNOWN, text='', units='height', win=Window(...), wrapWidth=1)
14.6694 	EXP 	Created InstructionsText = TextStim(__class__=<class 'psychopy.visual.text.TextStim'>, alignHoriz=method-wrapper(...), alignText='center', alignVert=method-wrapper(...), anchorHoriz='center', anchorVert='center', antialias=True, autoDraw=False, autoLog=True, bold=False, color=array([1, 1, 1]), colorSpace='rgb', contrast=1.0, depth=0.0, flipHoriz=False, flipVert=False, font='Open Sans', fontFiles=[], height=0.05, italic=False, languageStyle='LTR', name='InstructionsText', opacity=1.0, ori=0.0, pos=array([0., 0.]), rgb=UNKNOWN, text=str(...), units='height', win=Window(...), wrapWidth=1)
14.6724 	EXP 	Created ISI_text = TextStim(__class__=<class 'psychopy.visual.text.TextStim'>, alignHoriz=method-wrapper(...), alignText='center', alignVert=method-wrapper(...), anchorHoriz='center', anchorVert='center', antialias=True, autoDraw=False, autoLog=True, bold=False, color=array([1, 1, 1]), colorSpace='rgb', contrast=1.0, depth=-1.0, flipHoriz=False, flipVert=False, font='Open Sans', fontFiles=[], height=0.05, italic=False, languageStyle='LTR', name='ISI_text', opacity=1.0, ori=0.0, pos=array([0., 0.]), rgb=UNKNOWN, text='', units='height', win=Window(...), wrapWidth=1)
14.6741 	EXP 	Created Targetstim = TextStim(__class__=<class 'psychopy.visual.text.TextStim'>, alignHoriz=method-wrapper(...), alignText='center', alignVert=method-wrapper(...), anchorHoriz='center', anchorVert='center', antialias=True, autoDraw=False, autoLog=True, bold=False, color=array([ 1, -1, -1]), colorSpace='rgb', contrast=1.0, depth=-1.0, flipHoriz=False, flipVert=False, font='Open Sans', fontFiles=[], height=0.05, italic=False, languageStyle='LTR', name='Targetstim', opacity=1.0, ori=0.0, pos=array([0., 0.]), rgb=UNKNOWN, text='', units='height', win=Window(...), wrapWidth=1)
14.6757 	EXP 	Created Feedback_text = TextStim(__class__=<class 'psychopy.visual.text.TextStim'>, alignHoriz=method-wrapper(...), alignText='center', alignVert=method-wrapper(...), anchorHoriz='center', anchorVert='center', antialias=True, autoDraw=False, autoLog=True, bold=False, color=array([ 1, -1, -1]), colorSpace='rgb', contrast=1.0, depth=0.0, flipHoriz=False, flipVert=False, font='Open Sans', fontFiles=[], height=0.05, italic=False, languageStyle='LTR', name='Feedback_text', opacity=1.0, ori=0.0, pos=array([0., 0.]), rgb=UNKNOWN, text='', units='height', win=Window(...), wrapWidth=1)
14.7001 	EXP 	Created text_6 = TextStim(__class__=<class 'psychopy.visual.text.TextStim'>, alignHoriz=method-wrapper(...), alignText='center', alignVert=method-wrapper(...), anchorHoriz='center', anchorVert='center', antialias=True, autoDraw=False, autoLog=True, bold=False, color=array([1, 1, 1]), colorSpace='rgb', contrast=1.0, depth=0.0, flipHoriz=False, flipVert=False, font='Open Sans', fontFiles=[], height=0.05, italic=False, languageStyle='LTR', name='text_6', opacity=1.0, ori=0.0, pos=array([0., 0.]), rgb=UNKNOWN, text=str(...), units='height', win=Window(...), wrapWidth=1)
14.7024 	EXP 	Created text_7 = TextStim(__class__=<class 'psychopy.visual.text.TextStim'>, alignHoriz=method-wrapper(...), alignText='center', alignVert=method-wrapper(...), anchorHoriz='center', anchorVert='center', antialias=True, autoDraw=False, autoLog=True, bold=False, color=array([1, 1, 1]), colorSpace='rgb', contrast=1.0, depth=-2.0, flipHoriz=False, flipVert=False, font='Open Sans', fontFiles=[], height=0.05, italic=False, languageStyle='LTR', name='text_7', opacity=1.0, ori=0.0, pos=array([0., 0.]), rgb=UNKNOWN, text='', units='height', win=Window(...), wrapWidth=1)
14.7054 	EXP 	Created text_5 = TextStim(__class__=<class 'psychopy.visual.text.TextStim'>, alignHoriz=method-wrapper(...), alignText='center', alignVert=method-wrapper(...), anchorHoriz='center', anchorVert='center', antialias=True, autoDraw=False, autoLog=True, bold=False, color=array([1, 1, 1]), colorSpace='rgb', contrast=1.0, depth=0.0, flipHoriz=False, flipVert=False, font='Open Sans', fontFiles=[], height=0.05, italic=False, languageStyle='LTR', name='text_5', opacity=1.0, ori=0.0, pos=array([0.  , 0.25]), rgb=UNKNOWN, text='', units='height', win=Window(...), wrapWidth=1)
14.7124 	EXP 	window1: mouseVisible = True
15.2114 	EXP 	Created slider = Slider(__class__=<class 'psychopy.visual.slider.Slider'>, autoDraw=False, autoLog=True, borderColor=None, color=None, colorSpace='rgb', depth=-2, fillColor=None, flip=False, font='Open Sans', granularity=1.0, labelColor=None, labelHeight=0.03, labelWrapWidth=None, labels=('Disagree: 1', 2, 3, 4, 5, 6, 'Agree: 7'), lineColor=None, markerColor=None, name='slider', opacity=None, ori=0.0, pos=array([ 0. , -0.1]), readOnly=False, self=UNKNOWN, size=array([1. , 0.1]), startValue=4, style='rating', styleTweaks=[], ticks=array([1, 2, 3, 4, 5, 6, 7]), units='height', win=Window(...))
15.2365 	EXP 	Created text_3 = TextStim(__class__=<class 'psychopy.visual.text.TextStim'>, alignHoriz=method-wrapper(...), alignText='center', alignVert=method-wrapper(...), anchorHoriz='center', anchorVert='center', antialias=True, autoDraw=False, autoLog=True, bold=False, color=array([1, 1, 1]), colorSpace='rgb', contrast=1.0, depth=0.0, flipHoriz=False, flipVert=False, font='Open Sans', fontFiles=[], height=0.05, italic=False, languageStyle='LTR', name='text_3', opacity=1.0, ori=0.0, pos=array([0., 0.]), rgb=UNKNOWN, text='Done', units='height', win=Window(...), wrapWidth=1)
15.2575 	EXP 	slider: autoLog = True
15.2575 	EXP 	slider: markerPos = 4
15.2575 	EXP 	slider: styleTweaks = []
15.2575 	EXP 	slider: styleTweaks = []
15.2575 	EXP 	slider: styleTweaks = []
15.2575 	EXP 	slider: styleTweaks = []
15.2575 	EXP 	slider: contrast = 1.0
15.2575 	EXP 	slider: autoLog = True
15.2575 	EXP 	slider: autoLog = True
15.2575 	EXP 	slider: markerPos = 4
15.2575 	EXP 	slider: styleTweaks = []
15.2575 	EXP 	slider: styleTweaks = []
15.2575 	EXP 	slider: styleTweaks = []
15.2575 	EXP 	slider: styleTweaks = []
15.2575 	EXP 	slider: contrast = 1.0
15.2575 	EXP 	slider: autoLog = True
15.2575 	EXP 	text_2: autoDraw = True
15.8239 	EXP 	Created sequence: sequential, trialTypes=1, nReps=2, seed=None
15.8241 	EXP 	New trial (rep=0, index=0): None
15.8335 	DATA 	Keypress: space
15.8887 	EXP 	text_2: autoDraw = False
15.8887 	EXP 	text_5: text = ''
15.8887 	EXP 	text_5: height = 0.05
15.8887 	EXP 	text_5: height = 0.05
15.8887 	EXP 	text_5: height = 0.05
15.8887 	EXP 	text_5: text = 'I feel drowsy when I am fatigued'
15.8887 	EXP 	slider: markerPos = None
15.8887 	EXP 	slider: markerPos = 4
15.8887 	EXP 	text_5: autoDraw = True
15.8887 	EXP 	slider: autoDraw = True
18.7258 	DATA 	Mouse: Left button down, pos=(740,332)
18.7563 	EXP 	slider: markerPos = 5.050000000000001
18.7902 	EXP 	slider: markerPos = 5.050000000000001
18.8171 	DATA 	Mouse:  Left button up, pos=(740,332)
18.8238 	EXP 	slider: markerPos = 5.050000000000001
18.8574 	EXP 	slider: markerPos = 5.0
18.8606 	EXP 	New trial (rep=1, index=0): None
18.9076 	EXP 	text_5: autoDraw = False
18.9076 	EXP 	slider: autoDraw = False
18.9076 	EXP 	text_5: height = 0.05
18.9076 	EXP 	text_5: height = 0.05
18.9076 	EXP 	text_5: height = 0.05
18.9076 	EXP 	text_5: text = ''
18.9076 	EXP 	text_5: height = 0.05
18.9076 	EXP 	text_5: height = 0.05
18.9076 	EXP 	text_5: height = 0.05
18.9076 	EXP 	text_5: text = 'When I am fatigued, I lose my patience'
18.9076 	EXP 	slider: markerPos = None
18.9076 	EXP 	slider: markerPos = 4
18.9076 	EXP 	text_5: autoDraw = True
18.9076 	EXP 	slider: autoDraw = True
19.4440 	DATA 	Mouse: Left button down, pos=(747,319)
19.4742 	EXP 	slider: markerPos = 5.1025
19.5078 	EXP 	slider: markerPos = 5.1025
19.5413 	EXP 	slider: markerPos = 5.1025
19.5441 	DATA 	Mouse:  Left button up, pos=(747,319)
19.5746 	EXP 	slider: markerPos = 5.0
19.5920 	EXP 	text_5: autoDraw = False
19.5920 	EXP 	slider: autoDraw = False
19.5920 	EXP 	text_4: autoDraw = True
20.5921 	EXP 	text_4: autoDraw = False
20.5921 	EXP 	text_4: autoDraw = False
20.5921 	EXP 	InstructionsText: autoDraw = True
21.5447 	EXP 	Created sequence: random, trialTypes=1, nReps=2, seed=None
21.5449 	EXP 	New trial (rep=0, index=0): None
21.5467 	DATA 	Keypress: space
21.5595 	EXP 	InstructionsText: autoDraw = False
21.5595 	EXP 	ISI_text: autoDraw = True
25.5630 	EXP 	ISI_text: autoDraw = False
25.5630 	EXP 	ISI_text: autoDraw = False
25.5630 	EXP 	Targetstim: autoDraw = True
25.7875 	DATA 	Keypress: space
25.7963 	EXP 	Targetstim: autoDraw = False
25.7963 	EXP 	Feedback_text: height = 0.05
25.7963 	EXP 	Feedback_text: height = 0.05
25.7963 	EXP 	Feedback_text: height = 0.05
25.7963 	EXP 	Feedback_text: text = '209'
25.7963 	EXP 	Feedback_text: autoDraw = True
26.2817 	EXP 	New trial (rep=1, index=0): None
26.2968 	EXP 	Feedback_text: autoDraw = False
26.2968 	EXP 	Feedback_text: autoDraw = False
26.2968 	EXP 	ISI_text: autoDraw = True
27.2979 	EXP 	ISI_text: autoDraw = False
27.2979 	EXP 	ISI_text: autoDraw = False
27.2979 	EXP 	Targetstim: autoDraw = True
27.6393 	DATA 	Keypress: space
27.6481 	EXP 	Targetstim: autoDraw = False
27.6481 	EXP 	Feedback_text: height = 0.05
27.6481 	EXP 	Feedback_text: height = 0.05
27.6481 	EXP 	Feedback_text: height = 0.05
27.6481 	EXP 	Feedback_text: text = '325'
27.6481 	EXP 	Feedback_text: autoDraw = True
28.1486 	EXP 	Feedback_text: autoDraw = False
28.1486 	EXP 	Feedback_text: autoDraw = False
28.1486 	EXP 	text_6: autoDraw = True
29.2342 	EXP 	Created sequence: random, trialTypes=1, nReps=2, seed=None
29.2345 	EXP 	New trial (rep=0, index=0): None
29.2420 	DATA 	Keypress: space
29.2493 	EXP 	text_6: autoDraw = False
29.2493 	EXP 	text_7: height = 0.05
29.2493 	EXP 	text_7: height = 0.05
29.2493 	EXP 	text_7: height = 0.05
29.2493 	EXP 	text_7: text = '44 + 50'
29.2493 	EXP 	text_7: autoDraw = True
31.8563 	DATA 	Keypress: 9
31.9683 	EXP 	text_7: height = 0.05
31.9683 	EXP 	text_7: height = 0.05
31.9683 	EXP 	text_7: height = 0.05
31.9683 	EXP 	text_7: text = '9'
32.5555 	DATA 	Keypress: 5
32.6521 	EXP 	text_7: height = 0.05
32.6521 	EXP 	text_7: height = 0.05
32.6521 	EXP 	text_7: height = 0.05
32.6521 	EXP 	text_7: text = '5'
32.6521 	EXP 	text_7: height = 0.05
32.6521 	EXP 	text_7: height = 0.05
32.6521 	EXP 	text_7: height = 0.05
32.6521 	EXP 	text_7: text = '44 + 50'
34.2388 	EXP 	New trial (rep=1, index=0): None
44.2122 	EXP 	text_7: autoDraw = False
44.2122 	EXP 	text_7: height = 0.05
44.2122 	EXP 	text_7: height = 0.05
44.2122 	EXP 	text_7: height = 0.05
44.2122 	EXP 	text_7: text = '54 - 14'
44.2122 	EXP 	text_7: autoDraw = True
44.2122 	EXP 	text_7: autoDraw = False
44.2122 	EXP 	InstructionsText: autoDraw = True
48.2843 	DATA 	Mouse: Left button down, pos=(690,434)
48.4009 	DATA 	Mouse:  Left button up, pos=(690,434)
48.6673 	EXP 	Created sequence: random, trialTypes=1, nReps=2, seed=None
48.6676 	EXP 	New trial (rep=0, index=0): None
48.6693 	DATA 	Keypress: space
48.6821 	EXP 	InstructionsText: autoDraw = False
48.6821 	EXP 	ISI_text: autoDraw = True
50.6838 	EXP 	ISI_text: autoDraw = False
50.6838 	EXP 	ISI_text: autoDraw = False
50.6838 	EXP 	Targetstim: autoDraw = True
51.0924 	DATA 	Keypress: space
51.1008 	EXP 	Targetstim: autoDraw = False
51.1008 	EXP 	Feedback_text: height = 0.05
51.1008 	EXP 	Feedback_text: height = 0.05
51.1008 	EXP 	Feedback_text: height = 0.05
51.1008 	EXP 	Feedback_text: text = '399'
51.1008 	EXP 	Feedback_text: autoDraw = True
51.5862 	EXP 	New trial (rep=1, index=0): None
51.6012 	EXP 	Feedback_text: autoDraw = False
51.6012 	EXP 	Feedback_text: autoDraw = False
51.6012 	EXP 	ISI_text: autoDraw = True
53.6029 	EXP 	ISI_text: autoDraw = False
53.6029 	EXP 	ISI_text: autoDraw = False
53.6029 	EXP 	Targetstim: autoDraw = True
53.9669 	DATA 	Keypress: space
53.9881 	EXP 	Targetstim: autoDraw = False
53.9881 	EXP 	Feedback_text: height = 0.05
53.9881 	EXP 	Feedback_text: height = 0.05
53.9881 	EXP 	Feedback_text: height = 0.05
53.9881 	EXP 	Feedback_text: text = '342'
53.9881 	EXP 	Feedback_text: autoDraw = True
54.4877 	EXP 	Feedback_text: autoDraw = False
54.4877 	EXP 	Feedback_text: autoDraw = False
54.4877 	EXP 	text_6: autoDraw = True
56.0258 	EXP 	Created sequence: random, trialTypes=1, nReps=2, seed=None
56.0261 	EXP 	New trial (rep=0, index=0): None
56.0333 	DATA 	Keypress: space
56.0384 	EXP 	text_6: autoDraw = False
56.0384 	EXP 	text_7: height = 0.05
56.0384 	EXP 	text_7: height = 0.05
56.0384 	EXP 	text_7: height = 0.05
56.0384 	EXP 	text_7: text = '20 + 1'
56.0384 	EXP 	text_7: autoDraw = True
58.0768 	DATA 	Keypress: 2
58.1615 	DATA 	Keypress: 1
58.2910 	EXP 	text_7: height = 0.05
58.2910 	EXP 	text_7: height = 0.05
58.2910 	EXP 	text_7: height = 0.05
58.2910 	EXP 	text_7: text = '2'
58.5942 	EXP 	New trial (rep=1, index=0): None
58.6060 	EXP 	text_7: height = 0.05
58.6060 	EXP 	text_7: height = 0.05
58.6060 	EXP 	text_7: height = 0.05
58.6060 	EXP 	text_7: text = '1'
58.6060 	EXP 	text_7: text = '1'
58.6060 	EXP 	text_7: autoDraw = False
58.6060 	EXP 	text_7: height = 0.05
58.6060 	EXP 	text_7: height = 0.05
58.6060 	EXP 	text_7: height = 0.05
58.6060 	EXP 	text_7: text = '73 - 33'
58.6060 	EXP 	text_7: autoDraw = True
99.8407 	DATA 	Keypress: 4
99.8409 	DATA 	Keypress: 3
99.8410 	DATA 	Keypress: 4
99.8412 	DATA 	Keypress: 0
99.8414 	DATA 	Mouse: Left button down, pos=(693,420)
99.8417 	DATA 	Mouse:  Left button up, pos=(693,418)
99.8418 	DATA 	Keypress: 4
99.8419 	DATA 	Keypress: 0
99.8421 	DATA 	Keypress: 4
99.8422 	DATA 	Keypress: 0
99.8423 	DATA 	Keypress: 0
99.8424 	DATA 	Keypress: 4
99.8425 	DATA 	Keypress: 0
99.8427 	DATA 	Keypress: 4
99.8428 	DATA 	Keypress: 0
99.8430 	DATA 	Keypress: 0
99.8431 	DATA 	Keypress: 4
99.8433 	DATA 	Keypress: 4
99.8434 	DATA 	Keypress: 0
99.8435 	DATA 	Keypress: space
99.8437 	DATA 	Keypress: return
99.8438 	DATA 	Mouse: wheel shift=(0,1), pos=(693,417)
99.8439 	DATA 	Mouse: Left button down, pos=(693,417)
99.8441 	DATA 	Mouse:  Left button up, pos=(693,417)
99.8444 	DATA 	Mouse: Left button down, pos=(713,178)
99.8446 	DATA 	Mouse:  Left button up, pos=(712,178)
99.8580 	EXP 	text_7: autoDraw = False
99.8580 	EXP 	InstructionsText: autoDraw = True
106.1648 	EXP 	Created sequence: random, trialTypes=1, nReps=2, seed=None
106.1650 	EXP 	New trial (rep=0, index=0): None
106.1667 	DATA 	Keypress: space
106.1799 	EXP 	InstructionsText: autoDraw = False
106.1799 	EXP 	ISI_text: autoDraw = True
110.1835 	EXP 	ISI_text: autoDraw = False
110.1835 	EXP 	ISI_text: autoDraw = False
110.1835 	EXP 	Targetstim: autoDraw = True
110.6075 	DATA 	Keypress: space
110.6169 	EXP 	Targetstim: autoDraw = False
110.6169 	EXP 	Feedback_text: height = 0.05
110.6169 	EXP 	Feedback_text: height = 0.05
110.6169 	EXP 	Feedback_text: height = 0.05
110.6169 	EXP 	Feedback_text: text = '406'
110.6169 	EXP 	Feedback_text: autoDraw = True
111.1019 	EXP 	New trial (rep=1, index=0): None
111.1171 	EXP 	Feedback_text: autoDraw = False
111.1171 	EXP 	Feedback_text: autoDraw = False
111.1171 	EXP 	ISI_text: autoDraw = True
111.3795 	DATA 	Keypress: space
111.3843 	EXP 	ISI_text: autoDraw = False
111.3843 	EXP 	Targetstim: autoDraw = False
111.3843 	EXP 	Feedback_text: height = 0.05
111.3843 	EXP 	Feedback_text: height = 0.05
111.3843 	EXP 	Feedback_text: height = 0.05
111.3843 	EXP 	Feedback_text: text = 'Too soon!'
112.0526 	DATA 	Keypress: space
117.8091 	DATA 	Mouse: Left button down, pos=(525,431)
117.9078 	DATA 	Mouse:  Left button up, pos=(525,431)
129.6509 	DATA 	Mouse: Left button down, pos=(894,580)
129.7509 	DATA 	Mouse:  Left button up, pos=(894,580)
129.9677 	DATA 	Keypress: space
130.6182 	DATA 	Mouse: Left button down, pos=(850,508)
130.7517 	DATA 	Mouse:  Left button up, pos=(850,508)
131.2025 	DATA 	Keypress: 5
134.3878 	DATA 	Keypress: space
136.5228 	DATA 	Mouse: Left button down, pos=(843,501)
136.6399 	DATA 	Mouse:  Left button up, pos=(843,501)
141.5926 	EXP 	Feedback_text: autoDraw = True
142.0929 	EXP 	Feedback_text: autoDraw = False
142.0929 	EXP 	Feedback_text: autoDraw = False
142.0929 	EXP 	text_6: autoDraw = True
146.4821 	EXP 	Created sequence: random, trialTypes=1, nReps=2, seed=None
146.4824 	EXP 	New trial (rep=0, index=0): None
146.4878 	DATA 	Keypress: space
146.4968 	EXP 	text_6: autoDraw = False
146.4968 	EXP 	text_7: height = 0.05
146.4968 	EXP 	text_7: height = 0.05
146.4968 	EXP 	text_7: height = 0.05
146.4968 	EXP 	text_7: text = '3 + 15'
146.4968 	EXP 	text_7: autoDraw = True
148.4339 	DATA 	Keypress: 1
148.5148 	EXP 	text_7: height = 0.05
148.5148 	EXP 	text_7: height = 0.05
148.5148 	EXP 	text_7: height = 0.05
148.5148 	EXP 	text_7: text = '1'
149.3012 	DATA 	Keypress: 8
149.6027 	EXP 	New trial (rep=1, index=0): None
149.6160 	EXP 	text_7: height = 0.05
149.6160 	EXP 	text_7: height = 0.05
149.6160 	EXP 	text_7: height = 0.05
149.6160 	EXP 	text_7: text = '8'
149.6160 	EXP 	text_7: text = '8'
149.6160 	EXP 	text_7: autoDraw = False
149.6160 	EXP 	text_7: height = 0.05
149.6160 	EXP 	text_7: height = 0.05
149.6160 	EXP 	text_7: height = 0.05
149.6160 	EXP 	text_7: text = '45 - 10'
149.6160 	EXP 	text_7: autoDraw = True
149.6854 	DATA 	Keypress: 8
149.8995 	EXP 	text_7: height = 0.05
149.8995 	EXP 	text_7: height = 0.05
149.8995 	EXP 	text_7: height = 0.05
149.8995 	EXP 	text_7: text = '8'
151.5343 	EXP 	text_7: autoDraw = False
151.5343 	EXP 	text_5: height = 0.05
151.5343 	EXP 	text_5: height = 0.05
151.5343 	EXP 	text_5: height = 0.05
151.5343 	EXP 	text_5: text = ''
151.5343 	EXP 	slider: markerPos = None
151.5343 	EXP 	slider: markerPos = 4
151.5343 	EXP 	text_5: autoDraw = True
151.5343 	EXP 	slider: autoDraw = True
156.5065 	DATA 	Mouse: Left button down, pos=(853,326)
156.5382 	EXP 	slider: markerPos = 5.897499999999999
156.5714 	EXP 	slider: markerPos = 5.897499999999999
156.6048 	EXP 	slider: markerPos = 5.897499999999999
156.6383 	EXP 	slider: markerPos = 5.897499999999999
156.6723 	EXP 	slider: markerPos = 5.897499999999999
156.7052 	EXP 	slider: markerPos = 5.897499999999999
156.7072 	DATA 	Mouse:  Left button up, pos=(853,326)
156.7384 	EXP 	slider: markerPos = 6.0
156.7557 	EXP 	text_5: autoDraw = False
156.7557 	EXP 	slider: autoDraw = False
156.7557 	EXP 	text_3: autoDraw = True
157.9413 	DATA 	Mouse: Left button down, pos=(853,326)
158.1246 	DATA 	Mouse:  Left button up, pos=(853,326)
158.7253 	DATA 	Keypress: space
160.5765 	DATA 	Mouse: Left button down, pos=(853,326)
160.7608 	DATA 	Mouse:  Left button up, pos=(853,325)
175.1074 	DATA 	Mouse: Left button down, pos=(611,152)
175.1900 	DATA 	Mouse:  Left button up, pos=(611,152)
175.9746 	DATA 	Keypress: escape
176.5715 	EXP 	window1: mouseVisible = True
