13.4704 	EXP 	Created window1 = Window(allowGUI=True, allowStencil=False, autoLog=True, backendConf=UNKNOWN, bitsMode=UNKNOWN, blendMode='avg', bpc=(8, 8, 8), color=array([0, 0, 0]), colorSpace='rgb', depthBits=8, fullscr=<method-wrapper '__getattribute__' of attributeSetter object at 0x0000019815958B20>, gamma=None, gammaErrorPolicy='raise', lms=UNKNOWN, monitor=<psychopy.monitors.calibTools.Monitor object at 0x000001981AB93040>, multiSample=False, name='window1', numSamples=2, pos=(560, 240), screen=0, size=array([800, 600]), stencilBits=0, stereo=False, units='height', useFBO=True, useRetina=False, viewOri=0.0, viewPos=None, viewScale=None, waitBlanking=True, winType='pyglet')
13.4704 	EXP 	window1: mouseVisible = True
13.4704 	EXP 	window1: mouseVisible = True
13.4705 	EXP 	window1: Attempting to measure frame rate of screen (0) ...
13.4705 	EXP 	window1: recordFrameIntervals = False
13.6364 	EXP 	window1: recordFrameIntervals = True
13.8201 	EXP 	Screen (0) actual frame rate measured at 60.02Hz
13.8201 	EXP 	window1: recordFrameIntervals = False
13.8588 	WARNING 	launchHubServer: If using the iohub mouse or eyetracker devices, fullScr should be True.
15.6945 	EXP 	Created text_2 = TextStim(__class__=<class 'psychopy.visual.text.TextStim'>, alignHoriz=method-wrapper(...), alignText='center', alignVert=method-wrapper(...), anchorHoriz='center', anchorVert='center', antialias=True, autoDraw=False, autoLog=True, bold=False, color=array([1, 1, 1]), colorSpace='rgb', contrast=1.0, depth=0.0, flipHoriz=False, flipVert=False, font='Open Sans', fontFiles=[], height=0.05, italic=False, languageStyle='LTR', name='text_2', opacity=1.0, ori=0.0, pos=array([0., 0.]), rgb=UNKNOWN, text='to start, press space', units='height', win=Window(...), wrapWidth=1)
15.7010 	EXP 	Created text_7 = TextStim(__class__=<class 'psychopy.visual.text.TextStim'>, alignHoriz=method-wrapper(...), alignText='center', alignVert=method-wrapper(...), anchorHoriz='center', anchorVert='center', antialias=True, autoDraw=False, autoLog=True, bold=False, color=array([1, 1, 1]), colorSpace='rgb', contrast=1.0, depth=-2.0, flipHoriz=False, flipVert=False, font='Open Sans', fontFiles=[], height=0.05, italic=False, languageStyle='LTR', name='text_7', opacity=1.0, ori=0.0, pos=array([0., 0.]), rgb=UNKNOWN, text='', units='height', win=Window(...), wrapWidth=1)
15.7014 	EXP 	Created text_8 = TextStim(__class__=<class 'psychopy.visual.text.TextStim'>, alignHoriz=method-wrapper(...), alignText='center', alignVert=method-wrapper(...), anchorHoriz='center', anchorVert='center', antialias=True, autoDraw=False, autoLog=True, bold=False, color=array([1, 1, 1]), colorSpace='rgb', contrast=1.0, depth=0.0, flipHoriz=False, flipVert=False, font='Open Sans', fontFiles=[], height=0.05, italic=False, languageStyle='LTR', name='text_8', opacity=1.0, ori=0.0, pos=array([0., 0.]), rgb=UNKNOWN, text='', units='height', win=Window(...), wrapWidth=1)
15.7060 	EXP 	Created text = TextStim(__class__=<class 'psychopy.visual.text.TextStim'>, alignHoriz=method-wrapper(...), alignText='center', alignVert=method-wrapper(...), anchorHoriz='center', anchorVert='center', antialias=True, autoDraw=False, autoLog=True, bold=False, color=array([1, 1, 1]), colorSpace='rgb', contrast=1.0, depth=0.0, flipHoriz=False, flipVert=False, font='Open Sans', fontFiles=[], height=0.05, italic=False, languageStyle='LTR', name='text', opacity=1.0, ori=0.0, pos=array([0., 0.]), rgb=UNKNOWN, text='ppg test here', units='height', win=Window(...), wrapWidth=1)
15.7109 	EXP 	Created text_5 = TextStim(__class__=<class 'psychopy.visual.text.TextStim'>, alignHoriz=method-wrapper(...), alignText='center', alignVert=method-wrapper(...), anchorHoriz='center', anchorVert='center', antialias=True, autoDraw=False, autoLog=True, bold=False, color=array([1, 1, 1]), colorSpace='rgb', contrast=1.0, depth=0.0, flipHoriz=False, flipVert=False, font='Open Sans', fontFiles=[], height=0.05, italic=False, languageStyle='LTR', name='text_5', opacity=1.0, ori=0.0, pos=array([0., 0.]), rgb=UNKNOWN, text='self eval here', units='height', win=Window(...), wrapWidth=1)
15.7209 	EXP 	Created text_4 = TextStim(__class__=<class 'psychopy.visual.text.TextStim'>, alignHoriz=method-wrapper(...), alignText='center', alignVert=method-wrapper(...), anchorHoriz='center', anchorVert='center', antialias=True, autoDraw=False, autoLog=True, bold=False, color=array([1, 1, 1]), colorSpace='rgb', contrast=1.0, depth=0.0, flipHoriz=False, flipVert=False, font='Open Sans', fontFiles=[], height=0.05, italic=False, languageStyle='LTR', name='text_4', opacity=1.0, ori=0.0, pos=array([0., 0.]), rgb=UNKNOWN, text=str(...), units='height', win=Window(...), wrapWidth=1)
15.7376 	EXP 	Created InstructionsText = TextStim(__class__=<class 'psychopy.visual.text.TextStim'>, alignHoriz=method-wrapper(...), alignText='center', alignVert=method-wrapper(...), anchorHoriz='center', anchorVert='center', antialias=True, autoDraw=False, autoLog=True, bold=False, color=array([1, 1, 1]), colorSpace='rgb', contrast=1.0, depth=0.0, flipHoriz=False, flipVert=False, font='Open Sans', fontFiles=[], height=0.05, italic=False, languageStyle='LTR', name='InstructionsText', opacity=1.0, ori=0.0, pos=array([0., 0.]), rgb=UNKNOWN, text=str(...), units='height', win=Window(...), wrapWidth=1)
15.7389 	EXP 	Created ISI_text = TextStim(__class__=<class 'psychopy.visual.text.TextStim'>, alignHoriz=method-wrapper(...), alignText='center', alignVert=method-wrapper(...), anchorHoriz='center', anchorVert='center', antialias=True, autoDraw=False, autoLog=True, bold=False, color=array([1, 1, 1]), colorSpace='rgb', contrast=1.0, depth=-1.0, flipHoriz=False, flipVert=False, font='Open Sans', fontFiles=[], height=0.05, italic=False, languageStyle='LTR', name='ISI_text', opacity=1.0, ori=0.0, pos=array([0., 0.]), rgb=UNKNOWN, text='', units='height', win=Window(...), wrapWidth=1)
15.7397 	EXP 	Created Targetstim = TextStim(__class__=<class 'psychopy.visual.text.TextStim'>, alignHoriz=method-wrapper(...), alignText='center', alignVert=method-wrapper(...), anchorHoriz='center', anchorVert='center', antialias=True, autoDraw=False, autoLog=True, bold=False, color=array([ 1, -1, -1]), colorSpace='rgb', contrast=1.0, depth=-1.0, flipHoriz=False, flipVert=False, font='Open Sans', fontFiles=[], height=0.05, italic=False, languageStyle='LTR', name='Targetstim', opacity=1.0, ori=0.0, pos=array([0., 0.]), rgb=UNKNOWN, text='', units='height', win=Window(...), wrapWidth=1)
15.7404 	EXP 	Created Feedback_text = TextStim(__class__=<class 'psychopy.visual.text.TextStim'>, alignHoriz=method-wrapper(...), alignText='center', alignVert=method-wrapper(...), anchorHoriz='center', anchorVert='center', antialias=True, autoDraw=False, autoLog=True, bold=False, color=array([ 1, -1, -1]), colorSpace='rgb', contrast=1.0, depth=0.0, flipHoriz=False, flipVert=False, font='Open Sans', fontFiles=[], height=0.05, italic=False, languageStyle='LTR', name='Feedback_text', opacity=1.0, ori=0.0, pos=array([0., 0.]), rgb=UNKNOWN, text='', units='height', win=Window(...), wrapWidth=1)
15.7525 	EXP 	Created text_6 = TextStim(__class__=<class 'psychopy.visual.text.TextStim'>, alignHoriz=method-wrapper(...), alignText='center', alignVert=method-wrapper(...), anchorHoriz='center', anchorVert='center', antialias=True, autoDraw=False, autoLog=True, bold=False, color=array([1, 1, 1]), colorSpace='rgb', contrast=1.0, depth=0.0, flipHoriz=False, flipVert=False, font='Open Sans', fontFiles=[], height=0.05, italic=False, languageStyle='LTR', name='text_6', opacity=1.0, ori=0.0, pos=array([0., 0.]), rgb=UNKNOWN, text=str(...), units='height', win=Window(...), wrapWidth=1)
15.7597 	EXP 	Created text_6 = TextStim(__class__=<class 'psychopy.visual.text.TextStim'>, alignHoriz=method-wrapper(...), alignText='center', alignVert=method-wrapper(...), anchorHoriz='center', anchorVert='center', antialias=True, autoDraw=False, autoLog=True, bold=False, color=array([1, 1, 1]), colorSpace='rgb', contrast=1.0, depth=0.0, flipHoriz=False, flipVert=False, font='Open Sans', fontFiles=[], height=0.05, italic=False, languageStyle='LTR', name='text_6', opacity=1.0, ori=0.0, pos=array([0., 0.]), rgb=UNKNOWN, text=str(...), units='height', win=Window(...), wrapWidth=1)
15.7620 	EXP 	Created text_5 = TextStim(__class__=<class 'psychopy.visual.text.TextStim'>, alignHoriz=method-wrapper(...), alignText='center', alignVert=method-wrapper(...), anchorHoriz='center', anchorVert='center', antialias=True, autoDraw=False, autoLog=True, bold=False, color=array([1, 1, 1]), colorSpace='rgb', contrast=1.0, depth=0.0, flipHoriz=False, flipVert=False, font='Open Sans', fontFiles=[], height=0.05, italic=False, languageStyle='LTR', name='text_5', opacity=1.0, ori=0.0, pos=array([0., 0.]), rgb=UNKNOWN, text='self eval here', units='height', win=Window(...), wrapWidth=1)
15.7643 	EXP 	Created text = TextStim(__class__=<class 'psychopy.visual.text.TextStim'>, alignHoriz=method-wrapper(...), alignText='center', alignVert=method-wrapper(...), anchorHoriz='center', anchorVert='center', antialias=True, autoDraw=False, autoLog=True, bold=False, color=array([1, 1, 1]), colorSpace='rgb', contrast=1.0, depth=0.0, flipHoriz=False, flipVert=False, font='Open Sans', fontFiles=[], height=0.05, italic=False, languageStyle='LTR', name='text', opacity=1.0, ori=0.0, pos=array([0., 0.]), rgb=UNKNOWN, text='ppg test here', units='height', win=Window(...), wrapWidth=1)
15.7671 	EXP 	Created text_3 = TextStim(__class__=<class 'psychopy.visual.text.TextStim'>, alignHoriz=method-wrapper(...), alignText='center', alignVert=method-wrapper(...), anchorHoriz='center', anchorVert='center', antialias=True, autoDraw=False, autoLog=True, bold=False, color=array([1, 1, 1]), colorSpace='rgb', contrast=1.0, depth=0.0, flipHoriz=False, flipVert=False, font='Open Sans', fontFiles=[], height=0.05, italic=False, languageStyle='LTR', name='text_3', opacity=1.0, ori=0.0, pos=array([0., 0.]), rgb=UNKNOWN, text='Done', units='height', win=Window(...), wrapWidth=1)
15.7873 	EXP 	text_2: autoDraw = True
20.1999 	DATA 	Keypress: space
20.2137 	EXP 	text_2: autoDraw = False
20.2137 	EXP 	text_7: text = ''
20.2137 	EXP 	text_7: autoDraw = True
24.1619 	DATA 	Keypress: num_4
25.4602 	DATA 	Keypress: 2
25.5926 	EXP 	text_7: height = 0.05
25.5926 	EXP 	text_7: height = 0.05
25.5926 	EXP 	text_7: height = 0.05
25.5926 	EXP 	text_7: text = '2'
29.9561 	DATA 	Keypress: 5
30.0713 	EXP 	text_7: height = 0.05
30.0713 	EXP 	text_7: height = 0.05
30.0713 	EXP 	text_7: height = 0.05
30.0713 	EXP 	text_7: text = '5'
30.0713 	EXP 	text_7: height = 0.05
30.0713 	EXP 	text_7: height = 0.05
30.0713 	EXP 	text_7: height = 0.05
30.0713 	EXP 	text_7: text = '2 digits'
30.0883 	EXP 	text_7: text = '2 digits'
30.1050 	EXP 	text_7: text = '2 digits'
30.1212 	EXP 	text_7: text = '2 digits'
30.1381 	EXP 	text_7: text = '2 digits'
30.1549 	EXP 	text_7: text = '2 digits'
30.1709 	EXP 	text_7: text = '2 digits'
30.1880 	EXP 	text_7: text = '2 digits'
30.2048 	EXP 	text_7: text = '2 digits'
30.2211 	EXP 	text_7: text = '2 digits'
30.2378 	EXP 	text_7: text = '2 digits'
30.2549 	EXP 	text_7: text = '2 digits'
30.2712 	EXP 	text_7: text = '2 digits'
30.2879 	EXP 	text_7: text = '2 digits'
30.3046 	EXP 	text_7: text = '2 digits'
30.3210 	EXP 	text_7: text = '2 digits'
30.3377 	EXP 	text_7: text = '2 digits'
30.3548 	EXP 	text_7: text = '2 digits'
30.3712 	EXP 	text_7: text = '2 digits'
30.3880 	EXP 	text_7: text = '2 digits'
30.4045 	EXP 	text_7: text = '2 digits'
30.4213 	EXP 	text_7: text = '2 digits'
30.4375 	EXP 	text_7: text = '2 digits'
30.4544 	EXP 	text_7: text = '2 digits'
30.4713 	EXP 	text_7: text = '2 digits'
30.4881 	EXP 	text_7: text = '2 digits'
30.5043 	EXP 	text_7: text = '2 digits'
30.5212 	EXP 	text_7: text = '2 digits'
30.5379 	EXP 	text_7: text = '2 digits'
30.5541 	EXP 	text_7: text = '2 digits'
30.5703 	EXP 	text_7: text = '2 digits'
30.5876 	EXP 	text_7: text = '2 digits'
30.6040 	EXP 	text_7: text = '2 digits'
30.6210 	EXP 	text_7: text = '2 digits'
30.6378 	EXP 	text_7: text = '2 digits'
30.6541 	EXP 	text_7: text = '2 digits'
30.6708 	EXP 	text_7: text = '2 digits'
30.6877 	EXP 	text_7: text = '2 digits'
30.7042 	EXP 	text_7: text = '2 digits'
30.7209 	EXP 	text_7: text = '2 digits'
30.7379 	EXP 	text_7: text = '2 digits'
30.7544 	EXP 	text_7: text = '2 digits'
30.7706 	EXP 	text_7: text = '2 digits'
30.7875 	EXP 	text_7: text = '2 digits'
30.8043 	EXP 	text_7: text = '2 digits'
30.8204 	EXP 	text_7: text = '2 digits'
30.8374 	EXP 	text_7: text = '2 digits'
30.8542 	EXP 	text_7: text = '2 digits'
30.8705 	EXP 	text_7: text = '2 digits'
30.8870 	EXP 	text_7: text = '2 digits'
30.9040 	EXP 	text_7: text = '2 digits'
30.9205 	EXP 	text_7: text = '2 digits'
30.9374 	EXP 	text_7: text = '2 digits'
30.9543 	EXP 	text_7: text = '2 digits'
30.9706 	EXP 	text_7: text = '2 digits'
30.9874 	EXP 	text_7: text = '2 digits'
31.0038 	EXP 	text_7: text = '2 digits'
31.0203 	EXP 	text_7: text = '2 digits'
31.0373 	EXP 	text_7: text = '2 digits'
31.0540 	EXP 	text_7: text = '2 digits'
31.0702 	EXP 	text_7: text = '2 digits'
31.0871 	EXP 	text_7: text = '2 digits'
31.1038 	EXP 	text_7: text = '2 digits'
31.1207 	EXP 	text_7: text = '2 digits'
31.1370 	EXP 	text_7: text = '2 digits'
31.1541 	EXP 	text_7: text = '2 digits'
31.1702 	EXP 	text_7: text = '2 digits'
31.1865 	EXP 	text_7: text = '2 digits'
31.2039 	EXP 	text_7: text = '2 digits'
31.2201 	EXP 	text_7: text = '2 digits'
31.2367 	EXP 	text_7: text = '2 digits'
31.2537 	EXP 	text_7: text = '2 digits'
31.2704 	EXP 	text_7: text = '2 digits'
31.2868 	EXP 	text_7: text = '2 digits'
31.3036 	EXP 	text_7: text = '2 digits'
31.3202 	EXP 	text_7: text = '2 digits'
31.3368 	EXP 	text_7: text = '2 digits'
31.3535 	EXP 	text_7: text = '2 digits'
31.3703 	EXP 	text_7: text = '2 digits'
31.3867 	EXP 	text_7: text = '2 digits'
31.4036 	EXP 	text_7: text = '2 digits'
31.4204 	EXP 	text_7: text = '2 digits'
31.4366 	EXP 	text_7: text = '2 digits'
31.4534 	EXP 	text_7: text = '2 digits'
31.4704 	EXP 	text_7: text = '2 digits'
31.4872 	EXP 	text_7: text = '2 digits'
31.5032 	EXP 	text_7: text = '2 digits'
31.5202 	EXP 	text_7: text = '2 digits'
31.5369 	EXP 	text_7: text = '2 digits'
31.5531 	EXP 	text_7: text = '2 digits'
31.5701 	EXP 	text_7: text = '2 digits'
31.5865 	EXP 	text_7: text = '2 digits'
31.6029 	EXP 	text_7: text = '2 digits'
31.6199 	EXP 	text_7: text = '2 digits'
31.6367 	EXP 	text_7: text = '2 digits'
31.6531 	EXP 	text_7: text = '2 digits'
31.6702 	EXP 	text_7: text = '2 digits'
31.6868 	EXP 	text_7: text = '2 digits'
31.7035 	EXP 	text_7: text = '2 digits'
31.7197 	EXP 	text_7: text = '2 digits'
31.7367 	EXP 	text_7: text = '2 digits'
31.7535 	EXP 	text_7: text = '2 digits'
31.7698 	EXP 	text_7: text = '2 digits'
31.7867 	EXP 	text_7: text = '2 digits'
31.8033 	EXP 	text_7: text = '2 digits'
31.8196 	EXP 	text_7: text = '2 digits'
31.8365 	EXP 	text_7: text = '2 digits'
31.8532 	EXP 	text_7: text = '2 digits'
31.8695 	EXP 	text_7: text = '2 digits'
31.8862 	EXP 	text_7: text = '2 digits'
31.9032 	EXP 	text_7: text = '2 digits'
31.9200 	EXP 	text_7: text = '2 digits'
31.9362 	EXP 	text_7: text = '2 digits'
31.9533 	EXP 	text_7: text = '2 digits'
31.9700 	EXP 	text_7: text = '2 digits'
31.9860 	EXP 	text_7: text = '2 digits'
32.0029 	EXP 	text_7: text = '2 digits'
32.0198 	EXP 	text_7: text = '2 digits'
32.0366 	EXP 	text_7: text = '2 digits'
32.0529 	EXP 	text_7: text = '2 digits'
32.0698 	EXP 	text_7: text = '2 digits'
32.0861 	EXP 	text_7: text = '2 digits'
32.1027 	EXP 	text_7: text = '2 digits'
32.1192 	EXP 	text_7: text = '2 digits'
32.1362 	EXP 	text_7: text = '2 digits'
32.1530 	EXP 	text_7: text = '2 digits'
32.1692 	EXP 	text_7: text = '2 digits'
32.1861 	EXP 	text_7: text = '2 digits'
32.2030 	EXP 	text_7: text = '2 digits'
32.2189 	EXP 	text_7: text = '2 digits'
32.2359 	EXP 	text_7: text = '2 digits'
32.2530 	EXP 	text_7: text = '2 digits'
32.2699 	EXP 	text_7: text = '2 digits'
32.2858 	EXP 	text_7: text = '2 digits'
32.3025 	EXP 	text_7: text = '2 digits'
32.3195 	EXP 	text_7: text = '2 digits'
32.3362 	EXP 	text_7: text = '2 digits'
32.3529 	EXP 	text_7: text = '2 digits'
32.3691 	EXP 	text_7: text = '2 digits'
32.3858 	EXP 	text_7: text = '2 digits'
32.4027 	EXP 	text_7: text = '2 digits'
32.4196 	EXP 	text_7: text = '2 digits'
32.4358 	EXP 	text_7: text = '2 digits'
32.4526 	EXP 	text_7: text = '2 digits'
32.4693 	EXP 	text_7: text = '2 digits'
32.4857 	EXP 	text_7: text = '2 digits'
32.5024 	EXP 	text_7: text = '2 digits'
32.5193 	EXP 	text_7: text = '2 digits'
32.5356 	EXP 	text_7: text = '2 digits'
32.5526 	EXP 	text_7: text = '2 digits'
32.5696 	EXP 	text_7: text = '2 digits'
32.5872 	EXP 	text_7: text = '2 digits'
32.6019 	EXP 	text_7: text = '2 digits'
32.6189 	EXP 	text_7: text = '2 digits'
32.6360 	EXP 	text_7: text = '2 digits'
32.6521 	EXP 	text_7: text = '2 digits'
32.6690 	EXP 	text_7: text = '2 digits'
32.6859 	EXP 	text_7: text = '2 digits'
32.7020 	EXP 	text_7: text = '2 digits'
32.7189 	EXP 	text_7: text = '2 digits'
32.7358 	EXP 	text_7: text = '2 digits'
32.7520 	EXP 	text_7: text = '2 digits'
32.7689 	EXP 	text_7: text = '2 digits'
32.7857 	EXP 	text_7: text = '2 digits'
32.8022 	EXP 	text_7: text = '2 digits'
32.8186 	EXP 	text_7: text = '2 digits'
32.8357 	EXP 	text_7: text = '2 digits'
32.8525 	EXP 	text_7: text = '2 digits'
32.8684 	EXP 	text_7: text = '2 digits'
32.8854 	EXP 	text_7: text = '2 digits'
32.9022 	EXP 	text_7: text = '2 digits'
32.9186 	EXP 	text_7: text = '2 digits'
32.9356 	EXP 	text_7: text = '2 digits'
32.9523 	EXP 	text_7: text = '2 digits'
32.9687 	EXP 	text_7: text = '2 digits'
32.9857 	EXP 	text_7: text = '2 digits'
33.0019 	EXP 	text_7: text = '2 digits'
33.0186 	EXP 	text_7: text = '2 digits'
33.0355 	EXP 	text_7: text = '2 digits'
33.0517 	EXP 	text_7: text = '2 digits'
33.0683 	EXP 	text_7: text = '2 digits'
33.0854 	EXP 	text_7: text = '2 digits'
33.1023 	EXP 	text_7: text = '2 digits'
33.1184 	EXP 	text_7: text = '2 digits'
33.1355 	EXP 	text_7: text = '2 digits'
33.1516 	EXP 	text_7: text = '2 digits'
33.1683 	EXP 	text_7: text = '2 digits'
33.1853 	EXP 	text_7: text = '2 digits'
33.2020 	EXP 	text_7: text = '2 digits'
33.2180 	EXP 	text_7: text = '2 digits'
33.2351 	EXP 	text_7: text = '2 digits'
33.2520 	EXP 	text_7: text = '2 digits'
33.2685 	EXP 	text_7: text = '2 digits'
33.2851 	EXP 	text_7: text = '2 digits'
33.3016 	EXP 	text_7: text = '2 digits'
33.3184 	EXP 	text_7: text = '2 digits'
33.3353 	EXP 	text_7: text = '2 digits'
33.3517 	EXP 	text_7: text = '2 digits'
33.3681 	EXP 	text_7: text = '2 digits'
33.3851 	EXP 	text_7: text = '2 digits'
33.4019 	EXP 	text_7: text = '2 digits'
33.4181 	EXP 	text_7: text = '2 digits'
33.4351 	EXP 	text_7: text = '2 digits'
33.4517 	EXP 	text_7: text = '2 digits'
33.4679 	EXP 	text_7: text = '2 digits'
33.4847 	EXP 	text_7: text = '2 digits'
33.5016 	EXP 	text_7: text = '2 digits'
33.5186 	EXP 	text_7: text = '2 digits'
33.5348 	EXP 	text_7: text = '2 digits'
33.5517 	EXP 	text_7: text = '2 digits'
33.5681 	EXP 	text_7: text = '2 digits'
33.5844 	EXP 	text_7: text = '2 digits'
33.6015 	EXP 	text_7: text = '2 digits'
33.6176 	EXP 	text_7: text = '2 digits'
33.6346 	EXP 	text_7: text = '2 digits'
33.6516 	EXP 	text_7: text = '2 digits'
33.6684 	EXP 	text_7: text = '2 digits'
33.6844 	EXP 	text_7: text = '2 digits'
33.7014 	EXP 	text_7: text = '2 digits'
33.7183 	EXP 	text_7: text = '2 digits'
33.7344 	EXP 	text_7: text = '2 digits'
33.7513 	EXP 	text_7: text = '2 digits'
33.7682 	EXP 	text_7: text = '2 digits'
33.7845 	EXP 	text_7: text = '2 digits'
33.8013 	EXP 	text_7: text = '2 digits'
33.8181 	EXP 	text_7: text = '2 digits'
33.8348 	EXP 	text_7: text = '2 digits'
33.8512 	EXP 	text_7: text = '2 digits'
33.8680 	EXP 	text_7: text = '2 digits'
33.8844 	EXP 	text_7: text = '2 digits'
33.9009 	EXP 	text_7: text = '2 digits'
33.9177 	EXP 	text_7: text = '2 digits'
33.9349 	EXP 	text_7: text = '2 digits'
33.9515 	EXP 	text_7: text = '2 digits'
33.9677 	EXP 	text_7: text = '2 digits'
33.9846 	EXP 	text_7: text = '2 digits'
34.0011 	EXP 	text_7: text = '2 digits'
34.0176 	EXP 	text_7: text = '2 digits'
34.0345 	EXP 	text_7: text = '2 digits'
34.0513 	EXP 	text_7: text = '2 digits'
34.0675 	EXP 	text_7: text = '2 digits'
34.0845 	EXP 	text_7: text = '2 digits'
34.1013 	EXP 	text_7: text = '2 digits'
34.1177 	EXP 	text_7: text = '2 digits'
34.1344 	EXP 	text_7: text = '2 digits'
34.1508 	EXP 	text_7: text = '2 digits'
34.1679 	EXP 	text_7: text = '2 digits'
34.1843 	EXP 	text_7: text = '2 digits'
34.2011 	EXP 	text_7: text = '2 digits'
34.2172 	EXP 	text_7: text = '2 digits'
34.2340 	EXP 	text_7: text = '2 digits'
34.2510 	EXP 	text_7: text = '2 digits'
34.2678 	EXP 	text_7: text = '2 digits'
34.2840 	EXP 	text_7: text = '2 digits'
34.3008 	EXP 	text_7: text = '2 digits'
34.3176 	EXP 	text_7: text = '2 digits'
34.3338 	EXP 	text_7: text = '2 digits'
34.3508 	EXP 	text_7: text = '2 digits'
34.3675 	EXP 	text_7: text = '2 digits'
34.3841 	EXP 	text_7: text = '2 digits'
34.4009 	EXP 	text_7: text = '2 digits'
34.4173 	EXP 	text_7: text = '2 digits'
34.4340 	EXP 	text_7: text = '2 digits'
34.4509 	EXP 	text_7: text = '2 digits'
34.4677 	EXP 	text_7: text = '2 digits'
34.4839 	EXP 	text_7: text = '2 digits'
34.5009 	EXP 	text_7: text = '2 digits'
34.5170 	EXP 	text_7: text = '2 digits'
34.5336 	EXP 	text_7: text = '2 digits'
34.5502 	EXP 	text_7: text = '2 digits'
34.5675 	EXP 	text_7: text = '2 digits'
34.5836 	EXP 	text_7: text = '2 digits'
34.6009 	EXP 	text_7: text = '2 digits'
34.6168 	EXP 	text_7: text = '2 digits'
34.6339 	EXP 	text_7: text = '2 digits'
34.6506 	EXP 	text_7: text = '2 digits'
34.6668 	EXP 	text_7: text = '2 digits'
34.6837 	EXP 	text_7: text = '2 digits'
34.7006 	EXP 	text_7: text = '2 digits'
34.7174 	EXP 	text_7: text = '2 digits'
34.7336 	EXP 	text_7: text = '2 digits'
34.7504 	EXP 	text_7: text = '2 digits'
34.7675 	EXP 	text_7: text = '2 digits'
34.7835 	EXP 	text_7: text = '2 digits'
34.8005 	EXP 	text_7: text = '2 digits'
34.8170 	EXP 	text_7: text = '2 digits'
34.8338 	EXP 	text_7: text = '2 digits'
34.8502 	EXP 	text_7: text = '2 digits'
34.8670 	EXP 	text_7: text = '2 digits'
34.8834 	EXP 	text_7: text = '2 digits'
34.9004 	EXP 	text_7: text = '2 digits'
34.9165 	EXP 	text_7: text = '2 digits'
34.9332 	EXP 	text_7: text = '2 digits'
34.9502 	EXP 	text_7: text = '2 digits'
34.9670 	EXP 	text_7: text = '2 digits'
34.9837 	EXP 	text_7: text = '2 digits'
35.0001 	EXP 	text_7: text = '2 digits'
35.0170 	EXP 	text_7: text = '2 digits'
35.0337 	EXP 	text_7: text = '2 digits'
35.0499 	EXP 	text_7: text = '2 digits'
35.0668 	EXP 	text_7: text = '2 digits'
35.0836 	EXP 	text_7: text = '2 digits'
35.1005 	EXP 	text_7: text = '2 digits'
35.1167 	EXP 	text_7: text = '2 digits'
35.1333 	EXP 	text_7: text = '2 digits'
35.1502 	EXP 	text_7: text = '2 digits'
35.1665 	EXP 	text_7: text = '2 digits'
35.1834 	EXP 	text_7: text = '2 digits'
35.2002 	EXP 	text_7: text = '2 digits'
35.2164 	EXP 	text_7: text = '2 digits'
35.2333 	EXP 	text_7: text = '2 digits'
35.2493 	EXP 	text_7: text = '2 digits'
35.2663 	EXP 	text_7: text = '2 digits'
35.2835 	EXP 	text_7: text = '2 digits'
35.2997 	EXP 	text_7: text = '2 digits'
35.3167 	EXP 	text_7: text = '2 digits'
35.3335 	EXP 	text_7: text = '2 digits'
35.3497 	EXP 	text_7: text = '2 digits'
35.3665 	EXP 	text_7: text = '2 digits'
35.3833 	EXP 	text_7: text = '2 digits'
35.4002 	EXP 	text_7: text = '2 digits'
35.4164 	EXP 	text_7: text = '2 digits'
35.4332 	EXP 	text_7: text = '2 digits'
35.4500 	EXP 	text_7: text = '2 digits'
35.4664 	EXP 	text_7: text = '2 digits'
35.4832 	EXP 	text_7: text = '2 digits'
35.5000 	EXP 	text_7: text = '2 digits'
35.5161 	EXP 	text_7: text = '2 digits'
35.5331 	EXP 	text_7: text = '2 digits'
35.5500 	EXP 	text_7: text = '2 digits'
35.5660 	EXP 	text_7: text = '2 digits'
35.5829 	EXP 	text_7: text = '2 digits'
35.5997 	EXP 	text_7: text = '2 digits'
35.6160 	EXP 	text_7: text = '2 digits'
35.6325 	EXP 	text_7: text = '2 digits'
35.6498 	EXP 	text_7: text = '2 digits'
35.6665 	EXP 	text_7: text = '2 digits'
35.6822 	EXP 	text_7: text = '2 digits'
35.6989 	EXP 	text_7: text = '2 digits'
35.7156 	EXP 	text_7: text = '2 digits'
35.7322 	EXP 	text_7: text = '2 digits'
35.7490 	EXP 	text_7: text = '2 digits'
35.7656 	EXP 	text_7: text = '2 digits'
35.7821 	EXP 	text_7: text = '2 digits'
35.7988 	EXP 	text_7: text = '2 digits'
35.8155 	EXP 	text_7: text = '2 digits'
35.8322 	EXP 	text_7: text = '2 digits'
35.8488 	EXP 	text_7: text = '2 digits'
35.8655 	EXP 	text_7: text = '2 digits'
35.8821 	EXP 	text_7: text = '2 digits'
35.8988 	EXP 	text_7: text = '2 digits'
35.9156 	EXP 	text_7: text = '2 digits'
35.9321 	EXP 	text_7: text = '2 digits'
35.9487 	EXP 	text_7: text = '2 digits'
35.9654 	EXP 	text_7: text = '2 digits'
35.9820 	EXP 	text_7: text = '2 digits'
35.9987 	EXP 	text_7: text = '2 digits'
36.0154 	EXP 	text_7: text = '2 digits'
36.0320 	EXP 	text_7: text = '2 digits'
36.0486 	EXP 	text_7: text = '2 digits'
36.0652 	EXP 	text_7: text = '2 digits'
36.0819 	EXP 	text_7: text = '2 digits'
36.0986 	EXP 	text_7: text = '2 digits'
36.1152 	EXP 	text_7: text = '2 digits'
36.1319 	EXP 	text_7: text = '2 digits'
36.1486 	EXP 	text_7: text = '2 digits'
36.1652 	EXP 	text_7: text = '2 digits'
36.1818 	EXP 	text_7: text = '2 digits'
36.1985 	EXP 	text_7: text = '2 digits'
36.2151 	EXP 	text_7: text = '2 digits'
36.2318 	EXP 	text_7: text = '2 digits'
36.2485 	EXP 	text_7: text = '2 digits'
36.2651 	EXP 	text_7: text = '2 digits'
36.2817 	EXP 	text_7: text = '2 digits'
36.2984 	EXP 	text_7: text = '2 digits'
36.3151 	EXP 	text_7: text = '2 digits'
36.3318 	EXP 	text_7: text = '2 digits'
36.3485 	EXP 	text_7: text = '2 digits'
36.3651 	EXP 	text_7: text = '2 digits'
36.3818 	EXP 	text_7: text = '2 digits'
36.3985 	EXP 	text_7: text = '2 digits'
36.4150 	EXP 	text_7: text = '2 digits'
36.4318 	EXP 	text_7: text = '2 digits'
36.4484 	EXP 	text_7: text = '2 digits'
36.4651 	EXP 	text_7: text = '2 digits'
36.4817 	EXP 	text_7: text = '2 digits'
36.4984 	EXP 	text_7: text = '2 digits'
36.5150 	EXP 	text_7: text = '2 digits'
36.5317 	EXP 	text_7: text = '2 digits'
36.5484 	EXP 	text_7: text = '2 digits'
36.5648 	EXP 	text_7: text = '2 digits'
36.5816 	EXP 	text_7: text = '2 digits'
36.5982 	EXP 	text_7: text = '2 digits'
36.6149 	EXP 	text_7: text = '2 digits'
36.6311 	EXP 	text_7: text = '2 digits'
36.6479 	EXP 	text_7: text = '2 digits'
36.6647 	EXP 	text_7: text = '2 digits'
36.6814 	EXP 	text_7: text = '2 digits'
36.6982 	EXP 	text_7: text = '2 digits'
36.7148 	EXP 	text_7: text = '2 digits'
36.7317 	EXP 	text_7: text = '2 digits'
36.7481 	EXP 	text_7: text = '2 digits'
36.7647 	EXP 	text_7: text = '2 digits'
36.7814 	EXP 	text_7: text = '2 digits'
36.7979 	EXP 	text_7: text = '2 digits'
36.8146 	EXP 	text_7: text = '2 digits'
36.8311 	EXP 	text_7: text = '2 digits'
36.8479 	EXP 	text_7: text = '2 digits'
36.8644 	EXP 	text_7: text = '2 digits'
36.8811 	EXP 	text_7: text = '2 digits'
36.8979 	EXP 	text_7: text = '2 digits'
36.9145 	EXP 	text_7: text = '2 digits'
36.9311 	EXP 	text_7: text = '2 digits'
36.9478 	EXP 	text_7: text = '2 digits'
36.9648 	EXP 	text_7: text = '2 digits'
36.9810 	EXP 	text_7: text = '2 digits'
36.9975 	EXP 	text_7: text = '2 digits'
37.0143 	EXP 	text_7: text = '2 digits'
37.0309 	EXP 	text_7: text = '2 digits'
37.0476 	EXP 	text_7: text = '2 digits'
37.0643 	EXP 	text_7: text = '2 digits'
37.0810 	EXP 	text_7: text = '2 digits'
37.0977 	EXP 	text_7: text = '2 digits'
37.1145 	EXP 	text_7: text = '2 digits'
37.1309 	EXP 	text_7: text = '2 digits'
37.1475 	EXP 	text_7: text = '2 digits'
37.1642 	EXP 	text_7: text = '2 digits'
37.1809 	EXP 	text_7: text = '2 digits'
37.1975 	EXP 	text_7: text = '2 digits'
37.2141 	EXP 	text_7: text = '2 digits'
37.2308 	EXP 	text_7: text = '2 digits'
37.2476 	EXP 	text_7: text = '2 digits'
37.2641 	EXP 	text_7: text = '2 digits'
37.2808 	EXP 	text_7: text = '2 digits'
37.2974 	EXP 	text_7: text = '2 digits'
37.3141 	EXP 	text_7: text = '2 digits'
37.3306 	EXP 	text_7: text = '2 digits'
37.3474 	EXP 	text_7: text = '2 digits'
37.3640 	EXP 	text_7: text = '2 digits'
37.3807 	EXP 	text_7: text = '2 digits'
37.3972 	EXP 	text_7: text = '2 digits'
37.4139 	EXP 	text_7: text = '2 digits'
37.4306 	EXP 	text_7: text = '2 digits'
37.4472 	EXP 	text_7: text = '2 digits'
37.4638 	EXP 	text_7: text = '2 digits'
37.4806 	EXP 	text_7: text = '2 digits'
37.4971 	EXP 	text_7: text = '2 digits'
37.5139 	EXP 	text_7: text = '2 digits'
37.5305 	EXP 	text_7: text = '2 digits'
37.5472 	EXP 	text_7: text = '2 digits'
37.5637 	EXP 	text_7: text = '2 digits'
37.5805 	EXP 	text_7: text = '2 digits'
37.5972 	EXP 	text_7: text = '2 digits'
37.6139 	EXP 	text_7: text = '2 digits'
37.6304 	EXP 	text_7: text = '2 digits'
37.6470 	EXP 	text_7: text = '2 digits'
37.6636 	EXP 	text_7: text = '2 digits'
37.6804 	EXP 	text_7: text = '2 digits'
37.6973 	EXP 	text_7: text = '2 digits'
37.7140 	EXP 	text_7: text = '2 digits'
37.7305 	EXP 	text_7: text = '2 digits'
37.7470 	EXP 	text_7: text = '2 digits'
37.7635 	EXP 	text_7: text = '2 digits'
37.7803 	EXP 	text_7: text = '2 digits'
37.7969 	EXP 	text_7: text = '2 digits'
37.8135 	EXP 	text_7: text = '2 digits'
37.8302 	EXP 	text_7: text = '2 digits'
37.8469 	EXP 	text_7: text = '2 digits'
37.8635 	EXP 	text_7: text = '2 digits'
37.8802 	EXP 	text_7: text = '2 digits'
37.8968 	EXP 	text_7: text = '2 digits'
37.9134 	EXP 	text_7: text = '2 digits'
37.9301 	EXP 	text_7: text = '2 digits'
37.9467 	EXP 	text_7: text = '2 digits'
37.9634 	EXP 	text_7: text = '2 digits'
37.9800 	EXP 	text_7: text = '2 digits'
37.9967 	EXP 	text_7: text = '2 digits'
38.0135 	EXP 	text_7: text = '2 digits'
38.0300 	EXP 	text_7: text = '2 digits'
38.0467 	EXP 	text_7: text = '2 digits'
38.0633 	EXP 	text_7: text = '2 digits'
38.0800 	EXP 	text_7: text = '2 digits'
38.0969 	EXP 	text_7: text = '2 digits'
38.1133 	EXP 	text_7: text = '2 digits'
38.1301 	EXP 	text_7: text = '2 digits'
38.1467 	EXP 	text_7: text = '2 digits'
38.1634 	EXP 	text_7: text = '2 digits'
38.1800 	EXP 	text_7: text = '2 digits'
38.1966 	EXP 	text_7: text = '2 digits'
38.2131 	EXP 	text_7: text = '2 digits'
38.2298 	EXP 	text_7: text = '2 digits'
38.2465 	EXP 	text_7: text = '2 digits'
38.2631 	EXP 	text_7: text = '2 digits'
38.2798 	EXP 	text_7: text = '2 digits'
38.2964 	EXP 	text_7: text = '2 digits'
38.3132 	EXP 	text_7: text = '2 digits'
38.3302 	EXP 	text_7: text = '2 digits'
38.3466 	EXP 	text_7: text = '2 digits'
38.3632 	EXP 	text_7: text = '2 digits'
38.3800 	EXP 	text_7: text = '2 digits'
38.3966 	EXP 	text_7: text = '2 digits'
38.4132 	EXP 	text_7: text = '2 digits'
38.4299 	EXP 	text_7: text = '2 digits'
38.4463 	EXP 	text_7: text = '2 digits'
38.4629 	EXP 	text_7: text = '2 digits'
38.4796 	EXP 	text_7: text = '2 digits'
38.4962 	EXP 	text_7: text = '2 digits'
38.5129 	EXP 	text_7: text = '2 digits'
38.5295 	EXP 	text_7: text = '2 digits'
38.5461 	EXP 	text_7: text = '2 digits'
38.5628 	EXP 	text_7: text = '2 digits'
38.5795 	EXP 	text_7: text = '2 digits'
38.5963 	EXP 	text_7: text = '2 digits'
38.6129 	EXP 	text_7: text = '2 digits'
38.6296 	EXP 	text_7: text = '2 digits'
38.6462 	EXP 	text_7: text = '2 digits'
38.6627 	EXP 	text_7: text = '2 digits'
38.6796 	EXP 	text_7: text = '2 digits'
38.6963 	EXP 	text_7: text = '2 digits'
38.7130 	EXP 	text_7: text = '2 digits'
38.7295 	EXP 	text_7: text = '2 digits'
38.7461 	EXP 	text_7: text = '2 digits'
38.7626 	EXP 	text_7: text = '2 digits'
38.7793 	EXP 	text_7: text = '2 digits'
38.7958 	EXP 	text_7: text = '2 digits'
38.8125 	EXP 	text_7: text = '2 digits'
38.8292 	EXP 	text_7: text = '2 digits'
38.8459 	EXP 	text_7: text = '2 digits'
38.8625 	EXP 	text_7: text = '2 digits'
38.8792 	EXP 	text_7: text = '2 digits'
38.8959 	EXP 	text_7: text = '2 digits'
38.9126 	EXP 	text_7: text = '2 digits'
38.9292 	EXP 	text_7: text = '2 digits'
38.9460 	EXP 	text_7: text = '2 digits'
38.9627 	EXP 	text_7: text = '2 digits'
38.9794 	EXP 	text_7: text = '2 digits'
38.9960 	EXP 	text_7: text = '2 digits'
39.0125 	EXP 	text_7: text = '2 digits'
39.0291 	EXP 	text_7: text = '2 digits'
39.0457 	EXP 	text_7: text = '2 digits'
39.0624 	EXP 	text_7: text = '2 digits'
39.0790 	EXP 	text_7: text = '2 digits'
39.0957 	EXP 	text_7: text = '2 digits'
39.1123 	EXP 	text_7: text = '2 digits'
39.1290 	EXP 	text_7: text = '2 digits'
39.1456 	EXP 	text_7: text = '2 digits'
39.1622 	EXP 	text_7: text = '2 digits'
39.1789 	EXP 	text_7: text = '2 digits'
39.1956 	EXP 	text_7: text = '2 digits'
39.2123 	EXP 	text_7: text = '2 digits'
39.2290 	EXP 	text_7: text = '2 digits'
39.2458 	EXP 	text_7: text = '2 digits'
39.2626 	EXP 	text_7: text = '2 digits'
39.2790 	EXP 	text_7: text = '2 digits'
39.2960 	EXP 	text_7: text = '2 digits'
39.3124 	EXP 	text_7: text = '2 digits'
39.3295 	EXP 	text_7: text = '2 digits'
39.3460 	EXP 	text_7: text = '2 digits'
39.3629 	EXP 	text_7: text = '2 digits'
39.3798 	EXP 	text_7: text = '2 digits'
39.3961 	EXP 	text_7: text = '2 digits'
39.4129 	EXP 	text_7: text = '2 digits'
39.4296 	EXP 	text_7: text = '2 digits'
39.4457 	EXP 	text_7: text = '2 digits'
39.4626 	EXP 	text_7: text = '2 digits'
39.4795 	EXP 	text_7: text = '2 digits'
39.4963 	EXP 	text_7: text = '2 digits'
39.5124 	EXP 	text_7: text = '2 digits'
39.5294 	EXP 	text_7: text = '2 digits'
39.5462 	EXP 	text_7: text = '2 digits'
39.5623 	EXP 	text_7: text = '2 digits'
39.5792 	EXP 	text_7: text = '2 digits'
39.5961 	EXP 	text_7: text = '2 digits'
39.6123 	EXP 	text_7: text = '2 digits'
39.6296 	EXP 	text_7: text = '2 digits'
39.6457 	EXP 	text_7: text = '2 digits'
39.6619 	EXP 	text_7: text = '2 digits'
39.6791 	EXP 	text_7: text = '2 digits'
39.6957 	EXP 	text_7: text = '2 digits'
39.7127 	EXP 	text_7: text = '2 digits'
39.7294 	EXP 	text_7: text = '2 digits'
39.7457 	EXP 	text_7: text = '2 digits'
39.7624 	EXP 	text_7: text = '2 digits'
39.7792 	EXP 	text_7: text = '2 digits'
39.7956 	EXP 	text_7: text = '2 digits'
39.8122 	EXP 	text_7: text = '2 digits'
39.8289 	EXP 	text_7: text = '2 digits'
39.8455 	EXP 	text_7: text = '2 digits'
39.8622 	EXP 	text_7: text = '2 digits'
39.8791 	EXP 	text_7: text = '2 digits'
39.8959 	EXP 	text_7: text = '2 digits'
39.9121 	EXP 	text_7: text = '2 digits'
39.9289 	EXP 	text_7: text = '2 digits'
39.9450 	EXP 	text_7: text = '2 digits'
39.9618 	EXP 	text_7: text = '2 digits'
39.9790 	EXP 	text_7: text = '2 digits'
39.9957 	EXP 	text_7: text = '2 digits'
40.0120 	EXP 	text_7: text = '2 digits'
40.0289 	EXP 	text_7: text = '2 digits'
40.0457 	EXP 	text_7: text = '2 digits'
40.0619 	EXP 	text_7: text = '2 digits'
40.0787 	EXP 	text_7: text = '2 digits'
40.0952 	EXP 	text_7: text = '2 digits'
40.1121 	EXP 	text_7: text = '2 digits'
40.1288 	EXP 	text_7: text = '2 digits'
40.1450 	EXP 	text_7: text = '2 digits'
40.1619 	EXP 	text_7: text = '2 digits'
40.1788 	EXP 	text_7: text = '2 digits'
40.1951 	EXP 	text_7: text = '2 digits'
40.2119 	EXP 	text_7: text = '2 digits'
40.2288 	EXP 	text_7: text = '2 digits'
40.2454 	EXP 	text_7: text = '2 digits'
40.2618 	EXP 	text_7: text = '2 digits'
40.2787 	EXP 	text_7: text = '2 digits'
40.2951 	EXP 	text_7: text = '2 digits'
40.3121 	EXP 	text_7: text = '2 digits'
40.3288 	EXP 	text_7: text = '2 digits'
40.3448 	EXP 	text_7: text = '2 digits'
40.3619 	EXP 	text_7: text = '2 digits'
40.3788 	EXP 	text_7: text = '2 digits'
40.3949 	EXP 	text_7: text = '2 digits'
40.4117 	EXP 	text_7: text = '2 digits'
40.4286 	EXP 	text_7: text = '2 digits'
40.4446 	EXP 	text_7: text = '2 digits'
40.4618 	EXP 	text_7: text = '2 digits'
40.4788 	EXP 	text_7: text = '2 digits'
40.4949 	EXP 	text_7: text = '2 digits'
40.5118 	EXP 	text_7: text = '2 digits'
40.5283 	EXP 	text_7: text = '2 digits'
40.5446 	EXP 	text_7: text = '2 digits'
40.5615 	EXP 	text_7: text = '2 digits'
40.5783 	EXP 	text_7: text = '2 digits'
40.5949 	EXP 	text_7: text = '2 digits'
40.6114 	EXP 	text_7: text = '2 digits'
40.6290 	EXP 	text_7: text = '2 digits'
40.6453 	EXP 	text_7: text = '2 digits'
40.6622 	EXP 	text_7: text = '2 digits'
40.6787 	EXP 	text_7: text = '2 digits'
40.6953 	EXP 	text_7: text = '2 digits'
40.7120 	EXP 	text_7: text = '2 digits'
40.7285 	EXP 	text_7: text = '2 digits'
40.7451 	EXP 	text_7: text = '2 digits'
40.7620 	EXP 	text_7: text = '2 digits'
40.7785 	EXP 	text_7: text = '2 digits'
40.7950 	EXP 	text_7: text = '2 digits'
40.8123 	EXP 	text_7: text = '2 digits'
40.8285 	EXP 	text_7: text = '2 digits'
40.8446 	EXP 	text_7: text = '2 digits'
40.8613 	EXP 	text_7: text = '2 digits'
40.8785 	EXP 	text_7: text = '2 digits'
40.8947 	EXP 	text_7: text = '2 digits'
40.9106 	EXP 	text_7: text = '2 digits'
40.9291 	EXP 	text_7: text = '2 digits'
40.9446 	EXP 	text_7: text = '2 digits'
40.9629 	EXP 	text_7: text = '2 digits'
40.9779 	EXP 	text_7: text = '2 digits'
40.9953 	EXP 	text_7: text = '2 digits'
41.0118 	EXP 	text_7: text = '2 digits'
41.0284 	EXP 	text_7: text = '2 digits'
41.0449 	EXP 	text_7: text = '2 digits'
41.0617 	EXP 	text_7: text = '2 digits'
41.0781 	EXP 	text_7: text = '2 digits'
41.0945 	EXP 	text_7: text = '2 digits'
41.1110 	EXP 	text_7: text = '2 digits'
41.1275 	EXP 	text_7: text = '2 digits'
41.1444 	EXP 	text_7: text = '2 digits'
41.1609 	EXP 	text_7: text = '2 digits'
41.1773 	EXP 	text_7: text = '2 digits'
41.1940 	EXP 	text_7: text = '2 digits'
41.2110 	EXP 	text_7: text = '2 digits'
41.2274 	EXP 	text_7: text = '2 digits'
41.2438 	EXP 	text_7: text = '2 digits'
41.2604 	EXP 	text_7: text = '2 digits'
41.2773 	EXP 	text_7: text = '2 digits'
41.2936 	EXP 	text_7: text = '2 digits'
41.3102 	EXP 	text_7: text = '2 digits'
41.3269 	EXP 	text_7: text = '2 digits'
41.3437 	EXP 	text_7: text = '2 digits'
41.3629 	EXP 	text_7: text = '2 digits'
41.3783 	EXP 	text_7: text = '2 digits'
41.3949 	EXP 	text_7: text = '2 digits'
41.4120 	EXP 	text_7: text = '2 digits'
41.4270 	EXP 	text_7: text = '2 digits'
41.4438 	EXP 	text_7: text = '2 digits'
41.4628 	EXP 	text_7: text = '2 digits'
41.4774 	EXP 	text_7: text = '2 digits'
41.4939 	EXP 	text_7: text = '2 digits'
41.5101 	EXP 	text_7: text = '2 digits'
41.5267 	EXP 	text_7: text = '2 digits'
41.5432 	EXP 	text_7: text = '2 digits'
41.5599 	EXP 	text_7: text = '2 digits'
41.5770 	EXP 	text_7: text = '2 digits'
41.5932 	EXP 	text_7: text = '2 digits'
41.6104 	EXP 	text_7: text = '2 digits'
41.6271 	EXP 	text_7: text = '2 digits'
41.6440 	EXP 	text_7: text = '2 digits'
41.6600 	EXP 	text_7: text = '2 digits'
41.6765 	EXP 	text_7: text = '2 digits'
41.6938 	EXP 	text_7: text = '2 digits'
41.7101 	EXP 	text_7: text = '2 digits'
41.7272 	EXP 	text_7: text = '2 digits'
41.7440 	EXP 	text_7: text = '2 digits'
41.7603 	EXP 	text_7: text = '2 digits'
41.7770 	EXP 	text_7: text = '2 digits'
41.7939 	EXP 	text_7: text = '2 digits'
41.8106 	EXP 	text_7: text = '2 digits'
41.8273 	EXP 	text_7: text = '2 digits'
41.8431 	EXP 	text_7: text = '2 digits'
41.8609 	EXP 	text_7: text = '2 digits'
41.8773 	EXP 	text_7: text = '2 digits'
41.8937 	EXP 	text_7: text = '2 digits'
41.9100 	EXP 	text_7: text = '2 digits'
41.9266 	EXP 	text_7: text = '2 digits'
41.9431 	EXP 	text_7: text = '2 digits'
41.9599 	EXP 	text_7: text = '2 digits'
41.9764 	EXP 	text_7: text = '2 digits'
41.9933 	EXP 	text_7: text = '2 digits'
42.0101 	EXP 	text_7: text = '2 digits'
42.0267 	EXP 	text_7: text = '2 digits'
42.0436 	EXP 	text_7: text = '2 digits'
42.0606 	EXP 	text_7: text = '2 digits'
42.0765 	EXP 	text_7: text = '2 digits'
42.0934 	EXP 	text_7: text = '2 digits'
42.1103 	EXP 	text_7: text = '2 digits'
42.1271 	EXP 	text_7: text = '2 digits'
42.1435 	EXP 	text_7: text = '2 digits'
42.1602 	EXP 	text_7: text = '2 digits'
42.1769 	EXP 	text_7: text = '2 digits'
42.1932 	EXP 	text_7: text = '2 digits'
42.2102 	EXP 	text_7: text = '2 digits'
42.2269 	EXP 	text_7: text = '2 digits'
42.2436 	EXP 	text_7: text = '2 digits'
42.2603 	EXP 	text_7: text = '2 digits'
42.2765 	EXP 	text_7: text = '2 digits'
42.2934 	EXP 	text_7: text = '2 digits'
42.3103 	EXP 	text_7: text = '2 digits'
42.3264 	EXP 	text_7: text = '2 digits'
42.3432 	EXP 	text_7: text = '2 digits'
42.3602 	EXP 	text_7: text = '2 digits'
42.3766 	EXP 	text_7: text = '2 digits'
42.3931 	EXP 	text_7: text = '2 digits'
42.4100 	EXP 	text_7: text = '2 digits'
42.4270 	EXP 	text_7: text = '2 digits'
42.4432 	EXP 	text_7: text = '2 digits'
42.4599 	EXP 	text_7: text = '2 digits'
42.4763 	EXP 	text_7: text = '2 digits'
42.4929 	EXP 	text_7: text = '2 digits'
42.5099 	EXP 	text_7: text = '2 digits'
42.5266 	EXP 	text_7: text = '2 digits'
42.5435 	EXP 	text_7: text = '2 digits'
42.5597 	EXP 	text_7: text = '2 digits'
42.5760 	EXP 	text_7: text = '2 digits'
42.5927 	EXP 	text_7: text = '2 digits'
42.6093 	EXP 	text_7: text = '2 digits'
42.6263 	EXP 	text_7: text = '2 digits'
42.6432 	EXP 	text_7: text = '2 digits'
42.6595 	EXP 	text_7: text = '2 digits'
42.6764 	EXP 	text_7: text = '2 digits'
42.6927 	EXP 	text_7: text = '2 digits'
42.7088 	EXP 	text_7: text = '2 digits'
42.7256 	EXP 	text_7: text = '2 digits'
42.7422 	EXP 	text_7: text = '2 digits'
42.7589 	EXP 	text_7: text = '2 digits'
42.7756 	EXP 	text_7: text = '2 digits'
42.7922 	EXP 	text_7: text = '2 digits'
42.8088 	EXP 	text_7: text = '2 digits'
42.8255 	EXP 	text_7: text = '2 digits'
42.8421 	EXP 	text_7: text = '2 digits'
42.8588 	EXP 	text_7: text = '2 digits'
42.8757 	EXP 	text_7: text = '2 digits'
42.8926 	EXP 	text_7: text = '2 digits'
42.9089 	EXP 	text_7: text = '2 digits'
42.9257 	EXP 	text_7: text = '2 digits'
42.9425 	EXP 	text_7: text = '2 digits'
42.9752 	EXP 	text_7: text = '2 digits'
42.9921 	EXP 	text_7: text = '2 digits'
43.0089 	EXP 	text_7: text = '2 digits'
43.0253 	EXP 	text_7: text = '2 digits'
43.0421 	EXP 	text_7: text = '2 digits'
43.0588 	EXP 	text_7: text = '2 digits'
43.0753 	EXP 	text_7: text = '2 digits'
43.0919 	EXP 	text_7: text = '2 digits'
43.1087 	EXP 	text_7: text = '2 digits'
43.1252 	EXP 	text_7: text = '2 digits'
43.1419 	EXP 	text_7: text = '2 digits'
43.1586 	EXP 	text_7: text = '2 digits'
43.1752 	EXP 	text_7: text = '2 digits'
43.2081 	EXP 	text_7: text = '2 digits'
43.2253 	EXP 	text_7: text = '2 digits'
43.2418 	EXP 	text_7: text = '2 digits'
43.2748 	EXP 	text_7: text = '2 digits'
43.2919 	EXP 	text_7: text = '2 digits'
43.3085 	EXP 	text_7: text = '2 digits'
43.3252 	EXP 	text_7: text = '2 digits'
43.3422 	EXP 	text_7: text = '2 digits'
43.3590 	EXP 	text_7: text = '2 digits'
43.3754 	EXP 	text_7: text = '2 digits'
43.3918 	EXP 	text_7: text = '2 digits'
43.4082 	EXP 	text_7: text = '2 digits'
43.4252 	EXP 	text_7: text = '2 digits'
43.4415 	EXP 	text_7: text = '2 digits'
43.4584 	EXP 	text_7: text = '2 digits'
43.4754 	EXP 	text_7: text = '2 digits'
43.4917 	EXP 	text_7: text = '2 digits'
43.5088 	EXP 	text_7: text = '2 digits'
43.5253 	EXP 	text_7: text = '2 digits'
43.5422 	EXP 	text_7: text = '2 digits'
43.5588 	EXP 	text_7: text = '2 digits'
43.5751 	EXP 	text_7: text = '2 digits'
43.5919 	EXP 	text_7: text = '2 digits'
43.6096 	EXP 	text_7: text = '2 digits'
43.6250 	EXP 	text_7: text = '2 digits'
43.6413 	EXP 	text_7: text = '2 digits'
43.6583 	EXP 	text_7: text = '2 digits'
43.6748 	EXP 	text_7: text = '2 digits'
43.6917 	EXP 	text_7: text = '2 digits'
43.7082 	EXP 	text_7: text = '2 digits'
43.7254 	EXP 	text_7: text = '2 digits'
43.7414 	EXP 	text_7: text = '2 digits'
43.7585 	EXP 	text_7: text = '2 digits'
43.7754 	EXP 	text_7: text = '2 digits'
43.7923 	EXP 	text_7: text = '2 digits'
43.8086 	EXP 	text_7: text = '2 digits'
43.8254 	EXP 	text_7: text = '2 digits'
43.8414 	EXP 	text_7: text = '2 digits'
43.8586 	EXP 	text_7: text = '2 digits'
43.8755 	EXP 	text_7: text = '2 digits'
43.8922 	EXP 	text_7: text = '2 digits'
43.9082 	EXP 	text_7: text = '2 digits'
43.9253 	EXP 	text_7: text = '2 digits'
43.9421 	EXP 	text_7: text = '2 digits'
43.9579 	EXP 	text_7: text = '2 digits'
43.9752 	EXP 	text_7: text = '2 digits'
43.9920 	EXP 	text_7: text = '2 digits'
44.0086 	EXP 	text_7: text = '2 digits'
44.0246 	EXP 	text_7: text = '2 digits'
44.0415 	EXP 	text_7: text = '2 digits'
44.0585 	EXP 	text_7: text = '2 digits'
44.0751 	EXP 	text_7: text = '2 digits'
44.0918 	EXP 	text_7: text = '2 digits'
44.1086 	EXP 	text_7: text = '2 digits'
44.1253 	EXP 	text_7: text = '2 digits'
44.1909 	EXP 	text_7: text = '2 digits'
44.2084 	EXP 	text_7: text = '2 digits'
44.2251 	EXP 	text_7: text = '2 digits'
44.2411 	EXP 	text_7: text = '2 digits'
44.2584 	EXP 	text_7: text = '2 digits'
44.2746 	EXP 	text_7: text = '2 digits'
44.2917 	EXP 	text_7: text = '2 digits'
44.3079 	EXP 	text_7: text = '2 digits'
44.3246 	EXP 	text_7: text = '2 digits'
44.3416 	EXP 	text_7: text = '2 digits'
44.3581 	EXP 	text_7: text = '2 digits'
44.3744 	EXP 	text_7: text = '2 digits'
44.3918 	EXP 	text_7: text = '2 digits'
44.4081 	EXP 	text_7: text = '2 digits'
44.4244 	EXP 	text_7: text = '2 digits'
44.4414 	EXP 	text_7: text = '2 digits'
44.4584 	EXP 	text_7: text = '2 digits'
44.4744 	EXP 	text_7: text = '2 digits'
44.4913 	EXP 	text_7: text = '2 digits'
44.5082 	EXP 	text_7: text = '2 digits'
44.5243 	EXP 	text_7: text = '2 digits'
44.5411 	EXP 	text_7: text = '2 digits'
44.5579 	EXP 	text_7: text = '2 digits'
44.5749 	EXP 	text_7: text = '2 digits'
44.5911 	EXP 	text_7: text = '2 digits'
44.6078 	EXP 	text_7: text = '2 digits'
44.6244 	EXP 	text_7: text = '2 digits'
44.6409 	EXP 	text_7: text = '2 digits'
44.6578 	EXP 	text_7: text = '2 digits'
44.6743 	EXP 	text_7: text = '2 digits'
44.6909 	EXP 	text_7: text = '2 digits'
44.7070 	EXP 	text_7: text = '2 digits'
44.7241 	EXP 	text_7: text = '2 digits'
44.7408 	EXP 	text_7: text = '2 digits'
44.7578 	EXP 	text_7: text = '2 digits'
44.7747 	EXP 	text_7: text = '2 digits'
44.7908 	EXP 	text_7: text = '2 digits'
44.8076 	EXP 	text_7: text = '2 digits'
44.8243 	EXP 	text_7: text = '2 digits'
44.8405 	EXP 	text_7: text = '2 digits'
44.8575 	EXP 	text_7: text = '2 digits'
44.8744 	EXP 	text_7: text = '2 digits'
44.8912 	EXP 	text_7: text = '2 digits'
44.9074 	EXP 	text_7: text = '2 digits'
44.9243 	EXP 	text_7: text = '2 digits'
44.9409 	EXP 	text_7: text = '2 digits'
44.9572 	EXP 	text_7: text = '2 digits'
44.9740 	EXP 	text_7: text = '2 digits'
44.9910 	EXP 	text_7: text = '2 digits'
45.0080 	EXP 	text_7: text = '2 digits'
45.0242 	EXP 	text_7: text = '2 digits'
45.0412 	EXP 	text_7: text = '2 digits'
45.0574 	EXP 	text_7: text = '2 digits'
45.0739 	EXP 	text_7: text = '2 digits'
45.0909 	EXP 	text_7: text = '2 digits'
45.1073 	EXP 	text_7: text = '2 digits'
45.1240 	EXP 	text_7: text = '2 digits'
45.1409 	EXP 	text_7: text = '2 digits'
45.1575 	EXP 	text_7: text = '2 digits'
45.1738 	EXP 	text_7: text = '2 digits'
45.1906 	EXP 	text_7: text = '2 digits'
45.2070 	EXP 	text_7: text = '2 digits'
45.2239 	EXP 	text_7: text = '2 digits'
45.2406 	EXP 	text_7: text = '2 digits'
45.2575 	EXP 	text_7: text = '2 digits'
45.2738 	EXP 	text_7: text = '2 digits'
45.2906 	EXP 	text_7: text = '2 digits'
45.3071 	EXP 	text_7: text = '2 digits'
45.3239 	EXP 	text_7: text = '2 digits'
45.3408 	EXP 	text_7: text = '2 digits'
45.3572 	EXP 	text_7: text = '2 digits'
45.3738 	EXP 	text_7: text = '2 digits'
45.3906 	EXP 	text_7: text = '2 digits'
45.4071 	EXP 	text_7: text = '2 digits'
45.4240 	EXP 	text_7: text = '2 digits'
45.4399 	EXP 	text_7: text = '2 digits'
45.4569 	EXP 	text_7: text = '2 digits'
45.4740 	EXP 	text_7: text = '2 digits'
45.4906 	EXP 	text_7: text = '2 digits'
45.5069 	EXP 	text_7: text = '2 digits'
45.5237 	EXP 	text_7: text = '2 digits'
45.5406 	EXP 	text_7: text = '2 digits'
45.5567 	EXP 	text_7: text = '2 digits'
45.5732 	EXP 	text_7: text = '2 digits'
45.5904 	EXP 	text_7: text = '2 digits'
45.6066 	EXP 	text_7: text = '2 digits'
45.6241 	EXP 	text_7: text = '2 digits'
45.6400 	EXP 	text_7: text = '2 digits'
45.6571 	EXP 	text_7: text = '2 digits'
45.6739 	EXP 	text_7: text = '2 digits'
45.6900 	EXP 	text_7: text = '2 digits'
45.7073 	EXP 	text_7: text = '2 digits'
45.7234 	EXP 	text_7: text = '2 digits'
45.7399 	EXP 	text_7: text = '2 digits'
45.7569 	EXP 	text_7: text = '2 digits'
45.7736 	EXP 	text_7: text = '2 digits'
45.7899 	EXP 	text_7: text = '2 digits'
45.8069 	EXP 	text_7: text = '2 digits'
45.8238 	EXP 	text_7: text = '2 digits'
45.8400 	EXP 	text_7: text = '2 digits'
45.8567 	EXP 	text_7: text = '2 digits'
45.8731 	EXP 	text_7: text = '2 digits'
45.8899 	EXP 	text_7: text = '2 digits'
45.9068 	EXP 	text_7: text = '2 digits'
45.9233 	EXP 	text_7: text = '2 digits'
45.9395 	EXP 	text_7: text = '2 digits'
45.9570 	EXP 	text_7: text = '2 digits'
45.9587 	DATA 	Keypress: 6
45.9727 	EXP 	text_7: text = '2 digits'
45.9896 	EXP 	text_7: text = '2 digits'
46.0063 	EXP 	text_7: text = '2 digits'
46.0234 	EXP 	text_7: text = '2 digits'
46.0397 	EXP 	text_7: text = '2 digits'
46.0569 	EXP 	text_7: text = '2 digits'
46.0733 	EXP 	text_7: height = 0.05
46.0733 	EXP 	text_7: height = 0.05
46.0733 	EXP 	text_7: height = 0.05
46.0733 	EXP 	text_7: text = '6'
47.2568 	DATA 	Keypress: escape
47.5687 	EXP 	window1: mouseVisible = True
