6.8508 	EXP 	Created window1 = Window(allowGUI=True, allowStencil=False, autoLog=True, backendConf=UNKNOWN, bitsMode=UNKNOWN, blendMode='avg', bpc=(8, 8, 8), color=array([0, 0, 0]), colorSpace='rgb', depthBits=8, fullscr=<method-wrapper '__getattribute__' of attributeSetter object at 0x0000027BB837FB20>, gamma=None, gammaErrorPolicy='raise', lms=UNKNOWN, monitor=<psychopy.monitors.calibTools.Monitor object at 0x0000027BBD2822E0>, multiSample=False, name='window1', numSamples=2, pos=(560, 240), screen=0, size=array([800, 600]), stencilBits=0, stereo=False, units='height', useFBO=True, useRetina=False, viewOri=0.0, viewPos=None, viewScale=None, waitBlanking=True, winType='pyglet')
6.8512 	EXP 	window1: mouseVisible = True
6.8516 	EXP 	window1: mouseVisible = True
6.8516 	EXP 	window1: Attempting to measure frame rate of screen (0) ...
6.8516 	EXP 	window1: recordFrameIntervals = False
7.0167 	EXP 	window1: recordFrameIntervals = True
7.2003 	EXP 	Screen (0) actual frame rate measured at 59.88Hz
7.2003 	EXP 	window1: recordFrameIntervals = False
7.2453 	WARNING 	launchHubServer: If using the iohub mouse or eyetracker devices, fullScr should be True.
9.1895 	EXP 	Created text_2 = TextStim(__class__=<class 'psychopy.visual.text.TextStim'>, alignHoriz=method-wrapper(...), alignText='center', alignVert=method-wrapper(...), anchorHoriz='center', anchorVert='center', antialias=True, autoDraw=False, autoLog=True, bold=False, color=array([1, 1, 1]), colorSpace='rgb', contrast=1.0, depth=0.0, flipHoriz=False, flipVert=False, font='Open Sans', fontFiles=[], height=0.05, italic=False, languageStyle='LTR', name='text_2', opacity=1.0, ori=0.0, pos=array([0., 0.]), rgb=UNKNOWN, text='to start, press space', units='height', win=Window(...), wrapWidth=1)
9.1959 	EXP 	Created text_5 = TextStim(__class__=<class 'psychopy.visual.text.TextStim'>, alignHoriz=method-wrapper(...), alignText='center', alignVert=method-wrapper(...), anchorHoriz='center', anchorVert='center', antialias=True, autoDraw=False, autoLog=True, bold=False, color=array([1, 1, 1]), colorSpace='rgb', contrast=1.0, depth=0.0, flipHoriz=False, flipVert=False, font='Open Sans', fontFiles=[], height=0.05, italic=False, languageStyle='LTR', name='text_5', opacity=1.0, ori=0.0, pos=array([0., 0.]), rgb=UNKNOWN, text='', units='height', win=Window(...), wrapWidth=1)
9.2034 	EXP 	window1: mouseVisible = True
9.2278 	EXP 	Created slider = Slider(__class__=<class 'psychopy.visual.slider.Slider'>, autoDraw=False, autoLog=True, borderColor=None, color=None, colorSpace='rgb', depth=-2, fillColor=None, flip=False, font='Open Sans', granularity=0.0, labelColor=None, labelHeight=0.05, labelWrapWidth=None, labels=None, lineColor=None, markerColor=None, name='slider', opacity=None, ori=0.0, pos=array([ 0. , -0.4]), readOnly=False, self=UNKNOWN, size=array([1. , 0.1]), startValue=None, style='rating', styleTweaks=[], ticks=array([1, 2, 3, 4, 5, 6, 7]), units='height', win=Window(...))
9.2429 	EXP 	Created text_4 = TextStim(__class__=<class 'psychopy.visual.text.TextStim'>, alignHoriz=method-wrapper(...), alignText='center', alignVert=method-wrapper(...), anchorHoriz='center', anchorVert='center', antialias=True, autoDraw=False, autoLog=True, bold=False, color=array([1, 1, 1]), colorSpace='rgb', contrast=1.0, depth=0.0, flipHoriz=False, flipVert=False, font='Open Sans', fontFiles=[], height=0.05, italic=False, languageStyle='LTR', name='text_4', opacity=1.0, ori=0.0, pos=array([0., 0.]), rgb=UNKNOWN, text=str(...), units='height', win=Window(...), wrapWidth=1)
9.2638 	EXP 	Created InstructionsText = TextStim(__class__=<class 'psychopy.visual.text.TextStim'>, alignHoriz=method-wrapper(...), alignText='center', alignVert=method-wrapper(...), anchorHoriz='center', anchorVert='center', antialias=True, autoDraw=False, autoLog=True, bold=False, color=array([1, 1, 1]), colorSpace='rgb', contrast=1.0, depth=0.0, flipHoriz=False, flipVert=False, font='Open Sans', fontFiles=[], height=0.05, italic=False, languageStyle='LTR', name='InstructionsText', opacity=1.0, ori=0.0, pos=array([0., 0.]), rgb=UNKNOWN, text=str(...), units='height', win=Window(...), wrapWidth=1)
9.2648 	EXP 	Created ISI_text = TextStim(__class__=<class 'psychopy.visual.text.TextStim'>, alignHoriz=method-wrapper(...), alignText='center', alignVert=method-wrapper(...), anchorHoriz='center', anchorVert='center', antialias=True, autoDraw=False, autoLog=True, bold=False, color=array([1, 1, 1]), colorSpace='rgb', contrast=1.0, depth=-1.0, flipHoriz=False, flipVert=False, font='Open Sans', fontFiles=[], height=0.05, italic=False, languageStyle='LTR', name='ISI_text', opacity=1.0, ori=0.0, pos=array([0., 0.]), rgb=UNKNOWN, text='', units='height', win=Window(...), wrapWidth=1)
9.2654 	EXP 	Created Targetstim = TextStim(__class__=<class 'psychopy.visual.text.TextStim'>, alignHoriz=method-wrapper(...), alignText='center', alignVert=method-wrapper(...), anchorHoriz='center', anchorVert='center', antialias=True, autoDraw=False, autoLog=True, bold=False, color=array([ 1, -1, -1]), colorSpace='rgb', contrast=1.0, depth=-1.0, flipHoriz=False, flipVert=False, font='Open Sans', fontFiles=[], height=0.05, italic=False, languageStyle='LTR', name='Targetstim', opacity=1.0, ori=0.0, pos=array([0., 0.]), rgb=UNKNOWN, text='', units='height', win=Window(...), wrapWidth=1)
9.2660 	EXP 	Created Feedback_text = TextStim(__class__=<class 'psychopy.visual.text.TextStim'>, alignHoriz=method-wrapper(...), alignText='center', alignVert=method-wrapper(...), anchorHoriz='center', anchorVert='center', antialias=True, autoDraw=False, autoLog=True, bold=False, color=array([ 1, -1, -1]), colorSpace='rgb', contrast=1.0, depth=0.0, flipHoriz=False, flipVert=False, font='Open Sans', fontFiles=[], height=0.05, italic=False, languageStyle='LTR', name='Feedback_text', opacity=1.0, ori=0.0, pos=array([0., 0.]), rgb=UNKNOWN, text='', units='height', win=Window(...), wrapWidth=1)
9.2799 	EXP 	Created text_6 = TextStim(__class__=<class 'psychopy.visual.text.TextStim'>, alignHoriz=method-wrapper(...), alignText='center', alignVert=method-wrapper(...), anchorHoriz='center', anchorVert='center', antialias=True, autoDraw=False, autoLog=True, bold=False, color=array([1, 1, 1]), colorSpace='rgb', contrast=1.0, depth=0.0, flipHoriz=False, flipVert=False, font='Open Sans', fontFiles=[], height=0.05, italic=False, languageStyle='LTR', name='text_6', opacity=1.0, ori=0.0, pos=array([0., 0.]), rgb=UNKNOWN, text=str(...), units='height', win=Window(...), wrapWidth=1)
9.2805 	EXP 	Created text_7 = TextStim(__class__=<class 'psychopy.visual.text.TextStim'>, alignHoriz=method-wrapper(...), alignText='center', alignVert=method-wrapper(...), anchorHoriz='center', anchorVert='center', antialias=True, autoDraw=False, autoLog=True, bold=False, color=array([1, 1, 1]), colorSpace='rgb', contrast=1.0, depth=-2.0, flipHoriz=False, flipVert=False, font='Open Sans', fontFiles=[], height=0.05, italic=False, languageStyle='LTR', name='text_7', opacity=1.0, ori=0.0, pos=array([0., 0.]), rgb=UNKNOWN, text='', units='height', win=Window(...), wrapWidth=1)
9.2881 	EXP 	Created InstructionsText = TextStim(__class__=<class 'psychopy.visual.text.TextStim'>, alignHoriz=method-wrapper(...), alignText='center', alignVert=method-wrapper(...), anchorHoriz='center', anchorVert='center', antialias=True, autoDraw=False, autoLog=True, bold=False, color=array([1, 1, 1]), colorSpace='rgb', contrast=1.0, depth=0.0, flipHoriz=False, flipVert=False, font='Open Sans', fontFiles=[], height=0.05, italic=False, languageStyle='LTR', name='InstructionsText', opacity=1.0, ori=0.0, pos=array([0., 0.]), rgb=UNKNOWN, text=str(...), units='height', win=Window(...), wrapWidth=1)
9.2892 	EXP 	Created ISI_text = TextStim(__class__=<class 'psychopy.visual.text.TextStim'>, alignHoriz=method-wrapper(...), alignText='center', alignVert=method-wrapper(...), anchorHoriz='center', anchorVert='center', antialias=True, autoDraw=False, autoLog=True, bold=False, color=array([1, 1, 1]), colorSpace='rgb', contrast=1.0, depth=-1.0, flipHoriz=False, flipVert=False, font='Open Sans', fontFiles=[], height=0.05, italic=False, languageStyle='LTR', name='ISI_text', opacity=1.0, ori=0.0, pos=array([0., 0.]), rgb=UNKNOWN, text='', units='height', win=Window(...), wrapWidth=1)
9.2898 	EXP 	Created Targetstim = TextStim(__class__=<class 'psychopy.visual.text.TextStim'>, alignHoriz=method-wrapper(...), alignText='center', alignVert=method-wrapper(...), anchorHoriz='center', anchorVert='center', antialias=True, autoDraw=False, autoLog=True, bold=False, color=array([ 1, -1, -1]), colorSpace='rgb', contrast=1.0, depth=-1.0, flipHoriz=False, flipVert=False, font='Open Sans', fontFiles=[], height=0.05, italic=False, languageStyle='LTR', name='Targetstim', opacity=1.0, ori=0.0, pos=array([0., 0.]), rgb=UNKNOWN, text='', units='height', win=Window(...), wrapWidth=1)
9.2905 	EXP 	Created Feedback_text = TextStim(__class__=<class 'psychopy.visual.text.TextStim'>, alignHoriz=method-wrapper(...), alignText='center', alignVert=method-wrapper(...), anchorHoriz='center', anchorVert='center', antialias=True, autoDraw=False, autoLog=True, bold=False, color=array([ 1, -1, -1]), colorSpace='rgb', contrast=1.0, depth=0.0, flipHoriz=False, flipVert=False, font='Open Sans', fontFiles=[], height=0.05, italic=False, languageStyle='LTR', name='Feedback_text', opacity=1.0, ori=0.0, pos=array([0., 0.]), rgb=UNKNOWN, text='', units='height', win=Window(...), wrapWidth=1)
9.3008 	EXP 	Created text_6 = TextStim(__class__=<class 'psychopy.visual.text.TextStim'>, alignHoriz=method-wrapper(...), alignText='center', alignVert=method-wrapper(...), anchorHoriz='center', anchorVert='center', antialias=True, autoDraw=False, autoLog=True, bold=False, color=array([1, 1, 1]), colorSpace='rgb', contrast=1.0, depth=0.0, flipHoriz=False, flipVert=False, font='Open Sans', fontFiles=[], height=0.05, italic=False, languageStyle='LTR', name='text_6', opacity=1.0, ori=0.0, pos=array([0., 0.]), rgb=UNKNOWN, text=str(...), units='height', win=Window(...), wrapWidth=1)
9.3015 	EXP 	Created text_7 = TextStim(__class__=<class 'psychopy.visual.text.TextStim'>, alignHoriz=method-wrapper(...), alignText='center', alignVert=method-wrapper(...), anchorHoriz='center', anchorVert='center', antialias=True, autoDraw=False, autoLog=True, bold=False, color=array([1, 1, 1]), colorSpace='rgb', contrast=1.0, depth=-2.0, flipHoriz=False, flipVert=False, font='Open Sans', fontFiles=[], height=0.05, italic=False, languageStyle='LTR', name='text_7', opacity=1.0, ori=0.0, pos=array([0., 0.]), rgb=UNKNOWN, text='', units='height', win=Window(...), wrapWidth=1)
9.3107 	EXP 	Created InstructionsText = TextStim(__class__=<class 'psychopy.visual.text.TextStim'>, alignHoriz=method-wrapper(...), alignText='center', alignVert=method-wrapper(...), anchorHoriz='center', anchorVert='center', antialias=True, autoDraw=False, autoLog=True, bold=False, color=array([1, 1, 1]), colorSpace='rgb', contrast=1.0, depth=0.0, flipHoriz=False, flipVert=False, font='Open Sans', fontFiles=[], height=0.05, italic=False, languageStyle='LTR', name='InstructionsText', opacity=1.0, ori=0.0, pos=array([0., 0.]), rgb=UNKNOWN, text=str(...), units='height', win=Window(...), wrapWidth=1)
9.3118 	EXP 	Created ISI_text = TextStim(__class__=<class 'psychopy.visual.text.TextStim'>, alignHoriz=method-wrapper(...), alignText='center', alignVert=method-wrapper(...), anchorHoriz='center', anchorVert='center', antialias=True, autoDraw=False, autoLog=True, bold=False, color=array([1, 1, 1]), colorSpace='rgb', contrast=1.0, depth=-1.0, flipHoriz=False, flipVert=False, font='Open Sans', fontFiles=[], height=0.05, italic=False, languageStyle='LTR', name='ISI_text', opacity=1.0, ori=0.0, pos=array([0., 0.]), rgb=UNKNOWN, text='', units='height', win=Window(...), wrapWidth=1)
9.3126 	EXP 	Created Targetstim = TextStim(__class__=<class 'psychopy.visual.text.TextStim'>, alignHoriz=method-wrapper(...), alignText='center', alignVert=method-wrapper(...), anchorHoriz='center', anchorVert='center', antialias=True, autoDraw=False, autoLog=True, bold=False, color=array([ 1, -1, -1]), colorSpace='rgb', contrast=1.0, depth=-1.0, flipHoriz=False, flipVert=False, font='Open Sans', fontFiles=[], height=0.05, italic=False, languageStyle='LTR', name='Targetstim', opacity=1.0, ori=0.0, pos=array([0., 0.]), rgb=UNKNOWN, text='', units='height', win=Window(...), wrapWidth=1)
9.3132 	EXP 	Created Feedback_text = TextStim(__class__=<class 'psychopy.visual.text.TextStim'>, alignHoriz=method-wrapper(...), alignText='center', alignVert=method-wrapper(...), anchorHoriz='center', anchorVert='center', antialias=True, autoDraw=False, autoLog=True, bold=False, color=array([ 1, -1, -1]), colorSpace='rgb', contrast=1.0, depth=0.0, flipHoriz=False, flipVert=False, font='Open Sans', fontFiles=[], height=0.05, italic=False, languageStyle='LTR', name='Feedback_text', opacity=1.0, ori=0.0, pos=array([0., 0.]), rgb=UNKNOWN, text='', units='height', win=Window(...), wrapWidth=1)
9.3235 	EXP 	Created text_6 = TextStim(__class__=<class 'psychopy.visual.text.TextStim'>, alignHoriz=method-wrapper(...), alignText='center', alignVert=method-wrapper(...), anchorHoriz='center', anchorVert='center', antialias=True, autoDraw=False, autoLog=True, bold=False, color=array([1, 1, 1]), colorSpace='rgb', contrast=1.0, depth=0.0, flipHoriz=False, flipVert=False, font='Open Sans', fontFiles=[], height=0.05, italic=False, languageStyle='LTR', name='text_6', opacity=1.0, ori=0.0, pos=array([0., 0.]), rgb=UNKNOWN, text=str(...), units='height', win=Window(...), wrapWidth=1)
9.3242 	EXP 	Created text_7 = TextStim(__class__=<class 'psychopy.visual.text.TextStim'>, alignHoriz=method-wrapper(...), alignText='center', alignVert=method-wrapper(...), anchorHoriz='center', anchorVert='center', antialias=True, autoDraw=False, autoLog=True, bold=False, color=array([1, 1, 1]), colorSpace='rgb', contrast=1.0, depth=-2.0, flipHoriz=False, flipVert=False, font='Open Sans', fontFiles=[], height=0.05, italic=False, languageStyle='LTR', name='text_7', opacity=1.0, ori=0.0, pos=array([0., 0.]), rgb=UNKNOWN, text='', units='height', win=Window(...), wrapWidth=1)
9.3252 	EXP 	Created text_5 = TextStim(__class__=<class 'psychopy.visual.text.TextStim'>, alignHoriz=method-wrapper(...), alignText='center', alignVert=method-wrapper(...), anchorHoriz='center', anchorVert='center', antialias=True, autoDraw=False, autoLog=True, bold=False, color=array([1, 1, 1]), colorSpace='rgb', contrast=1.0, depth=0.0, flipHoriz=False, flipVert=False, font='Open Sans', fontFiles=[], height=0.05, italic=False, languageStyle='LTR', name='text_5', opacity=1.0, ori=0.0, pos=array([0., 0.]), rgb=UNKNOWN, text='', units='height', win=Window(...), wrapWidth=1)
9.3275 	EXP 	window1: mouseVisible = True
9.3396 	EXP 	Created slider = Slider(__class__=<class 'psychopy.visual.slider.Slider'>, autoDraw=False, autoLog=True, borderColor=None, color=None, colorSpace='rgb', depth=-2, fillColor=None, flip=False, font='Open Sans', granularity=0.0, labelColor=None, labelHeight=0.05, labelWrapWidth=None, labels=None, lineColor=None, markerColor=None, name='slider', opacity=None, ori=0.0, pos=array([ 0. , -0.4]), readOnly=False, self=UNKNOWN, size=array([1. , 0.1]), startValue=None, style='rating', styleTweaks=[], ticks=array([1, 2, 3, 4, 5, 6, 7]), units='height', win=Window(...))
9.3434 	EXP 	Created text_3 = TextStim(__class__=<class 'psychopy.visual.text.TextStim'>, alignHoriz=method-wrapper(...), alignText='center', alignVert=method-wrapper(...), anchorHoriz='center', anchorVert='center', antialias=True, autoDraw=False, autoLog=True, bold=False, color=array([1, 1, 1]), colorSpace='rgb', contrast=1.0, depth=0.0, flipHoriz=False, flipVert=False, font='Open Sans', fontFiles=[], height=0.05, italic=False, languageStyle='LTR', name='text_3', opacity=1.0, ori=0.0, pos=array([0., 0.]), rgb=UNKNOWN, text='Done', units='height', win=Window(...), wrapWidth=1)
9.3514 	EXP 	slider: autoLog = True
9.3514 	EXP 	slider: markerPos = None
9.3514 	EXP 	slider: styleTweaks = []
9.3514 	EXP 	slider: styleTweaks = []
9.3514 	EXP 	slider: styleTweaks = []
9.3514 	EXP 	slider: styleTweaks = []
9.3514 	EXP 	slider: contrast = 1.0
9.3514 	EXP 	slider: autoLog = True
9.3514 	EXP 	slider: autoLog = True
9.3514 	EXP 	slider: markerPos = None
9.3514 	EXP 	slider: styleTweaks = []
9.3514 	EXP 	slider: styleTweaks = []
9.3514 	EXP 	slider: styleTweaks = []
9.3514 	EXP 	slider: styleTweaks = []
9.3514 	EXP 	slider: contrast = 1.0
9.3514 	EXP 	slider: autoLog = True
9.3514 	EXP 	text_2: autoDraw = True
164.7208 	EXP 	Created sequence: sequential, trialTypes=1, nReps=2, seed=None
164.7210 	EXP 	New trial (rep=0, index=0): None
164.7259 	DATA 	Keypress: space
164.7686 	EXP 	text_2: autoDraw = False
164.7686 	EXP 	text_5: text = ''
164.7686 	EXP 	text_5: height = 0.05
164.7686 	EXP 	text_5: height = 0.05
164.7686 	EXP 	text_5: height = 0.05
164.7686 	EXP 	text_5: text = 'I feel drowsy when I am fatigued'
164.7686 	EXP 	slider: markerPos = None
164.7686 	EXP 	slider: markerPos = None
164.7686 	EXP 	text_5: autoDraw = True
164.7686 	EXP 	slider: autoDraw = True
168.4183 	DATA 	Mouse: Left button down, pos=(201,58)
168.4327 	EXP 	slider: markerPos = 2.0
168.4497 	EXP 	slider: markerPos = 2.0
168.4657 	EXP 	slider: markerPos = 2.0
168.4826 	EXP 	slider: markerPos = 2.0
168.4995 	EXP 	slider: markerPos = 2.0
168.5160 	EXP 	slider: markerPos = 2.0
168.5330 	EXP 	slider: markerPos = 2.0
168.5494 	EXP 	slider: markerPos = 2.0
168.5660 	EXP 	slider: markerPos = 2.0
168.5824 	EXP 	slider: markerPos = 2.0
168.5988 	EXP 	slider: markerPos = 2.04
168.6155 	EXP 	slider: markerPos = 2.09
168.6324 	EXP 	slider: markerPos = 2.15
168.6490 	EXP 	slider: markerPos = 2.21
168.6653 	EXP 	slider: markerPos = 2.32
168.6820 	EXP 	slider: markerPos = 2.41
168.6988 	EXP 	slider: markerPos = 2.49
168.7161 	EXP 	slider: markerPos = 2.56
168.7325 	EXP 	slider: markerPos = 2.63
168.7487 	EXP 	slider: markerPos = 2.69
168.7653 	EXP 	slider: markerPos = 2.73
168.7829 	EXP 	slider: markerPos = 2.78
168.7990 	EXP 	slider: markerPos = 2.8
168.8154 	EXP 	slider: markerPos = 2.8099999999999996
168.8319 	EXP 	slider: markerPos = 2.8099999999999996
168.8486 	EXP 	slider: markerPos = 2.83
168.8657 	EXP 	slider: markerPos = 2.86
168.8818 	EXP 	slider: markerPos = 2.92
168.8986 	EXP 	slider: markerPos = 2.97
168.9153 	EXP 	slider: markerPos = 3.04
168.9316 	EXP 	slider: markerPos = 3.17
168.9486 	EXP 	slider: markerPos = 3.33
168.9652 	EXP 	slider: markerPos = 3.4899999999999998
168.9818 	EXP 	slider: markerPos = 3.65
168.9986 	EXP 	slider: markerPos = 3.78
169.0152 	EXP 	slider: markerPos = 3.93
169.0316 	EXP 	slider: markerPos = 4.07
169.0482 	EXP 	slider: markerPos = 4.1899999999999995
169.0648 	EXP 	slider: markerPos = 4.279999999999999
169.0815 	EXP 	slider: markerPos = 4.38
169.0982 	EXP 	slider: markerPos = 4.449999999999999
169.1152 	EXP 	slider: markerPos = 4.51
169.1315 	EXP 	slider: markerPos = 4.57
169.1481 	EXP 	slider: markerPos = 4.61
169.1649 	EXP 	slider: markerPos = 4.640000000000001
169.1818 	EXP 	slider: markerPos = 4.65
169.1983 	EXP 	slider: markerPos = 4.66
169.2170 	EXP 	slider: markerPos = 4.67
169.2315 	EXP 	slider: markerPos = 4.67
169.2482 	EXP 	slider: markerPos = 4.67
169.2649 	EXP 	slider: markerPos = 4.6899999999999995
169.2816 	EXP 	slider: markerPos = 4.74
169.2984 	EXP 	slider: markerPos = 4.8100000000000005
169.3149 	EXP 	slider: markerPos = 4.93
169.3313 	EXP 	slider: markerPos = 5.07
169.3479 	EXP 	slider: markerPos = 5.24
169.3645 	EXP 	slider: markerPos = 5.45
169.3817 	EXP 	slider: markerPos = 5.66
169.3979 	EXP 	slider: markerPos = 5.89
169.4147 	EXP 	slider: markerPos = 6.119999999999999
169.4314 	EXP 	slider: markerPos = 6.33
169.4478 	EXP 	slider: markerPos = 6.550000000000001
169.4647 	EXP 	slider: markerPos = 6.74
169.4811 	EXP 	slider: markerPos = 6.91
169.4978 	EXP 	slider: markerPos = 7.040000000000001
169.5146 	EXP 	slider: markerPos = 7.18
169.5313 	EXP 	slider: markerPos = 7.3100000000000005
169.5478 	EXP 	slider: markerPos = 7.430000000000001
169.5643 	EXP 	slider: markerPos = 7.53
169.5811 	EXP 	slider: markerPos = 7.620000000000001
169.5977 	EXP 	slider: markerPos = 7.709999999999999
169.6147 	EXP 	slider: markerPos = 7.7700000000000005
169.6311 	EXP 	slider: markerPos = 7.8100000000000005
169.6477 	EXP 	slider: markerPos = 7.85
169.6643 	EXP 	slider: markerPos = 7.87
169.6810 	EXP 	slider: markerPos = 7.87
169.6982 	EXP 	slider: markerPos = 7.87
169.7146 	EXP 	slider: markerPos = 7.879999999999999
169.7312 	EXP 	slider: markerPos = 7.879999999999999
169.7476 	EXP 	slider: markerPos = 7.879999999999999
169.7645 	EXP 	slider: markerPos = 7.879999999999999
169.7811 	EXP 	slider: markerPos = 7.859999999999999
169.7975 	EXP 	slider: markerPos = 7.829999999999999
169.8142 	EXP 	slider: markerPos = 7.779999999999999
169.8312 	EXP 	slider: markerPos = 7.720000000000001
169.8475 	EXP 	slider: markerPos = 7.63
169.8644 	EXP 	slider: markerPos = 7.53
169.8807 	EXP 	slider: markerPos = 7.4
169.8977 	EXP 	slider: markerPos = 7.29
169.9141 	EXP 	slider: markerPos = 7.199999999999999
169.9308 	EXP 	slider: markerPos = 7.1499999999999995
169.9475 	EXP 	slider: markerPos = 7.140000000000001
169.9646 	EXP 	slider: markerPos = 7.140000000000001
169.9809 	EXP 	slider: markerPos = 7.140000000000001
169.9976 	EXP 	slider: markerPos = 7.140000000000001
170.0141 	EXP 	slider: markerPos = 7.140000000000001
170.0306 	EXP 	slider: markerPos = 7.129999999999999
170.0474 	EXP 	slider: markerPos = 7.109999999999999
170.0642 	EXP 	slider: markerPos = 7.090000000000001
170.0811 	EXP 	slider: markerPos = 7.0600000000000005
170.0975 	EXP 	slider: markerPos = 7.029999999999999
170.1140 	EXP 	slider: markerPos = 6.99
170.1305 	EXP 	slider: markerPos = 6.95
170.1473 	EXP 	slider: markerPos = 6.9399999999999995
170.1640 	EXP 	slider: markerPos = 6.93
170.1807 	EXP 	slider: markerPos = 6.93
170.1972 	EXP 	slider: markerPos = 6.93
170.2142 	EXP 	slider: markerPos = 6.93
170.2305 	EXP 	slider: markerPos = 6.93
170.2477 	EXP 	slider: markerPos = 6.93
170.2643 	EXP 	slider: markerPos = 6.92
170.2805 	EXP 	slider: markerPos = 6.91
170.2974 	EXP 	slider: markerPos = 6.91
170.3138 	EXP 	slider: markerPos = 6.869999999999999
170.3303 	EXP 	slider: markerPos = 6.84
170.3472 	EXP 	slider: markerPos = 6.81
170.3637 	EXP 	slider: markerPos = 6.78
170.3803 	EXP 	slider: markerPos = 6.73
170.3969 	EXP 	slider: markerPos = 6.63
170.4137 	EXP 	slider: markerPos = 6.5
170.4305 	EXP 	slider: markerPos = 6.380000000000001
170.4469 	EXP 	slider: markerPos = 6.3100000000000005
170.4636 	EXP 	slider: markerPos = 6.28
170.4803 	EXP 	slider: markerPos = 6.26
170.4970 	EXP 	slider: markerPos = 6.25
170.5145 	EXP 	slider: markerPos = 6.25
170.5303 	EXP 	slider: markerPos = 6.26
170.5469 	EXP 	slider: markerPos = 6.3
170.5635 	EXP 	slider: markerPos = 6.39
170.5801 	EXP 	slider: markerPos = 6.49
170.5967 	EXP 	slider: markerPos = 6.64
170.6137 	EXP 	slider: markerPos = 6.790000000000001
170.6304 	EXP 	slider: markerPos = 6.93
170.6478 	EXP 	slider: markerPos = 7.07
170.6637 	EXP 	slider: markerPos = 7.23
170.6805 	EXP 	slider: markerPos = 7.36
170.6968 	EXP 	slider: markerPos = 7.430000000000001
170.7134 	EXP 	slider: markerPos = 7.470000000000001
170.7302 	EXP 	slider: markerPos = 7.51
170.7468 	EXP 	slider: markerPos = 7.52
170.7640 	EXP 	slider: markerPos = 7.52
170.7802 	EXP 	slider: markerPos = 7.52
170.7973 	EXP 	slider: markerPos = 7.52
170.8133 	EXP 	slider: markerPos = 7.52
170.8303 	EXP 	slider: markerPos = 7.52
170.8468 	EXP 	slider: markerPos = 7.52
170.8633 	EXP 	slider: markerPos = 7.52
170.8800 	EXP 	slider: markerPos = 7.52
170.8969 	EXP 	slider: markerPos = 7.52
170.9134 	EXP 	slider: markerPos = 7.52
170.9299 	EXP 	slider: markerPos = 7.52
170.9466 	EXP 	slider: markerPos = 7.52
170.9632 	EXP 	slider: markerPos = 7.52
170.9802 	EXP 	slider: markerPos = 7.52
170.9971 	EXP 	slider: markerPos = 7.52
171.0132 	EXP 	slider: markerPos = 7.52
171.0298 	EXP 	slider: markerPos = 7.52
171.0464 	EXP 	slider: markerPos = 7.52
171.0633 	EXP 	slider: markerPos = 7.51
171.0797 	EXP 	slider: markerPos = 7.500000000000001
171.0964 	EXP 	slider: markerPos = 7.500000000000001
171.1129 	EXP 	slider: markerPos = 7.489999999999999
171.1296 	EXP 	slider: markerPos = 7.470000000000001
171.1473 	EXP 	slider: markerPos = 7.449999999999999
171.1636 	EXP 	slider: markerPos = 7.41
171.1799 	EXP 	slider: markerPos = 7.35
171.1965 	EXP 	slider: markerPos = 7.27
171.2130 	EXP 	slider: markerPos = 7.16
171.2302 	EXP 	slider: markerPos = 7.029999999999999
171.2463 	EXP 	slider: markerPos = 6.88
171.2628 	EXP 	slider: markerPos = 6.71
171.2795 	EXP 	slider: markerPos = 6.52
171.2962 	EXP 	slider: markerPos = 6.33
171.3128 	EXP 	slider: markerPos = 6.15
171.3294 	EXP 	slider: markerPos = 5.949999999999999
171.3461 	EXP 	slider: markerPos = 5.75
171.3629 	EXP 	slider: markerPos = 5.55
171.3793 	EXP 	slider: markerPos = 5.369999999999999
171.3960 	EXP 	slider: markerPos = 5.199999999999999
171.4131 	EXP 	slider: markerPos = 4.98
171.4297 	EXP 	slider: markerPos = 4.8100000000000005
171.4460 	EXP 	slider: markerPos = 4.66
171.4626 	EXP 	slider: markerPos = 4.49
171.4793 	EXP 	slider: markerPos = 4.300000000000001
171.4960 	EXP 	slider: markerPos = 4.07
171.5131 	EXP 	slider: markerPos = 3.84
171.5292 	EXP 	slider: markerPos = 3.62
171.5460 	EXP 	slider: markerPos = 3.41
171.5631 	EXP 	slider: markerPos = 3.13
171.5792 	EXP 	slider: markerPos = 2.89
171.5961 	EXP 	slider: markerPos = 2.6399999999999997
171.6127 	EXP 	slider: markerPos = 2.37
171.6293 	EXP 	slider: markerPos = 2.1
171.6457 	EXP 	slider: markerPos = 1.84
171.6628 	EXP 	slider: markerPos = 1.65
171.6791 	EXP 	slider: markerPos = 1.43
171.6957 	EXP 	slider: markerPos = 1.19
171.7123 	EXP 	slider: markerPos = 0.9899999999999998
171.7290 	EXP 	slider: markerPos = 0.8199999999999998
171.7461 	EXP 	slider: markerPos = 0.6399999999999997
171.7625 	EXP 	slider: markerPos = 0.48
171.7792 	EXP 	slider: markerPos = 0.3200000000000003
171.7961 	EXP 	slider: markerPos = 0.15999999999999992
171.8127 	EXP 	slider: markerPos = 0.050000000000000044
171.8290 	EXP 	slider: markerPos = -0.040000000000000036
171.8457 	EXP 	slider: markerPos = -0.11999999999999988
171.8625 	EXP 	slider: markerPos = -0.19000000000000017
171.8789 	EXP 	slider: markerPos = -0.19999999999999973
171.8957 	EXP 	slider: markerPos = -0.2200000000000002
171.9126 	EXP 	slider: markerPos = -0.2200000000000002
171.9294 	EXP 	slider: markerPos = -0.2200000000000002
171.9456 	EXP 	slider: markerPos = -0.2200000000000002
171.9621 	EXP 	slider: markerPos = -0.17999999999999994
171.9788 	EXP 	slider: markerPos = -0.10000000000000009
171.9957 	EXP 	slider: markerPos = -0.010000000000000009
172.0121 	EXP 	slider: markerPos = 0.1100000000000001
172.0287 	EXP 	slider: markerPos = 0.2699999999999998
172.0454 	EXP 	slider: markerPos = 0.5599999999999998
172.0624 	EXP 	slider: markerPos = 0.8799999999999999
172.0791 	EXP 	slider: markerPos = 1.27
172.0954 	EXP 	slider: markerPos = 1.66
172.1121 	EXP 	slider: markerPos = 2.09
172.1287 	EXP 	slider: markerPos = 2.55
172.1453 	EXP 	slider: markerPos = 3.02
172.1620 	EXP 	slider: markerPos = 3.47
172.1787 	EXP 	slider: markerPos = 3.8600000000000003
172.1952 	EXP 	slider: markerPos = 4.21
172.2122 	EXP 	slider: markerPos = 4.57
172.2286 	EXP 	slider: markerPos = 4.9
172.2453 	EXP 	slider: markerPos = 5.13
172.2618 	EXP 	slider: markerPos = 5.369999999999999
172.2785 	EXP 	slider: markerPos = 5.55
172.2951 	EXP 	slider: markerPos = 5.72
172.3118 	EXP 	slider: markerPos = 5.82
172.3286 	EXP 	slider: markerPos = 5.92
172.3451 	EXP 	slider: markerPos = 6.02
172.3620 	EXP 	slider: markerPos = 6.13
172.3784 	EXP 	slider: markerPos = 6.25
172.3952 	EXP 	slider: markerPos = 6.359999999999999
172.4117 	EXP 	slider: markerPos = 6.459999999999999
172.4285 	EXP 	slider: markerPos = 6.58
172.4458 	EXP 	slider: markerPos = 6.71
172.4617 	EXP 	slider: markerPos = 6.81
172.4783 	EXP 	slider: markerPos = 6.93
172.4952 	EXP 	slider: markerPos = 7.029999999999999
172.5117 	EXP 	slider: markerPos = 7.1
172.5287 	EXP 	slider: markerPos = 7.1499999999999995
172.5450 	EXP 	slider: markerPos = 7.199999999999999
172.5616 	EXP 	slider: markerPos = 7.23
172.5784 	EXP 	slider: markerPos = 7.249999999999999
172.5950 	EXP 	slider: markerPos = 7.27
172.6117 	EXP 	slider: markerPos = 7.27
172.6283 	EXP 	slider: markerPos = 7.27
172.6450 	EXP 	slider: markerPos = 7.29
172.6616 	EXP 	slider: markerPos = 7.319999999999999
172.6782 	EXP 	slider: markerPos = 7.34
172.6948 	EXP 	slider: markerPos = 7.35
172.7115 	EXP 	slider: markerPos = 7.39
172.7281 	EXP 	slider: markerPos = 7.419999999999999
172.7449 	EXP 	slider: markerPos = 7.449999999999999
172.7615 	EXP 	slider: markerPos = 7.470000000000001
172.7784 	EXP 	slider: markerPos = 7.470000000000001
172.7948 	EXP 	slider: markerPos = 7.470000000000001
172.8113 	EXP 	slider: markerPos = 7.470000000000001
172.8282 	EXP 	slider: markerPos = 7.470000000000001
172.8452 	EXP 	slider: markerPos = 7.470000000000001
172.8619 	EXP 	slider: markerPos = 7.48
172.8783 	EXP 	slider: markerPos = 7.48
172.8950 	EXP 	slider: markerPos = 7.48
172.9118 	EXP 	slider: markerPos = 7.48
172.9283 	EXP 	slider: markerPos = 7.48
172.9449 	EXP 	slider: markerPos = 7.48
172.9616 	EXP 	slider: markerPos = 7.48
172.9781 	EXP 	slider: markerPos = 7.46
172.9955 	EXP 	slider: markerPos = 7.41
173.0112 	EXP 	slider: markerPos = 7.36
173.0281 	EXP 	slider: markerPos = 7.29
173.0453 	EXP 	slider: markerPos = 7.23
173.0611 	EXP 	slider: markerPos = 7.1499999999999995
173.0786 	EXP 	slider: markerPos = 7.0600000000000005
173.0947 	EXP 	slider: markerPos = 6.93
173.1111 	EXP 	slider: markerPos = 6.81
173.1277 	EXP 	slider: markerPos = 6.68
173.1443 	EXP 	slider: markerPos = 6.54
173.1617 	EXP 	slider: markerPos = 6.43
173.1776 	EXP 	slider: markerPos = 6.3
173.1947 	EXP 	slider: markerPos = 6.2
173.2112 	EXP 	slider: markerPos = 6.119999999999999
173.2277 	EXP 	slider: markerPos = 6.03
173.2448 	EXP 	slider: markerPos = 5.98
173.2611 	EXP 	slider: markerPos = 5.949999999999999
173.2781 	EXP 	slider: markerPos = 5.92
173.2949 	EXP 	slider: markerPos = 5.9
173.3116 	EXP 	slider: markerPos = 5.87
173.3278 	EXP 	slider: markerPos = 5.87
173.3445 	EXP 	slider: markerPos = 5.87
173.3617 	EXP 	slider: markerPos = 5.87
173.3793 	EXP 	slider: markerPos = 5.87
173.3949 	EXP 	slider: markerPos = 5.87
173.4119 	EXP 	slider: markerPos = 5.87
173.4278 	EXP 	slider: markerPos = 5.87
173.4446 	EXP 	slider: markerPos = 5.87
173.4609 	EXP 	slider: markerPos = 5.87
173.4777 	EXP 	slider: markerPos = 5.87
173.4944 	EXP 	slider: markerPos = 5.87
173.5111 	EXP 	slider: markerPos = 5.9
173.5278 	EXP 	slider: markerPos = 5.9399999999999995
173.5446 	EXP 	slider: markerPos = 5.99
173.5608 	EXP 	slider: markerPos = 6.02
173.5778 	EXP 	slider: markerPos = 6.05
173.5944 	EXP 	slider: markerPos = 6.06
173.6115 	EXP 	slider: markerPos = 6.06
173.6281 	EXP 	slider: markerPos = 6.06
173.6442 	EXP 	slider: markerPos = 6.06
173.6611 	EXP 	slider: markerPos = 6.06
173.6782 	EXP 	slider: markerPos = 6.06
173.6945 	EXP 	slider: markerPos = 6.06
173.7115 	EXP 	slider: markerPos = 6.06
173.7279 	EXP 	slider: markerPos = 6.06
173.7448 	EXP 	slider: markerPos = 6.06
173.7613 	EXP 	slider: markerPos = 6.06
173.7776 	EXP 	slider: markerPos = 6.06
173.7940 	EXP 	slider: markerPos = 6.06
173.8107 	EXP 	slider: markerPos = 6.06
173.8280 	EXP 	slider: markerPos = 6.06
173.8444 	EXP 	slider: markerPos = 6.06
173.8616 	EXP 	slider: markerPos = 6.06
173.8775 	EXP 	slider: markerPos = 6.06
173.8943 	EXP 	slider: markerPos = 6.06
173.9108 	EXP 	slider: markerPos = 6.05
173.9274 	EXP 	slider: markerPos = 6.040000000000001
173.9444 	EXP 	slider: markerPos = 6.03
173.9611 	EXP 	slider: markerPos = 6.03
173.9773 	EXP 	slider: markerPos = 6.03
173.9946 	EXP 	slider: markerPos = 6.03
174.0109 	EXP 	slider: markerPos = 6.03
174.0280 	EXP 	slider: markerPos = 6.03
174.0443 	EXP 	slider: markerPos = 6.03
174.0607 	EXP 	slider: markerPos = 6.03
174.0771 	EXP 	slider: markerPos = 6.03
174.0941 	EXP 	slider: markerPos = 6.03
174.1111 	EXP 	slider: markerPos = 6.03
174.1271 	EXP 	slider: markerPos = 6.03
174.1440 	EXP 	slider: markerPos = 6.02
174.1608 	EXP 	slider: markerPos = 6.02
174.1776 	EXP 	slider: markerPos = 6.02
174.1938 	EXP 	slider: markerPos = 6.02
174.2106 	EXP 	slider: markerPos = 6.02
174.2277 	EXP 	slider: markerPos = 6.02
174.2437 	EXP 	slider: markerPos = 6.02
174.2608 	EXP 	slider: markerPos = 6.02
174.2772 	EXP 	slider: markerPos = 6.02
174.2944 	EXP 	slider: markerPos = 6.02
174.3107 	EXP 	slider: markerPos = 6.02
174.3273 	EXP 	slider: markerPos = 6.02
174.3436 	EXP 	slider: markerPos = 6.02
174.3604 	EXP 	slider: markerPos = 6.02
174.3771 	EXP 	slider: markerPos = 6.02
174.3936 	EXP 	slider: markerPos = 6.02
174.4103 	EXP 	slider: markerPos = 6.02
174.4276 	EXP 	slider: markerPos = 6.02
174.4435 	EXP 	slider: markerPos = 6.02
174.4604 	EXP 	slider: markerPos = 6.02
174.4769 	EXP 	slider: markerPos = 6.02
174.4934 	EXP 	slider: markerPos = 6.02
174.5103 	EXP 	slider: markerPos = 6.02
174.5272 	EXP 	slider: markerPos = 6.02
174.5441 	EXP 	slider: markerPos = 6.02
174.5601 	EXP 	slider: markerPos = 6.01
174.5771 	EXP 	slider: markerPos = 6.01
174.5938 	EXP 	slider: markerPos = 6.01
174.6102 	EXP 	slider: markerPos = 6.01
174.6269 	EXP 	slider: markerPos = 6.01
174.6436 	EXP 	slider: markerPos = 6.01
174.6606 	EXP 	slider: markerPos = 6.01
174.6767 	EXP 	slider: markerPos = 6.01
174.6935 	EXP 	slider: markerPos = 6.01
174.7103 	EXP 	slider: markerPos = 6.01
174.7273 	EXP 	slider: markerPos = 6.01
174.7434 	EXP 	slider: markerPos = 6.01
174.7599 	EXP 	slider: markerPos = 6.01
174.7766 	EXP 	slider: markerPos = 6.0
174.7932 	EXP 	slider: markerPos = 6.0
174.8099 	EXP 	slider: markerPos = 6.0
174.8266 	EXP 	slider: markerPos = 6.0
174.8435 	EXP 	slider: markerPos = 6.0
174.8603 	EXP 	slider: markerPos = 6.0
174.8767 	EXP 	slider: markerPos = 6.0
174.8931 	EXP 	slider: markerPos = 6.0
174.9101 	EXP 	slider: markerPos = 6.0
174.9265 	EXP 	slider: markerPos = 6.0
174.9436 	EXP 	slider: markerPos = 6.0
174.9599 	EXP 	slider: markerPos = 6.0
174.9765 	EXP 	slider: markerPos = 6.0
174.9934 	EXP 	slider: markerPos = 6.0
175.0104 	EXP 	slider: markerPos = 6.0
175.0264 	EXP 	slider: markerPos = 6.0
175.0433 	EXP 	slider: markerPos = 6.0
175.0602 	EXP 	slider: markerPos = 6.0
175.0763 	EXP 	slider: markerPos = 6.0
175.0935 	EXP 	slider: markerPos = 6.0
175.1100 	EXP 	slider: markerPos = 6.0
175.1269 	EXP 	slider: markerPos = 6.0
175.1431 	EXP 	slider: markerPos = 6.0
175.1603 	EXP 	slider: markerPos = 6.0
175.1765 	EXP 	slider: markerPos = 6.0
175.1934 	EXP 	slider: markerPos = 6.0
175.2096 	EXP 	slider: markerPos = 6.0
175.2267 	EXP 	slider: markerPos = 6.0
175.2430 	EXP 	slider: markerPos = 6.0
175.2595 	EXP 	slider: markerPos = 6.0
175.2764 	EXP 	slider: markerPos = 6.0
175.2933 	EXP 	slider: markerPos = 6.0
175.3095 	EXP 	slider: markerPos = 6.0
175.3265 	EXP 	slider: markerPos = 6.0
175.3428 	EXP 	slider: markerPos = 6.0
175.3455 	DATA 	Mouse:  Left button up, pos=(600,139)
175.3595 	EXP 	slider: markerPos = 6.0
175.3628 	EXP 	New trial (rep=1, index=0): None
175.3756 	EXP 	text_5: autoDraw = False
175.3756 	EXP 	slider: autoDraw = False
175.3756 	EXP 	text_5: height = 0.05
175.3756 	EXP 	text_5: height = 0.05
175.3756 	EXP 	text_5: height = 0.05
175.3756 	EXP 	text_5: text = ''
175.3756 	EXP 	text_5: height = 0.05
175.3756 	EXP 	text_5: height = 0.05
175.3756 	EXP 	text_5: height = 0.05
175.3756 	EXP 	text_5: text = 'When I am fatigued, I lose my patience'
175.3756 	EXP 	slider: markerPos = None
175.3756 	EXP 	slider: markerPos = None
175.3756 	EXP 	text_5: autoDraw = True
175.3756 	EXP 	slider: autoDraw = True
177.4250 	DATA 	Mouse: Left button down, pos=(229,66)
177.4405 	EXP 	slider: markerPos = 2.3
177.4573 	EXP 	slider: markerPos = 2.34
177.4743 	EXP 	slider: markerPos = 2.38
177.4907 	EXP 	slider: markerPos = 2.41
177.5075 	EXP 	slider: markerPos = 2.5100000000000002
177.5235 	EXP 	slider: markerPos = 2.6399999999999997
177.5403 	EXP 	slider: markerPos = 2.76
177.5572 	EXP 	slider: markerPos = 2.92
177.5735 	EXP 	slider: markerPos = 3.09
177.5904 	EXP 	slider: markerPos = 3.2399999999999998
177.6070 	EXP 	slider: markerPos = 3.38
177.6235 	EXP 	slider: markerPos = 3.55
177.6403 	EXP 	slider: markerPos = 3.71
177.6568 	EXP 	slider: markerPos = 3.8499999999999996
177.6735 	EXP 	slider: markerPos = 3.98
177.6905 	EXP 	slider: markerPos = 4.109999999999999
177.7073 	EXP 	slider: markerPos = 4.21
177.7234 	EXP 	slider: markerPos = 4.300000000000001
177.7401 	EXP 	slider: markerPos = 4.38
177.7568 	EXP 	slider: markerPos = 4.470000000000001
177.7739 	EXP 	slider: markerPos = 4.61
177.7901 	EXP 	slider: markerPos = 4.8
177.8070 	EXP 	slider: markerPos = 4.95
177.8235 	EXP 	slider: markerPos = 5.17
177.8402 	EXP 	slider: markerPos = 5.38
177.8570 	EXP 	slider: markerPos = 5.57
177.8734 	EXP 	slider: markerPos = 5.77
177.8903 	EXP 	slider: markerPos = 5.9399999999999995
177.9068 	EXP 	slider: markerPos = 6.1
177.9236 	EXP 	slider: markerPos = 6.210000000000001
177.9410 	EXP 	slider: markerPos = 6.289999999999999
177.9579 	EXP 	slider: markerPos = 6.3100000000000005
177.9744 	EXP 	slider: markerPos = 6.33
177.9902 	EXP 	slider: markerPos = 6.359999999999999
178.0066 	EXP 	slider: markerPos = 6.4
178.0241 	EXP 	slider: markerPos = 6.44
178.0402 	EXP 	slider: markerPos = 6.51
178.0564 	EXP 	slider: markerPos = 6.62
178.0733 	EXP 	slider: markerPos = 6.77
178.0907 	EXP 	slider: markerPos = 6.95
178.1067 	EXP 	slider: markerPos = 7.17
178.1231 	EXP 	slider: markerPos = 7.35
178.1400 	EXP 	slider: markerPos = 7.539999999999999
178.1570 	EXP 	slider: markerPos = 7.709999999999999
178.1735 	EXP 	slider: markerPos = 7.829999999999999
178.1898 	EXP 	slider: markerPos = 7.91
178.2065 	EXP 	slider: markerPos = 7.960000000000001
178.2236 	EXP 	slider: markerPos = 7.98
178.2409 	EXP 	slider: markerPos = 7.98
178.2566 	EXP 	slider: markerPos = 7.99
178.2732 	EXP 	slider: markerPos = 7.999999999999999
178.2906 	EXP 	slider: markerPos = 7.999999999999999
178.3066 	EXP 	slider: markerPos = 7.999999999999999
178.3235 	EXP 	slider: markerPos = 7.999999999999999
178.3405 	EXP 	slider: markerPos = 7.999999999999999
178.3565 	EXP 	slider: markerPos = 7.999999999999999
178.3735 	EXP 	slider: markerPos = 7.999999999999999
178.3764 	DATA 	Mouse:  Left button up, pos=(800,49)
178.3898 	EXP 	slider: markerPos = 7
178.4071 	EXP 	text_5: autoDraw = False
178.4071 	EXP 	slider: autoDraw = False
178.4071 	EXP 	text_4: autoDraw = True
179.4226 	EXP 	text_4: autoDraw = False
179.4226 	EXP 	InstructionsText: autoDraw = True
188.0323 	DATA 	Keypress: escape
188.7275 	EXP 	window1: mouseVisible = True
