9.2749 	EXP 	Created window1 = Window(allowGUI=True, allowStencil=False, autoLog=True, backendConf=UNKNOWN, bitsMode=UNKNOWN, blendMode='avg', bpc=(8, 8, 8), color=array([0, 0, 0]), colorSpace='rgb', depthBits=8, fullscr=<method-wrapper '__getattribute__' of attributeSetter object at 0x00000225E5228AF0>, gamma=None, gammaErrorPolicy='raise', lms=UNKNOWN, monitor=<psychopy.monitors.calibTools.Monitor object at 0x00000225EA420280>, multiSample=False, name='window1', numSamples=2, pos=(560, 240), screen=0, size=array([800, 600]), stencilBits=0, stereo=False, units='height', useFBO=True, useRetina=False, viewOri=0.0, viewPos=None, viewScale=None, waitBlanking=True, winType='pyglet')
9.2750 	EXP 	window1: mouseVisible = True
9.2750 	EXP 	window1: mouseVisible = True
9.2750 	EXP 	window1: Attempting to measure frame rate of screen (0) ...
9.2750 	EXP 	window1: recordFrameIntervals = False
9.4413 	EXP 	window1: recordFrameIntervals = True
9.6247 	EXP 	Screen (0) actual frame rate measured at 60.05Hz
9.6247 	EXP 	window1: recordFrameIntervals = False
9.6653 	WARNING 	launchHubServer: If using the iohub mouse or eyetracker devices, fullScr should be True.
11.4937 	EXP 	Created text_2 = TextStim(__class__=<class 'psychopy.visual.text.TextStim'>, alignHoriz=method-wrapper(...), alignText='center', alignVert=method-wrapper(...), anchorHoriz='center', anchorVert='center', antialias=True, autoDraw=False, autoLog=True, bold=False, color=array([1, 1, 1]), colorSpace='rgb', contrast=1.0, depth=0.0, flipHoriz=False, flipVert=False, font='Open Sans', fontFiles=[], height=0.05, italic=False, languageStyle='LTR', name='text_2', opacity=1.0, ori=0.0, pos=array([0., 0.]), rgb=UNKNOWN, text='to start, press space', units='height', win=Window(...), wrapWidth=1)
11.5000 	EXP 	Created text_7 = TextStim(__class__=<class 'psychopy.visual.text.TextStim'>, alignHoriz=method-wrapper(...), alignText='center', alignVert=method-wrapper(...), anchorHoriz='center', anchorVert='center', antialias=True, autoDraw=False, autoLog=True, bold=False, color=array([1, 1, 1]), colorSpace='rgb', contrast=1.0, depth=-2.0, flipHoriz=False, flipVert=False, font='Open Sans', fontFiles=[], height=0.05, italic=False, languageStyle='LTR', name='text_7', opacity=1.0, ori=0.0, pos=array([0., 0.]), rgb=UNKNOWN, text='', units='height', win=Window(...), wrapWidth=1)
11.5005 	EXP 	Created text_8 = TextStim(__class__=<class 'psychopy.visual.text.TextStim'>, alignHoriz=method-wrapper(...), alignText='center', alignVert=method-wrapper(...), anchorHoriz='center', anchorVert='center', antialias=True, autoDraw=False, autoLog=True, bold=False, color=array([1, 1, 1]), colorSpace='rgb', contrast=1.0, depth=0.0, flipHoriz=False, flipVert=False, font='Open Sans', fontFiles=[], height=0.05, italic=False, languageStyle='LTR', name='text_8', opacity=1.0, ori=0.0, pos=array([0., 0.]), rgb=UNKNOWN, text='', units='height', win=Window(...), wrapWidth=1)
11.5055 	EXP 	Created text = TextStim(__class__=<class 'psychopy.visual.text.TextStim'>, alignHoriz=method-wrapper(...), alignText='center', alignVert=method-wrapper(...), anchorHoriz='center', anchorVert='center', antialias=True, autoDraw=False, autoLog=True, bold=False, color=array([1, 1, 1]), colorSpace='rgb', contrast=1.0, depth=0.0, flipHoriz=False, flipVert=False, font='Open Sans', fontFiles=[], height=0.05, italic=False, languageStyle='LTR', name='text', opacity=1.0, ori=0.0, pos=array([0., 0.]), rgb=UNKNOWN, text='ppg test here', units='height', win=Window(...), wrapWidth=1)
11.5112 	EXP 	Created text_5 = TextStim(__class__=<class 'psychopy.visual.text.TextStim'>, alignHoriz=method-wrapper(...), alignText='center', alignVert=method-wrapper(...), anchorHoriz='center', anchorVert='center', antialias=True, autoDraw=False, autoLog=True, bold=False, color=array([1, 1, 1]), colorSpace='rgb', contrast=1.0, depth=0.0, flipHoriz=False, flipVert=False, font='Open Sans', fontFiles=[], height=0.05, italic=False, languageStyle='LTR', name='text_5', opacity=1.0, ori=0.0, pos=array([0., 0.]), rgb=UNKNOWN, text='self eval here', units='height', win=Window(...), wrapWidth=1)
11.5220 	EXP 	Created text_4 = TextStim(__class__=<class 'psychopy.visual.text.TextStim'>, alignHoriz=method-wrapper(...), alignText='center', alignVert=method-wrapper(...), anchorHoriz='center', anchorVert='center', antialias=True, autoDraw=False, autoLog=True, bold=False, color=array([1, 1, 1]), colorSpace='rgb', contrast=1.0, depth=0.0, flipHoriz=False, flipVert=False, font='Open Sans', fontFiles=[], height=0.05, italic=False, languageStyle='LTR', name='text_4', opacity=1.0, ori=0.0, pos=array([0., 0.]), rgb=UNKNOWN, text=str(...), units='height', win=Window(...), wrapWidth=1)
11.5386 	EXP 	Created InstructionsText = TextStim(__class__=<class 'psychopy.visual.text.TextStim'>, alignHoriz=method-wrapper(...), alignText='center', alignVert=method-wrapper(...), anchorHoriz='center', anchorVert='center', antialias=True, autoDraw=False, autoLog=True, bold=False, color=array([1, 1, 1]), colorSpace='rgb', contrast=1.0, depth=0.0, flipHoriz=False, flipVert=False, font='Open Sans', fontFiles=[], height=0.05, italic=False, languageStyle='LTR', name='InstructionsText', opacity=1.0, ori=0.0, pos=array([0., 0.]), rgb=UNKNOWN, text=str(...), units='height', win=Window(...), wrapWidth=1)
11.5395 	EXP 	Created ISI_text = TextStim(__class__=<class 'psychopy.visual.text.TextStim'>, alignHoriz=method-wrapper(...), alignText='center', alignVert=method-wrapper(...), anchorHoriz='center', anchorVert='center', antialias=True, autoDraw=False, autoLog=True, bold=False, color=array([1, 1, 1]), colorSpace='rgb', contrast=1.0, depth=-1.0, flipHoriz=False, flipVert=False, font='Open Sans', fontFiles=[], height=0.05, italic=False, languageStyle='LTR', name='ISI_text', opacity=1.0, ori=0.0, pos=array([0., 0.]), rgb=UNKNOWN, text='', units='height', win=Window(...), wrapWidth=1)
11.5400 	EXP 	Created Targetstim = TextStim(__class__=<class 'psychopy.visual.text.TextStim'>, alignHoriz=method-wrapper(...), alignText='center', alignVert=method-wrapper(...), anchorHoriz='center', anchorVert='center', antialias=True, autoDraw=False, autoLog=True, bold=False, color=array([ 1, -1, -1]), colorSpace='rgb', contrast=1.0, depth=-1.0, flipHoriz=False, flipVert=False, font='Open Sans', fontFiles=[], height=0.05, italic=False, languageStyle='LTR', name='Targetstim', opacity=1.0, ori=0.0, pos=array([0., 0.]), rgb=UNKNOWN, text='', units='height', win=Window(...), wrapWidth=1)
11.5405 	EXP 	Created Feedback_text = TextStim(__class__=<class 'psychopy.visual.text.TextStim'>, alignHoriz=method-wrapper(...), alignText='center', alignVert=method-wrapper(...), anchorHoriz='center', anchorVert='center', antialias=True, autoDraw=False, autoLog=True, bold=False, color=array([ 1, -1, -1]), colorSpace='rgb', contrast=1.0, depth=0.0, flipHoriz=False, flipVert=False, font='Open Sans', fontFiles=[], height=0.05, italic=False, languageStyle='LTR', name='Feedback_text', opacity=1.0, ori=0.0, pos=array([0., 0.]), rgb=UNKNOWN, text='', units='height', win=Window(...), wrapWidth=1)
11.5517 	EXP 	Created text_6 = TextStim(__class__=<class 'psychopy.visual.text.TextStim'>, alignHoriz=method-wrapper(...), alignText='center', alignVert=method-wrapper(...), anchorHoriz='center', anchorVert='center', antialias=True, autoDraw=False, autoLog=True, bold=False, color=array([1, 1, 1]), colorSpace='rgb', contrast=1.0, depth=0.0, flipHoriz=False, flipVert=False, font='Open Sans', fontFiles=[], height=0.05, italic=False, languageStyle='LTR', name='text_6', opacity=1.0, ori=0.0, pos=array([0., 0.]), rgb=UNKNOWN, text=str(...), units='height', win=Window(...), wrapWidth=1)
11.5589 	EXP 	Created text_6 = TextStim(__class__=<class 'psychopy.visual.text.TextStim'>, alignHoriz=method-wrapper(...), alignText='center', alignVert=method-wrapper(...), anchorHoriz='center', anchorVert='center', antialias=True, autoDraw=False, autoLog=True, bold=False, color=array([1, 1, 1]), colorSpace='rgb', contrast=1.0, depth=0.0, flipHoriz=False, flipVert=False, font='Open Sans', fontFiles=[], height=0.05, italic=False, languageStyle='LTR', name='text_6', opacity=1.0, ori=0.0, pos=array([0., 0.]), rgb=UNKNOWN, text=str(...), units='height', win=Window(...), wrapWidth=1)
11.5614 	EXP 	Created text_5 = TextStim(__class__=<class 'psychopy.visual.text.TextStim'>, alignHoriz=method-wrapper(...), alignText='center', alignVert=method-wrapper(...), anchorHoriz='center', anchorVert='center', antialias=True, autoDraw=False, autoLog=True, bold=False, color=array([1, 1, 1]), colorSpace='rgb', contrast=1.0, depth=0.0, flipHoriz=False, flipVert=False, font='Open Sans', fontFiles=[], height=0.05, italic=False, languageStyle='LTR', name='text_5', opacity=1.0, ori=0.0, pos=array([0., 0.]), rgb=UNKNOWN, text='self eval here', units='height', win=Window(...), wrapWidth=1)
11.5637 	EXP 	Created text = TextStim(__class__=<class 'psychopy.visual.text.TextStim'>, alignHoriz=method-wrapper(...), alignText='center', alignVert=method-wrapper(...), anchorHoriz='center', anchorVert='center', antialias=True, autoDraw=False, autoLog=True, bold=False, color=array([1, 1, 1]), colorSpace='rgb', contrast=1.0, depth=0.0, flipHoriz=False, flipVert=False, font='Open Sans', fontFiles=[], height=0.05, italic=False, languageStyle='LTR', name='text', opacity=1.0, ori=0.0, pos=array([0., 0.]), rgb=UNKNOWN, text='ppg test here', units='height', win=Window(...), wrapWidth=1)
11.5665 	EXP 	Created text_3 = TextStim(__class__=<class 'psychopy.visual.text.TextStim'>, alignHoriz=method-wrapper(...), alignText='center', alignVert=method-wrapper(...), anchorHoriz='center', anchorVert='center', antialias=True, autoDraw=False, autoLog=True, bold=False, color=array([1, 1, 1]), colorSpace='rgb', contrast=1.0, depth=0.0, flipHoriz=False, flipVert=False, font='Open Sans', fontFiles=[], height=0.05, italic=False, languageStyle='LTR', name='text_3', opacity=1.0, ori=0.0, pos=array([0., 0.]), rgb=UNKNOWN, text='Done', units='height', win=Window(...), wrapWidth=1)
11.5748 	EXP 	text_2: autoDraw = True
12.6565 	DATA 	Keypress: space
12.6711 	EXP 	text_2: autoDraw = False
12.6711 	EXP 	text_7: autoDraw = True
12.7543 	EXP 	text_7: height = 0.05
12.7543 	EXP 	text_7: height = 0.05
12.7543 	EXP 	text_7: height = 0.05
12.7543 	EXP 	text_7: text = 'space'
13.6869 	EXP 	text_7: autoDraw = False
16.1360 	DATA 	Keypress: num_4
16.3343 	EXP 	text_7: height = 0.05
16.3343 	EXP 	text_7: height = 0.05
16.3343 	EXP 	text_7: height = 0.05
16.3343 	EXP 	text_7: text = 'num_4'
16.7853 	DATA 	Keypress: num_5
17.0173 	EXP 	text_7: height = 0.05
17.0173 	EXP 	text_7: height = 0.05
17.0173 	EXP 	text_7: height = 0.05
17.0173 	EXP 	text_7: text = 'num_5'
17.0847 	DATA 	Keypress: num_6
17.2848 	DATA 	Keypress: num_8
17.3666 	EXP 	text_7: height = 0.05
17.3666 	EXP 	text_7: height = 0.05
17.3666 	EXP 	text_7: height = 0.05
17.3666 	EXP 	text_7: text = 'num_6'
17.4684 	DATA 	Keypress: num_4
17.5661 	EXP 	text_7: height = 0.05
17.5661 	EXP 	text_7: height = 0.05
17.5661 	EXP 	text_7: height = 0.05
17.5661 	EXP 	text_7: text = 'num_8'
17.7511 	DATA 	Keypress: num_6
17.8327 	EXP 	text_7: height = 0.05
17.8327 	EXP 	text_7: height = 0.05
17.8327 	EXP 	text_7: height = 0.05
17.8327 	EXP 	text_7: text = 'num_4'
17.8678 	DATA 	Keypress: num_5
18.0337 	DATA 	Keypress: num_1
18.0338 	DATA 	Keypress: num_4
18.0662 	EXP 	text_7: height = 0.05
18.0662 	EXP 	text_7: height = 0.05
18.0662 	EXP 	text_7: height = 0.05
18.0662 	EXP 	text_7: text = 'num_6'
18.1159 	EXP 	text_7: height = 0.05
18.1159 	EXP 	text_7: height = 0.05
18.1159 	EXP 	text_7: height = 0.05
18.1159 	EXP 	text_7: text = 'num_5'
18.1327 	EXP 	text_7: height = 0.05
18.1327 	EXP 	text_7: height = 0.05
18.1327 	EXP 	text_7: height = 0.05
18.1327 	EXP 	text_7: text = 'num_1'
18.1825 	EXP 	text_7: height = 0.05
18.1825 	EXP 	text_7: height = 0.05
18.1825 	EXP 	text_7: height = 0.05
18.1825 	EXP 	text_7: text = 'num_4'
18.2172 	DATA 	Keypress: num_6
18.2338 	DATA 	Keypress: num_5
18.3655 	EXP 	text_7: height = 0.05
18.3655 	EXP 	text_7: height = 0.05
18.3655 	EXP 	text_7: height = 0.05
18.3655 	EXP 	text_7: text = 'num_6'
18.3824 	EXP 	text_7: height = 0.05
18.3824 	EXP 	text_7: height = 0.05
18.3824 	EXP 	text_7: height = 0.05
18.3824 	EXP 	text_7: text = 'num_5'
18.5010 	DATA 	Keypress: num_6
18.5167 	DATA 	Keypress: num_5
18.6165 	EXP 	text_7: height = 0.05
18.6165 	EXP 	text_7: height = 0.05
18.6165 	EXP 	text_7: height = 0.05
18.6165 	EXP 	text_7: text = 'num_6'
18.6323 	EXP 	text_7: height = 0.05
18.6323 	EXP 	text_7: height = 0.05
18.6323 	EXP 	text_7: height = 0.05
18.6323 	EXP 	text_7: text = 'num_5'
18.7835 	DATA 	Keypress: num_5
18.8654 	EXP 	text_7: text = 'num_5'
19.0671 	DATA 	Keypress: num_6
19.0830 	DATA 	Keypress: num_5
19.1313 	EXP 	text_7: height = 0.05
19.1313 	EXP 	text_7: height = 0.05
19.1313 	EXP 	text_7: height = 0.05
19.1313 	EXP 	text_7: text = 'num_6'
19.1313 	EXP 	text_7: height = 0.05
19.1313 	EXP 	text_7: height = 0.05
19.1313 	EXP 	text_7: height = 0.05
19.1313 	EXP 	text_7: text = 'num_5'
21.4813 	DATA 	Keypress: escape
21.6960 	EXP 	text_7: height = 0.05
21.6960 	EXP 	text_7: height = 0.05
21.6960 	EXP 	text_7: height = 0.05
21.6960 	EXP 	text_7: text = 'escape'
24.6282 	DATA 	Keypress: escape
24.8094 	EXP 	text_7: text = 'escape'
24.8273 	DATA 	Keypress: escape
24.9602 	EXP 	text_7: text = 'escape'
24.9616 	DATA 	Keypress: escape
25.0928 	EXP 	text_7: text = 'escape'
25.0941 	DATA 	Keypress: escape
25.2095 	EXP 	text_7: text = 'escape'
25.2107 	DATA 	Keypress: escape
25.3111 	DATA 	Keypress: escape
25.3263 	EXP 	text_7: text = 'escape'
25.4258 	EXP 	text_7: text = 'escape'
25.4440 	DATA 	Keypress: escape
25.5593 	EXP 	text_7: text = 'escape'
25.5773 	DATA 	Keypress: escape
25.6759 	EXP 	text_7: text = 'escape'
25.7101 	DATA 	Keypress: escape
25.8086 	EXP 	text_7: text = 'escape'
25.8267 	DATA 	Keypress: escape
25.9602 	DATA 	Keypress: escape
25.9753 	EXP 	text_7: text = 'escape'
26.3578 	EXP 	text_7: text = 'escape'
99.7076 	DATA 	Keypress: lshift
99.7580 	DATA 	Keypress: lctrl
100.6823 	DATA 	Keypress: escape
100.6880 	EXP 	text_7: height = 0.05
100.6880 	EXP 	text_7: height = 0.05
100.6880 	EXP 	text_7: height = 0.05
100.6880 	EXP 	text_7: text = '\x1b'
100.7069 	EXP 	text_7: height = 0.05
100.7069 	EXP 	text_7: height = 0.05
100.7069 	EXP 	text_7: height = 0.05
100.7069 	EXP 	text_7: text = 'lctrl'
100.7069 	EXP 	text_7: height = 0.05
100.7069 	EXP 	text_7: height = 0.05
100.7069 	EXP 	text_7: height = 0.05
100.7069 	EXP 	text_7: text = 'lshift'
112.4872 	EXP 	window1: mouseVisible = True
