6.6745 	EXP 	Created window1 = Window(allowGUI=True, allowStencil=False, autoLog=True, backendConf=UNKNOWN, bitsMode=UNKNOWN, blendMode='avg', bpc=(8, 8, 8), color=array([0, 0, 0]), colorSpace='rgb', depthBits=8, fullscr=<method-wrapper '__getattribute__' of attributeSetter object at 0x0000016EC33C8B20>, gamma=None, gammaErrorPolicy='raise', lms=UNKNOWN, monitor=<psychopy.monitors.calibTools.Monitor object at 0x0000016EC8593340>, multiSample=False, name='window1', numSamples=2, pos=(560, 240), screen=0, size=array([800, 600]), stencilBits=0, stereo=False, units='height', useFBO=True, useRetina=False, viewOri=0.0, viewPos=None, viewScale=None, waitBlanking=True, winType='pyglet')
6.6745 	EXP 	window1: mouseVisible = True
6.6746 	EXP 	window1: mouseVisible = True
6.6746 	EXP 	window1: Attempting to measure frame rate of screen (0) ...
6.6746 	EXP 	window1: recordFrameIntervals = False
6.8409 	EXP 	window1: recordFrameIntervals = True
7.0240 	EXP 	Screen (0) actual frame rate measured at 60.08Hz
7.0240 	EXP 	window1: recordFrameIntervals = False
7.0642 	WARNING 	launchHubServer: If using the iohub mouse or eyetracker devices, fullScr should be True.
9.0023 	EXP 	Created text_2 = TextStim(__class__=<class 'psychopy.visual.text.TextStim'>, alignHoriz=method-wrapper(...), alignText='center', alignVert=method-wrapper(...), anchorHoriz='center', anchorVert='center', antialias=True, autoDraw=False, autoLog=True, bold=False, color=array([1, 1, 1]), colorSpace='rgb', contrast=1.0, depth=0.0, flipHoriz=False, flipVert=False, font='Open Sans', fontFiles=[], height=0.05, italic=False, languageStyle='LTR', name='text_2', opacity=1.0, ori=0.0, pos=array([0., 0.]), rgb=UNKNOWN, text='to start, press space', units='height', win=Window(...), wrapWidth=1)
9.0090 	EXP 	Created text_7 = TextStim(__class__=<class 'psychopy.visual.text.TextStim'>, alignHoriz=method-wrapper(...), alignText='center', alignVert=method-wrapper(...), anchorHoriz='center', anchorVert='center', antialias=True, autoDraw=False, autoLog=True, bold=False, color=array([1, 1, 1]), colorSpace='rgb', contrast=1.0, depth=-2.0, flipHoriz=False, flipVert=False, font='Open Sans', fontFiles=[], height=0.05, italic=False, languageStyle='LTR', name='text_7', opacity=1.0, ori=0.0, pos=array([0., 0.]), rgb=UNKNOWN, text='', units='height', win=Window(...), wrapWidth=1)
9.0097 	EXP 	Created text_8 = TextStim(__class__=<class 'psychopy.visual.text.TextStim'>, alignHoriz=method-wrapper(...), alignText='center', alignVert=method-wrapper(...), anchorHoriz='center', anchorVert='center', antialias=True, autoDraw=False, autoLog=True, bold=False, color=array([1, 1, 1]), colorSpace='rgb', contrast=1.0, depth=0.0, flipHoriz=False, flipVert=False, font='Open Sans', fontFiles=[], height=0.05, italic=False, languageStyle='LTR', name='text_8', opacity=1.0, ori=0.0, pos=array([100., 100.]), rgb=UNKNOWN, text='', units='height', win=Window(...), wrapWidth=1)
9.0103 	EXP 	Created text_9 = TextStim(__class__=<class 'psychopy.visual.text.TextStim'>, alignHoriz=method-wrapper(...), alignText='center', alignVert=method-wrapper(...), anchorHoriz='center', anchorVert='center', antialias=True, autoDraw=False, autoLog=True, bold=False, color=array([1, 1, 1]), colorSpace='rgb', contrast=1.0, depth=-3.0, flipHoriz=False, flipVert=False, font='Open Sans', fontFiles=[], height=0.05, italic=False, languageStyle='LTR', name='text_9', opacity=1.0, ori=0.0, pos=array([0., 0.]), rgb=UNKNOWN, text='', units='height', win=Window(...), wrapWidth=1)
9.0150 	EXP 	Created text = TextStim(__class__=<class 'psychopy.visual.text.TextStim'>, alignHoriz=method-wrapper(...), alignText='center', alignVert=method-wrapper(...), anchorHoriz='center', anchorVert='center', antialias=True, autoDraw=False, autoLog=True, bold=False, color=array([1, 1, 1]), colorSpace='rgb', contrast=1.0, depth=0.0, flipHoriz=False, flipVert=False, font='Open Sans', fontFiles=[], height=0.05, italic=False, languageStyle='LTR', name='text', opacity=1.0, ori=0.0, pos=array([0., 0.]), rgb=UNKNOWN, text='ppg test here', units='height', win=Window(...), wrapWidth=1)
9.0203 	EXP 	Created text_5 = TextStim(__class__=<class 'psychopy.visual.text.TextStim'>, alignHoriz=method-wrapper(...), alignText='center', alignVert=method-wrapper(...), anchorHoriz='center', anchorVert='center', antialias=True, autoDraw=False, autoLog=True, bold=False, color=array([1, 1, 1]), colorSpace='rgb', contrast=1.0, depth=0.0, flipHoriz=False, flipVert=False, font='Open Sans', fontFiles=[], height=0.05, italic=False, languageStyle='LTR', name='text_5', opacity=1.0, ori=0.0, pos=array([0., 0.]), rgb=UNKNOWN, text='self eval here', units='height', win=Window(...), wrapWidth=1)
9.0307 	EXP 	Created text_4 = TextStim(__class__=<class 'psychopy.visual.text.TextStim'>, alignHoriz=method-wrapper(...), alignText='center', alignVert=method-wrapper(...), anchorHoriz='center', anchorVert='center', antialias=True, autoDraw=False, autoLog=True, bold=False, color=array([1, 1, 1]), colorSpace='rgb', contrast=1.0, depth=0.0, flipHoriz=False, flipVert=False, font='Open Sans', fontFiles=[], height=0.05, italic=False, languageStyle='LTR', name='text_4', opacity=1.0, ori=0.0, pos=array([0., 0.]), rgb=UNKNOWN, text=str(...), units='height', win=Window(...), wrapWidth=1)
9.0480 	EXP 	Created InstructionsText = TextStim(__class__=<class 'psychopy.visual.text.TextStim'>, alignHoriz=method-wrapper(...), alignText='center', alignVert=method-wrapper(...), anchorHoriz='center', anchorVert='center', antialias=True, autoDraw=False, autoLog=True, bold=False, color=array([1, 1, 1]), colorSpace='rgb', contrast=1.0, depth=0.0, flipHoriz=False, flipVert=False, font='Open Sans', fontFiles=[], height=0.05, italic=False, languageStyle='LTR', name='InstructionsText', opacity=1.0, ori=0.0, pos=array([0., 0.]), rgb=UNKNOWN, text=str(...), units='height', win=Window(...), wrapWidth=1)
9.0488 	EXP 	Created ISI_text = TextStim(__class__=<class 'psychopy.visual.text.TextStim'>, alignHoriz=method-wrapper(...), alignText='center', alignVert=method-wrapper(...), anchorHoriz='center', anchorVert='center', antialias=True, autoDraw=False, autoLog=True, bold=False, color=array([1, 1, 1]), colorSpace='rgb', contrast=1.0, depth=-1.0, flipHoriz=False, flipVert=False, font='Open Sans', fontFiles=[], height=0.05, italic=False, languageStyle='LTR', name='ISI_text', opacity=1.0, ori=0.0, pos=array([0., 0.]), rgb=UNKNOWN, text='', units='height', win=Window(...), wrapWidth=1)
9.0493 	EXP 	Created Targetstim = TextStim(__class__=<class 'psychopy.visual.text.TextStim'>, alignHoriz=method-wrapper(...), alignText='center', alignVert=method-wrapper(...), anchorHoriz='center', anchorVert='center', antialias=True, autoDraw=False, autoLog=True, bold=False, color=array([ 1, -1, -1]), colorSpace='rgb', contrast=1.0, depth=-1.0, flipHoriz=False, flipVert=False, font='Open Sans', fontFiles=[], height=0.05, italic=False, languageStyle='LTR', name='Targetstim', opacity=1.0, ori=0.0, pos=array([0., 0.]), rgb=UNKNOWN, text='', units='height', win=Window(...), wrapWidth=1)
9.0498 	EXP 	Created Feedback_text = TextStim(__class__=<class 'psychopy.visual.text.TextStim'>, alignHoriz=method-wrapper(...), alignText='center', alignVert=method-wrapper(...), anchorHoriz='center', anchorVert='center', antialias=True, autoDraw=False, autoLog=True, bold=False, color=array([ 1, -1, -1]), colorSpace='rgb', contrast=1.0, depth=0.0, flipHoriz=False, flipVert=False, font='Open Sans', fontFiles=[], height=0.05, italic=False, languageStyle='LTR', name='Feedback_text', opacity=1.0, ori=0.0, pos=array([0., 0.]), rgb=UNKNOWN, text='', units='height', win=Window(...), wrapWidth=1)
9.0616 	EXP 	Created text_6 = TextStim(__class__=<class 'psychopy.visual.text.TextStim'>, alignHoriz=method-wrapper(...), alignText='center', alignVert=method-wrapper(...), anchorHoriz='center', anchorVert='center', antialias=True, autoDraw=False, autoLog=True, bold=False, color=array([1, 1, 1]), colorSpace='rgb', contrast=1.0, depth=0.0, flipHoriz=False, flipVert=False, font='Open Sans', fontFiles=[], height=0.05, italic=False, languageStyle='LTR', name='text_6', opacity=1.0, ori=0.0, pos=array([0., 0.]), rgb=UNKNOWN, text=str(...), units='height', win=Window(...), wrapWidth=1)
9.0692 	EXP 	Created text_6 = TextStim(__class__=<class 'psychopy.visual.text.TextStim'>, alignHoriz=method-wrapper(...), alignText='center', alignVert=method-wrapper(...), anchorHoriz='center', anchorVert='center', antialias=True, autoDraw=False, autoLog=True, bold=False, color=array([1, 1, 1]), colorSpace='rgb', contrast=1.0, depth=0.0, flipHoriz=False, flipVert=False, font='Open Sans', fontFiles=[], height=0.05, italic=False, languageStyle='LTR', name='text_6', opacity=1.0, ori=0.0, pos=array([0., 0.]), rgb=UNKNOWN, text=str(...), units='height', win=Window(...), wrapWidth=1)
9.0719 	EXP 	Created text_5 = TextStim(__class__=<class 'psychopy.visual.text.TextStim'>, alignHoriz=method-wrapper(...), alignText='center', alignVert=method-wrapper(...), anchorHoriz='center', anchorVert='center', antialias=True, autoDraw=False, autoLog=True, bold=False, color=array([1, 1, 1]), colorSpace='rgb', contrast=1.0, depth=0.0, flipHoriz=False, flipVert=False, font='Open Sans', fontFiles=[], height=0.05, italic=False, languageStyle='LTR', name='text_5', opacity=1.0, ori=0.0, pos=array([0., 0.]), rgb=UNKNOWN, text='self eval here', units='height', win=Window(...), wrapWidth=1)
9.0744 	EXP 	Created text = TextStim(__class__=<class 'psychopy.visual.text.TextStim'>, alignHoriz=method-wrapper(...), alignText='center', alignVert=method-wrapper(...), anchorHoriz='center', anchorVert='center', antialias=True, autoDraw=False, autoLog=True, bold=False, color=array([1, 1, 1]), colorSpace='rgb', contrast=1.0, depth=0.0, flipHoriz=False, flipVert=False, font='Open Sans', fontFiles=[], height=0.05, italic=False, languageStyle='LTR', name='text', opacity=1.0, ori=0.0, pos=array([0., 0.]), rgb=UNKNOWN, text='ppg test here', units='height', win=Window(...), wrapWidth=1)
9.0772 	EXP 	Created text_3 = TextStim(__class__=<class 'psychopy.visual.text.TextStim'>, alignHoriz=method-wrapper(...), alignText='center', alignVert=method-wrapper(...), anchorHoriz='center', anchorVert='center', antialias=True, autoDraw=False, autoLog=True, bold=False, color=array([1, 1, 1]), colorSpace='rgb', contrast=1.0, depth=0.0, flipHoriz=False, flipVert=False, font='Open Sans', fontFiles=[], height=0.05, italic=False, languageStyle='LTR', name='text_3', opacity=1.0, ori=0.0, pos=array([0., 0.]), rgb=UNKNOWN, text='Done', units='height', win=Window(...), wrapWidth=1)
9.0919 	EXP 	text_2: autoDraw = True
9.9565 	DATA 	Keypress: space
9.9714 	EXP 	text_2: autoDraw = False
9.9714 	EXP 	text_7: text = ''
9.9714 	EXP 	text_7: autoDraw = True
11.5379 	DATA 	Keypress: 5
11.7030 	EXP 	text_7: height = 0.05
11.7030 	EXP 	text_7: height = 0.05
11.7030 	EXP 	text_7: height = 0.05
11.7030 	EXP 	text_7: text = '5'
13.2362 	DATA 	Keypress: 7
13.3676 	EXP 	text_7: height = 0.05
13.3676 	EXP 	text_7: height = 0.05
13.3676 	EXP 	text_7: height = 0.05
13.3676 	EXP 	text_7: text = '7'
13.3676 	EXP 	text_7: height = 0.05
13.3676 	EXP 	text_7: height = 0.05
13.3676 	EXP 	text_7: height = 0.05
13.3676 	EXP 	text_7: text = 'Incorrect, try again'
15.5175 	DATA 	Keypress: 3
15.6330 	EXP 	text_7: height = 0.05
15.6330 	EXP 	text_7: height = 0.05
15.6330 	EXP 	text_7: height = 0.05
15.6330 	EXP 	text_7: text = '3'
16.8165 	DATA 	Keypress: 5
16.9315 	EXP 	text_7: height = 0.05
16.9315 	EXP 	text_7: height = 0.05
16.9315 	EXP 	text_7: height = 0.05
16.9315 	EXP 	text_7: text = '5'
16.9315 	EXP 	text_7: height = 0.05
16.9315 	EXP 	text_7: height = 0.05
16.9315 	EXP 	text_7: height = 0.05
16.9315 	EXP 	text_7: text = 'Incorrect, try again'
18.1817 	DATA 	Keypress: 9
18.2969 	EXP 	text_7: height = 0.05
18.2969 	EXP 	text_7: height = 0.05
18.2969 	EXP 	text_7: height = 0.05
18.2969 	EXP 	text_7: text = '9'
19.3308 	DATA 	Keypress: 5
19.4456 	EXP 	text_7: height = 0.05
19.4456 	EXP 	text_7: height = 0.05
19.4456 	EXP 	text_7: height = 0.05
19.4456 	EXP 	text_7: text = '5'
19.4456 	EXP 	text_7: height = 0.05
19.4456 	EXP 	text_7: height = 0.05
19.4456 	EXP 	text_7: height = 0.05
19.4456 	EXP 	text_7: text = 'Incorrect, try again'
22.5109 	DATA 	Keypress: 7
22.6427 	EXP 	text_7: height = 0.05
22.6427 	EXP 	text_7: height = 0.05
22.6427 	EXP 	text_7: height = 0.05
22.6427 	EXP 	text_7: text = '7'
23.7432 	DATA 	Keypress: 4
23.8579 	EXP 	text_7: height = 0.05
23.8579 	EXP 	text_7: height = 0.05
23.8579 	EXP 	text_7: height = 0.05
23.8579 	EXP 	text_7: text = '4'
26.9579 	DATA 	Keypress: 3
27.0879 	EXP 	text_7: height = 0.05
27.0879 	EXP 	text_7: height = 0.05
27.0879 	EXP 	text_7: height = 0.05
27.0879 	EXP 	text_7: text = '3'
27.4893 	DATA 	Keypress: 4
27.6215 	EXP 	text_7: height = 0.05
27.6215 	EXP 	text_7: height = 0.05
27.6215 	EXP 	text_7: height = 0.05
27.6215 	EXP 	text_7: text = '4'
28.0228 	DATA 	Keypress: 5
28.1377 	EXP 	text_7: height = 0.05
28.1377 	EXP 	text_7: height = 0.05
28.1377 	EXP 	text_7: height = 0.05
28.1377 	EXP 	text_7: text = '5'
28.3888 	DATA 	Keypress: 6
28.5206 	EXP 	text_7: height = 0.05
28.5206 	EXP 	text_7: height = 0.05
28.5206 	EXP 	text_7: height = 0.05
28.5206 	EXP 	text_7: text = '6'
28.7386 	DATA 	Keypress: 7
28.8535 	EXP 	text_7: height = 0.05
28.8535 	EXP 	text_7: height = 0.05
28.8535 	EXP 	text_7: height = 0.05
28.8535 	EXP 	text_7: text = '7'
29.0717 	DATA 	Keypress: 5
29.2035 	EXP 	text_7: height = 0.05
29.2035 	EXP 	text_7: height = 0.05
29.2035 	EXP 	text_7: height = 0.05
29.2035 	EXP 	text_7: text = '5'
29.3381 	DATA 	Keypress: 4
29.4528 	EXP 	text_7: height = 0.05
29.4528 	EXP 	text_7: height = 0.05
29.4528 	EXP 	text_7: height = 0.05
29.4528 	EXP 	text_7: text = '4'
29.5877 	DATA 	Keypress: 3
29.6861 	EXP 	text_7: height = 0.05
29.6861 	EXP 	text_7: height = 0.05
29.6861 	EXP 	text_7: height = 0.05
29.6861 	EXP 	text_7: text = '3'
29.7886 	DATA 	Keypress: 2
29.9191 	EXP 	text_7: height = 0.05
29.9191 	EXP 	text_7: height = 0.05
29.9191 	EXP 	text_7: height = 0.05
29.9191 	EXP 	text_7: text = '2'
29.9869 	DATA 	Keypress: 2
30.1022 	EXP 	text_7: text = '2'
30.1872 	DATA 	Keypress: 3
30.2213 	DATA 	Keypress: 4
30.2691 	EXP 	text_7: height = 0.05
30.2691 	EXP 	text_7: height = 0.05
30.2691 	EXP 	text_7: height = 0.05
30.2691 	EXP 	text_7: text = '3'
30.4038 	DATA 	Keypress: 5
30.4353 	EXP 	text_7: height = 0.05
30.4353 	EXP 	text_7: height = 0.05
30.4353 	EXP 	text_7: height = 0.05
30.4353 	EXP 	text_7: text = '4'
30.5039 	DATA 	Keypress: 6
30.5521 	EXP 	text_7: height = 0.05
30.5521 	EXP 	text_7: height = 0.05
30.5521 	EXP 	text_7: height = 0.05
30.5521 	EXP 	text_7: text = '5'
30.6207 	DATA 	Keypress: 7
30.6518 	EXP 	text_7: height = 0.05
30.6518 	EXP 	text_7: height = 0.05
30.6518 	EXP 	text_7: height = 0.05
30.6518 	EXP 	text_7: text = '6'
30.9185 	EXP 	text_7: height = 0.05
30.9185 	EXP 	text_7: height = 0.05
30.9185 	EXP 	text_7: height = 0.05
30.9185 	EXP 	text_7: text = '7'
35.6650 	DATA 	Keypress: escape
36.3956 	EXP 	window1: mouseVisible = True
