17.1096 	EXP 	Created window1 = Window(allowGUI=True, allowStencil=False, autoLog=True, backendConf=UNKNOWN, bitsMode=UNKNOWN, blendMode='avg', bpc=(8, 8, 8), color=array([0, 0, 0]), colorSpace='rgb', depthBits=8, fullscr=<method-wrapper '__getattribute__' of attributeSetter object at 0x0000024DD871FAC0>, gamma=None, gammaErrorPolicy='raise', lms=UNKNOWN, monitor=<psychopy.monitors.calibTools.Monitor object at 0x0000024DDBA922E0>, multiSample=False, name='window1', numSamples=2, pos=(560, 240), screen=0, size=array([800, 600]), stencilBits=0, stereo=False, units='height', useFBO=True, useRetina=False, viewOri=0.0, viewPos=None, viewScale=None, waitBlanking=True, winType='pyglet')
17.1096 	EXP 	window1: mouseVisible = True
17.1096 	EXP 	window1: mouseVisible = True
17.1097 	EXP 	window1: Attempting to measure frame rate of screen (0) ...
17.1097 	EXP 	window1: recordFrameIntervals = False
17.2752 	EXP 	window1: recordFrameIntervals = True
17.4582 	EXP 	Screen (0) actual frame rate measured at 60.08Hz
17.4583 	EXP 	window1: recordFrameIntervals = False
17.5044 	WARNING 	launchHubServer: If using the iohub mouse or eyetracker devices, fullScr should be True.
19.5518 	EXP 	Created text_2 = TextStim(__class__=<class 'psychopy.visual.text.TextStim'>, alignHoriz=method-wrapper(...), alignText='center', alignVert=method-wrapper(...), anchorHoriz='center', anchorVert='center', antialias=True, autoDraw=False, autoLog=True, bold=False, color=array([1, 1, 1]), colorSpace='rgb', contrast=1.0, depth=0.0, flipHoriz=False, flipVert=False, font='Open Sans', fontFiles=[], height=0.05, italic=False, languageStyle='LTR', name='text_2', opacity=1.0, ori=0.0, pos=array([0., 0.]), rgb=UNKNOWN, text='to start, press space', units='height', win=Window(...), wrapWidth=1)
19.5582 	EXP 	Created text_5 = TextStim(__class__=<class 'psychopy.visual.text.TextStim'>, alignHoriz=method-wrapper(...), alignText='center', alignVert=method-wrapper(...), anchorHoriz='center', anchorVert='center', antialias=True, autoDraw=False, autoLog=True, bold=False, color=array([1, 1, 1]), colorSpace='rgb', contrast=1.0, depth=0.0, flipHoriz=False, flipVert=False, font='Open Sans', fontFiles=[], height=0.05, italic=False, languageStyle='LTR', name='text_5', opacity=1.0, ori=0.0, pos=array([0., 0.]), rgb=UNKNOWN, text='', units='height', win=Window(...), wrapWidth=1)
19.5624 	EXP 	window1: mouseVisible = True
19.7811 	EXP 	Created slider = Slider(__class__=<class 'psychopy.visual.slider.Slider'>, autoDraw=False, autoLog=True, borderColor=None, color=None, colorSpace='rgb', depth=-2, fillColor=None, flip=False, font='Open Sans', granularity=1.0, labelColor=None, labelHeight=0.05, labelWrapWidth=None, labels=(1, 2, 3, 4, 5, 6, 7), lineColor=None, markerColor=None, name='slider', opacity=None, ori=0.0, pos=array([ 0. , -0.4]), readOnly=False, self=UNKNOWN, size=array([1. , 0.1]), startValue=None, style='rating', styleTweaks=[], ticks=array([1, 2, 3, 4, 5, 6, 7]), units='height', win=Window(...))
19.7973 	EXP 	Created text_4 = TextStim(__class__=<class 'psychopy.visual.text.TextStim'>, alignHoriz=method-wrapper(...), alignText='center', alignVert=method-wrapper(...), anchorHoriz='center', anchorVert='center', antialias=True, autoDraw=False, autoLog=True, bold=False, color=array([1, 1, 1]), colorSpace='rgb', contrast=1.0, depth=0.0, flipHoriz=False, flipVert=False, font='Open Sans', fontFiles=[], height=0.05, italic=False, languageStyle='LTR', name='text_4', opacity=1.0, ori=0.0, pos=array([0., 0.]), rgb=UNKNOWN, text=str(...), units='height', win=Window(...), wrapWidth=1)
19.8164 	EXP 	Created InstructionsText = TextStim(__class__=<class 'psychopy.visual.text.TextStim'>, alignHoriz=method-wrapper(...), alignText='center', alignVert=method-wrapper(...), anchorHoriz='center', anchorVert='center', antialias=True, autoDraw=False, autoLog=True, bold=False, color=array([1, 1, 1]), colorSpace='rgb', contrast=1.0, depth=0.0, flipHoriz=False, flipVert=False, font='Open Sans', fontFiles=[], height=0.05, italic=False, languageStyle='LTR', name='InstructionsText', opacity=1.0, ori=0.0, pos=array([0., 0.]), rgb=UNKNOWN, text=str(...), units='height', win=Window(...), wrapWidth=1)
19.8176 	EXP 	Created ISI_text = TextStim(__class__=<class 'psychopy.visual.text.TextStim'>, alignHoriz=method-wrapper(...), alignText='center', alignVert=method-wrapper(...), anchorHoriz='center', anchorVert='center', antialias=True, autoDraw=False, autoLog=True, bold=False, color=array([1, 1, 1]), colorSpace='rgb', contrast=1.0, depth=-1.0, flipHoriz=False, flipVert=False, font='Open Sans', fontFiles=[], height=0.05, italic=False, languageStyle='LTR', name='ISI_text', opacity=1.0, ori=0.0, pos=array([0., 0.]), rgb=UNKNOWN, text='', units='height', win=Window(...), wrapWidth=1)
19.8183 	EXP 	Created Targetstim = TextStim(__class__=<class 'psychopy.visual.text.TextStim'>, alignHoriz=method-wrapper(...), alignText='center', alignVert=method-wrapper(...), anchorHoriz='center', anchorVert='center', antialias=True, autoDraw=False, autoLog=True, bold=False, color=array([ 1, -1, -1]), colorSpace='rgb', contrast=1.0, depth=-1.0, flipHoriz=False, flipVert=False, font='Open Sans', fontFiles=[], height=0.05, italic=False, languageStyle='LTR', name='Targetstim', opacity=1.0, ori=0.0, pos=array([0., 0.]), rgb=UNKNOWN, text='', units='height', win=Window(...), wrapWidth=1)
19.8189 	EXP 	Created Feedback_text = TextStim(__class__=<class 'psychopy.visual.text.TextStim'>, alignHoriz=method-wrapper(...), alignText='center', alignVert=method-wrapper(...), anchorHoriz='center', anchorVert='center', antialias=True, autoDraw=False, autoLog=True, bold=False, color=array([ 1, -1, -1]), colorSpace='rgb', contrast=1.0, depth=0.0, flipHoriz=False, flipVert=False, font='Open Sans', fontFiles=[], height=0.05, italic=False, languageStyle='LTR', name='Feedback_text', opacity=1.0, ori=0.0, pos=array([0., 0.]), rgb=UNKNOWN, text='', units='height', win=Window(...), wrapWidth=1)
19.8326 	EXP 	Created text_6 = TextStim(__class__=<class 'psychopy.visual.text.TextStim'>, alignHoriz=method-wrapper(...), alignText='center', alignVert=method-wrapper(...), anchorHoriz='center', anchorVert='center', antialias=True, autoDraw=False, autoLog=True, bold=False, color=array([1, 1, 1]), colorSpace='rgb', contrast=1.0, depth=0.0, flipHoriz=False, flipVert=False, font='Open Sans', fontFiles=[], height=0.05, italic=False, languageStyle='LTR', name='text_6', opacity=1.0, ori=0.0, pos=array([0., 0.]), rgb=UNKNOWN, text=str(...), units='height', win=Window(...), wrapWidth=1)
19.8332 	EXP 	Created text_7 = TextStim(__class__=<class 'psychopy.visual.text.TextStim'>, alignHoriz=method-wrapper(...), alignText='center', alignVert=method-wrapper(...), anchorHoriz='center', anchorVert='center', antialias=True, autoDraw=False, autoLog=True, bold=False, color=array([1, 1, 1]), colorSpace='rgb', contrast=1.0, depth=-2.0, flipHoriz=False, flipVert=False, font='Open Sans', fontFiles=[], height=0.05, italic=False, languageStyle='LTR', name='text_7', opacity=1.0, ori=0.0, pos=array([0., 0.]), rgb=UNKNOWN, text='', units='height', win=Window(...), wrapWidth=1)
19.8410 	EXP 	Created InstructionsText = TextStim(__class__=<class 'psychopy.visual.text.TextStim'>, alignHoriz=method-wrapper(...), alignText='center', alignVert=method-wrapper(...), anchorHoriz='center', anchorVert='center', antialias=True, autoDraw=False, autoLog=True, bold=False, color=array([1, 1, 1]), colorSpace='rgb', contrast=1.0, depth=0.0, flipHoriz=False, flipVert=False, font='Open Sans', fontFiles=[], height=0.05, italic=False, languageStyle='LTR', name='InstructionsText', opacity=1.0, ori=0.0, pos=array([0., 0.]), rgb=UNKNOWN, text=str(...), units='height', win=Window(...), wrapWidth=1)
19.8420 	EXP 	Created ISI_text = TextStim(__class__=<class 'psychopy.visual.text.TextStim'>, alignHoriz=method-wrapper(...), alignText='center', alignVert=method-wrapper(...), anchorHoriz='center', anchorVert='center', antialias=True, autoDraw=False, autoLog=True, bold=False, color=array([1, 1, 1]), colorSpace='rgb', contrast=1.0, depth=-1.0, flipHoriz=False, flipVert=False, font='Open Sans', fontFiles=[], height=0.05, italic=False, languageStyle='LTR', name='ISI_text', opacity=1.0, ori=0.0, pos=array([0., 0.]), rgb=UNKNOWN, text='', units='height', win=Window(...), wrapWidth=1)
19.8426 	EXP 	Created Targetstim = TextStim(__class__=<class 'psychopy.visual.text.TextStim'>, alignHoriz=method-wrapper(...), alignText='center', alignVert=method-wrapper(...), anchorHoriz='center', anchorVert='center', antialias=True, autoDraw=False, autoLog=True, bold=False, color=array([ 1, -1, -1]), colorSpace='rgb', contrast=1.0, depth=-1.0, flipHoriz=False, flipVert=False, font='Open Sans', fontFiles=[], height=0.05, italic=False, languageStyle='LTR', name='Targetstim', opacity=1.0, ori=0.0, pos=array([0., 0.]), rgb=UNKNOWN, text='', units='height', win=Window(...), wrapWidth=1)
19.8432 	EXP 	Created Feedback_text = TextStim(__class__=<class 'psychopy.visual.text.TextStim'>, alignHoriz=method-wrapper(...), alignText='center', alignVert=method-wrapper(...), anchorHoriz='center', anchorVert='center', antialias=True, autoDraw=False, autoLog=True, bold=False, color=array([ 1, -1, -1]), colorSpace='rgb', contrast=1.0, depth=0.0, flipHoriz=False, flipVert=False, font='Open Sans', fontFiles=[], height=0.05, italic=False, languageStyle='LTR', name='Feedback_text', opacity=1.0, ori=0.0, pos=array([0., 0.]), rgb=UNKNOWN, text='', units='height', win=Window(...), wrapWidth=1)
19.8519 	EXP 	Created text_6 = TextStim(__class__=<class 'psychopy.visual.text.TextStim'>, alignHoriz=method-wrapper(...), alignText='center', alignVert=method-wrapper(...), anchorHoriz='center', anchorVert='center', antialias=True, autoDraw=False, autoLog=True, bold=False, color=array([1, 1, 1]), colorSpace='rgb', contrast=1.0, depth=0.0, flipHoriz=False, flipVert=False, font='Open Sans', fontFiles=[], height=0.05, italic=False, languageStyle='LTR', name='text_6', opacity=1.0, ori=0.0, pos=array([0., 0.]), rgb=UNKNOWN, text=str(...), units='height', win=Window(...), wrapWidth=1)
19.8526 	EXP 	Created text_7 = TextStim(__class__=<class 'psychopy.visual.text.TextStim'>, alignHoriz=method-wrapper(...), alignText='center', alignVert=method-wrapper(...), anchorHoriz='center', anchorVert='center', antialias=True, autoDraw=False, autoLog=True, bold=False, color=array([1, 1, 1]), colorSpace='rgb', contrast=1.0, depth=-2.0, flipHoriz=False, flipVert=False, font='Open Sans', fontFiles=[], height=0.05, italic=False, languageStyle='LTR', name='text_7', opacity=1.0, ori=0.0, pos=array([0., 0.]), rgb=UNKNOWN, text='', units='height', win=Window(...), wrapWidth=1)
19.8604 	EXP 	Created InstructionsText = TextStim(__class__=<class 'psychopy.visual.text.TextStim'>, alignHoriz=method-wrapper(...), alignText='center', alignVert=method-wrapper(...), anchorHoriz='center', anchorVert='center', antialias=True, autoDraw=False, autoLog=True, bold=False, color=array([1, 1, 1]), colorSpace='rgb', contrast=1.0, depth=0.0, flipHoriz=False, flipVert=False, font='Open Sans', fontFiles=[], height=0.05, italic=False, languageStyle='LTR', name='InstructionsText', opacity=1.0, ori=0.0, pos=array([0., 0.]), rgb=UNKNOWN, text=str(...), units='height', win=Window(...), wrapWidth=1)
19.8614 	EXP 	Created ISI_text = TextStim(__class__=<class 'psychopy.visual.text.TextStim'>, alignHoriz=method-wrapper(...), alignText='center', alignVert=method-wrapper(...), anchorHoriz='center', anchorVert='center', antialias=True, autoDraw=False, autoLog=True, bold=False, color=array([1, 1, 1]), colorSpace='rgb', contrast=1.0, depth=-1.0, flipHoriz=False, flipVert=False, font='Open Sans', fontFiles=[], height=0.05, italic=False, languageStyle='LTR', name='ISI_text', opacity=1.0, ori=0.0, pos=array([0., 0.]), rgb=UNKNOWN, text='', units='height', win=Window(...), wrapWidth=1)
19.8620 	EXP 	Created Targetstim = TextStim(__class__=<class 'psychopy.visual.text.TextStim'>, alignHoriz=method-wrapper(...), alignText='center', alignVert=method-wrapper(...), anchorHoriz='center', anchorVert='center', antialias=True, autoDraw=False, autoLog=True, bold=False, color=array([ 1, -1, -1]), colorSpace='rgb', contrast=1.0, depth=-1.0, flipHoriz=False, flipVert=False, font='Open Sans', fontFiles=[], height=0.05, italic=False, languageStyle='LTR', name='Targetstim', opacity=1.0, ori=0.0, pos=array([0., 0.]), rgb=UNKNOWN, text='', units='height', win=Window(...), wrapWidth=1)
19.8627 	EXP 	Created Feedback_text = TextStim(__class__=<class 'psychopy.visual.text.TextStim'>, alignHoriz=method-wrapper(...), alignText='center', alignVert=method-wrapper(...), anchorHoriz='center', anchorVert='center', antialias=True, autoDraw=False, autoLog=True, bold=False, color=array([ 1, -1, -1]), colorSpace='rgb', contrast=1.0, depth=0.0, flipHoriz=False, flipVert=False, font='Open Sans', fontFiles=[], height=0.05, italic=False, languageStyle='LTR', name='Feedback_text', opacity=1.0, ori=0.0, pos=array([0., 0.]), rgb=UNKNOWN, text='', units='height', win=Window(...), wrapWidth=1)
19.8711 	EXP 	Created text_6 = TextStim(__class__=<class 'psychopy.visual.text.TextStim'>, alignHoriz=method-wrapper(...), alignText='center', alignVert=method-wrapper(...), anchorHoriz='center', anchorVert='center', antialias=True, autoDraw=False, autoLog=True, bold=False, color=array([1, 1, 1]), colorSpace='rgb', contrast=1.0, depth=0.0, flipHoriz=False, flipVert=False, font='Open Sans', fontFiles=[], height=0.05, italic=False, languageStyle='LTR', name='text_6', opacity=1.0, ori=0.0, pos=array([0., 0.]), rgb=UNKNOWN, text=str(...), units='height', win=Window(...), wrapWidth=1)
19.8718 	EXP 	Created text_7 = TextStim(__class__=<class 'psychopy.visual.text.TextStim'>, alignHoriz=method-wrapper(...), alignText='center', alignVert=method-wrapper(...), anchorHoriz='center', anchorVert='center', antialias=True, autoDraw=False, autoLog=True, bold=False, color=array([1, 1, 1]), colorSpace='rgb', contrast=1.0, depth=-2.0, flipHoriz=False, flipVert=False, font='Open Sans', fontFiles=[], height=0.05, italic=False, languageStyle='LTR', name='text_7', opacity=1.0, ori=0.0, pos=array([0., 0.]), rgb=UNKNOWN, text='', units='height', win=Window(...), wrapWidth=1)
19.8728 	EXP 	Created text_5 = TextStim(__class__=<class 'psychopy.visual.text.TextStim'>, alignHoriz=method-wrapper(...), alignText='center', alignVert=method-wrapper(...), anchorHoriz='center', anchorVert='center', antialias=True, autoDraw=False, autoLog=True, bold=False, color=array([1, 1, 1]), colorSpace='rgb', contrast=1.0, depth=0.0, flipHoriz=False, flipVert=False, font='Open Sans', fontFiles=[], height=0.05, italic=False, languageStyle='LTR', name='text_5', opacity=1.0, ori=0.0, pos=array([0., 0.]), rgb=UNKNOWN, text='', units='height', win=Window(...), wrapWidth=1)
19.8748 	EXP 	window1: mouseVisible = True
20.0045 	EXP 	Created slider = Slider(__class__=<class 'psychopy.visual.slider.Slider'>, autoDraw=False, autoLog=True, borderColor=None, color=None, colorSpace='rgb', depth=-2, fillColor=None, flip=False, font='Open Sans', granularity=1.0, labelColor=None, labelHeight=0.05, labelWrapWidth=None, labels=(1, 2, 3, 4, 5, 6, 7), lineColor=None, markerColor=None, name='slider', opacity=None, ori=0.0, pos=array([ 0. , -0.4]), readOnly=False, self=UNKNOWN, size=array([1. , 0.1]), startValue=None, style='rating', styleTweaks=[], ticks=array([1, 2, 3, 4, 5, 6, 7]), units='height', win=Window(...))
20.0089 	EXP 	Created text_3 = TextStim(__class__=<class 'psychopy.visual.text.TextStim'>, alignHoriz=method-wrapper(...), alignText='center', alignVert=method-wrapper(...), anchorHoriz='center', anchorVert='center', antialias=True, autoDraw=False, autoLog=True, bold=False, color=array([1, 1, 1]), colorSpace='rgb', contrast=1.0, depth=0.0, flipHoriz=False, flipVert=False, font='Open Sans', fontFiles=[], height=0.05, italic=False, languageStyle='LTR', name='text_3', opacity=1.0, ori=0.0, pos=array([0., 0.]), rgb=UNKNOWN, text='Done', units='height', win=Window(...), wrapWidth=1)
20.0269 	EXP 	slider: autoLog = True
20.0269 	EXP 	slider: markerPos = None
20.0269 	EXP 	slider: styleTweaks = []
20.0269 	EXP 	slider: styleTweaks = []
20.0269 	EXP 	slider: styleTweaks = []
20.0269 	EXP 	slider: styleTweaks = []
20.0269 	EXP 	slider: contrast = 1.0
20.0269 	EXP 	slider: autoLog = True
20.0269 	EXP 	slider: autoLog = True
20.0269 	EXP 	slider: markerPos = None
20.0269 	EXP 	slider: styleTweaks = []
20.0269 	EXP 	slider: styleTweaks = []
20.0269 	EXP 	slider: styleTweaks = []
20.0269 	EXP 	slider: styleTweaks = []
20.0269 	EXP 	slider: contrast = 1.0
20.0269 	EXP 	slider: autoLog = True
20.0269 	EXP 	text_2: autoDraw = True
21.1562 	EXP 	Created sequence: sequential, trialTypes=1, nReps=2, seed=None
21.1563 	EXP 	New trial (rep=0, index=0): None
21.1618 	DATA 	Keypress: space
21.2044 	EXP 	text_2: autoDraw = False
21.2044 	EXP 	text_5: text = ''
21.2044 	EXP 	text_5: height = 0.05
21.2044 	EXP 	text_5: height = 0.05
21.2044 	EXP 	text_5: height = 0.05
21.2044 	EXP 	text_5: text = 'I feel drowsy when I am fatigued'
21.2044 	EXP 	slider: markerPos = None
21.2044 	EXP 	slider: markerPos = None
21.2044 	EXP 	text_5: autoDraw = True
21.2044 	EXP 	slider: autoDraw = True
25.9185 	DATA 	Mouse: Left button down, pos=(398,50)
25.9335 	EXP 	slider: markerPos = 3.98
25.9508 	EXP 	slider: markerPos = 3.99
25.9673 	EXP 	slider: markerPos = 4.0
25.9837 	EXP 	slider: markerPos = 4.0
26.0009 	EXP 	slider: markerPos = 4.0
26.0167 	EXP 	slider: markerPos = 3.99
26.0333 	EXP 	slider: markerPos = 3.98
26.0503 	EXP 	slider: markerPos = 3.9499999999999997
26.0668 	EXP 	slider: markerPos = 3.9
26.0832 	EXP 	slider: markerPos = 3.84
26.0999 	EXP 	slider: markerPos = 3.75
26.1167 	EXP 	slider: markerPos = 3.7
26.1331 	EXP 	slider: markerPos = 3.65
26.1501 	EXP 	slider: markerPos = 3.58
26.1668 	EXP 	slider: markerPos = 3.53
26.1833 	EXP 	slider: markerPos = 3.53
26.2001 	EXP 	slider: markerPos = 3.52
26.2171 	EXP 	slider: markerPos = 3.5
26.2342 	EXP 	slider: markerPos = 3.48
26.2506 	EXP 	slider: markerPos = 3.43
26.2830 	EXP 	slider: markerPos = 3.34
26.2998 	EXP 	slider: markerPos = 3.25
26.3163 	EXP 	slider: markerPos = 3.16
26.3332 	EXP 	slider: markerPos = 3.08
26.3498 	EXP 	slider: markerPos = 2.9799999999999995
26.3665 	EXP 	slider: markerPos = 2.91
26.3831 	EXP 	slider: markerPos = 2.86
26.4001 	EXP 	slider: markerPos = 2.83
26.4165 	EXP 	slider: markerPos = 2.83
26.4330 	EXP 	slider: markerPos = 2.83
26.4503 	EXP 	slider: markerPos = 2.83
26.4668 	EXP 	slider: markerPos = 2.83
26.4836 	EXP 	slider: markerPos = 2.83
26.5000 	EXP 	slider: markerPos = 2.83
26.5171 	EXP 	slider: markerPos = 2.83
26.5340 	EXP 	slider: markerPos = 2.83
26.5500 	EXP 	slider: markerPos = 2.83
26.5667 	EXP 	slider: markerPos = 2.83
26.5834 	EXP 	slider: markerPos = 2.83
26.5994 	EXP 	slider: markerPos = 2.84
26.6160 	EXP 	slider: markerPos = 2.9
26.6329 	EXP 	slider: markerPos = 3.01
26.6494 	EXP 	slider: markerPos = 3.16
26.6660 	EXP 	slider: markerPos = 3.3
26.6827 	EXP 	slider: markerPos = 3.5
26.6993 	EXP 	slider: markerPos = 3.7
26.7160 	EXP 	slider: markerPos = 3.91
26.7328 	EXP 	slider: markerPos = 4.109999999999999
26.7493 	EXP 	slider: markerPos = 4.300000000000001
26.7822 	EXP 	slider: markerPos = 4.46
26.7992 	EXP 	slider: markerPos = 4.75
26.8159 	EXP 	slider: markerPos = 4.859999999999999
26.8327 	EXP 	slider: markerPos = 4.97
26.8492 	EXP 	slider: markerPos = 5.09
26.8658 	EXP 	slider: markerPos = 5.220000000000001
26.8826 	EXP 	slider: markerPos = 5.34
26.9153 	EXP 	slider: markerPos = 5.49
26.9326 	EXP 	slider: markerPos = 5.79
26.9651 	EXP 	slider: markerPos = 5.9399999999999995
26.9826 	EXP 	slider: markerPos = 6.25
26.9991 	EXP 	slider: markerPos = 6.41
27.0157 	EXP 	slider: markerPos = 6.54
27.0327 	EXP 	slider: markerPos = 6.64
27.0493 	EXP 	slider: markerPos = 6.720000000000001
27.0657 	EXP 	slider: markerPos = 6.77
27.0824 	EXP 	slider: markerPos = 6.81
27.0990 	EXP 	slider: markerPos = 6.86
27.1156 	EXP 	slider: markerPos = 6.890000000000001
27.1328 	EXP 	slider: markerPos = 6.91
27.1492 	EXP 	slider: markerPos = 6.91
27.1660 	EXP 	slider: markerPos = 6.92
27.1828 	EXP 	slider: markerPos = 6.92
27.1997 	EXP 	slider: markerPos = 6.92
27.2159 	EXP 	slider: markerPos = 6.92
27.2326 	EXP 	slider: markerPos = 6.92
27.2489 	EXP 	slider: markerPos = 6.93
27.2659 	EXP 	slider: markerPos = 6.95
27.2822 	EXP 	slider: markerPos = 6.95
27.2991 	EXP 	slider: markerPos = 6.960000000000001
27.3159 	EXP 	slider: markerPos = 6.960000000000001
27.3322 	EXP 	slider: markerPos = 6.97
27.3490 	EXP 	slider: markerPos = 6.9799999999999995
27.3661 	EXP 	slider: markerPos = 6.9799999999999995
27.3821 	EXP 	slider: markerPos = 6.9799999999999995
27.3988 	EXP 	slider: markerPos = 6.9799999999999995
27.4154 	EXP 	slider: markerPos = 6.9799999999999995
27.4321 	EXP 	slider: markerPos = 6.9799999999999995
27.4489 	EXP 	slider: markerPos = 6.9799999999999995
27.4660 	EXP 	slider: markerPos = 6.9799999999999995
27.4823 	EXP 	slider: markerPos = 6.960000000000001
27.4986 	EXP 	slider: markerPos = 6.91
27.5155 	EXP 	slider: markerPos = 6.869999999999999
27.5319 	EXP 	slider: markerPos = 6.790000000000001
27.5651 	EXP 	slider: markerPos = 6.66
27.5818 	EXP 	slider: markerPos = 6.32
27.5985 	EXP 	slider: markerPos = 6.119999999999999
27.6151 	EXP 	slider: markerPos = 5.91
27.6318 	EXP 	slider: markerPos = 5.7
27.6485 	EXP 	slider: markerPos = 5.49
27.6819 	EXP 	slider: markerPos = 5.27
27.6983 	EXP 	slider: markerPos = 4.82
27.7313 	EXP 	slider: markerPos = 4.5600000000000005
27.7485 	EXP 	slider: markerPos = 4.04
27.7651 	EXP 	slider: markerPos = 3.7600000000000002
27.7817 	EXP 	slider: markerPos = 3.52
27.8147 	EXP 	slider: markerPos = 3.26
27.8316 	EXP 	slider: markerPos = 2.7199999999999998
27.8484 	EXP 	slider: markerPos = 2.5199999999999996
27.8649 	EXP 	slider: markerPos = 2.29
27.8818 	EXP 	slider: markerPos = 2.09
27.8982 	EXP 	slider: markerPos = 1.88
27.9148 	EXP 	slider: markerPos = 1.6800000000000002
27.9315 	EXP 	slider: markerPos = 1.52
27.9484 	EXP 	slider: markerPos = 1.4
27.9648 	EXP 	slider: markerPos = 1.25
27.9815 	EXP 	slider: markerPos = 1.13
27.9981 	EXP 	slider: markerPos = 1.0
28.0149 	EXP 	slider: markerPos = 0.8999999999999997
28.0320 	EXP 	slider: markerPos = 0.8100000000000003
28.0484 	EXP 	slider: markerPos = 0.7899999999999998
28.0648 	EXP 	slider: markerPos = 0.7800000000000002
28.0820 	EXP 	slider: markerPos = 0.7599999999999998
28.0991 	EXP 	slider: markerPos = 0.7599999999999998
28.1151 	EXP 	slider: markerPos = 0.7599999999999998
28.1320 	EXP 	slider: markerPos = 0.7599999999999998
28.1486 	EXP 	slider: markerPos = 0.7599999999999998
28.1650 	EXP 	slider: markerPos = 0.7599999999999998
28.1820 	EXP 	slider: markerPos = 0.7599999999999998
28.1988 	EXP 	slider: markerPos = 0.7599999999999998
28.2150 	EXP 	slider: markerPos = 0.7599999999999998
28.2318 	EXP 	slider: markerPos = 0.7599999999999998
28.2487 	EXP 	slider: markerPos = 0.7599999999999998
28.2648 	EXP 	slider: markerPos = 0.7599999999999998
28.2817 	EXP 	slider: markerPos = 0.7599999999999998
28.2986 	EXP 	slider: markerPos = 0.7599999999999998
28.3158 	EXP 	slider: markerPos = 0.7599999999999998
28.3316 	EXP 	slider: markerPos = 0.7599999999999998
28.3643 	EXP 	slider: markerPos = 0.8
28.3811 	EXP 	slider: markerPos = 0.9299999999999997
28.3977 	EXP 	slider: markerPos = 1.0099999999999998
28.4308 	EXP 	slider: markerPos = 1.1099999999999999
28.4478 	EXP 	slider: markerPos = 1.35
28.4644 	EXP 	slider: markerPos = 1.5
28.4971 	EXP 	slider: markerPos = 1.63
28.5145 	EXP 	slider: markerPos = 1.8599999999999999
28.5310 	EXP 	slider: markerPos = 1.95
28.5480 	EXP 	slider: markerPos = 2.0300000000000002
28.5807 	EXP 	slider: markerPos = 2.1
28.5975 	EXP 	slider: markerPos = 2.23
28.6147 	EXP 	slider: markerPos = 2.3499999999999996
28.6308 	EXP 	slider: markerPos = 2.4499999999999997
28.6477 	EXP 	slider: markerPos = 2.57
28.6645 	EXP 	slider: markerPos = 2.69
28.6808 	EXP 	slider: markerPos = 2.8099999999999996
28.6978 	EXP 	slider: markerPos = 2.9400000000000004
28.7140 	EXP 	slider: markerPos = 3.08
28.7308 	EXP 	slider: markerPos = 3.21
28.7476 	EXP 	slider: markerPos = 3.33
28.7644 	EXP 	slider: markerPos = 3.43
28.7807 	EXP 	slider: markerPos = 3.51
28.7974 	EXP 	slider: markerPos = 3.5700000000000003
28.8144 	EXP 	slider: markerPos = 3.62
28.8308 	EXP 	slider: markerPos = 3.67
28.8473 	EXP 	slider: markerPos = 3.73
28.8640 	EXP 	slider: markerPos = 3.8
28.8807 	EXP 	slider: markerPos = 3.87
28.8972 	EXP 	slider: markerPos = 3.93
28.9143 	EXP 	slider: markerPos = 3.98
28.9306 	EXP 	slider: markerPos = 4.03
28.9472 	EXP 	slider: markerPos = 4.09
28.9641 	EXP 	slider: markerPos = 4.15
28.9812 	EXP 	slider: markerPos = 4.2
28.9972 	EXP 	slider: markerPos = 4.2700000000000005
29.0141 	EXP 	slider: markerPos = 4.32
29.0305 	EXP 	slider: markerPos = 4.35
29.0476 	EXP 	slider: markerPos = 4.37
29.0642 	EXP 	slider: markerPos = 4.37
29.0810 	EXP 	slider: markerPos = 4.37
29.0982 	EXP 	slider: markerPos = 4.37
29.1139 	EXP 	slider: markerPos = 4.38
29.1308 	EXP 	slider: markerPos = 4.39
29.1476 	EXP 	slider: markerPos = 4.42
29.1642 	EXP 	slider: markerPos = 4.44
29.1805 	EXP 	slider: markerPos = 4.49
29.1970 	EXP 	slider: markerPos = 4.54
29.2138 	EXP 	slider: markerPos = 4.619999999999999
29.2305 	EXP 	slider: markerPos = 4.68
29.2473 	EXP 	slider: markerPos = 4.75
29.2803 	EXP 	slider: markerPos = 4.84
29.2972 	EXP 	slider: markerPos = 4.99
29.3140 	EXP 	slider: markerPos = 5.06
29.3465 	EXP 	slider: markerPos = 5.12
29.3635 	EXP 	slider: markerPos = 5.26
29.3804 	EXP 	slider: markerPos = 5.3
29.3974 	EXP 	slider: markerPos = 5.33
29.4135 	EXP 	slider: markerPos = 5.34
29.4305 	EXP 	slider: markerPos = 5.34
29.4470 	EXP 	slider: markerPos = 5.34
29.4647 	EXP 	slider: markerPos = 5.34
29.4805 	EXP 	slider: markerPos = 5.34
29.4971 	EXP 	slider: markerPos = 5.34
29.5137 	EXP 	slider: markerPos = 5.34
29.5305 	EXP 	slider: markerPos = 5.36
29.5468 	EXP 	slider: markerPos = 5.38
29.5635 	EXP 	slider: markerPos = 5.43
29.5963 	EXP 	slider: markerPos = 5.55
29.6132 	EXP 	slider: markerPos = 5.779999999999999
29.6299 	EXP 	slider: markerPos = 5.91
29.6467 	EXP 	slider: markerPos = 6.040000000000001
29.6634 	EXP 	slider: markerPos = 6.16
29.6802 	EXP 	slider: markerPos = 6.24
29.6971 	EXP 	slider: markerPos = 6.3
29.7138 	EXP 	slider: markerPos = 6.32
29.7307 	EXP 	slider: markerPos = 6.32
29.7473 	EXP 	slider: markerPos = 6.32
29.7635 	EXP 	slider: markerPos = 6.32
29.7805 	EXP 	slider: markerPos = 6.32
29.7974 	EXP 	slider: markerPos = 6.32
29.8137 	EXP 	slider: markerPos = 6.32
29.8301 	EXP 	slider: markerPos = 6.32
29.8473 	EXP 	slider: markerPos = 6.32
29.8640 	EXP 	slider: markerPos = 6.32
29.8801 	EXP 	slider: markerPos = 6.32
29.8965 	EXP 	slider: markerPos = 6.33
29.9133 	EXP 	slider: markerPos = 6.359999999999999
29.9296 	EXP 	slider: markerPos = 6.44
29.9465 	EXP 	slider: markerPos = 6.5600000000000005
29.9629 	EXP 	slider: markerPos = 6.720000000000001
29.9797 	EXP 	slider: markerPos = 6.88
29.9963 	EXP 	slider: markerPos = 7.040000000000001
30.0129 	EXP 	slider: markerPos = 7.18
30.0295 	EXP 	slider: markerPos = 7.29
30.0465 	EXP 	slider: markerPos = 7.35
30.0633 	EXP 	slider: markerPos = 7.4
30.0801 	EXP 	slider: markerPos = 7.41
30.0967 	EXP 	slider: markerPos = 7.41
30.1134 	EXP 	slider: markerPos = 7.41
30.1297 	EXP 	slider: markerPos = 7.41
30.1466 	EXP 	slider: markerPos = 7.41
30.1631 	EXP 	slider: markerPos = 7.41
30.1798 	EXP 	slider: markerPos = 7.41
30.1969 	EXP 	slider: markerPos = 7.41
30.2291 	EXP 	slider: markerPos = 7.41
30.2460 	EXP 	slider: markerPos = 7.260000000000001
30.2788 	EXP 	slider: markerPos = 7.090000000000001
30.2960 	EXP 	slider: markerPos = 6.54
30.3127 	EXP 	slider: markerPos = 6.210000000000001
30.3456 	EXP 	slider: markerPos = 5.83
30.3627 	EXP 	slider: markerPos = 5.08
30.3792 	EXP 	slider: markerPos = 4.68
30.3961 	EXP 	slider: markerPos = 4.39
30.4126 	EXP 	slider: markerPos = 4.17
30.4458 	EXP 	slider: markerPos = 4.07
30.4626 	EXP 	slider: markerPos = 4.04
30.4795 	EXP 	slider: markerPos = 4.04
30.4962 	EXP 	slider: markerPos = 4.04
30.5132 	EXP 	slider: markerPos = 4.04
30.5297 	EXP 	slider: markerPos = 4.04
30.5464 	EXP 	slider: markerPos = 4.04
30.5628 	EXP 	slider: markerPos = 4.04
30.5956 	EXP 	slider: markerPos = 4.04
30.6127 	EXP 	slider: markerPos = 4.04
30.6296 	EXP 	slider: markerPos = 4.04
30.6462 	EXP 	slider: markerPos = 4.04
30.6632 	EXP 	slider: markerPos = 4.04
30.6797 	EXP 	slider: markerPos = 4.04
30.6964 	EXP 	slider: markerPos = 4.04
30.7125 	EXP 	slider: markerPos = 4.04
30.7296 	EXP 	slider: markerPos = 4.04
30.7464 	EXP 	slider: markerPos = 4.04
30.7626 	EXP 	slider: markerPos = 4.04
30.7796 	EXP 	slider: markerPos = 4.04
30.7959 	EXP 	slider: markerPos = 4.04
30.8125 	EXP 	slider: markerPos = 4.04
30.8298 	EXP 	slider: markerPos = 4.04
30.8462 	EXP 	slider: markerPos = 4.04
30.8479 	DATA 	Mouse:  Left button up, pos=(404,141)
30.8628 	EXP 	slider: markerPos = 4.0
30.8646 	EXP 	New trial (rep=1, index=0): None
30.8953 	EXP 	text_5: autoDraw = False
30.8953 	EXP 	slider: autoDraw = False
30.8953 	EXP 	text_5: height = 0.05
30.8953 	EXP 	text_5: height = 0.05
30.8953 	EXP 	text_5: height = 0.05
30.8953 	EXP 	text_5: text = ''
30.8953 	EXP 	text_5: height = 0.05
30.8953 	EXP 	text_5: height = 0.05
30.8953 	EXP 	text_5: height = 0.05
30.8953 	EXP 	text_5: text = 'When I am fatigued, I lose my patience'
30.8953 	EXP 	slider: markerPos = None
30.8953 	EXP 	slider: markerPos = None
30.8953 	EXP 	text_5: autoDraw = True
30.8953 	EXP 	slider: autoDraw = True
33.2042 	DATA 	Keypress: escape
33.9189 	EXP 	window1: mouseVisible = True
