8.4534 	EXP 	Created window1 = Window(allowGUI=True, allowStencil=False, autoLog=True, backendConf=UNKNOWN, bitsMode=UNKNOWN, blendMode='avg', bpc=(8, 8, 8), color=array([0, 0, 0]), colorSpace='rgb', depthBits=8, fullscr=<method-wrapper '__getattribute__' of attributeSetter object at 0x0000021C065D8AF0>, gamma=None, gammaErrorPolicy='raise', lms=UNKNOWN, monitor=<psychopy.monitors.calibTools.Monitor object at 0x0000021C0B7CF2E0>, multiSample=False, name='window1', numSamples=2, pos=(560, 240), screen=0, size=array([800, 600]), stencilBits=0, stereo=False, units='height', useFBO=True, useRetina=False, viewOri=0.0, viewPos=None, viewScale=None, waitBlanking=True, winType='pyglet')
8.4536 	EXP 	window1: mouseVisible = True
8.4536 	EXP 	window1: mouseVisible = True
8.4536 	EXP 	window1: Attempting to measure frame rate of screen (0) ...
8.4536 	EXP 	window1: recordFrameIntervals = False
8.6197 	EXP 	window1: recordFrameIntervals = True
8.8027 	EXP 	Screen (0) actual frame rate measured at 60.12Hz
8.8027 	EXP 	window1: recordFrameIntervals = False
8.8431 	WARNING 	launchHubServer: If using the iohub mouse or eyetracker devices, fullScr should be True.
10.6738 	EXP 	Created text_2 = TextStim(__class__=<class 'psychopy.visual.text.TextStim'>, alignHoriz=method-wrapper(...), alignText='center', alignVert=method-wrapper(...), anchorHoriz='center', anchorVert='center', antialias=True, autoDraw=False, autoLog=True, bold=False, color=array([1, 1, 1]), colorSpace='rgb', contrast=1.0, depth=0.0, flipHoriz=False, flipVert=False, font='Open Sans', fontFiles=[], height=0.05, italic=False, languageStyle='LTR', name='text_2', opacity=1.0, ori=0.0, pos=array([0., 0.]), rgb=UNKNOWN, text='to start, press space', units='height', win=Window(...), wrapWidth=1)
10.6802 	EXP 	Created text_7 = TextStim(__class__=<class 'psychopy.visual.text.TextStim'>, alignHoriz=method-wrapper(...), alignText='center', alignVert=method-wrapper(...), anchorHoriz='center', anchorVert='center', antialias=True, autoDraw=False, autoLog=True, bold=False, color=array([1, 1, 1]), colorSpace='rgb', contrast=1.0, depth=-2.0, flipHoriz=False, flipVert=False, font='Open Sans', fontFiles=[], height=0.05, italic=False, languageStyle='LTR', name='text_7', opacity=1.0, ori=0.0, pos=array([0., 0.]), rgb=UNKNOWN, text='', units='height', win=Window(...), wrapWidth=1)
10.6807 	EXP 	Created text_8 = TextStim(__class__=<class 'psychopy.visual.text.TextStim'>, alignHoriz=method-wrapper(...), alignText='center', alignVert=method-wrapper(...), anchorHoriz='center', anchorVert='center', antialias=True, autoDraw=False, autoLog=True, bold=False, color=array([1, 1, 1]), colorSpace='rgb', contrast=1.0, depth=0.0, flipHoriz=False, flipVert=False, font='Open Sans', fontFiles=[], height=0.05, italic=False, languageStyle='LTR', name='text_8', opacity=1.0, ori=0.0, pos=array([0., 0.]), rgb=UNKNOWN, text='', units='height', win=Window(...), wrapWidth=1)
10.6856 	EXP 	Created text = TextStim(__class__=<class 'psychopy.visual.text.TextStim'>, alignHoriz=method-wrapper(...), alignText='center', alignVert=method-wrapper(...), anchorHoriz='center', anchorVert='center', antialias=True, autoDraw=False, autoLog=True, bold=False, color=array([1, 1, 1]), colorSpace='rgb', contrast=1.0, depth=0.0, flipHoriz=False, flipVert=False, font='Open Sans', fontFiles=[], height=0.05, italic=False, languageStyle='LTR', name='text', opacity=1.0, ori=0.0, pos=array([0., 0.]), rgb=UNKNOWN, text='ppg test here', units='height', win=Window(...), wrapWidth=1)
10.6906 	EXP 	Created text_5 = TextStim(__class__=<class 'psychopy.visual.text.TextStim'>, alignHoriz=method-wrapper(...), alignText='center', alignVert=method-wrapper(...), anchorHoriz='center', anchorVert='center', antialias=True, autoDraw=False, autoLog=True, bold=False, color=array([1, 1, 1]), colorSpace='rgb', contrast=1.0, depth=0.0, flipHoriz=False, flipVert=False, font='Open Sans', fontFiles=[], height=0.05, italic=False, languageStyle='LTR', name='text_5', opacity=1.0, ori=0.0, pos=array([0., 0.]), rgb=UNKNOWN, text='self eval here', units='height', win=Window(...), wrapWidth=1)
10.7016 	EXP 	Created text_4 = TextStim(__class__=<class 'psychopy.visual.text.TextStim'>, alignHoriz=method-wrapper(...), alignText='center', alignVert=method-wrapper(...), anchorHoriz='center', anchorVert='center', antialias=True, autoDraw=False, autoLog=True, bold=False, color=array([1, 1, 1]), colorSpace='rgb', contrast=1.0, depth=0.0, flipHoriz=False, flipVert=False, font='Open Sans', fontFiles=[], height=0.05, italic=False, languageStyle='LTR', name='text_4', opacity=1.0, ori=0.0, pos=array([0., 0.]), rgb=UNKNOWN, text=str(...), units='height', win=Window(...), wrapWidth=1)
10.7190 	EXP 	Created InstructionsText = TextStim(__class__=<class 'psychopy.visual.text.TextStim'>, alignHoriz=method-wrapper(...), alignText='center', alignVert=method-wrapper(...), anchorHoriz='center', anchorVert='center', antialias=True, autoDraw=False, autoLog=True, bold=False, color=array([1, 1, 1]), colorSpace='rgb', contrast=1.0, depth=0.0, flipHoriz=False, flipVert=False, font='Open Sans', fontFiles=[], height=0.05, italic=False, languageStyle='LTR', name='InstructionsText', opacity=1.0, ori=0.0, pos=array([0., 0.]), rgb=UNKNOWN, text=str(...), units='height', win=Window(...), wrapWidth=1)
10.7199 	EXP 	Created ISI_text = TextStim(__class__=<class 'psychopy.visual.text.TextStim'>, alignHoriz=method-wrapper(...), alignText='center', alignVert=method-wrapper(...), anchorHoriz='center', anchorVert='center', antialias=True, autoDraw=False, autoLog=True, bold=False, color=array([1, 1, 1]), colorSpace='rgb', contrast=1.0, depth=-1.0, flipHoriz=False, flipVert=False, font='Open Sans', fontFiles=[], height=0.05, italic=False, languageStyle='LTR', name='ISI_text', opacity=1.0, ori=0.0, pos=array([0., 0.]), rgb=UNKNOWN, text='', units='height', win=Window(...), wrapWidth=1)
10.7204 	EXP 	Created Targetstim = TextStim(__class__=<class 'psychopy.visual.text.TextStim'>, alignHoriz=method-wrapper(...), alignText='center', alignVert=method-wrapper(...), anchorHoriz='center', anchorVert='center', antialias=True, autoDraw=False, autoLog=True, bold=False, color=array([ 1, -1, -1]), colorSpace='rgb', contrast=1.0, depth=-1.0, flipHoriz=False, flipVert=False, font='Open Sans', fontFiles=[], height=0.05, italic=False, languageStyle='LTR', name='Targetstim', opacity=1.0, ori=0.0, pos=array([0., 0.]), rgb=UNKNOWN, text='', units='height', win=Window(...), wrapWidth=1)
10.7209 	EXP 	Created Feedback_text = TextStim(__class__=<class 'psychopy.visual.text.TextStim'>, alignHoriz=method-wrapper(...), alignText='center', alignVert=method-wrapper(...), anchorHoriz='center', anchorVert='center', antialias=True, autoDraw=False, autoLog=True, bold=False, color=array([ 1, -1, -1]), colorSpace='rgb', contrast=1.0, depth=0.0, flipHoriz=False, flipVert=False, font='Open Sans', fontFiles=[], height=0.05, italic=False, languageStyle='LTR', name='Feedback_text', opacity=1.0, ori=0.0, pos=array([0., 0.]), rgb=UNKNOWN, text='', units='height', win=Window(...), wrapWidth=1)
10.7324 	EXP 	Created text_6 = TextStim(__class__=<class 'psychopy.visual.text.TextStim'>, alignHoriz=method-wrapper(...), alignText='center', alignVert=method-wrapper(...), anchorHoriz='center', anchorVert='center', antialias=True, autoDraw=False, autoLog=True, bold=False, color=array([1, 1, 1]), colorSpace='rgb', contrast=1.0, depth=0.0, flipHoriz=False, flipVert=False, font='Open Sans', fontFiles=[], height=0.05, italic=False, languageStyle='LTR', name='text_6', opacity=1.0, ori=0.0, pos=array([0., 0.]), rgb=UNKNOWN, text=str(...), units='height', win=Window(...), wrapWidth=1)
10.7398 	EXP 	Created text_6 = TextStim(__class__=<class 'psychopy.visual.text.TextStim'>, alignHoriz=method-wrapper(...), alignText='center', alignVert=method-wrapper(...), anchorHoriz='center', anchorVert='center', antialias=True, autoDraw=False, autoLog=True, bold=False, color=array([1, 1, 1]), colorSpace='rgb', contrast=1.0, depth=0.0, flipHoriz=False, flipVert=False, font='Open Sans', fontFiles=[], height=0.05, italic=False, languageStyle='LTR', name='text_6', opacity=1.0, ori=0.0, pos=array([0., 0.]), rgb=UNKNOWN, text=str(...), units='height', win=Window(...), wrapWidth=1)
10.7424 	EXP 	Created text_5 = TextStim(__class__=<class 'psychopy.visual.text.TextStim'>, alignHoriz=method-wrapper(...), alignText='center', alignVert=method-wrapper(...), anchorHoriz='center', anchorVert='center', antialias=True, autoDraw=False, autoLog=True, bold=False, color=array([1, 1, 1]), colorSpace='rgb', contrast=1.0, depth=0.0, flipHoriz=False, flipVert=False, font='Open Sans', fontFiles=[], height=0.05, italic=False, languageStyle='LTR', name='text_5', opacity=1.0, ori=0.0, pos=array([0., 0.]), rgb=UNKNOWN, text='self eval here', units='height', win=Window(...), wrapWidth=1)
10.7449 	EXP 	Created text = TextStim(__class__=<class 'psychopy.visual.text.TextStim'>, alignHoriz=method-wrapper(...), alignText='center', alignVert=method-wrapper(...), anchorHoriz='center', anchorVert='center', antialias=True, autoDraw=False, autoLog=True, bold=False, color=array([1, 1, 1]), colorSpace='rgb', contrast=1.0, depth=0.0, flipHoriz=False, flipVert=False, font='Open Sans', fontFiles=[], height=0.05, italic=False, languageStyle='LTR', name='text', opacity=1.0, ori=0.0, pos=array([0., 0.]), rgb=UNKNOWN, text='ppg test here', units='height', win=Window(...), wrapWidth=1)
10.7478 	EXP 	Created text_3 = TextStim(__class__=<class 'psychopy.visual.text.TextStim'>, alignHoriz=method-wrapper(...), alignText='center', alignVert=method-wrapper(...), anchorHoriz='center', anchorVert='center', antialias=True, autoDraw=False, autoLog=True, bold=False, color=array([1, 1, 1]), colorSpace='rgb', contrast=1.0, depth=0.0, flipHoriz=False, flipVert=False, font='Open Sans', fontFiles=[], height=0.05, italic=False, languageStyle='LTR', name='text_3', opacity=1.0, ori=0.0, pos=array([0., 0.]), rgb=UNKNOWN, text='Done', units='height', win=Window(...), wrapWidth=1)
10.7697 	EXP 	text_2: autoDraw = True
11.7703 	DATA 	Keypress: space
11.7826 	EXP 	text_2: autoDraw = False
11.7826 	EXP 	text_7: text = ''
11.7826 	EXP 	text_7: height = 0.05
11.7826 	EXP 	text_7: height = 0.05
11.7826 	EXP 	text_7: height = 0.05
11.7826 	EXP 	text_7: text = 'some'
11.7826 	EXP 	text_7: autoDraw = True
11.7996 	EXP 	text_7: text = 'some'
11.8157 	EXP 	text_7: text = 'some'
11.8322 	EXP 	text_7: text = 'some'
11.8493 	EXP 	text_7: text = 'some'
11.8656 	EXP 	text_7: text = 'some'
11.8825 	EXP 	text_7: text = 'some'
11.8992 	EXP 	text_7: text = 'some'
11.9156 	EXP 	text_7: text = 'some'
11.9325 	EXP 	text_7: text = 'some'
11.9492 	EXP 	text_7: text = 'some'
11.9662 	EXP 	text_7: text = 'some'
11.9825 	EXP 	text_7: text = 'some'
11.9992 	EXP 	text_7: text = 'some'
12.0154 	EXP 	text_7: text = 'some'
12.0323 	EXP 	text_7: text = 'some'
12.0488 	EXP 	text_7: text = 'some'
12.0657 	EXP 	text_7: text = 'some'
12.0820 	EXP 	text_7: text = 'some'
12.0990 	EXP 	text_7: text = 'some'
12.1157 	EXP 	text_7: text = 'some'
12.1324 	EXP 	text_7: text = 'some'
12.1491 	EXP 	text_7: text = 'some'
12.1654 	EXP 	text_7: text = 'some'
12.1822 	EXP 	text_7: text = 'some'
12.1990 	EXP 	text_7: text = 'some'
12.2159 	EXP 	text_7: text = 'some'
12.2322 	EXP 	text_7: text = 'some'
12.2485 	EXP 	text_7: text = 'some'
12.2657 	EXP 	text_7: text = 'some'
12.2820 	EXP 	text_7: text = 'some'
12.2995 	EXP 	text_7: text = 'some'
12.3161 	EXP 	text_7: text = 'some'
12.3322 	EXP 	text_7: text = 'some'
12.3487 	EXP 	text_7: text = 'some'
12.3655 	EXP 	text_7: text = 'some'
12.3819 	EXP 	text_7: text = 'some'
12.3984 	EXP 	text_7: text = 'some'
12.4156 	EXP 	text_7: text = 'some'
12.4316 	EXP 	text_7: text = 'some'
12.4483 	EXP 	text_7: text = 'some'
12.4654 	EXP 	text_7: text = 'some'
12.4822 	EXP 	text_7: text = 'some'
12.4984 	EXP 	text_7: text = 'some'
12.5153 	EXP 	text_7: text = 'some'
12.5319 	EXP 	text_7: text = 'some'
12.5483 	EXP 	text_7: text = 'some'
12.5652 	EXP 	text_7: text = 'some'
12.5818 	EXP 	text_7: text = 'some'
12.5986 	EXP 	text_7: text = 'some'
12.6151 	EXP 	text_7: text = 'some'
12.6320 	EXP 	text_7: text = 'some'
12.6485 	EXP 	text_7: text = 'some'
12.6650 	EXP 	text_7: text = 'some'
12.6817 	EXP 	text_7: text = 'some'
12.6985 	EXP 	text_7: text = 'some'
12.7149 	EXP 	text_7: text = 'some'
12.7318 	EXP 	text_7: text = 'some'
12.7486 	EXP 	text_7: text = 'some'
12.7650 	EXP 	text_7: text = 'some'
12.7816 	EXP 	text_7: text = 'some'
12.7984 	EXP 	text_7: text = 'some'
12.8147 	EXP 	text_7: text = 'some'
12.8312 	EXP 	text_7: text = 'some'
12.8487 	EXP 	text_7: text = 'some'
12.8651 	EXP 	text_7: text = 'some'
12.8814 	EXP 	text_7: text = 'some'
12.8982 	EXP 	text_7: text = 'some'
12.9149 	EXP 	text_7: text = 'some'
12.9312 	EXP 	text_7: text = 'some'
12.9481 	EXP 	text_7: text = 'some'
12.9649 	EXP 	text_7: text = 'some'
12.9809 	EXP 	text_7: text = 'some'
12.9978 	EXP 	text_7: text = 'some'
13.0149 	EXP 	text_7: text = 'some'
13.0310 	EXP 	text_7: text = 'some'
13.0477 	EXP 	text_7: text = 'some'
13.0649 	EXP 	text_7: text = 'some'
13.0816 	EXP 	text_7: text = 'some'
13.0978 	EXP 	text_7: text = 'some'
13.1148 	EXP 	text_7: text = 'some'
13.1315 	EXP 	text_7: text = 'some'
13.1477 	EXP 	text_7: text = 'some'
13.1645 	EXP 	text_7: text = 'some'
13.1809 	EXP 	text_7: text = 'some'
13.1976 	EXP 	text_7: text = 'some'
13.2147 	EXP 	text_7: text = 'some'
13.2314 	EXP 	text_7: text = 'some'
13.2476 	EXP 	text_7: text = 'some'
13.2642 	EXP 	text_7: text = 'some'
13.2811 	EXP 	text_7: text = 'some'
13.2980 	EXP 	text_7: text = 'some'
13.3143 	EXP 	text_7: text = 'some'
13.3310 	EXP 	text_7: text = 'some'
13.3481 	EXP 	text_7: text = 'some'
13.3640 	EXP 	text_7: text = 'some'
13.3809 	EXP 	text_7: text = 'some'
13.3980 	EXP 	text_7: text = 'some'
13.4141 	EXP 	text_7: text = 'some'
13.4309 	EXP 	text_7: text = 'some'
13.4478 	EXP 	text_7: text = 'some'
13.4641 	EXP 	text_7: text = 'some'
13.4810 	EXP 	text_7: text = 'some'
13.4973 	EXP 	text_7: text = 'some'
13.5141 	EXP 	text_7: text = 'some'
13.5309 	EXP 	text_7: text = 'some'
13.5473 	EXP 	text_7: text = 'some'
13.5640 	EXP 	text_7: text = 'some'
13.5807 	EXP 	text_7: text = 'some'
13.5976 	EXP 	text_7: text = 'some'
13.6139 	EXP 	text_7: text = 'some'
13.6310 	EXP 	text_7: text = 'some'
13.6475 	EXP 	text_7: text = 'some'
13.6638 	EXP 	text_7: text = 'some'
13.6807 	EXP 	text_7: text = 'some'
13.6977 	EXP 	text_7: text = 'some'
13.7144 	EXP 	text_7: text = 'some'
13.7306 	EXP 	text_7: text = 'some'
13.7476 	EXP 	text_7: text = 'some'
13.7637 	EXP 	text_7: text = 'some'
13.7806 	EXP 	text_7: text = 'some'
13.7972 	EXP 	text_7: text = 'some'
13.8141 	EXP 	text_7: text = 'some'
13.8304 	EXP 	text_7: text = 'some'
13.8473 	EXP 	text_7: text = 'some'
13.8640 	EXP 	text_7: text = 'some'
13.8808 	EXP 	text_7: text = 'some'
13.8972 	EXP 	text_7: text = 'some'
13.9141 	EXP 	text_7: text = 'some'
13.9308 	EXP 	text_7: text = 'some'
13.9472 	EXP 	text_7: text = 'some'
13.9638 	EXP 	text_7: text = 'some'
13.9653 	DATA 	Keypress: left
13.9810 	EXP 	text_7: text = 'some'
13.9970 	EXP 	text_7: text = 'some'
14.0137 	EXP 	text_7: text = 'some'
14.0307 	EXP 	text_7: text = 'some'
14.0470 	EXP 	text_7: text = 'some'
14.0636 	EXP 	text_7: text = 'some'
14.0807 	EXP 	text_7: text = 'some'
14.0968 	EXP 	text_7: text = 'some'
14.1136 	EXP 	text_7: text = 'some'
14.1302 	EXP 	text_7: text = 'some'
14.1471 	EXP 	text_7: text = 'some'
14.1638 	EXP 	text_7: text = 'some'
14.1802 	EXP 	text_7: text = 'some'
14.1971 	EXP 	text_7: text = 'some'
14.2138 	EXP 	text_7: text = 'some'
14.2300 	EXP 	text_7: text = 'some'
14.2470 	EXP 	text_7: text = 'some'
14.2639 	EXP 	text_7: text = 'some'
14.2799 	EXP 	text_7: text = 'some'
14.2969 	EXP 	text_7: text = 'some'
14.3134 	EXP 	text_7: text = 'some'
14.3304 	EXP 	text_7: text = 'some'
14.3468 	EXP 	text_7: text = 'some'
14.3636 	EXP 	text_7: text = 'some'
14.3802 	EXP 	text_7: text = 'some'
14.3970 	EXP 	text_7: text = 'some'
14.4136 	EXP 	text_7: text = 'some'
14.4307 	EXP 	text_7: text = 'some'
14.4466 	EXP 	text_7: text = 'some'
14.4632 	EXP 	text_7: text = 'some'
14.4801 	EXP 	text_7: text = 'some'
14.4967 	EXP 	text_7: text = 'some'
14.5134 	EXP 	text_7: text = 'some'
14.5300 	EXP 	text_7: text = 'some'
14.5467 	EXP 	text_7: text = 'some'
14.5636 	EXP 	text_7: text = 'some'
14.5801 	EXP 	text_7: text = 'some'
14.5966 	EXP 	text_7: text = 'some'
14.6133 	EXP 	text_7: text = 'some'
14.6299 	EXP 	text_7: text = 'some'
14.6468 	EXP 	text_7: text = 'some'
14.6632 	EXP 	text_7: text = 'some'
14.6799 	EXP 	text_7: text = 'some'
14.6961 	EXP 	text_7: text = 'some'
14.7134 	EXP 	text_7: text = 'some'
14.7295 	EXP 	text_7: text = 'some'
14.7466 	EXP 	text_7: text = 'some'
14.7633 	EXP 	text_7: text = 'some'
14.7797 	EXP 	text_7: text = 'some'
14.7964 	EXP 	text_7: text = 'some'
14.8132 	EXP 	text_7: text = 'some'
14.8299 	EXP 	text_7: text = 'some'
14.8461 	EXP 	text_7: text = 'some'
14.8631 	EXP 	text_7: text = 'some'
14.8795 	EXP 	text_7: text = 'some'
14.8964 	EXP 	text_7: text = 'some'
14.9127 	EXP 	text_7: text = 'some'
14.9297 	EXP 	text_7: text = 'some'
14.9465 	EXP 	text_7: text = 'some'
14.9630 	EXP 	text_7: text = 'some'
14.9795 	EXP 	text_7: text = 'some'
14.9958 	EXP 	text_7: text = 'some'
15.0130 	EXP 	text_7: text = 'some'
15.0293 	EXP 	text_7: text = 'some'
15.0463 	EXP 	text_7: text = 'some'
15.0630 	EXP 	text_7: text = 'some'
15.0793 	EXP 	text_7: text = 'some'
15.0958 	EXP 	text_7: text = 'some'
15.1130 	EXP 	text_7: text = 'some'
15.1295 	EXP 	text_7: text = 'some'
15.1459 	EXP 	text_7: text = 'some'
15.1629 	EXP 	text_7: text = 'some'
15.1796 	EXP 	text_7: text = 'some'
15.1957 	EXP 	text_7: text = 'some'
15.2127 	EXP 	text_7: text = 'some'
15.2297 	EXP 	text_7: text = 'some'
15.2458 	EXP 	text_7: text = 'some'
15.2628 	EXP 	text_7: text = 'some'
15.2792 	EXP 	text_7: text = 'some'
15.2959 	EXP 	text_7: text = 'some'
15.3124 	EXP 	text_7: text = 'some'
15.3139 	DATA 	Keypress: right
15.3291 	EXP 	text_7: text = 'some'
15.3459 	EXP 	text_7: text = 'some'
15.3629 	EXP 	text_7: text = 'some'
15.3790 	EXP 	text_7: text = 'some'
15.3958 	EXP 	text_7: text = 'some'
15.4124 	EXP 	text_7: text = 'some'
15.4294 	EXP 	text_7: text = 'some'
15.4456 	EXP 	text_7: text = 'some'
15.4627 	EXP 	text_7: text = 'some'
15.4793 	EXP 	text_7: text = 'some'
15.4960 	EXP 	text_7: text = 'some'
15.5123 	EXP 	text_7: text = 'some'
15.5291 	EXP 	text_7: text = 'some'
15.5459 	EXP 	text_7: text = 'some'
15.5624 	EXP 	text_7: text = 'some'
15.5791 	EXP 	text_7: text = 'some'
15.5958 	EXP 	text_7: text = 'some'
15.6126 	EXP 	text_7: text = 'some'
15.6288 	EXP 	text_7: text = 'some'
15.6458 	EXP 	text_7: text = 'some'
15.6626 	EXP 	text_7: text = 'some'
15.6788 	EXP 	text_7: text = 'some'
15.6957 	EXP 	text_7: text = 'some'
15.7119 	EXP 	text_7: text = 'some'
15.7293 	EXP 	text_7: text = 'some'
15.7460 	EXP 	text_7: text = 'some'
15.7625 	EXP 	text_7: text = 'some'
15.7788 	EXP 	text_7: text = 'some'
15.7955 	EXP 	text_7: text = 'some'
15.8118 	EXP 	text_7: text = 'some'
15.8291 	EXP 	text_7: text = 'some'
15.8452 	EXP 	text_7: text = 'some'
15.8622 	EXP 	text_7: text = 'some'
15.8790 	EXP 	text_7: text = 'some'
15.8954 	EXP 	text_7: text = 'some'
15.9123 	EXP 	text_7: text = 'some'
15.9289 	EXP 	text_7: text = 'some'
15.9455 	EXP 	text_7: text = 'some'
15.9623 	EXP 	text_7: text = 'some'
15.9786 	EXP 	text_7: text = 'some'
15.9960 	EXP 	text_7: text = 'some'
16.0120 	EXP 	text_7: text = 'some'
16.0284 	EXP 	text_7: text = 'some'
16.0450 	EXP 	text_7: text = 'some'
16.0620 	EXP 	text_7: text = 'some'
16.0787 	EXP 	text_7: text = 'some'
16.0949 	EXP 	text_7: text = 'some'
16.1120 	EXP 	text_7: text = 'some'
16.1283 	EXP 	text_7: text = 'some'
16.1454 	EXP 	text_7: text = 'some'
16.1619 	EXP 	text_7: text = 'some'
16.1788 	EXP 	text_7: text = 'some'
16.1951 	EXP 	text_7: text = 'some'
16.2119 	EXP 	text_7: text = 'some'
16.2283 	EXP 	text_7: text = 'some'
16.2450 	EXP 	text_7: text = 'some'
16.2619 	EXP 	text_7: text = 'some'
16.2786 	EXP 	text_7: text = 'some'
16.2948 	EXP 	text_7: text = 'some'
16.3115 	EXP 	text_7: text = 'some'
16.3281 	EXP 	text_7: text = 'some'
16.3451 	EXP 	text_7: text = 'some'
16.3623 	EXP 	text_7: text = 'some'
16.3784 	EXP 	text_7: text = 'some'
16.3951 	EXP 	text_7: text = 'some'
16.4117 	EXP 	text_7: text = 'some'
16.4280 	EXP 	text_7: text = 'some'
16.4449 	EXP 	text_7: text = 'some'
16.4617 	EXP 	text_7: text = 'some'
16.4780 	EXP 	text_7: text = 'some'
16.4950 	EXP 	text_7: text = 'some'
16.5113 	EXP 	text_7: text = 'some'
16.5282 	EXP 	text_7: text = 'some'
16.5451 	EXP 	text_7: text = 'some'
16.5613 	EXP 	text_7: text = 'some'
16.5782 	EXP 	text_7: text = 'some'
16.5946 	EXP 	text_7: text = 'some'
16.6117 	EXP 	text_7: text = 'some'
16.6280 	EXP 	text_7: text = 'some'
16.6448 	EXP 	text_7: text = 'some'
16.6611 	EXP 	text_7: text = 'some'
16.6779 	EXP 	text_7: text = 'some'
16.6948 	EXP 	text_7: text = 'some'
16.7116 	EXP 	text_7: text = 'some'
16.7279 	EXP 	text_7: text = 'some'
16.7449 	EXP 	text_7: text = 'some'
16.7616 	EXP 	text_7: text = 'some'
16.7779 	EXP 	text_7: text = 'some'
16.7948 	EXP 	text_7: text = 'some'
16.8116 	EXP 	text_7: text = 'some'
16.8282 	EXP 	text_7: text = 'some'
16.8449 	EXP 	text_7: text = 'some'
16.8613 	EXP 	text_7: text = 'some'
16.8779 	EXP 	text_7: text = 'some'
16.8942 	EXP 	text_7: text = 'some'
16.9109 	EXP 	text_7: text = 'some'
16.9279 	EXP 	text_7: text = 'some'
16.9441 	EXP 	text_7: text = 'some'
16.9609 	EXP 	text_7: text = 'some'
16.9778 	EXP 	text_7: text = 'some'
16.9945 	EXP 	text_7: text = 'some'
17.0106 	EXP 	text_7: text = 'some'
17.0277 	EXP 	text_7: text = 'some'
17.0445 	EXP 	text_7: text = 'some'
17.0608 	EXP 	text_7: text = 'some'
17.0775 	EXP 	text_7: text = 'some'
17.0946 	EXP 	text_7: text = 'some'
17.1113 	EXP 	text_7: text = 'some'
17.1129 	DATA 	Keypress: left
17.1274 	EXP 	text_7: text = 'some'
17.1444 	EXP 	text_7: text = 'some'
17.1610 	EXP 	text_7: text = 'some'
17.1772 	EXP 	text_7: text = 'some'
17.1943 	EXP 	text_7: text = 'some'
17.2107 	EXP 	text_7: text = 'some'
17.2272 	EXP 	text_7: text = 'some'
17.2444 	EXP 	text_7: text = 'some'
17.2611 	EXP 	text_7: text = 'some'
17.2772 	EXP 	text_7: text = 'some'
17.2943 	EXP 	text_7: text = 'some'
17.3106 	EXP 	text_7: text = 'some'
17.3277 	EXP 	text_7: text = 'some'
17.3442 	EXP 	text_7: text = 'some'
17.3611 	EXP 	text_7: text = 'some'
17.3775 	EXP 	text_7: text = 'some'
17.3941 	EXP 	text_7: text = 'some'
17.4110 	EXP 	text_7: text = 'some'
17.4273 	EXP 	text_7: text = 'some'
17.4442 	EXP 	text_7: text = 'some'
17.4605 	EXP 	text_7: text = 'some'
17.4772 	EXP 	text_7: text = 'some'
17.4940 	EXP 	text_7: text = 'some'
17.5108 	EXP 	text_7: text = 'some'
17.5271 	EXP 	text_7: text = 'some'
17.5440 	EXP 	text_7: text = 'some'
17.5607 	EXP 	text_7: text = 'some'
17.5769 	EXP 	text_7: text = 'some'
17.5938 	EXP 	text_7: text = 'some'
17.6103 	EXP 	text_7: text = 'some'
17.6268 	EXP 	text_7: text = 'some'
17.6437 	EXP 	text_7: text = 'some'
17.6607 	EXP 	text_7: text = 'some'
17.6769 	EXP 	text_7: text = 'some'
17.6934 	EXP 	text_7: text = 'some'
17.7106 	EXP 	text_7: text = 'some'
17.7271 	EXP 	text_7: text = 'some'
17.7438 	EXP 	text_7: text = 'some'
17.7605 	EXP 	text_7: text = 'some'
17.7771 	EXP 	text_7: text = 'some'
17.7935 	EXP 	text_7: text = 'some'
17.8105 	EXP 	text_7: text = 'some'
17.8269 	EXP 	text_7: text = 'some'
17.8434 	EXP 	text_7: text = 'some'
17.8603 	EXP 	text_7: text = 'some'
17.8768 	EXP 	text_7: text = 'some'
17.8937 	EXP 	text_7: text = 'some'
17.9104 	EXP 	text_7: text = 'some'
17.9267 	EXP 	text_7: text = 'some'
17.9435 	EXP 	text_7: text = 'some'
17.9603 	EXP 	text_7: text = 'some'
17.9765 	EXP 	text_7: text = 'some'
17.9934 	EXP 	text_7: text = 'some'
18.0102 	EXP 	text_7: text = 'some'
18.0265 	EXP 	text_7: text = 'some'
18.0432 	EXP 	text_7: text = 'some'
18.0601 	EXP 	text_7: text = 'some'
18.0770 	EXP 	text_7: text = 'some'
18.0933 	EXP 	text_7: text = 'some'
18.1101 	EXP 	text_7: text = 'some'
18.1264 	EXP 	text_7: text = 'some'
18.1431 	EXP 	text_7: text = 'some'
18.1600 	EXP 	text_7: text = 'some'
18.1769 	EXP 	text_7: text = 'some'
18.1930 	EXP 	text_7: text = 'some'
18.2100 	EXP 	text_7: text = 'some'
18.2263 	EXP 	text_7: text = 'some'
18.2433 	EXP 	text_7: text = 'some'
18.2601 	EXP 	text_7: text = 'some'
18.2616 	DATA 	Keypress: right
18.2767 	EXP 	text_7: text = 'some'
18.2932 	EXP 	text_7: text = 'some'
18.3101 	EXP 	text_7: text = 'some'
18.3263 	EXP 	text_7: text = 'some'
18.3430 	EXP 	text_7: text = 'some'
18.3599 	EXP 	text_7: text = 'some'
18.3768 	EXP 	text_7: text = 'some'
18.3930 	EXP 	text_7: text = 'some'
18.4098 	EXP 	text_7: text = 'some'
18.4264 	EXP 	text_7: text = 'some'
18.4428 	EXP 	text_7: text = 'some'
18.4595 	EXP 	text_7: text = 'some'
18.4766 	EXP 	text_7: text = 'some'
18.4927 	EXP 	text_7: text = 'some'
18.5097 	EXP 	text_7: text = 'some'
18.5266 	EXP 	text_7: text = 'some'
18.5432 	EXP 	text_7: text = 'some'
18.5598 	EXP 	text_7: text = 'some'
18.5761 	EXP 	text_7: text = 'some'
18.5931 	EXP 	text_7: text = 'some'
18.6097 	EXP 	text_7: text = 'some'
18.6260 	EXP 	text_7: text = 'some'
18.6430 	EXP 	text_7: text = 'some'
18.6599 	EXP 	text_7: text = 'some'
18.6761 	EXP 	text_7: text = 'some'
18.6929 	EXP 	text_7: text = 'some'
18.7093 	EXP 	text_7: text = 'some'
18.7261 	EXP 	text_7: text = 'some'
18.7427 	EXP 	text_7: text = 'some'
18.7595 	EXP 	text_7: text = 'some'
18.7758 	EXP 	text_7: text = 'some'
18.7927 	EXP 	text_7: text = 'some'
18.8094 	EXP 	text_7: text = 'some'
18.8258 	EXP 	text_7: text = 'some'
18.8428 	EXP 	text_7: text = 'some'
18.8591 	EXP 	text_7: text = 'some'
18.8762 	EXP 	text_7: text = 'some'
18.8924 	EXP 	text_7: text = 'some'
18.9094 	EXP 	text_7: text = 'some'
18.9258 	EXP 	text_7: text = 'some'
18.9425 	EXP 	text_7: text = 'some'
18.9594 	EXP 	text_7: text = 'some'
18.9761 	EXP 	text_7: text = 'some'
18.9923 	EXP 	text_7: text = 'some'
19.0093 	EXP 	text_7: text = 'some'
19.0262 	EXP 	text_7: text = 'some'
19.0427 	EXP 	text_7: text = 'some'
19.0588 	EXP 	text_7: text = 'some'
19.0754 	EXP 	text_7: text = 'some'
19.0922 	EXP 	text_7: text = 'some'
19.1090 	EXP 	text_7: text = 'some'
19.1259 	EXP 	text_7: text = 'some'
19.1426 	EXP 	text_7: text = 'some'
19.1589 	EXP 	text_7: text = 'some'
19.1757 	EXP 	text_7: text = 'some'
19.1924 	EXP 	text_7: text = 'some'
19.2087 	EXP 	text_7: text = 'some'
19.2255 	EXP 	text_7: text = 'some'
19.2427 	EXP 	text_7: text = 'some'
19.2591 	EXP 	text_7: text = 'some'
19.2753 	EXP 	text_7: text = 'some'
19.2923 	EXP 	text_7: text = 'some'
19.3087 	EXP 	text_7: text = 'some'
19.3260 	EXP 	text_7: text = 'some'
19.3426 	EXP 	text_7: text = 'some'
19.3595 	EXP 	text_7: text = 'some'
19.3755 	EXP 	text_7: text = 'some'
19.3924 	EXP 	text_7: text = 'some'
19.4085 	EXP 	text_7: text = 'some'
19.4254 	EXP 	text_7: text = 'some'
19.4422 	EXP 	text_7: text = 'some'
19.4591 	EXP 	text_7: text = 'some'
19.4753 	EXP 	text_7: text = 'some'
19.4921 	EXP 	text_7: text = 'some'
19.5090 	EXP 	text_7: text = 'some'
19.5256 	EXP 	text_7: text = 'some'
19.5419 	EXP 	text_7: text = 'some'
19.5585 	EXP 	text_7: text = 'some'
19.5754 	EXP 	text_7: text = 'some'
19.5921 	EXP 	text_7: text = 'some'
19.6084 	EXP 	text_7: text = 'some'
19.6253 	EXP 	text_7: text = 'some'
19.6420 	EXP 	text_7: text = 'some'
19.6588 	EXP 	text_7: text = 'some'
19.6751 	EXP 	text_7: text = 'some'
19.6923 	EXP 	text_7: text = 'some'
19.7085 	EXP 	text_7: text = 'some'
19.7249 	EXP 	text_7: text = 'some'
19.7420 	EXP 	text_7: text = 'some'
19.7585 	EXP 	text_7: text = 'some'
19.7755 	EXP 	text_7: text = 'some'
19.7917 	EXP 	text_7: text = 'some'
19.8089 	EXP 	text_7: text = 'some'
19.8254 	EXP 	text_7: text = 'some'
19.8415 	EXP 	text_7: text = 'some'
19.8582 	EXP 	text_7: text = 'some'
19.8747 	EXP 	text_7: text = 'some'
19.8913 	EXP 	text_7: text = 'some'
19.9081 	EXP 	text_7: text = 'some'
19.9246 	EXP 	text_7: text = 'some'
19.9414 	EXP 	text_7: text = 'some'
19.9582 	EXP 	text_7: text = 'some'
19.9750 	EXP 	text_7: text = 'some'
19.9915 	EXP 	text_7: text = 'some'
20.0083 	EXP 	text_7: text = 'some'
20.0251 	EXP 	text_7: text = 'some'
20.0410 	EXP 	text_7: text = 'some'
20.0584 	EXP 	text_7: text = 'some'
20.0750 	EXP 	text_7: text = 'some'
20.0914 	EXP 	text_7: text = 'some'
20.1082 	EXP 	text_7: text = 'some'
20.1249 	EXP 	text_7: text = 'some'
20.1412 	EXP 	text_7: text = 'some'
20.1585 	EXP 	text_7: text = 'some'
20.1759 	EXP 	text_7: text = 'some'
20.1914 	EXP 	text_7: text = 'some'
20.2077 	EXP 	text_7: text = 'some'
20.2243 	EXP 	text_7: text = 'some'
20.2412 	EXP 	text_7: text = 'some'
20.2582 	EXP 	text_7: text = 'some'
20.2745 	EXP 	text_7: text = 'some'
20.2914 	EXP 	text_7: text = 'some'
20.3077 	EXP 	text_7: text = 'some'
20.3244 	EXP 	text_7: text = 'some'
20.3414 	EXP 	text_7: text = 'some'
20.3582 	EXP 	text_7: text = 'some'
20.3743 	EXP 	text_7: text = 'some'
20.3912 	EXP 	text_7: text = 'some'
20.4080 	EXP 	text_7: text = 'some'
20.4250 	EXP 	text_7: text = 'some'
20.4410 	EXP 	text_7: text = 'some'
20.4575 	EXP 	text_7: text = 'some'
20.4745 	EXP 	text_7: text = 'some'
20.4913 	EXP 	text_7: text = 'some'
20.5078 	EXP 	text_7: text = 'some'
20.5243 	EXP 	text_7: text = 'some'
20.5411 	EXP 	text_7: text = 'some'
20.5580 	EXP 	text_7: text = 'some'
20.5742 	EXP 	text_7: text = 'some'
20.5913 	EXP 	text_7: text = 'some'
20.6074 	EXP 	text_7: text = 'some'
20.6241 	EXP 	text_7: text = 'some'
20.6406 	EXP 	text_7: text = 'some'
20.6585 	EXP 	text_7: text = 'some'
20.6744 	EXP 	text_7: text = 'some'
20.6909 	EXP 	text_7: text = 'some'
20.7074 	EXP 	text_7: text = 'some'
20.7246 	EXP 	text_7: text = 'some'
20.7413 	EXP 	text_7: text = 'some'
20.7575 	EXP 	text_7: text = 'some'
20.7743 	EXP 	text_7: text = 'some'
20.7910 	EXP 	text_7: text = 'some'
20.8073 	EXP 	text_7: text = 'some'
20.8238 	EXP 	text_7: text = 'some'
20.8409 	EXP 	text_7: text = 'some'
20.8575 	EXP 	text_7: text = 'some'
20.8738 	EXP 	text_7: text = 'some'
20.8909 	EXP 	text_7: text = 'some'
20.9072 	EXP 	text_7: text = 'some'
20.9238 	EXP 	text_7: text = 'some'
20.9406 	EXP 	text_7: text = 'some'
20.9575 	EXP 	text_7: text = 'some'
20.9738 	EXP 	text_7: text = 'some'
20.9904 	EXP 	text_7: text = 'some'
21.0074 	EXP 	text_7: text = 'some'
21.0242 	EXP 	text_7: text = 'some'
21.0404 	EXP 	text_7: text = 'some'
21.0569 	EXP 	text_7: text = 'some'
21.0739 	EXP 	text_7: text = 'some'
21.0903 	EXP 	text_7: text = 'some'
21.1072 	EXP 	text_7: text = 'some'
21.1240 	EXP 	text_7: text = 'some'
21.1406 	EXP 	text_7: text = 'some'
21.1572 	EXP 	text_7: text = 'some'
21.1743 	EXP 	text_7: text = 'some'
21.1906 	EXP 	text_7: text = 'some'
21.2072 	EXP 	text_7: text = 'some'
21.2239 	EXP 	text_7: text = 'some'
21.2402 	EXP 	text_7: text = 'some'
21.2571 	EXP 	text_7: text = 'some'
21.2739 	EXP 	text_7: text = 'some'
21.2909 	EXP 	text_7: text = 'some'
21.3070 	EXP 	text_7: text = 'some'
21.3240 	EXP 	text_7: text = 'some'
21.3408 	EXP 	text_7: text = 'some'
21.3571 	EXP 	text_7: text = 'some'
21.3738 	EXP 	text_7: text = 'some'
21.3902 	EXP 	text_7: text = 'some'
21.4066 	EXP 	text_7: text = 'some'
21.4235 	EXP 	text_7: text = 'some'
21.4405 	EXP 	text_7: text = 'some'
21.4572 	EXP 	text_7: text = 'some'
21.4736 	EXP 	text_7: text = 'some'
21.4905 	EXP 	text_7: text = 'some'
21.5069 	EXP 	text_7: text = 'some'
21.5234 	EXP 	text_7: text = 'some'
21.5404 	EXP 	text_7: text = 'some'
21.5571 	EXP 	text_7: text = 'some'
21.5732 	EXP 	text_7: text = 'some'
21.5903 	EXP 	text_7: text = 'some'
21.6070 	EXP 	text_7: text = 'some'
21.6230 	EXP 	text_7: text = 'some'
21.6403 	EXP 	text_7: text = 'some'
21.6569 	EXP 	text_7: text = 'some'
21.6732 	EXP 	text_7: text = 'some'
21.6900 	EXP 	text_7: text = 'some'
21.7065 	EXP 	text_7: text = 'some'
21.7237 	EXP 	text_7: text = 'some'
21.7401 	EXP 	text_7: text = 'some'
21.7566 	EXP 	text_7: text = 'some'
21.7734 	EXP 	text_7: text = 'some'
21.7900 	EXP 	text_7: text = 'some'
21.8065 	EXP 	text_7: text = 'some'
21.8237 	EXP 	text_7: text = 'some'
21.8397 	EXP 	text_7: text = 'some'
21.8567 	EXP 	text_7: text = 'some'
21.8734 	EXP 	text_7: text = 'some'
21.8902 	EXP 	text_7: text = 'some'
21.9065 	EXP 	text_7: text = 'some'
21.9235 	EXP 	text_7: text = 'some'
21.9397 	EXP 	text_7: text = 'some'
21.9564 	EXP 	text_7: text = 'some'
21.9734 	EXP 	text_7: text = 'some'
21.9900 	EXP 	text_7: text = 'some'
22.0063 	EXP 	text_7: text = 'some'
22.0232 	EXP 	text_7: text = 'some'
22.0400 	EXP 	text_7: text = 'some'
22.0561 	EXP 	text_7: text = 'some'
22.0730 	EXP 	text_7: text = 'some'
22.0899 	EXP 	text_7: text = 'some'
22.1061 	EXP 	text_7: text = 'some'
22.1230 	EXP 	text_7: text = 'some'
22.1399 	EXP 	text_7: text = 'some'
22.1566 	EXP 	text_7: text = 'some'
22.1728 	EXP 	text_7: text = 'some'
22.1899 	EXP 	text_7: text = 'some'
22.2065 	EXP 	text_7: text = 'some'
22.2228 	EXP 	text_7: text = 'some'
22.2397 	EXP 	text_7: text = 'some'
22.2562 	EXP 	text_7: text = 'some'
22.2731 	EXP 	text_7: text = 'some'
22.2894 	EXP 	text_7: text = 'some'
22.3062 	EXP 	text_7: text = 'some'
22.3230 	EXP 	text_7: text = 'some'
22.3394 	EXP 	text_7: text = 'some'
22.3563 	EXP 	text_7: text = 'some'
22.3732 	EXP 	text_7: text = 'some'
22.3894 	EXP 	text_7: text = 'some'
22.4062 	EXP 	text_7: text = 'some'
22.4229 	EXP 	text_7: text = 'some'
22.4394 	EXP 	text_7: text = 'some'
22.4563 	EXP 	text_7: text = 'some'
22.4726 	EXP 	text_7: text = 'some'
22.4894 	EXP 	text_7: text = 'some'
22.5058 	EXP 	text_7: text = 'some'
22.5073 	DATA 	Keypress: left
22.5224 	EXP 	text_7: text = 'some'
22.5394 	EXP 	text_7: text = 'some'
22.5563 	EXP 	text_7: text = 'some'
22.5729 	EXP 	text_7: text = 'some'
22.5898 	EXP 	text_7: text = 'some'
22.6058 	EXP 	text_7: text = 'some'
22.6222 	EXP 	text_7: text = 'some'
22.6388 	EXP 	text_7: text = 'some'
22.6558 	EXP 	text_7: text = 'some'
22.6726 	EXP 	text_7: text = 'some'
22.6894 	EXP 	text_7: text = 'some'
22.7060 	EXP 	text_7: text = 'some'
22.7223 	EXP 	text_7: text = 'some'
22.7392 	EXP 	text_7: text = 'some'
22.7561 	EXP 	text_7: text = 'some'
22.7725 	EXP 	text_7: text = 'some'
22.7892 	EXP 	text_7: text = 'some'
22.8052 	EXP 	text_7: text = 'some'
22.8220 	EXP 	text_7: text = 'some'
22.8391 	EXP 	text_7: text = 'some'
22.8559 	EXP 	text_7: text = 'some'
22.8722 	EXP 	text_7: text = 'some'
22.8891 	EXP 	text_7: text = 'some'
22.9054 	EXP 	text_7: text = 'some'
22.9224 	EXP 	text_7: text = 'some'
22.9391 	EXP 	text_7: text = 'some'
22.9552 	EXP 	text_7: text = 'some'
22.9726 	EXP 	text_7: text = 'some'
22.9887 	EXP 	text_7: text = 'some'
23.0056 	EXP 	text_7: text = 'some'
23.0223 	EXP 	text_7: text = 'some'
23.0387 	EXP 	text_7: text = 'some'
23.0562 	EXP 	text_7: text = 'some'
23.0718 	EXP 	text_7: text = 'some'
23.0883 	EXP 	text_7: text = 'some'
23.1052 	EXP 	text_7: text = 'some'
23.1219 	EXP 	text_7: text = 'some'
23.1388 	EXP 	text_7: text = 'some'
23.1556 	EXP 	text_7: text = 'some'
23.1718 	EXP 	text_7: text = 'some'
23.1889 	EXP 	text_7: text = 'some'
23.2056 	EXP 	text_7: text = 'some'
23.2218 	EXP 	text_7: text = 'some'
23.2387 	EXP 	text_7: text = 'some'
23.2553 	EXP 	text_7: text = 'some'
23.2716 	EXP 	text_7: text = 'some'
23.2887 	EXP 	text_7: text = 'some'
23.3053 	EXP 	text_7: text = 'some'
23.3216 	EXP 	text_7: text = 'some'
23.3386 	EXP 	text_7: text = 'some'
23.3557 	EXP 	text_7: text = 'some'
23.3725 	EXP 	text_7: text = 'some'
23.3886 	EXP 	text_7: text = 'some'
23.4053 	EXP 	text_7: text = 'some'
23.4217 	EXP 	text_7: text = 'some'
23.4383 	EXP 	text_7: text = 'some'
23.4547 	EXP 	text_7: text = 'some'
23.4717 	EXP 	text_7: text = 'some'
23.4884 	EXP 	text_7: text = 'some'
23.5049 	EXP 	text_7: text = 'some'
23.5216 	EXP 	text_7: text = 'some'
23.5383 	EXP 	text_7: text = 'some'
23.5546 	EXP 	text_7: text = 'some'
23.5717 	EXP 	text_7: text = 'some'
23.5880 	EXP 	text_7: text = 'some'
23.6048 	EXP 	text_7: text = 'some'
23.6216 	EXP 	text_7: text = 'some'
23.6384 	EXP 	text_7: text = 'some'
23.6550 	EXP 	text_7: text = 'some'
23.6713 	EXP 	text_7: text = 'some'
23.6880 	EXP 	text_7: text = 'some'
23.7045 	EXP 	text_7: text = 'some'
23.7214 	EXP 	text_7: text = 'some'
23.7379 	EXP 	text_7: text = 'some'
23.7546 	EXP 	text_7: text = 'some'
23.7717 	EXP 	text_7: text = 'some'
23.7878 	EXP 	text_7: text = 'some'
23.8046 	EXP 	text_7: text = 'some'
23.8214 	EXP 	text_7: text = 'some'
23.8380 	EXP 	text_7: text = 'some'
23.8545 	EXP 	text_7: text = 'some'
23.8714 	EXP 	text_7: text = 'some'
23.8881 	EXP 	text_7: text = 'some'
23.9049 	EXP 	text_7: text = 'some'
23.9214 	EXP 	text_7: text = 'some'
23.9380 	EXP 	text_7: text = 'some'
23.9547 	EXP 	text_7: text = 'some'
23.9710 	EXP 	text_7: text = 'some'
23.9879 	EXP 	text_7: text = 'some'
24.0048 	EXP 	text_7: text = 'some'
24.0211 	EXP 	text_7: text = 'some'
24.0379 	EXP 	text_7: text = 'some'
24.0543 	EXP 	text_7: text = 'some'
24.0706 	EXP 	text_7: text = 'some'
24.0878 	EXP 	text_7: text = 'some'
24.1047 	EXP 	text_7: text = 'some'
24.1210 	EXP 	text_7: text = 'some'
24.1378 	EXP 	text_7: text = 'some'
24.1541 	EXP 	text_7: text = 'some'
24.1712 	EXP 	text_7: text = 'some'
24.1880 	EXP 	text_7: text = 'some'
24.2042 	EXP 	text_7: text = 'some'
24.2212 	EXP 	text_7: text = 'some'
24.2380 	EXP 	text_7: text = 'some'
24.2543 	EXP 	text_7: text = 'some'
24.2710 	EXP 	text_7: text = 'some'
24.2878 	EXP 	text_7: text = 'some'
24.3040 	EXP 	text_7: text = 'some'
24.3212 	EXP 	text_7: text = 'some'
24.3376 	EXP 	text_7: text = 'some'
24.3544 	EXP 	text_7: text = 'some'
24.3707 	EXP 	text_7: text = 'some'
24.3878 	EXP 	text_7: text = 'some'
24.4043 	EXP 	text_7: text = 'some'
24.4212 	EXP 	text_7: text = 'some'
24.4374 	EXP 	text_7: text = 'some'
24.4542 	EXP 	text_7: text = 'some'
24.4707 	EXP 	text_7: text = 'some'
24.4871 	EXP 	text_7: text = 'some'
24.5042 	EXP 	text_7: text = 'some'
24.5210 	EXP 	text_7: text = 'some'
24.5372 	EXP 	text_7: text = 'some'
24.5542 	EXP 	text_7: text = 'some'
24.5709 	EXP 	text_7: text = 'some'
24.5873 	EXP 	text_7: text = 'some'
24.6040 	EXP 	text_7: text = 'some'
24.6208 	EXP 	text_7: text = 'some'
24.6371 	EXP 	text_7: text = 'some'
24.6542 	EXP 	text_7: text = 'some'
24.6708 	EXP 	text_7: text = 'some'
24.6869 	EXP 	text_7: text = 'some'
24.7039 	EXP 	text_7: text = 'some'
24.7205 	EXP 	text_7: text = 'some'
24.7372 	EXP 	text_7: text = 'some'
24.7538 	EXP 	text_7: text = 'some'
24.7706 	EXP 	text_7: text = 'some'
24.7873 	EXP 	text_7: text = 'some'
24.8038 	EXP 	text_7: text = 'some'
24.8206 	EXP 	text_7: text = 'some'
24.8374 	EXP 	text_7: text = 'some'
24.8536 	EXP 	text_7: text = 'some'
24.8706 	EXP 	text_7: text = 'some'
24.8873 	EXP 	text_7: text = 'some'
24.9040 	EXP 	text_7: text = 'some'
24.9201 	EXP 	text_7: text = 'some'
24.9371 	EXP 	text_7: text = 'some'
24.9539 	EXP 	text_7: text = 'some'
24.9700 	EXP 	text_7: text = 'some'
24.9867 	EXP 	text_7: text = 'some'
25.0037 	EXP 	text_7: text = 'some'
25.0199 	EXP 	text_7: text = 'some'
25.0366 	EXP 	text_7: text = 'some'
25.0536 	EXP 	text_7: text = 'some'
25.0697 	EXP 	text_7: text = 'some'
25.0865 	EXP 	text_7: text = 'some'
25.1036 	EXP 	text_7: text = 'some'
25.1200 	EXP 	text_7: text = 'some'
25.1368 	EXP 	text_7: text = 'some'
25.1532 	EXP 	text_7: text = 'some'
25.1701 	EXP 	text_7: text = 'some'
25.1872 	EXP 	text_7: text = 'some'
25.2037 	EXP 	text_7: text = 'some'
25.2201 	EXP 	text_7: text = 'some'
25.2369 	EXP 	text_7: text = 'some'
25.2533 	EXP 	text_7: text = 'some'
25.2697 	EXP 	text_7: text = 'some'
25.2868 	EXP 	text_7: text = 'some'
25.3036 	EXP 	text_7: text = 'some'
25.3200 	EXP 	text_7: text = 'some'
25.3367 	EXP 	text_7: text = 'some'
25.3534 	EXP 	text_7: text = 'some'
25.3699 	EXP 	text_7: text = 'some'
25.3866 	EXP 	text_7: text = 'some'
25.4036 	EXP 	text_7: text = 'some'
25.4198 	EXP 	text_7: text = 'some'
25.4366 	EXP 	text_7: text = 'some'
25.4531 	EXP 	text_7: text = 'some'
25.4700 	EXP 	text_7: text = 'some'
25.4865 	EXP 	text_7: text = 'some'
25.5030 	EXP 	text_7: text = 'some'
25.5201 	EXP 	text_7: text = 'some'
25.5367 	EXP 	text_7: text = 'some'
25.5530 	EXP 	text_7: text = 'some'
25.5698 	EXP 	text_7: text = 'some'
25.5868 	EXP 	text_7: text = 'some'
25.6029 	EXP 	text_7: text = 'some'
25.6197 	EXP 	text_7: text = 'some'
25.6365 	EXP 	text_7: text = 'some'
25.6532 	EXP 	text_7: text = 'some'
25.6700 	EXP 	text_7: text = 'some'
25.6863 	EXP 	text_7: text = 'some'
25.7031 	EXP 	text_7: text = 'some'
25.7200 	EXP 	text_7: text = 'some'
25.7361 	EXP 	text_7: text = 'some'
25.7531 	EXP 	text_7: text = 'some'
25.7696 	EXP 	text_7: text = 'some'
25.7861 	EXP 	text_7: text = 'some'
25.8031 	EXP 	text_7: text = 'some'
25.8199 	EXP 	text_7: text = 'some'
25.8361 	EXP 	text_7: text = 'some'
25.8528 	EXP 	text_7: text = 'some'
25.8700 	EXP 	text_7: text = 'some'
25.8860 	EXP 	text_7: text = 'some'
25.9031 	EXP 	text_7: text = 'some'
25.9196 	EXP 	text_7: text = 'some'
25.9364 	EXP 	text_7: text = 'some'
25.9529 	EXP 	text_7: text = 'some'
25.9690 	EXP 	text_7: text = 'some'
25.9862 	EXP 	text_7: text = 'some'
26.0029 	EXP 	text_7: text = 'some'
26.0190 	EXP 	text_7: text = 'some'
26.0359 	EXP 	text_7: text = 'some'
26.0528 	EXP 	text_7: text = 'some'
26.0699 	EXP 	text_7: text = 'some'
26.0857 	EXP 	text_7: text = 'some'
26.1025 	EXP 	text_7: text = 'some'
26.1191 	EXP 	text_7: text = 'some'
26.1360 	EXP 	text_7: text = 'some'
26.1528 	EXP 	text_7: text = 'some'
26.1691 	EXP 	text_7: text = 'some'
26.1858 	EXP 	text_7: text = 'some'
26.2025 	EXP 	text_7: text = 'some'
26.2190 	EXP 	text_7: text = 'some'
26.2358 	EXP 	text_7: text = 'some'
26.2525 	EXP 	text_7: text = 'some'
26.2696 	EXP 	text_7: text = 'some'
26.2855 	EXP 	text_7: text = 'some'
26.3027 	EXP 	text_7: text = 'some'
26.3192 	EXP 	text_7: text = 'some'
26.3355 	EXP 	text_7: text = 'some'
26.3525 	EXP 	text_7: text = 'some'
26.3693 	EXP 	text_7: text = 'some'
26.3855 	EXP 	text_7: text = 'some'
26.4025 	EXP 	text_7: text = 'some'
26.4188 	EXP 	text_7: text = 'some'
26.4354 	EXP 	text_7: text = 'some'
26.4524 	EXP 	text_7: text = 'some'
26.4691 	EXP 	text_7: text = 'some'
26.4857 	EXP 	text_7: text = 'some'
26.5023 	EXP 	text_7: text = 'some'
26.5187 	EXP 	text_7: text = 'some'
26.5355 	EXP 	text_7: text = 'some'
26.5523 	EXP 	text_7: text = 'some'
26.5693 	EXP 	text_7: text = 'some'
26.5854 	EXP 	text_7: text = 'some'
26.6024 	EXP 	text_7: text = 'some'
26.6185 	EXP 	text_7: text = 'some'
26.6356 	EXP 	text_7: text = 'some'
26.6524 	EXP 	text_7: text = 'some'
26.6685 	EXP 	text_7: text = 'some'
26.6855 	EXP 	text_7: text = 'some'
26.7021 	EXP 	text_7: text = 'some'
26.7186 	EXP 	text_7: text = 'some'
26.7355 	EXP 	text_7: text = 'some'
26.7518 	EXP 	text_7: text = 'some'
26.7689 	EXP 	text_7: text = 'some'
26.7851 	EXP 	text_7: text = 'some'
26.8023 	EXP 	text_7: text = 'some'
26.8187 	EXP 	text_7: text = 'some'
26.8355 	EXP 	text_7: text = 'some'
26.8515 	EXP 	text_7: text = 'some'
26.8684 	EXP 	text_7: text = 'some'
26.8851 	EXP 	text_7: text = 'some'
26.9016 	EXP 	text_7: text = 'some'
26.9184 	EXP 	text_7: text = 'some'
26.9353 	EXP 	text_7: text = 'some'
26.9516 	EXP 	text_7: text = 'some'
26.9683 	EXP 	text_7: text = 'some'
26.9853 	EXP 	text_7: text = 'some'
27.0020 	EXP 	text_7: text = 'some'
27.0182 	EXP 	text_7: text = 'some'
27.0347 	EXP 	text_7: text = 'some'
27.0513 	EXP 	text_7: text = 'some'
27.0680 	EXP 	text_7: text = 'some'
27.0700 	DATA 	Keypress: num_4
27.0848 	EXP 	text_7: text = 'some'
27.1017 	EXP 	text_7: text = 'some'
27.1184 	EXP 	text_7: text = 'some'
27.1346 	EXP 	text_7: text = 'some'
27.1517 	EXP 	text_7: text = 'some'
27.1678 	EXP 	text_7: text = 'some'
27.1844 	EXP 	text_7: text = 'some'
27.2010 	EXP 	text_7: text = 'some'
27.2177 	EXP 	text_7: text = 'some'
27.2343 	EXP 	text_7: text = 'some'
27.2510 	EXP 	text_7: text = 'some'
27.2676 	EXP 	text_7: text = 'some'
27.2844 	EXP 	text_7: text = 'some'
27.3009 	EXP 	text_7: text = 'some'
27.3176 	EXP 	text_7: text = 'some'
27.3342 	EXP 	text_7: text = 'some'
27.3509 	EXP 	text_7: text = 'some'
27.3675 	EXP 	text_7: text = 'some'
27.3842 	EXP 	text_7: text = 'some'
27.4009 	EXP 	text_7: text = 'some'
27.4175 	EXP 	text_7: text = 'some'
27.4341 	EXP 	text_7: text = 'some'
27.4508 	EXP 	text_7: text = 'some'
27.4674 	EXP 	text_7: text = 'some'
27.4841 	EXP 	text_7: text = 'some'
27.5008 	EXP 	text_7: text = 'some'
27.5174 	EXP 	text_7: text = 'some'
27.5340 	EXP 	text_7: text = 'some'
27.5507 	EXP 	text_7: text = 'some'
27.5674 	EXP 	text_7: text = 'some'
27.5840 	EXP 	text_7: text = 'some'
27.6006 	EXP 	text_7: text = 'some'
27.6173 	EXP 	text_7: text = 'some'
27.6339 	EXP 	text_7: text = 'some'
27.6506 	EXP 	text_7: text = 'some'
27.6672 	EXP 	text_7: text = 'some'
27.6839 	EXP 	text_7: text = 'some'
27.7005 	EXP 	text_7: text = 'some'
27.7172 	EXP 	text_7: text = 'some'
27.7339 	EXP 	text_7: text = 'some'
27.7505 	EXP 	text_7: text = 'some'
27.7672 	EXP 	text_7: text = 'some'
27.7838 	EXP 	text_7: text = 'some'
27.8005 	EXP 	text_7: text = 'some'
27.8174 	EXP 	text_7: text = 'some'
27.8338 	EXP 	text_7: text = 'some'
27.8504 	EXP 	text_7: text = 'some'
27.8670 	EXP 	text_7: text = 'some'
27.8837 	EXP 	text_7: text = 'some'
27.9003 	EXP 	text_7: text = 'some'
27.9170 	EXP 	text_7: text = 'some'
27.9336 	EXP 	text_7: text = 'some'
27.9503 	EXP 	text_7: text = 'some'
27.9669 	EXP 	text_7: text = 'some'
27.9836 	EXP 	text_7: text = 'some'
28.0003 	EXP 	text_7: text = 'some'
28.0169 	EXP 	text_7: text = 'some'
28.0336 	EXP 	text_7: text = 'some'
28.0505 	EXP 	text_7: text = 'some'
28.0669 	EXP 	text_7: text = 'some'
28.0835 	EXP 	text_7: text = 'some'
28.1000 	EXP 	text_7: text = 'some'
28.1167 	EXP 	text_7: text = 'some'
28.1334 	EXP 	text_7: text = 'some'
28.1501 	EXP 	text_7: text = 'some'
28.1668 	EXP 	text_7: text = 'some'
28.1834 	EXP 	text_7: text = 'some'
28.2000 	EXP 	text_7: text = 'some'
28.2167 	EXP 	text_7: text = 'some'
28.2334 	EXP 	text_7: text = 'some'
28.2500 	EXP 	text_7: text = 'some'
28.2666 	EXP 	text_7: text = 'some'
28.2833 	EXP 	text_7: text = 'some'
28.3001 	EXP 	text_7: text = 'some'
28.3166 	EXP 	text_7: text = 'some'
28.3333 	EXP 	text_7: text = 'some'
28.3499 	EXP 	text_7: text = 'some'
28.3666 	EXP 	text_7: text = 'some'
28.3832 	EXP 	text_7: text = 'some'
28.3999 	EXP 	text_7: text = 'some'
28.4165 	EXP 	text_7: text = 'some'
28.4331 	EXP 	text_7: text = 'some'
28.4498 	EXP 	text_7: text = 'some'
28.4665 	EXP 	text_7: text = 'some'
28.4831 	EXP 	text_7: text = 'some'
28.4998 	EXP 	text_7: text = 'some'
28.5164 	EXP 	text_7: text = 'some'
28.5331 	EXP 	text_7: text = 'some'
28.5497 	EXP 	text_7: text = 'some'
28.5664 	EXP 	text_7: text = 'some'
28.5830 	EXP 	text_7: text = 'some'
28.5997 	EXP 	text_7: text = 'some'
28.6164 	EXP 	text_7: text = 'some'
28.6330 	EXP 	text_7: text = 'some'
28.6496 	EXP 	text_7: text = 'some'
28.6663 	EXP 	text_7: text = 'some'
28.6829 	EXP 	text_7: text = 'some'
28.6995 	EXP 	text_7: text = 'some'
28.7163 	EXP 	text_7: text = 'some'
28.7329 	EXP 	text_7: text = 'some'
28.7495 	EXP 	text_7: text = 'some'
28.7662 	EXP 	text_7: text = 'some'
28.7828 	EXP 	text_7: text = 'some'
28.7995 	EXP 	text_7: text = 'some'
28.8161 	EXP 	text_7: text = 'some'
28.8328 	EXP 	text_7: text = 'some'
28.8495 	EXP 	text_7: text = 'some'
28.8661 	EXP 	text_7: text = 'some'
28.8828 	EXP 	text_7: text = 'some'
28.8994 	EXP 	text_7: text = 'some'
28.9161 	EXP 	text_7: text = 'some'
28.9328 	EXP 	text_7: text = 'some'
28.9494 	EXP 	text_7: text = 'some'
28.9660 	EXP 	text_7: text = 'some'
28.9827 	EXP 	text_7: text = 'some'
28.9993 	EXP 	text_7: text = 'some'
29.0160 	EXP 	text_7: text = 'some'
29.0326 	EXP 	text_7: text = 'some'
29.0493 	EXP 	text_7: text = 'some'
29.0660 	EXP 	text_7: text = 'some'
29.0826 	EXP 	text_7: text = 'some'
29.0992 	EXP 	text_7: text = 'some'
29.1157 	EXP 	text_7: text = 'some'
29.1325 	EXP 	text_7: text = 'some'
29.1492 	EXP 	text_7: text = 'some'
29.1659 	EXP 	text_7: text = 'some'
29.1825 	EXP 	text_7: text = 'some'
29.1991 	EXP 	text_7: text = 'some'
29.2158 	EXP 	text_7: text = 'some'
29.2324 	EXP 	text_7: text = 'some'
29.2490 	EXP 	text_7: text = 'some'
29.2657 	EXP 	text_7: text = 'some'
29.2824 	EXP 	text_7: text = 'some'
29.2991 	EXP 	text_7: text = 'some'
29.3157 	EXP 	text_7: text = 'some'
29.3323 	EXP 	text_7: text = 'some'
29.3489 	EXP 	text_7: text = 'some'
29.3656 	EXP 	text_7: text = 'some'
29.3823 	EXP 	text_7: text = 'some'
29.3990 	EXP 	text_7: text = 'some'
29.4156 	EXP 	text_7: text = 'some'
29.4323 	EXP 	text_7: text = 'some'
29.4489 	EXP 	text_7: text = 'some'
29.4655 	EXP 	text_7: text = 'some'
29.4823 	EXP 	text_7: text = 'some'
29.4989 	EXP 	text_7: text = 'some'
29.5155 	EXP 	text_7: text = 'some'
29.5322 	EXP 	text_7: text = 'some'
29.5488 	EXP 	text_7: text = 'some'
29.5655 	EXP 	text_7: text = 'some'
29.5820 	EXP 	text_7: text = 'some'
29.5990 	EXP 	text_7: text = 'some'
29.6155 	EXP 	text_7: text = 'some'
29.6321 	EXP 	text_7: text = 'some'
29.6487 	EXP 	text_7: text = 'some'
29.6654 	EXP 	text_7: text = 'some'
29.6820 	EXP 	text_7: text = 'some'
29.6987 	EXP 	text_7: text = 'some'
29.7153 	EXP 	text_7: text = 'some'
29.7168 	DATA 	Keypress: num_4
29.7321 	EXP 	text_7: text = 'some'
29.7487 	EXP 	text_7: text = 'some'
29.7653 	EXP 	text_7: text = 'some'
29.7819 	EXP 	text_7: text = 'some'
29.7986 	EXP 	text_7: text = 'some'
29.8153 	EXP 	text_7: text = 'some'
29.8320 	EXP 	text_7: text = 'some'
29.8486 	EXP 	text_7: text = 'some'
29.8654 	EXP 	text_7: text = 'some'
29.8818 	EXP 	text_7: text = 'some'
29.8986 	EXP 	text_7: text = 'some'
29.9152 	EXP 	text_7: text = 'some'
29.9318 	EXP 	text_7: text = 'some'
29.9489 	EXP 	text_7: text = 'some'
29.9652 	EXP 	text_7: text = 'some'
29.9667 	DATA 	Keypress: num_4
29.9818 	EXP 	text_7: text = 'some'
29.9983 	EXP 	text_7: text = 'some'
30.0150 	EXP 	text_7: text = 'some'
30.0317 	EXP 	text_7: text = 'some'
30.0483 	EXP 	text_7: text = 'some'
30.0650 	EXP 	text_7: text = 'some'
30.0817 	EXP 	text_7: text = 'some'
30.0984 	EXP 	text_7: text = 'some'
30.1149 	EXP 	text_7: text = 'some'
30.1316 	EXP 	text_7: text = 'some'
30.1482 	EXP 	text_7: text = 'some'
30.1649 	EXP 	text_7: text = 'some'
30.1665 	DATA 	Keypress: num_4
30.1815 	EXP 	text_7: text = 'some'
30.1982 	EXP 	text_7: text = 'some'
30.2148 	EXP 	text_7: text = 'some'
30.2315 	EXP 	text_7: text = 'some'
30.2482 	EXP 	text_7: text = 'some'
30.2649 	EXP 	text_7: text = 'some'
30.2815 	EXP 	text_7: text = 'some'
30.2981 	EXP 	text_7: text = 'some'
30.3152 	EXP 	text_7: text = 'some'
30.3314 	EXP 	text_7: text = 'some'
30.3329 	DATA 	Keypress: num_4
30.3481 	EXP 	text_7: text = 'some'
30.3647 	EXP 	text_7: text = 'some'
30.3814 	EXP 	text_7: text = 'some'
30.3981 	EXP 	text_7: text = 'some'
30.4148 	EXP 	text_7: text = 'some'
30.4314 	EXP 	text_7: text = 'some'
30.4480 	EXP 	text_7: text = 'some'
30.4647 	EXP 	text_7: text = 'some'
30.4813 	EXP 	text_7: text = 'some'
30.4829 	DATA 	Keypress: num_4
30.4981 	EXP 	text_7: text = 'some'
30.5148 	EXP 	text_7: text = 'some'
30.5313 	EXP 	text_7: text = 'some'
30.5480 	EXP 	text_7: text = 'some'
30.5647 	EXP 	text_7: text = 'some'
30.5813 	EXP 	text_7: text = 'some'
30.5979 	EXP 	text_7: text = 'some'
30.6145 	EXP 	text_7: text = 'some'
30.6312 	EXP 	text_7: text = 'some'
30.6328 	DATA 	Keypress: num_4
30.6478 	EXP 	text_7: text = 'some'
30.6647 	EXP 	text_7: text = 'some'
30.6811 	EXP 	text_7: text = 'some'
30.6978 	EXP 	text_7: text = 'some'
30.7144 	EXP 	text_7: text = 'some'
30.7310 	EXP 	text_7: text = 'some'
30.7477 	EXP 	text_7: text = 'some'
30.7644 	EXP 	text_7: text = 'some'
30.7810 	EXP 	text_7: text = 'some'
30.7976 	EXP 	text_7: text = 'some'
30.7993 	DATA 	Keypress: num_4
30.8143 	EXP 	text_7: text = 'some'
30.8309 	EXP 	text_7: text = 'some'
30.8476 	EXP 	text_7: text = 'some'
30.8643 	EXP 	text_7: text = 'some'
30.8811 	EXP 	text_7: text = 'some'
30.8978 	EXP 	text_7: text = 'some'
30.9148 	EXP 	text_7: text = 'some'
30.9309 	EXP 	text_7: text = 'some'
30.9478 	EXP 	text_7: text = 'some'
30.9493 	DATA 	Keypress: num_4
30.9648 	EXP 	text_7: text = 'some'
30.9811 	EXP 	text_7: text = 'some'
30.9977 	EXP 	text_7: text = 'some'
31.0145 	EXP 	text_7: text = 'some'
31.0315 	EXP 	text_7: text = 'some'
31.0479 	EXP 	text_7: text = 'some'
31.0642 	EXP 	text_7: text = 'some'
31.0669 	DATA 	Keypress: num_4
31.0811 	EXP 	text_7: text = 'some'
31.0980 	EXP 	text_7: text = 'some'
31.1142 	EXP 	text_7: text = 'some'
31.1309 	EXP 	text_7: text = 'some'
31.1473 	EXP 	text_7: text = 'some'
31.1647 	EXP 	text_7: text = 'some'
31.1808 	EXP 	text_7: text = 'some'
31.1977 	EXP 	text_7: text = 'some'
31.2147 	EXP 	text_7: text = 'some'
31.2309 	EXP 	text_7: text = 'some'
31.2477 	EXP 	text_7: text = 'some'
31.2647 	EXP 	text_7: text = 'some'
31.2661 	DATA 	Keypress: num_4
31.2808 	EXP 	text_7: text = 'some'
31.2977 	EXP 	text_7: text = 'some'
31.3143 	EXP 	text_7: text = 'some'
31.3307 	EXP 	text_7: text = 'some'
31.3477 	EXP 	text_7: text = 'some'
31.3642 	EXP 	text_7: text = 'some'
31.3806 	EXP 	text_7: text = 'some'
31.3975 	EXP 	text_7: text = 'some'
31.4143 	EXP 	text_7: text = 'some'
31.4306 	EXP 	text_7: text = 'some'
31.4474 	EXP 	text_7: text = 'some'
31.4643 	EXP 	text_7: text = 'some'
31.4810 	EXP 	text_7: text = 'some'
31.4972 	EXP 	text_7: text = 'some'
31.5141 	EXP 	text_7: text = 'some'
31.5310 	EXP 	text_7: text = 'some'
31.5472 	EXP 	text_7: text = 'some'
31.5641 	EXP 	text_7: text = 'some'
31.5810 	EXP 	text_7: text = 'some'
31.5973 	EXP 	text_7: text = 'some'
31.6141 	EXP 	text_7: text = 'some'
31.6309 	EXP 	text_7: text = 'some'
31.6476 	EXP 	text_7: text = 'some'
31.6642 	EXP 	text_7: text = 'some'
31.6805 	EXP 	text_7: text = 'some'
31.6974 	EXP 	text_7: text = 'some'
31.7141 	EXP 	text_7: text = 'some'
31.7306 	EXP 	text_7: text = 'some'
31.7474 	EXP 	text_7: text = 'some'
31.7636 	EXP 	text_7: text = 'some'
31.7807 	EXP 	text_7: text = 'some'
31.7970 	EXP 	text_7: text = 'some'
31.8139 	EXP 	text_7: text = 'some'
31.8304 	EXP 	text_7: text = 'some'
31.8468 	EXP 	text_7: text = 'some'
31.8640 	EXP 	text_7: text = 'some'
31.8804 	EXP 	text_7: text = 'some'
31.8972 	EXP 	text_7: text = 'some'
31.9141 	EXP 	text_7: text = 'some'
31.9303 	EXP 	text_7: text = 'some'
31.9469 	EXP 	text_7: text = 'some'
31.9639 	EXP 	text_7: text = 'some'
31.9803 	EXP 	text_7: text = 'some'
31.9971 	EXP 	text_7: text = 'some'
32.0138 	EXP 	text_7: text = 'some'
32.0302 	EXP 	text_7: text = 'some'
32.0469 	EXP 	text_7: text = 'some'
32.0639 	EXP 	text_7: text = 'some'
32.0805 	EXP 	text_7: text = 'some'
32.0966 	EXP 	text_7: text = 'some'
32.1136 	EXP 	text_7: text = 'some'
32.1300 	EXP 	text_7: text = 'some'
32.1466 	EXP 	text_7: text = 'some'
32.1632 	EXP 	text_7: text = 'some'
32.1803 	EXP 	text_7: text = 'some'
32.1966 	EXP 	text_7: text = 'some'
32.2133 	EXP 	text_7: text = 'some'
32.2304 	EXP 	text_7: text = 'some'
32.2473 	EXP 	text_7: text = 'some'
32.2632 	EXP 	text_7: text = 'some'
32.2799 	EXP 	text_7: text = 'some'
32.2963 	EXP 	text_7: text = 'some'
32.3134 	EXP 	text_7: text = 'some'
32.3297 	EXP 	text_7: text = 'some'
32.3464 	EXP 	text_7: text = 'some'
32.3636 	EXP 	text_7: text = 'some'
32.3803 	EXP 	text_7: text = 'some'
32.3967 	EXP 	text_7: text = 'some'
32.4128 	EXP 	text_7: text = 'some'
32.4463 	EXP 	text_7: text = 'some'
32.4631 	EXP 	text_7: text = 'some'
32.4796 	EXP 	text_7: text = 'some'
32.4963 	EXP 	text_7: text = 'some'
32.5133 	EXP 	text_7: text = 'some'
32.5301 	EXP 	text_7: text = 'some'
32.5467 	EXP 	text_7: text = 'some'
32.5630 	EXP 	text_7: text = 'some'
32.5798 	EXP 	text_7: text = 'some'
32.5967 	EXP 	text_7: text = 'some'
32.6128 	EXP 	text_7: text = 'some'
32.6295 	EXP 	text_7: text = 'some'
32.6463 	EXP 	text_7: text = 'some'
32.6630 	EXP 	text_7: text = 'some'
32.6798 	EXP 	text_7: text = 'some'
32.6960 	EXP 	text_7: text = 'some'
32.7129 	EXP 	text_7: text = 'some'
32.7292 	EXP 	text_7: text = 'some'
32.7462 	EXP 	text_7: text = 'some'
32.7632 	EXP 	text_7: text = 'some'
32.7798 	EXP 	text_7: text = 'some'
32.7960 	EXP 	text_7: text = 'some'
32.8130 	EXP 	text_7: text = 'some'
32.8297 	EXP 	text_7: text = 'some'
32.8459 	EXP 	text_7: text = 'some'
32.8625 	EXP 	text_7: text = 'some'
32.8797 	EXP 	text_7: text = 'some'
32.8961 	EXP 	text_7: text = 'some'
32.9131 	EXP 	text_7: text = 'some'
32.9296 	EXP 	text_7: text = 'some'
32.9459 	EXP 	text_7: text = 'some'
32.9627 	EXP 	text_7: text = 'some'
32.9796 	EXP 	text_7: text = 'some'
32.9958 	EXP 	text_7: text = 'some'
33.0129 	EXP 	text_7: text = 'some'
33.0295 	EXP 	text_7: text = 'some'
33.0457 	EXP 	text_7: text = 'some'
33.0626 	EXP 	text_7: text = 'some'
33.0795 	EXP 	text_7: text = 'some'
33.0958 	EXP 	text_7: text = 'some'
33.1126 	EXP 	text_7: text = 'some'
33.1293 	EXP 	text_7: text = 'some'
33.1456 	EXP 	text_7: text = 'some'
33.1624 	EXP 	text_7: text = 'some'
33.1788 	EXP 	text_7: text = 'some'
33.1962 	EXP 	text_7: text = 'some'
33.2126 	EXP 	text_7: text = 'some'
33.2295 	EXP 	text_7: text = 'some'
33.2461 	EXP 	text_7: text = 'some'
33.2625 	EXP 	text_7: text = 'some'
33.2793 	EXP 	text_7: text = 'some'
33.2959 	EXP 	text_7: text = 'some'
33.3126 	EXP 	text_7: text = 'some'
33.3290 	EXP 	text_7: text = 'some'
33.3458 	EXP 	text_7: text = 'some'
33.3625 	EXP 	text_7: text = 'some'
33.3790 	EXP 	text_7: text = 'some'
33.3962 	EXP 	text_7: text = 'some'
33.4121 	EXP 	text_7: text = 'some'
33.4288 	EXP 	text_7: text = 'some'
33.4458 	EXP 	text_7: text = 'some'
33.4624 	EXP 	text_7: text = 'some'
33.4790 	EXP 	text_7: text = 'some'
33.4959 	EXP 	text_7: text = 'some'
33.5126 	EXP 	text_7: text = 'some'
33.5291 	EXP 	text_7: text = 'some'
33.5458 	EXP 	text_7: text = 'some'
33.5623 	EXP 	text_7: text = 'some'
33.5786 	EXP 	text_7: text = 'some'
33.5955 	EXP 	text_7: text = 'some'
33.6125 	EXP 	text_7: text = 'some'
33.6286 	EXP 	text_7: text = 'some'
33.6458 	EXP 	text_7: text = 'some'
33.6619 	EXP 	text_7: text = 'some'
33.6790 	EXP 	text_7: text = 'some'
33.6955 	EXP 	text_7: text = 'some'
33.7123 	EXP 	text_7: text = 'some'
33.7295 	EXP 	text_7: text = 'some'
33.7454 	EXP 	text_7: text = 'some'
33.7617 	EXP 	text_7: text = 'some'
33.7784 	EXP 	text_7: text = 'some'
33.7951 	EXP 	text_7: text = 'some'
33.8116 	EXP 	text_7: text = 'some'
33.8287 	EXP 	text_7: text = 'some'
33.8452 	EXP 	text_7: text = 'some'
33.8617 	EXP 	text_7: text = 'some'
33.8790 	EXP 	text_7: text = 'some'
33.8954 	EXP 	text_7: text = 'some'
33.9120 	EXP 	text_7: text = 'some'
33.9288 	EXP 	text_7: text = 'some'
33.9449 	EXP 	text_7: text = 'some'
33.9624 	EXP 	text_7: text = 'some'
33.9792 	EXP 	text_7: text = 'some'
33.9953 	EXP 	text_7: text = 'some'
34.0125 	EXP 	text_7: text = 'some'
34.0283 	EXP 	text_7: text = 'some'
34.0453 	EXP 	text_7: text = 'some'
34.0618 	EXP 	text_7: text = 'some'
34.0784 	EXP 	text_7: text = 'some'
34.0950 	EXP 	text_7: text = 'some'
34.1118 	EXP 	text_7: text = 'some'
34.1284 	EXP 	text_7: text = 'some'
34.1453 	EXP 	text_7: text = 'some'
34.1619 	EXP 	text_7: text = 'some'
34.1779 	EXP 	text_7: text = 'some'
34.1952 	EXP 	text_7: text = 'some'
34.2114 	EXP 	text_7: text = 'some'
34.2285 	EXP 	text_7: text = 'some'
34.2452 	EXP 	text_7: text = 'some'
34.2618 	EXP 	text_7: text = 'some'
34.2785 	EXP 	text_7: text = 'some'
34.2949 	EXP 	text_7: text = 'some'
34.3119 	EXP 	text_7: text = 'some'
34.3282 	EXP 	text_7: text = 'some'
34.3449 	EXP 	text_7: text = 'some'
34.3613 	EXP 	text_7: text = 'some'
34.3780 	EXP 	text_7: text = 'some'
34.3948 	EXP 	text_7: text = 'some'
34.4118 	EXP 	text_7: text = 'some'
34.4284 	EXP 	text_7: text = 'some'
34.4446 	EXP 	text_7: text = 'some'
34.4616 	EXP 	text_7: text = 'some'
34.4784 	EXP 	text_7: text = 'some'
34.4946 	EXP 	text_7: text = 'some'
34.5116 	EXP 	text_7: text = 'some'
34.6273 	EXP 	text_7: text = 'some'
34.6447 	EXP 	text_7: text = 'some'
34.6612 	EXP 	text_7: text = 'some'
34.6779 	EXP 	text_7: text = 'some'
34.6948 	EXP 	text_7: text = 'some'
34.7111 	EXP 	text_7: text = 'some'
34.7280 	EXP 	text_7: text = 'some'
34.7446 	EXP 	text_7: text = 'some'
34.7614 	EXP 	text_7: text = 'some'
34.7781 	EXP 	text_7: text = 'some'
34.7943 	EXP 	text_7: text = 'some'
34.8111 	EXP 	text_7: text = 'some'
34.8279 	EXP 	text_7: text = 'some'
34.8444 	EXP 	text_7: text = 'some'
34.8612 	EXP 	text_7: text = 'some'
34.8774 	EXP 	text_7: text = 'some'
34.8943 	EXP 	text_7: text = 'some'
34.9112 	EXP 	text_7: text = 'some'
34.9279 	EXP 	text_7: text = 'some'
34.9444 	EXP 	text_7: text = 'some'
34.9611 	EXP 	text_7: text = 'some'
34.9776 	EXP 	text_7: text = 'some'
34.9944 	EXP 	text_7: text = 'some'
35.0107 	EXP 	text_7: text = 'some'
35.0274 	EXP 	text_7: text = 'some'
35.0444 	EXP 	text_7: text = 'some'
35.0609 	EXP 	text_7: text = 'some'
35.0774 	EXP 	text_7: text = 'some'
35.0942 	EXP 	text_7: text = 'some'
35.1107 	EXP 	text_7: text = 'some'
35.1272 	EXP 	text_7: text = 'some'
35.1441 	EXP 	text_7: text = 'some'
35.1608 	EXP 	text_7: text = 'some'
35.1772 	EXP 	text_7: text = 'some'
35.1936 	EXP 	text_7: text = 'some'
35.2107 	EXP 	text_7: text = 'some'
35.2274 	EXP 	text_7: text = 'some'
35.2437 	EXP 	text_7: text = 'some'
35.2608 	EXP 	text_7: text = 'some'
35.2774 	EXP 	text_7: text = 'some'
35.2937 	EXP 	text_7: text = 'some'
35.3106 	EXP 	text_7: text = 'some'
35.3274 	EXP 	text_7: text = 'some'
35.3436 	EXP 	text_7: text = 'some'
35.3602 	EXP 	text_7: text = 'some'
35.3773 	EXP 	text_7: text = 'some'
35.3939 	EXP 	text_7: text = 'some'
35.4104 	EXP 	text_7: text = 'some'
35.4272 	EXP 	text_7: text = 'some'
35.4442 	EXP 	text_7: text = 'some'
35.4606 	EXP 	text_7: text = 'some'
35.4770 	EXP 	text_7: text = 'some'
35.4939 	EXP 	text_7: text = 'some'
35.5105 	EXP 	text_7: text = 'some'
35.5274 	EXP 	text_7: text = 'some'
35.5435 	EXP 	text_7: text = 'some'
35.5605 	EXP 	text_7: text = 'some'
35.5772 	EXP 	text_7: text = 'some'
35.5937 	EXP 	text_7: text = 'some'
35.6105 	EXP 	text_7: text = 'some'
35.6271 	EXP 	text_7: text = 'some'
35.6433 	EXP 	text_7: text = 'some'
35.6602 	EXP 	text_7: text = 'some'
35.6771 	EXP 	text_7: text = 'some'
35.6933 	EXP 	text_7: text = 'some'
35.7099 	EXP 	text_7: text = 'some'
35.7266 	EXP 	text_7: text = 'some'
35.7437 	EXP 	text_7: text = 'some'
35.7604 	EXP 	text_7: text = 'some'
35.7766 	EXP 	text_7: text = 'some'
35.7935 	EXP 	text_7: text = 'some'
35.8103 	EXP 	text_7: text = 'some'
35.8270 	EXP 	text_7: text = 'some'
35.8436 	EXP 	text_7: text = 'some'
35.8600 	EXP 	text_7: text = 'some'
35.8766 	EXP 	text_7: text = 'some'
35.8935 	EXP 	text_7: text = 'some'
35.9101 	EXP 	text_7: text = 'some'
35.9265 	EXP 	text_7: text = 'some'
35.9436 	EXP 	text_7: text = 'some'
35.9602 	EXP 	text_7: text = 'some'
35.9767 	EXP 	text_7: text = 'some'
35.9934 	EXP 	text_7: text = 'some'
36.0098 	EXP 	text_7: text = 'some'
36.0267 	EXP 	text_7: text = 'some'
36.0434 	EXP 	text_7: text = 'some'
36.0597 	EXP 	text_7: text = 'some'
36.0766 	EXP 	text_7: text = 'some'
36.0934 	EXP 	text_7: text = 'some'
36.1101 	EXP 	text_7: text = 'some'
36.1265 	EXP 	text_7: text = 'some'
36.1434 	EXP 	text_7: text = 'some'
36.1599 	EXP 	text_7: text = 'some'
36.1767 	EXP 	text_7: text = 'some'
36.1935 	EXP 	text_7: text = 'some'
36.2093 	EXP 	text_7: text = 'some'
36.2263 	EXP 	text_7: text = 'some'
36.2433 	EXP 	text_7: text = 'some'
36.2595 	EXP 	text_7: text = 'some'
36.2764 	EXP 	text_7: text = 'some'
36.2929 	EXP 	text_7: text = 'some'
36.3099 	EXP 	text_7: text = 'some'
36.3265 	EXP 	text_7: text = 'some'
36.3429 	EXP 	text_7: text = 'some'
36.3598 	EXP 	text_7: text = 'some'
36.3766 	EXP 	text_7: text = 'some'
36.3931 	EXP 	text_7: text = 'some'
36.4099 	EXP 	text_7: text = 'some'
36.4266 	EXP 	text_7: text = 'some'
36.4430 	EXP 	text_7: text = 'some'
36.4597 	EXP 	text_7: text = 'some'
36.4758 	EXP 	text_7: text = 'some'
36.4931 	EXP 	text_7: text = 'some'
36.5093 	EXP 	text_7: text = 'some'
36.5259 	EXP 	text_7: text = 'some'
36.5428 	EXP 	text_7: text = 'some'
36.5593 	EXP 	text_7: text = 'some'
36.5761 	EXP 	text_7: text = 'some'
36.5929 	EXP 	text_7: text = 'some'
36.6092 	EXP 	text_7: text = 'some'
36.6260 	EXP 	text_7: text = 'some'
36.6425 	EXP 	text_7: text = 'some'
36.6594 	EXP 	text_7: text = 'some'
36.6761 	EXP 	text_7: text = 'some'
36.6923 	EXP 	text_7: text = 'some'
36.7093 	EXP 	text_7: text = 'some'
36.7262 	EXP 	text_7: text = 'some'
36.7424 	EXP 	text_7: text = 'some'
36.7591 	EXP 	text_7: text = 'some'
36.7761 	EXP 	text_7: text = 'some'
36.7927 	EXP 	text_7: text = 'some'
36.8091 	EXP 	text_7: text = 'some'
36.8261 	EXP 	text_7: text = 'some'
36.8428 	EXP 	text_7: text = 'some'
36.8590 	EXP 	text_7: text = 'some'
36.8759 	EXP 	text_7: text = 'some'
36.8928 	EXP 	text_7: text = 'some'
36.9091 	EXP 	text_7: text = 'some'
36.9259 	EXP 	text_7: text = 'some'
36.9423 	EXP 	text_7: text = 'some'
36.9592 	EXP 	text_7: text = 'some'
36.9759 	EXP 	text_7: text = 'some'
36.9922 	EXP 	text_7: text = 'some'
37.0089 	EXP 	text_7: text = 'some'
37.0256 	EXP 	text_7: text = 'some'
37.0423 	EXP 	text_7: text = 'some'
37.0588 	EXP 	text_7: text = 'some'
37.0757 	EXP 	text_7: text = 'some'
37.0924 	EXP 	text_7: text = 'some'
37.1090 	EXP 	text_7: text = 'some'
37.1255 	EXP 	text_7: text = 'some'
37.1427 	EXP 	text_7: text = 'some'
37.1591 	EXP 	text_7: text = 'some'
37.1753 	EXP 	text_7: text = 'some'
37.1931 	EXP 	text_7: text = 'some'
37.2092 	EXP 	text_7: text = 'some'
37.2251 	EXP 	text_7: text = 'some'
37.2419 	EXP 	text_7: text = 'some'
37.2589 	EXP 	text_7: text = 'some'
37.2757 	EXP 	text_7: text = 'some'
37.2919 	EXP 	text_7: text = 'some'
37.3088 	EXP 	text_7: text = 'some'
37.3256 	EXP 	text_7: text = 'some'
37.3418 	EXP 	text_7: text = 'some'
37.3590 	EXP 	text_7: text = 'some'
37.3753 	EXP 	text_7: text = 'some'
37.3922 	EXP 	text_7: text = 'some'
37.4083 	EXP 	text_7: text = 'some'
37.4252 	EXP 	text_7: text = 'some'
37.4422 	EXP 	text_7: text = 'some'
37.4589 	EXP 	text_7: text = 'some'
37.4750 	EXP 	text_7: text = 'some'
37.4916 	EXP 	text_7: text = 'some'
37.5087 	EXP 	text_7: text = 'some'
37.5250 	EXP 	text_7: text = 'some'
37.5419 	EXP 	text_7: text = 'some'
37.5585 	EXP 	text_7: text = 'some'
37.5753 	EXP 	text_7: text = 'some'
37.5918 	EXP 	text_7: text = 'some'
37.6083 	EXP 	text_7: text = 'some'
37.6253 	EXP 	text_7: text = 'some'
37.6417 	EXP 	text_7: text = 'some'
37.6582 	EXP 	text_7: text = 'some'
37.6752 	EXP 	text_7: text = 'some'
37.6919 	EXP 	text_7: text = 'some'
37.7082 	EXP 	text_7: text = 'some'
37.7253 	EXP 	text_7: text = 'some'
37.7416 	EXP 	text_7: text = 'some'
37.7584 	EXP 	text_7: text = 'some'
37.7746 	EXP 	text_7: text = 'some'
37.7920 	EXP 	text_7: text = 'some'
37.8081 	EXP 	text_7: text = 'some'
37.8247 	EXP 	text_7: text = 'some'
37.8416 	EXP 	text_7: text = 'some'
37.8580 	EXP 	text_7: text = 'some'
37.8750 	EXP 	text_7: text = 'some'
37.8916 	EXP 	text_7: text = 'some'
37.9084 	EXP 	text_7: text = 'some'
37.9248 	EXP 	text_7: text = 'some'
37.9416 	EXP 	text_7: text = 'some'
37.9584 	EXP 	text_7: text = 'some'
37.9748 	EXP 	text_7: text = 'some'
37.9915 	EXP 	text_7: text = 'some'
38.0078 	EXP 	text_7: text = 'some'
38.0247 	EXP 	text_7: text = 'some'
38.0413 	EXP 	text_7: text = 'some'
38.0582 	EXP 	text_7: text = 'some'
38.0748 	EXP 	text_7: text = 'some'
38.0916 	EXP 	text_7: text = 'some'
38.1080 	EXP 	text_7: text = 'some'
38.4913 	EXP 	text_7: text = 'some'
38.5077 	EXP 	text_7: text = 'some'
38.5246 	EXP 	text_7: text = 'some'
38.5409 	EXP 	text_7: text = 'some'
38.5578 	EXP 	text_7: text = 'some'
38.5740 	EXP 	text_7: text = 'some'
38.5907 	EXP 	text_7: text = 'some'
38.6072 	EXP 	text_7: text = 'some'
38.6243 	EXP 	text_7: text = 'some'
38.6410 	EXP 	text_7: text = 'some'
38.6579 	EXP 	text_7: text = 'some'
38.6742 	EXP 	text_7: text = 'some'
38.6905 	EXP 	text_7: text = 'some'
38.7072 	EXP 	text_7: text = 'some'
38.7241 	EXP 	text_7: text = 'some'
38.7410 	EXP 	text_7: text = 'some'
38.7572 	EXP 	text_7: text = 'some'
38.7738 	EXP 	text_7: text = 'some'
38.7907 	EXP 	text_7: text = 'some'
38.8073 	EXP 	text_7: text = 'some'
38.8088 	DATA 	Keypress: escape
38.8242 	EXP 	text_7: text = 'some'
38.8409 	EXP 	text_7: text = 'some'
38.8570 	EXP 	text_7: text = 'some'
38.8741 	EXP 	text_7: text = 'some'
38.8906 	EXP 	text_7: text = 'some'
38.9075 	EXP 	text_7: text = 'some'
38.9237 	EXP 	text_7: text = 'some'
38.9405 	EXP 	text_7: text = 'some'
38.9575 	EXP 	text_7: text = 'some'
38.9740 	EXP 	text_7: text = 'some'
38.9906 	EXP 	text_7: text = 'some'
39.0074 	EXP 	text_7: text = 'some'
39.0242 	EXP 	text_7: text = 'some'
39.0404 	EXP 	text_7: text = 'some'
39.0569 	EXP 	text_7: text = 'some'
39.0739 	EXP 	text_7: text = 'some'
39.0902 	EXP 	text_7: text = 'some'
39.6264 	EXP 	window1: mouseVisible = True
