3.4754 	WARNING 	We strongly recommend you activate the PTB sound engine in PsychoPy prefs as the preferred audio engine. Its timing is vastly superior. Your prefs are currently set to use ['sounddevice'] (in that order).
16.3348 	EXP 	Created window1 = Window(allowGUI=True, allowStencil=False, autoLog=True, backendConf=UNKNOWN, bitsMode=UNKNOWN, blendMode='avg', bpc=(8, 8, 8), color=array([0, 0, 0]), colorSpace='rgb', depthBits=8, fullscr=<method-wrapper '__getattribute__' of attributeSetter object at 0x00000232CEB63580>, gamma=None, gammaErrorPolicy='raise', lms=UNKNOWN, monitor=<psychopy.monitors.calibTools.Monitor object at 0x00000232D3A53D60>, multiSample=False, name='window1', numSamples=2, pos=(510, 290), screen=0, size=array([900, 500]), stencilBits=0, stereo=False, units='height', useFBO=True, useRetina=False, viewOri=0.0, viewPos=None, viewScale=None, waitBlanking=True, winType='pyglet')
16.3349 	EXP 	window1: mouseVisible = True
16.3350 	EXP 	window1: mouseVisible = True
16.3350 	EXP 	window1: Attempting to measure frame rate of screen (0) ...
16.3350 	EXP 	window1: recordFrameIntervals = False
16.5011 	EXP 	window1: recordFrameIntervals = True
16.8532 	EXP 	Screen (0) actual frame rate measured at 59.16Hz
16.8532 	EXP 	window1: recordFrameIntervals = False
16.9439 	WARNING 	launchHubServer: If using the iohub mouse or eyetracker devices, fullScr should be True.
20.7705 	EXP 	Created instructions = TextStim(__class__=<class 'psychopy.visual.text.TextStim'>, alignHoriz=method-wrapper(...), alignText='center', alignVert=method-wrapper(...), anchorHoriz='center', anchorVert='center', antialias=True, autoDraw=False, autoLog=True, bold=False, color=array([1, 1, 1]), colorSpace='rgb', contrast=1.0, depth=0.0, flipHoriz=False, flipVert=False, font='Arial', fontFiles=[], height=0.05, italic=False, languageStyle='LTR', name='instructions', opacity=1.0, ori=0, pos=array([0., 0.]), rgb=UNKNOWN, text=str(...), units='height', win=Window(...), wrapWidth=1)
20.7870 	EXP 	Created fixation = TextStim(__class__=<class 'psychopy.visual.text.TextStim'>, alignHoriz=method-wrapper(...), alignText='center', alignVert=method-wrapper(...), anchorHoriz='center', anchorVert='center', antialias=True, autoDraw=False, autoLog=True, bold=False, color=array([1, 1, 1]), colorSpace='rgb', contrast=1.0, depth=0.0, flipHoriz=False, flipVert=False, font='Arial', fontFiles=[], height=0.05, italic=False, languageStyle='LTR', name='fixation', opacity=1.0, ori=0, pos=array([0., 0.]), rgb=UNKNOWN, text='+', units='height', win=Window(...), wrapWidth=1)
20.8151 	EXP 	Sound sound_1 set volume 0.800
20.8165 	EXP 	Created feedback_text = TextStim(__class__=<class 'psychopy.visual.text.TextStim'>, alignHoriz=method-wrapper(...), alignText='center', alignVert=method-wrapper(...), anchorHoriz='center', anchorVert='center', antialias=True, autoDraw=False, autoLog=True, bold=False, color=array([1, 1, 1]), colorSpace='rgb', contrast=1.0, depth=-1.0, flipHoriz=False, flipVert=False, font='Arial', fontFiles=[], height=0.05, italic=False, languageStyle='LTR', name='feedback_text', opacity=1.0, ori=0, pos=array([0., 0.]), rgb=UNKNOWN, text='', units='height', win=Window(...), wrapWidth=1)
20.8385 	EXP 	Created instructions_2 = TextStim(__class__=<class 'psychopy.visual.text.TextStim'>, alignHoriz=method-wrapper(...), alignText='center', alignVert=method-wrapper(...), anchorHoriz='center', anchorVert='center', antialias=True, autoDraw=False, autoLog=True, bold=False, color=array([1, 1, 1]), colorSpace='rgb', contrast=1.0, depth=0.0, flipHoriz=False, flipVert=False, font='Arial', fontFiles=[], height=0.05, italic=False, languageStyle='LTR', name='instructions_2', opacity=1.0, ori=0, pos=array([0., 0.]), rgb=UNKNOWN, text=str(...), units='height', win=Window(...), wrapWidth=1)
20.8416 	EXP 	Created fixation = TextStim(__class__=<class 'psychopy.visual.text.TextStim'>, alignHoriz=method-wrapper(...), alignText='center', alignVert=method-wrapper(...), anchorHoriz='center', anchorVert='center', antialias=True, autoDraw=False, autoLog=True, bold=False, color=array([1, 1, 1]), colorSpace='rgb', contrast=1.0, depth=0.0, flipHoriz=False, flipVert=False, font='Arial', fontFiles=[], height=0.05, italic=False, languageStyle='LTR', name='fixation', opacity=1.0, ori=0, pos=array([0., 0.]), rgb=UNKNOWN, text='+', units='height', win=Window(...), wrapWidth=1)
20.8419 	EXP 	Sound sound_1 set volume 0.800
20.8523 	EXP 	Created thank_you = TextStim(__class__=<class 'psychopy.visual.text.TextStim'>, alignHoriz=method-wrapper(...), alignText='center', alignVert=method-wrapper(...), anchorHoriz='center', anchorVert='center', antialias=True, autoDraw=False, autoLog=True, bold=False, color=array([1, 1, 1]), colorSpace='rgb', contrast=1.0, depth=0.0, flipHoriz=False, flipVert=False, font='Arial', fontFiles=[], height=0.05, italic=False, languageStyle='LTR', name='thank_you', opacity=1.0, ori=0, pos=array([0., 0.]), rgb=UNKNOWN, text=str(...), units='height', win=Window(...), wrapWidth=1)
20.8665 	EXP 	instructions: autoDraw = True
29.8022 	EXP 	Imported aud_conditions.xlsx as conditions, 4 conditions, 4 params
29.8031 	EXP 	Created sequence: fullRandom, trialTypes=4, nReps=1, seed=None
29.8039 	EXP 	New trial (rep=0, index=0): {'trial': 'standard', 'file': "soundFiles/1000Hz_-3dBFS_3s_44.1kHz.wav'", 'corrAns': 's', 'tone': 1000}
29.8094 	DATA 	Keypress: space
29.8202 	EXP 	instructions: autoDraw = False
29.8202 	EXP 	fixation: autoDraw = True
32.3118 	DATA 	Keypress: s
33.8332 	EXP 	fixation: autoDraw = False
33.8332 	EXP 	feedback_text: height = 0.05
33.8332 	EXP 	feedback_text: height = 0.05
33.8332 	EXP 	feedback_text: height = 0.05
33.8332 	EXP 	feedback_text: text = 'Correct'
33.8332 	EXP 	feedback_text: autoDraw = True
34.8014 	EXP 	New trial (rep=0, index=1): {'trial': 'standard', 'file': "soundFiles/1000Hz_-3dBFS_3s_44.1kHz.wav'", 'corrAns': 's', 'tone': 1000}
34.8219 	EXP 	feedback_text: autoDraw = False
34.8219 	EXP 	fixation: autoDraw = True
37.4331 	DATA 	Keypress: s
38.8151 	EXP 	fixation: autoDraw = False
38.8151 	EXP 	feedback_text: text = 'Correct'
38.8151 	EXP 	feedback_text: autoDraw = True
39.7962 	EXP 	New trial (rep=0, index=2): {'trial': 'target', 'file': "soundFiles/1200Hz_-3dBFS_3s_44.1kHz.wav'", 'corrAns': 't', 'tone': 1200}
39.8082 	EXP 	feedback_text: autoDraw = False
39.8082 	EXP 	fixation: autoDraw = True
41.5173 	DATA 	Keypress: t
43.8102 	EXP 	fixation: autoDraw = False
43.8102 	EXP 	feedback_text: text = 'Correct'
43.8102 	EXP 	feedback_text: autoDraw = True
44.7930 	EXP 	New trial (rep=0, index=3): {'trial': 'standard', 'file': "soundFiles/1000Hz_-3dBFS_3s_44.1kHz.wav'", 'corrAns': 's', 'tone': 1000}
44.8106 	EXP 	feedback_text: autoDraw = False
44.8106 	EXP 	fixation: autoDraw = True
46.5267 	DATA 	Keypress: s
48.8220 	EXP 	fixation: autoDraw = False
48.8220 	EXP 	feedback_text: text = 'Correct'
48.8220 	EXP 	feedback_text: autoDraw = True
49.8222 	EXP 	feedback_text: autoDraw = False
49.8222 	EXP 	instructions_2: autoDraw = True
50.6914 	DATA 	Keypress: s
75.6288 	EXP 	Imported aud_conditions.xlsx as conditions, 4 conditions, 4 params
75.6298 	EXP 	Created sequence: fullRandom, trialTypes=4, nReps=10, seed=None
75.6303 	EXP 	New trial (rep=0, index=0): {'trial': 'standard', 'file': "soundFiles/1000Hz_-3dBFS_3s_44.1kHz.wav'", 'corrAns': 's', 'tone': 1000}
75.6347 	DATA 	Keypress: space
75.6449 	EXP 	instructions_2: autoDraw = False
75.6449 	EXP 	fixation: autoDraw = True
77.6302 	DATA 	Keypress: s
78.3149 	DATA 	Keypress: escape
79.2896 	EXP 	window1: mouseVisible = True
