1.9724 	WARNING 	Speech-to-text recognition using Google online services is not available (use command `pip install google-api-core google-auth google-cloud google-cloud-speech googleapis-common-protos` to get it). Transcription will be unavailable using that service this session.
3.0747 	WARNING 	We strongly recommend you activate the PTB sound engine in PsychoPy prefs as the preferred audio engine. Its timing is vastly superior. Your prefs are currently set to use ['sounddevice'] (in that order).
65.4379 	EXP 	Created window1 = Window(allowGUI=True, allowStencil=False, autoLog=True, backendConf=UNKNOWN, bitsMode=UNKNOWN, blendMode='avg', bpc=(8, 8, 8), color=array([0, 0, 0]), colorSpace='rgb', depthBits=8, fullscr=<method-wrapper '__getattribute__' of attributeSetter object at 0x0000028A876E9640>, gamma=None, gammaErrorPolicy='raise', lms=UNKNOWN, monitor=<psychopy.monitors.calibTools.Monitor object at 0x0000028A8870D280>, multiSample=False, name='window1', numSamples=2, pos=(500, 150), screen=0, size=array([920, 780]), stencilBits=0, stereo=False, units='height', useFBO=True, useRetina=False, viewOri=0.0, viewPos=None, viewScale=None, waitBlanking=True, winType='pyglet')
65.4383 	EXP 	window1: mouseVisible = True
65.4386 	EXP 	window1: mouseVisible = True
65.4386 	EXP 	window1: Attempting to measure frame rate of screen (0) ...
65.4386 	EXP 	window1: recordFrameIntervals = False
65.6189 	EXP 	window1: recordFrameIntervals = True
65.8033 	EXP 	Screen (0) actual frame rate measured at 60.14Hz
65.8034 	EXP 	window1: recordFrameIntervals = False
65.8450 	WARNING 	launchHubServer: If using the iohub mouse or eyetracker devices, fullScr should be True.
70.7440 	EXP 	Created instructions = TextStim(__class__=<class 'psychopy.visual.text.TextStim'>, alignHoriz=method-wrapper(...), alignText='center', alignVert=method-wrapper(...), anchorHoriz='center', anchorVert='center', antialias=True, autoDraw=False, autoLog=True, bold=False, color=array([1, 1, 1]), colorSpace='rgb', contrast=1.0, depth=-1.0, flipHoriz=False, flipVert=False, font='Arial', fontFiles=[], height=0.05, italic=False, languageStyle='LTR', name='instructions', opacity=1.0, ori=0, pos=array([0., 0.]), rgb=UNKNOWN, text=str(...), units='height', win=Window(...), wrapWidth=1)
70.7513 	EXP 	Created fixation = TextStim(__class__=<class 'psychopy.visual.text.TextStim'>, alignHoriz=method-wrapper(...), alignText='center', alignVert=method-wrapper(...), anchorHoriz='center', anchorVert='center', antialias=True, autoDraw=False, autoLog=True, bold=False, color=array([1, 1, 1]), colorSpace='rgb', contrast=1.0, depth=-1.0, flipHoriz=False, flipVert=False, font='Arial', fontFiles=[], height=0.05, italic=False, languageStyle='LTR', name='fixation', opacity=1.0, ori=0, pos=array([0., 0.]), rgb=UNKNOWN, text='+', units='height', win=Window(...), wrapWidth=1)
70.7904 	EXP 	Sound sound_1 set volume 0.800
70.8039 	EXP 	Created thank_you = TextStim(__class__=<class 'psychopy.visual.text.TextStim'>, alignHoriz=method-wrapper(...), alignText='center', alignVert=method-wrapper(...), anchorHoriz='center', anchorVert='center', antialias=True, autoDraw=False, autoLog=True, bold=False, color=array([1, 1, 1]), colorSpace='rgb', contrast=1.0, depth=0.0, flipHoriz=False, flipVert=False, font='Arial', fontFiles=[], height=0.05, italic=False, languageStyle='LTR', name='thank_you', opacity=1.0, ori=0, pos=array([0., 0.]), rgb=UNKNOWN, text=str(...), units='height', win=Window(...), wrapWidth=1)
70.8376 	EXP 	instructions: autoDraw = True
73.1690 	EXP 	Imported aud_conditions3.xlsx as conditions, 4 conditions, 4 params
73.1719 	EXP 	Created sequence: random, trialTypes=4, nReps=100, seed=None
73.1739 	EXP 	New trial (rep=0, index=0): {'trial': 'standard', 'file': "soundFiles/1000Hz_-3dBFS_3s_44.1kHz.wav'", 'corrAns': 'None', 'tone': 1000}
73.1780 	DATA 	Keypress: space
73.1863 	EXP 	instructions: autoDraw = False
73.1863 	EXP 	fixation: autoDraw = True
75.8036 	EXP 	fixation: autoDraw = False
76.1397 	EXP 	New trial (rep=0, index=1): {'trial': 'standard', 'file': "soundFiles/1000Hz_-3dBFS_3s_44.1kHz.wav'", 'corrAns': 'None', 'tone': 1000}
76.1531 	EXP 	fixation: autoDraw = False
76.1531 	EXP 	fixation: autoDraw = True
79.6228 	EXP 	New trial (rep=0, index=2): {'trial': 'target', 'file': "soundFiles/1200Hz_-3dBFS_3s_44.1kHz.wav'", 'corrAns': 't', 'tone': 2000}
79.6386 	EXP 	fixation: autoDraw = False
79.6386 	EXP 	fixation: autoDraw = False
79.6386 	EXP 	fixation: autoDraw = True
81.8057 	DATA 	Keypress: t
82.1530 	EXP 	fixation: autoDraw = False
82.6231 	EXP 	New trial (rep=0, index=3): {'trial': 'standard', 'file': "soundFiles/1000Hz_-3dBFS_3s_44.1kHz.wav'", 'corrAns': 'None', 'tone': 1000}
82.6370 	EXP 	fixation: autoDraw = False
82.6370 	EXP 	fixation: autoDraw = True
85.8045 	EXP 	New trial (rep=1, index=0): {'trial': 'standard', 'file': "soundFiles/1000Hz_-3dBFS_3s_44.1kHz.wav'", 'corrAns': 'None', 'tone': 1000}
85.8199 	EXP 	fixation: autoDraw = False
85.8199 	EXP 	fixation: autoDraw = False
85.8199 	EXP 	fixation: autoDraw = True
89.7721 	EXP 	New trial (rep=1, index=1): {'trial': 'target', 'file': "soundFiles/1200Hz_-3dBFS_3s_44.1kHz.wav'", 'corrAns': 't', 'tone': 2000}
89.7880 	EXP 	fixation: autoDraw = False
89.7880 	EXP 	fixation: autoDraw = False
89.7880 	EXP 	fixation: autoDraw = True
91.4720 	DATA 	Keypress: t
92.9902 	EXP 	New trial (rep=1, index=2): {'trial': 'standard', 'file': "soundFiles/1000Hz_-3dBFS_3s_44.1kHz.wav'", 'corrAns': 'None', 'tone': 1000}
93.0022 	EXP 	fixation: autoDraw = False
93.0022 	EXP 	fixation: autoDraw = False
93.0022 	EXP 	fixation: autoDraw = True
95.6189 	EXP 	fixation: autoDraw = False
95.9894 	EXP 	New trial (rep=1, index=3): {'trial': 'standard', 'file': "soundFiles/1000Hz_-3dBFS_3s_44.1kHz.wav'", 'corrAns': 'None', 'tone': 1000}
96.0025 	EXP 	fixation: autoDraw = False
96.0025 	EXP 	fixation: autoDraw = True
99.2216 	EXP 	New trial (rep=2, index=0): {'trial': 'target', 'file': "soundFiles/1200Hz_-3dBFS_3s_44.1kHz.wav'", 'corrAns': 't', 'tone': 2000}
99.2363 	EXP 	fixation: autoDraw = False
99.2363 	EXP 	fixation: autoDraw = False
99.2363 	EXP 	fixation: autoDraw = True
100.9389 	DATA 	Keypress: t
103.1391 	EXP 	New trial (rep=2, index=1): {'trial': 'standard', 'file': "soundFiles/1000Hz_-3dBFS_3s_44.1kHz.wav'", 'corrAns': 'None', 'tone': 1000}
103.1532 	EXP 	fixation: autoDraw = False
103.1532 	EXP 	fixation: autoDraw = False
103.1532 	EXP 	fixation: autoDraw = True
105.5029 	EXP 	fixation: autoDraw = False
106.1226 	EXP 	New trial (rep=2, index=2): {'trial': 'standard', 'file': "soundFiles/1000Hz_-3dBFS_3s_44.1kHz.wav'", 'corrAns': 'None', 'tone': 1000}
106.1365 	EXP 	fixation: autoDraw = False
106.1365 	EXP 	fixation: autoDraw = True
108.4372 	EXP 	fixation: autoDraw = False
109.1226 	EXP 	New trial (rep=2, index=3): {'trial': 'standard', 'file': "soundFiles/1000Hz_-3dBFS_3s_44.1kHz.wav'", 'corrAns': 'None', 'tone': 1000}
109.1356 	EXP 	fixation: autoDraw = False
109.1356 	EXP 	fixation: autoDraw = True
111.4356 	EXP 	fixation: autoDraw = False
112.1249 	EXP 	New trial (rep=3, index=0): {'trial': 'standard', 'file': "soundFiles/1000Hz_-3dBFS_3s_44.1kHz.wav'", 'corrAns': 'None', 'tone': 1000}
112.1358 	EXP 	fixation: autoDraw = False
112.1358 	EXP 	fixation: autoDraw = True
114.9522 	EXP 	fixation: autoDraw = False
115.1229 	EXP 	New trial (rep=3, index=1): {'trial': 'target', 'file': "soundFiles/1200Hz_-3dBFS_3s_44.1kHz.wav'", 'corrAns': 't', 'tone': 2000}
115.1362 	EXP 	fixation: autoDraw = False
115.1362 	EXP 	fixation: autoDraw = True
116.7715 	DATA 	Keypress: t
117.8698 	EXP 	fixation: autoDraw = False
118.1236 	EXP 	New trial (rep=3, index=2): {'trial': 'standard', 'file': "soundFiles/1000Hz_-3dBFS_3s_44.1kHz.wav'", 'corrAns': 'None', 'tone': 1000}
118.1364 	EXP 	fixation: autoDraw = False
118.1364 	EXP 	fixation: autoDraw = True
120.7692 	EXP 	fixation: autoDraw = False
121.1231 	EXP 	New trial (rep=3, index=3): {'trial': 'standard', 'file': "soundFiles/1000Hz_-3dBFS_3s_44.1kHz.wav'", 'corrAns': 'None', 'tone': 1000}
121.1367 	EXP 	fixation: autoDraw = False
121.1367 	EXP 	fixation: autoDraw = True
124.1596 	EXP 	New trial (rep=4, index=0): {'trial': 'standard', 'file': "soundFiles/1000Hz_-3dBFS_3s_44.1kHz.wav'", 'corrAns': 'None', 'tone': 1000}
124.1702 	EXP 	fixation: autoDraw = False
124.1702 	EXP 	fixation: autoDraw = False
124.1702 	EXP 	fixation: autoDraw = True
127.0935 	EXP 	fixation: autoDraw = False
127.1614 	EXP 	New trial (rep=4, index=1): {'trial': 'standard', 'file': "soundFiles/1000Hz_-3dBFS_3s_44.1kHz.wav'", 'corrAns': 'None', 'tone': 1000}
127.1880 	EXP 	fixation: autoDraw = False
127.1880 	EXP 	fixation: autoDraw = True
130.6245 	EXP 	New trial (rep=4, index=2): {'trial': 'standard', 'file': "soundFiles/1000Hz_-3dBFS_3s_44.1kHz.wav'", 'corrAns': 'None', 'tone': 1000}
130.6365 	EXP 	fixation: autoDraw = False
130.6365 	EXP 	fixation: autoDraw = False
130.6365 	EXP 	fixation: autoDraw = True
132.9197 	EXP 	fixation: autoDraw = False
133.6229 	EXP 	New trial (rep=4, index=3): {'trial': 'target', 'file': "soundFiles/1200Hz_-3dBFS_3s_44.1kHz.wav'", 'corrAns': 't', 'tone': 2000}
133.6365 	EXP 	fixation: autoDraw = False
133.6365 	EXP 	fixation: autoDraw = True
135.2726 	DATA 	Keypress: t
135.8031 	EXP 	fixation: autoDraw = False
136.6224 	EXP 	New trial (rep=5, index=0): {'trial': 'standard', 'file': "soundFiles/1000Hz_-3dBFS_3s_44.1kHz.wav'", 'corrAns': 'None', 'tone': 1000}
136.6365 	EXP 	fixation: autoDraw = False
136.6365 	EXP 	fixation: autoDraw = True
139.0706 	EXP 	fixation: autoDraw = False
139.6229 	EXP 	New trial (rep=5, index=1): {'trial': 'standard', 'file': "soundFiles/1000Hz_-3dBFS_3s_44.1kHz.wav'", 'corrAns': 'None', 'tone': 1000}
139.6373 	EXP 	fixation: autoDraw = False
139.6373 	EXP 	fixation: autoDraw = True
143.1226 	EXP 	New trial (rep=5, index=2): {'trial': 'target', 'file': "soundFiles/1200Hz_-3dBFS_3s_44.1kHz.wav'", 'corrAns': 't', 'tone': 2000}
143.1372 	EXP 	fixation: autoDraw = False
143.1372 	EXP 	fixation: autoDraw = False
143.1372 	EXP 	fixation: autoDraw = True
144.7234 	DATA 	Keypress: t
145.8722 	DATA 	Keypress: t
146.2725 	EXP 	New trial (rep=5, index=3): {'trial': 'standard', 'file': "soundFiles/1000Hz_-3dBFS_3s_44.1kHz.wav'", 'corrAns': 'None', 'tone': 1000}
146.2867 	EXP 	fixation: autoDraw = False
146.2867 	EXP 	fixation: autoDraw = False
146.2867 	EXP 	fixation: autoDraw = True
149.0031 	EXP 	fixation: autoDraw = False
149.2725 	EXP 	New trial (rep=6, index=0): {'trial': 'standard', 'file': "soundFiles/1000Hz_-3dBFS_3s_44.1kHz.wav'", 'corrAns': 'None', 'tone': 1000}
149.2865 	EXP 	fixation: autoDraw = False
149.2865 	EXP 	fixation: autoDraw = True
151.9205 	EXP 	fixation: autoDraw = False
152.2895 	EXP 	New trial (rep=6, index=1): {'trial': 'target', 'file': "soundFiles/1200Hz_-3dBFS_3s_44.1kHz.wav'", 'corrAns': 't', 'tone': 2000}
152.3033 	EXP 	fixation: autoDraw = False
152.3033 	EXP 	fixation: autoDraw = True
154.3230 	DATA 	Keypress: t
154.3533 	EXP 	fixation: autoDraw = False
155.2909 	EXP 	New trial (rep=6, index=2): {'trial': 'standard', 'file': "soundFiles/1000Hz_-3dBFS_3s_44.1kHz.wav'", 'corrAns': 'None', 'tone': 1000}
155.3023 	EXP 	fixation: autoDraw = False
155.3023 	EXP 	fixation: autoDraw = True
158.1704 	EXP 	fixation: autoDraw = False
158.2896 	EXP 	New trial (rep=6, index=3): {'trial': 'standard', 'file': "soundFiles/1000Hz_-3dBFS_3s_44.1kHz.wav'", 'corrAns': 'None', 'tone': 1000}
158.3028 	EXP 	fixation: autoDraw = False
158.3028 	EXP 	fixation: autoDraw = True
160.7199 	EXP 	fixation: autoDraw = False
161.2909 	EXP 	New trial (rep=7, index=0): {'trial': 'standard', 'file': "soundFiles/1000Hz_-3dBFS_3s_44.1kHz.wav'", 'corrAns': 'None', 'tone': 1000}
161.3035 	EXP 	fixation: autoDraw = False
161.3035 	EXP 	fixation: autoDraw = True
165.2571 	EXP 	New trial (rep=7, index=1): {'trial': 'standard', 'file': "soundFiles/1000Hz_-3dBFS_3s_44.1kHz.wav'", 'corrAns': 'None', 'tone': 1000}
165.2708 	EXP 	fixation: autoDraw = False
165.2708 	EXP 	fixation: autoDraw = False
165.2708 	EXP 	fixation: autoDraw = True
167.4867 	EXP 	fixation: autoDraw = False
168.2574 	EXP 	New trial (rep=7, index=2): {'trial': 'standard', 'file': "soundFiles/1000Hz_-3dBFS_3s_44.1kHz.wav'", 'corrAns': 'None', 'tone': 1000}
168.2695 	EXP 	fixation: autoDraw = False
168.2695 	EXP 	fixation: autoDraw = True
171.0052 	EXP 	fixation: autoDraw = False
171.2582 	EXP 	New trial (rep=7, index=3): {'trial': 'target', 'file': "soundFiles/1200Hz_-3dBFS_3s_44.1kHz.wav'", 'corrAns': 't', 'tone': 2000}
171.2726 	EXP 	fixation: autoDraw = False
171.2726 	EXP 	fixation: autoDraw = True
172.8728 	DATA 	Keypress: t
173.7191 	EXP 	fixation: autoDraw = False
174.2734 	EXP 	New trial (rep=8, index=0): {'trial': 'standard', 'file': "soundFiles/1000Hz_-3dBFS_3s_44.1kHz.wav'", 'corrAns': 'None', 'tone': 1000}
174.2862 	EXP 	fixation: autoDraw = False
174.2862 	EXP 	fixation: autoDraw = True
177.1035 	EXP 	fixation: autoDraw = False
177.2742 	EXP 	New trial (rep=8, index=1): {'trial': 'target', 'file': "soundFiles/1200Hz_-3dBFS_3s_44.1kHz.wav'", 'corrAns': 't', 'tone': 2000}
177.2870 	EXP 	fixation: autoDraw = False
177.2870 	EXP 	fixation: autoDraw = True
179.1884 	DATA 	Keypress: t
180.2529 	EXP 	fixation: autoDraw = False
180.2902 	EXP 	New trial (rep=8, index=2): {'trial': 'standard', 'file': "soundFiles/1000Hz_-3dBFS_3s_44.1kHz.wav'", 'corrAns': 'None', 'tone': 1000}
180.3033 	EXP 	fixation: autoDraw = False
180.3033 	EXP 	fixation: autoDraw = True
183.5906 	EXP 	New trial (rep=8, index=3): {'trial': 'standard', 'file': "soundFiles/1000Hz_-3dBFS_3s_44.1kHz.wav'", 'corrAns': 'None', 'tone': 1000}
183.6036 	EXP 	fixation: autoDraw = False
183.6036 	EXP 	fixation: autoDraw = False
183.6036 	EXP 	fixation: autoDraw = True
186.5037 	EXP 	fixation: autoDraw = False
186.5899 	EXP 	New trial (rep=9, index=0): {'trial': 'target', 'file': "soundFiles/1200Hz_-3dBFS_3s_44.1kHz.wav'", 'corrAns': 't', 'tone': 2000}
186.6038 	EXP 	fixation: autoDraw = False
186.6038 	EXP 	fixation: autoDraw = True
188.1895 	DATA 	Keypress: t
189.4862 	EXP 	fixation: autoDraw = False
189.5898 	EXP 	New trial (rep=9, index=1): {'trial': 'standard', 'file': "soundFiles/1000Hz_-3dBFS_3s_44.1kHz.wav'", 'corrAns': 'None', 'tone': 1000}
189.6041 	EXP 	fixation: autoDraw = False
189.6041 	EXP 	fixation: autoDraw = True
191.8203 	EXP 	fixation: autoDraw = False
192.5896 	EXP 	New trial (rep=9, index=2): {'trial': 'standard', 'file': "soundFiles/1000Hz_-3dBFS_3s_44.1kHz.wav'", 'corrAns': 'None', 'tone': 1000}
192.6036 	EXP 	fixation: autoDraw = False
192.6036 	EXP 	fixation: autoDraw = True
196.5235 	EXP 	New trial (rep=9, index=3): {'trial': 'standard', 'file': "soundFiles/1000Hz_-3dBFS_3s_44.1kHz.wav'", 'corrAns': 'None', 'tone': 1000}
196.5372 	EXP 	fixation: autoDraw = False
196.5372 	EXP 	fixation: autoDraw = False
196.5372 	EXP 	fixation: autoDraw = True
199.6727 	EXP 	New trial (rep=10, index=0): {'trial': 'standard', 'file': "soundFiles/1000Hz_-3dBFS_3s_44.1kHz.wav'", 'corrAns': 'None', 'tone': 1000}
199.6867 	EXP 	fixation: autoDraw = False
199.6867 	EXP 	fixation: autoDraw = False
199.6867 	EXP 	fixation: autoDraw = True
202.6540 	EXP 	fixation: autoDraw = False
202.6575 	EXP 	New trial (rep=10, index=1): {'trial': 'standard', 'file': "soundFiles/1000Hz_-3dBFS_3s_44.1kHz.wav'", 'corrAns': 'None', 'tone': 1000}
202.6696 	EXP 	fixation: autoDraw = False
202.6696 	EXP 	fixation: autoDraw = True
205.4862 	EXP 	fixation: autoDraw = False
205.6563 	EXP 	New trial (rep=10, index=2): {'trial': 'standard', 'file': "soundFiles/1000Hz_-3dBFS_3s_44.1kHz.wav'", 'corrAns': 'None', 'tone': 1000}
205.6706 	EXP 	fixation: autoDraw = False
205.6706 	EXP 	fixation: autoDraw = True
208.6893 	EXP 	New trial (rep=10, index=3): {'trial': 'target', 'file': "soundFiles/1200Hz_-3dBFS_3s_44.1kHz.wav'", 'corrAns': 't', 'tone': 2000}
208.7037 	EXP 	fixation: autoDraw = False
208.7037 	EXP 	fixation: autoDraw = False
208.7037 	EXP 	fixation: autoDraw = True
210.4561 	DATA 	Keypress: t
211.6203 	EXP 	fixation: autoDraw = False
211.6907 	EXP 	New trial (rep=11, index=0): {'trial': 'standard', 'file': "soundFiles/1000Hz_-3dBFS_3s_44.1kHz.wav'", 'corrAns': 'None', 'tone': 1000}
211.7046 	EXP 	fixation: autoDraw = False
211.7046 	EXP 	fixation: autoDraw = True
214.1364 	EXP 	fixation: autoDraw = False
214.6912 	EXP 	New trial (rep=11, index=1): {'trial': 'standard', 'file': "soundFiles/1000Hz_-3dBFS_3s_44.1kHz.wav'", 'corrAns': 'None', 'tone': 1000}
214.7038 	EXP 	fixation: autoDraw = False
214.7038 	EXP 	fixation: autoDraw = True
217.1701 	EXP 	fixation: autoDraw = False
217.6905 	EXP 	New trial (rep=11, index=2): {'trial': 'standard', 'file': "soundFiles/1000Hz_-3dBFS_3s_44.1kHz.wav'", 'corrAns': 'None', 'tone': 1000}
217.7034 	EXP 	fixation: autoDraw = False
217.7034 	EXP 	fixation: autoDraw = True
221.1278 	EXP 	New trial (rep=11, index=3): {'trial': 'target', 'file': "soundFiles/1200Hz_-3dBFS_3s_44.1kHz.wav'", 'corrAns': 't', 'tone': 2000}
221.1385 	EXP 	fixation: autoDraw = False
221.1385 	EXP 	fixation: autoDraw = False
221.1385 	EXP 	fixation: autoDraw = True
222.7104 	DATA 	Keypress: t
224.4237 	EXP 	New trial (rep=12, index=0): {'trial': 'standard', 'file': "soundFiles/1000Hz_-3dBFS_3s_44.1kHz.wav'", 'corrAns': 'None', 'tone': 1000}
224.4379 	EXP 	fixation: autoDraw = False
224.4379 	EXP 	fixation: autoDraw = False
224.4379 	EXP 	fixation: autoDraw = True
226.8704 	EXP 	fixation: autoDraw = False
227.4249 	EXP 	New trial (rep=12, index=1): {'trial': 'standard', 'file': "soundFiles/1000Hz_-3dBFS_3s_44.1kHz.wav'", 'corrAns': 'None', 'tone': 1000}
227.4369 	EXP 	fixation: autoDraw = False
227.4369 	EXP 	fixation: autoDraw = True
229.6364 	EXP 	fixation: autoDraw = False
230.4235 	EXP 	New trial (rep=12, index=2): {'trial': 'standard', 'file': "soundFiles/1000Hz_-3dBFS_3s_44.1kHz.wav'", 'corrAns': 'None', 'tone': 1000}
230.4371 	EXP 	fixation: autoDraw = False
230.4371 	EXP 	fixation: autoDraw = True
233.8561 	EXP 	New trial (rep=12, index=3): {'trial': 'target', 'file': "soundFiles/1200Hz_-3dBFS_3s_44.1kHz.wav'", 'corrAns': 't', 'tone': 2000}
233.8703 	EXP 	fixation: autoDraw = False
233.8703 	EXP 	fixation: autoDraw = False
233.8703 	EXP 	fixation: autoDraw = True
235.4727 	DATA 	Keypress: t
236.3532 	EXP 	fixation: autoDraw = False
236.8464 	EXP 	New trial (rep=13, index=0): {'trial': 'target', 'file': "soundFiles/1200Hz_-3dBFS_3s_44.1kHz.wav'", 'corrAns': 't', 'tone': 2000}
236.8535 	EXP 	fixation: autoDraw = False
236.8535 	EXP 	fixation: autoDraw = True
238.9428 	DATA 	Keypress: t
239.1367 	EXP 	fixation: autoDraw = False
239.8405 	EXP 	New trial (rep=13, index=1): {'trial': 'standard', 'file': "soundFiles/1000Hz_-3dBFS_3s_44.1kHz.wav'", 'corrAns': 'None', 'tone': 1000}
239.8539 	EXP 	fixation: autoDraw = False
239.8539 	EXP 	fixation: autoDraw = True
242.7550 	EXP 	fixation: autoDraw = False
242.8437 	EXP 	New trial (rep=13, index=2): {'trial': 'standard', 'file': "soundFiles/1000Hz_-3dBFS_3s_44.1kHz.wav'", 'corrAns': 'None', 'tone': 1000}
242.8561 	EXP 	fixation: autoDraw = False
242.8561 	EXP 	fixation: autoDraw = True
244.9392 	EXP 	fixation: autoDraw = False
245.8432 	EXP 	New trial (rep=13, index=3): {'trial': 'standard', 'file': "soundFiles/1000Hz_-3dBFS_3s_44.1kHz.wav'", 'corrAns': 'None', 'tone': 1000}
245.8551 	EXP 	fixation: autoDraw = False
245.8551 	EXP 	fixation: autoDraw = True
249.2396 	EXP 	New trial (rep=14, index=0): {'trial': 'standard', 'file': "soundFiles/1000Hz_-3dBFS_3s_44.1kHz.wav'", 'corrAns': 'None', 'tone': 1000}
249.2549 	EXP 	fixation: autoDraw = False
249.2549 	EXP 	fixation: autoDraw = False
249.2549 	EXP 	fixation: autoDraw = True
251.9532 	EXP 	fixation: autoDraw = False
252.2394 	EXP 	New trial (rep=14, index=1): {'trial': 'standard', 'file': "soundFiles/1000Hz_-3dBFS_3s_44.1kHz.wav'", 'corrAns': 'None', 'tone': 1000}
252.2534 	EXP 	fixation: autoDraw = False
252.2534 	EXP 	fixation: autoDraw = True
255.4743 	EXP 	New trial (rep=14, index=2): {'trial': 'standard', 'file': "soundFiles/1000Hz_-3dBFS_3s_44.1kHz.wav'", 'corrAns': 'None', 'tone': 1000}
255.4868 	EXP 	fixation: autoDraw = False
255.4868 	EXP 	fixation: autoDraw = False
255.4868 	EXP 	fixation: autoDraw = True
258.6077 	EXP 	New trial (rep=14, index=3): {'trial': 'target', 'file': "soundFiles/1200Hz_-3dBFS_3s_44.1kHz.wav'", 'corrAns': 't', 'tone': 2000}
258.6205 	EXP 	fixation: autoDraw = False
258.6205 	EXP 	fixation: autoDraw = False
258.6205 	EXP 	fixation: autoDraw = True
260.2392 	DATA 	Keypress: t
261.5529 	EXP 	fixation: autoDraw = False
261.6232 	EXP 	New trial (rep=15, index=0): {'trial': 'standard', 'file': "soundFiles/1000Hz_-3dBFS_3s_44.1kHz.wav'", 'corrAns': 'None', 'tone': 1000}
261.6371 	EXP 	fixation: autoDraw = False
261.6371 	EXP 	fixation: autoDraw = True
264.2205 	EXP 	fixation: autoDraw = False
264.6244 	EXP 	New trial (rep=15, index=1): {'trial': 'target', 'file': "soundFiles/1200Hz_-3dBFS_3s_44.1kHz.wav'", 'corrAns': 't', 'tone': 2000}
264.6375 	EXP 	fixation: autoDraw = False
264.6375 	EXP 	fixation: autoDraw = True
266.6939 	DATA 	Keypress: t
267.8752 	EXP 	New trial (rep=15, index=2): {'trial': 'standard', 'file': "soundFiles/1000Hz_-3dBFS_3s_44.1kHz.wav'", 'corrAns': 'None', 'tone': 1000}
267.8877 	EXP 	fixation: autoDraw = False
267.8877 	EXP 	fixation: autoDraw = False
267.8877 	EXP 	fixation: autoDraw = True
270.8703 	EXP 	fixation: autoDraw = False
270.8729 	EXP 	New trial (rep=15, index=3): {'trial': 'standard', 'file': "soundFiles/1000Hz_-3dBFS_3s_44.1kHz.wav'", 'corrAns': 'None', 'tone': 1000}
270.8875 	EXP 	fixation: autoDraw = False
270.8875 	EXP 	fixation: autoDraw = True
274.8731 	EXP 	New trial (rep=16, index=0): {'trial': 'target', 'file': "soundFiles/1200Hz_-3dBFS_3s_44.1kHz.wav'", 'corrAns': 't', 'tone': 2000}
274.8877 	EXP 	fixation: autoDraw = False
274.8877 	EXP 	fixation: autoDraw = False
274.8877 	EXP 	fixation: autoDraw = True
276.5773 	DATA 	Keypress: t
277.5705 	EXP 	fixation: autoDraw = False
277.8586 	EXP 	New trial (rep=16, index=1): {'trial': 'standard', 'file': "soundFiles/1000Hz_-3dBFS_3s_44.1kHz.wav'", 'corrAns': 'None', 'tone': 1000}
277.8711 	EXP 	fixation: autoDraw = False
277.8711 	EXP 	fixation: autoDraw = True
281.8096 	EXP 	New trial (rep=16, index=2): {'trial': 'standard', 'file': "soundFiles/1000Hz_-3dBFS_3s_44.1kHz.wav'", 'corrAns': 'None', 'tone': 1000}
281.8203 	EXP 	fixation: autoDraw = False
281.8203 	EXP 	fixation: autoDraw = False
281.8203 	EXP 	fixation: autoDraw = True
284.8071 	EXP 	New trial (rep=16, index=3): {'trial': 'standard', 'file': "soundFiles/1000Hz_-3dBFS_3s_44.1kHz.wav'", 'corrAns': 'None', 'tone': 1000}
284.8217 	EXP 	fixation: autoDraw = False
284.8217 	EXP 	fixation: autoDraw = False
284.8217 	EXP 	fixation: autoDraw = True
287.2889 	EXP 	fixation: autoDraw = False
287.8096 	EXP 	New trial (rep=17, index=0): {'trial': 'standard', 'file': "soundFiles/1000Hz_-3dBFS_3s_44.1kHz.wav'", 'corrAns': 'None', 'tone': 1000}
287.8223 	EXP 	fixation: autoDraw = False
287.8223 	EXP 	fixation: autoDraw = True
289.9215 	EXP 	fixation: autoDraw = False
290.8079 	EXP 	New trial (rep=17, index=1): {'trial': 'standard', 'file': "soundFiles/1000Hz_-3dBFS_3s_44.1kHz.wav'", 'corrAns': 'None', 'tone': 1000}
290.8204 	EXP 	fixation: autoDraw = False
290.8204 	EXP 	fixation: autoDraw = True
293.1541 	EXP 	fixation: autoDraw = False
293.8106 	EXP 	New trial (rep=17, index=2): {'trial': 'target', 'file': "soundFiles/1200Hz_-3dBFS_3s_44.1kHz.wav'", 'corrAns': 't', 'tone': 2000}
293.8207 	EXP 	fixation: autoDraw = False
293.8207 	EXP 	fixation: autoDraw = True
295.4733 	DATA 	Keypress: t
297.7916 	EXP 	New trial (rep=17, index=3): {'trial': 'standard', 'file': "soundFiles/1000Hz_-3dBFS_3s_44.1kHz.wav'", 'corrAns': 'None', 'tone': 1000}
297.8042 	EXP 	fixation: autoDraw = False
297.8042 	EXP 	fixation: autoDraw = False
297.8042 	EXP 	fixation: autoDraw = True
301.0926 	EXP 	New trial (rep=18, index=0): {'trial': 'target', 'file': "soundFiles/1200Hz_-3dBFS_3s_44.1kHz.wav'", 'corrAns': 't', 'tone': 2000}
301.1039 	EXP 	fixation: autoDraw = False
301.1039 	EXP 	fixation: autoDraw = False
301.1039 	EXP 	fixation: autoDraw = True
303.1067 	DATA 	Keypress: t
304.8743 	EXP 	New trial (rep=18, index=1): {'trial': 'standard', 'file': "soundFiles/1000Hz_-3dBFS_3s_44.1kHz.wav'", 'corrAns': 'None', 'tone': 1000}
304.8873 	EXP 	fixation: autoDraw = False
304.8873 	EXP 	fixation: autoDraw = False
304.8873 	EXP 	fixation: autoDraw = True
308.7408 	EXP 	New trial (rep=18, index=2): {'trial': 'standard', 'file': "soundFiles/1000Hz_-3dBFS_3s_44.1kHz.wav'", 'corrAns': 'None', 'tone': 1000}
308.7537 	EXP 	fixation: autoDraw = False
308.7537 	EXP 	fixation: autoDraw = False
308.7537 	EXP 	fixation: autoDraw = True
312.6412 	EXP 	New trial (rep=18, index=3): {'trial': 'standard', 'file': "soundFiles/1000Hz_-3dBFS_3s_44.1kHz.wav'", 'corrAns': 'None', 'tone': 1000}
312.6539 	EXP 	fixation: autoDraw = False
312.6539 	EXP 	fixation: autoDraw = False
312.6539 	EXP 	fixation: autoDraw = True
314.9708 	EXP 	fixation: autoDraw = False
315.6407 	EXP 	New trial (rep=19, index=0): {'trial': 'standard', 'file': "soundFiles/1000Hz_-3dBFS_3s_44.1kHz.wav'", 'corrAns': 'None', 'tone': 1000}
315.6536 	EXP 	fixation: autoDraw = False
315.6536 	EXP 	fixation: autoDraw = True
319.2402 	EXP 	New trial (rep=19, index=1): {'trial': 'standard', 'file': "soundFiles/1000Hz_-3dBFS_3s_44.1kHz.wav'", 'corrAns': 'None', 'tone': 1000}
319.2545 	EXP 	fixation: autoDraw = False
319.2545 	EXP 	fixation: autoDraw = False
319.2545 	EXP 	fixation: autoDraw = True
322.7252 	EXP 	New trial (rep=19, index=2): {'trial': 'target', 'file': "soundFiles/1200Hz_-3dBFS_3s_44.1kHz.wav'", 'corrAns': 't', 'tone': 2000}
322.7369 	EXP 	fixation: autoDraw = False
322.7369 	EXP 	fixation: autoDraw = False
322.7369 	EXP 	fixation: autoDraw = True
324.3901 	DATA 	Keypress: t
324.9541 	EXP 	fixation: autoDraw = False
325.7249 	EXP 	New trial (rep=19, index=3): {'trial': 'standard', 'file': "soundFiles/1000Hz_-3dBFS_3s_44.1kHz.wav'", 'corrAns': 'None', 'tone': 1000}
325.7373 	EXP 	fixation: autoDraw = False
325.7373 	EXP 	fixation: autoDraw = True
327.9880 	EXP 	fixation: autoDraw = False
328.7241 	EXP 	New trial (rep=20, index=0): {'trial': 'standard', 'file': "soundFiles/1000Hz_-3dBFS_3s_44.1kHz.wav'", 'corrAns': 'None', 'tone': 1000}
328.7371 	EXP 	fixation: autoDraw = False
328.7371 	EXP 	fixation: autoDraw = True
331.1204 	EXP 	fixation: autoDraw = False
331.7245 	EXP 	New trial (rep=20, index=1): {'trial': 'target', 'file': "soundFiles/1200Hz_-3dBFS_3s_44.1kHz.wav'", 'corrAns': 't', 'tone': 2000}
331.7372 	EXP 	fixation: autoDraw = False
331.7372 	EXP 	fixation: autoDraw = True
333.5408 	DATA 	Keypress: t
333.9907 	EXP 	fixation: autoDraw = False
334.7247 	EXP 	New trial (rep=20, index=2): {'trial': 'standard', 'file': "soundFiles/1000Hz_-3dBFS_3s_44.1kHz.wav'", 'corrAns': 'None', 'tone': 1000}
334.7379 	EXP 	fixation: autoDraw = False
334.7379 	EXP 	fixation: autoDraw = True
336.9550 	EXP 	fixation: autoDraw = False
337.7290 	EXP 	New trial (rep=20, index=3): {'trial': 'standard', 'file': "soundFiles/1000Hz_-3dBFS_3s_44.1kHz.wav'", 'corrAns': 'None', 'tone': 1000}
337.7393 	EXP 	fixation: autoDraw = False
337.7393 	EXP 	fixation: autoDraw = True
341.6270 	EXP 	New trial (rep=21, index=0): {'trial': 'standard', 'file': "soundFiles/1000Hz_-3dBFS_3s_44.1kHz.wav'", 'corrAns': 'None', 'tone': 1000}
341.6380 	EXP 	fixation: autoDraw = False
341.6380 	EXP 	fixation: autoDraw = False
341.6380 	EXP 	fixation: autoDraw = True
344.6625 	EXP 	New trial (rep=21, index=1): {'trial': 'standard', 'file': "soundFiles/1000Hz_-3dBFS_3s_44.1kHz.wav'", 'corrAns': 'None', 'tone': 1000}
344.6722 	EXP 	fixation: autoDraw = False
344.6722 	EXP 	fixation: autoDraw = False
344.6722 	EXP 	fixation: autoDraw = True
346.8713 	EXP 	fixation: autoDraw = False
347.6586 	EXP 	New trial (rep=21, index=2): {'trial': 'target', 'file': "soundFiles/1200Hz_-3dBFS_3s_44.1kHz.wav'", 'corrAns': 't', 'tone': 2000}
347.6719 	EXP 	fixation: autoDraw = False
347.6719 	EXP 	fixation: autoDraw = True
349.2575 	DATA 	Keypress: t
349.8390 	EXP 	fixation: autoDraw = False
350.6577 	EXP 	New trial (rep=21, index=3): {'trial': 'standard', 'file': "soundFiles/1000Hz_-3dBFS_3s_44.1kHz.wav'", 'corrAns': 'None', 'tone': 1000}
350.6714 	EXP 	fixation: autoDraw = False
350.6714 	EXP 	fixation: autoDraw = True
353.9571 	EXP 	New trial (rep=22, index=0): {'trial': 'standard', 'file': "soundFiles/1000Hz_-3dBFS_3s_44.1kHz.wav'", 'corrAns': 'None', 'tone': 1000}
353.9715 	EXP 	fixation: autoDraw = False
353.9715 	EXP 	fixation: autoDraw = False
353.9715 	EXP 	fixation: autoDraw = True
356.3554 	EXP 	fixation: autoDraw = False
356.9569 	EXP 	New trial (rep=22, index=1): {'trial': 'target', 'file': "soundFiles/1200Hz_-3dBFS_3s_44.1kHz.wav'", 'corrAns': 't', 'tone': 2000}
356.9708 	EXP 	fixation: autoDraw = False
356.9708 	EXP 	fixation: autoDraw = True
358.8581 	DATA 	Keypress: t
360.2086 	EXP 	New trial (rep=22, index=2): {'trial': 'standard', 'file': "soundFiles/1000Hz_-3dBFS_3s_44.1kHz.wav'", 'corrAns': 'None', 'tone': 1000}
360.2218 	EXP 	fixation: autoDraw = False
360.2218 	EXP 	fixation: autoDraw = False
360.2218 	EXP 	fixation: autoDraw = True
362.7873 	EXP 	fixation: autoDraw = False
363.2086 	EXP 	New trial (rep=22, index=3): {'trial': 'standard', 'file': "soundFiles/1000Hz_-3dBFS_3s_44.1kHz.wav'", 'corrAns': 'None', 'tone': 1000}
363.2213 	EXP 	fixation: autoDraw = False
363.2213 	EXP 	fixation: autoDraw = True
365.6541 	EXP 	fixation: autoDraw = False
366.2078 	EXP 	New trial (rep=23, index=0): {'trial': 'standard', 'file': "soundFiles/1000Hz_-3dBFS_3s_44.1kHz.wav'", 'corrAns': 'None', 'tone': 1000}
366.2213 	EXP 	fixation: autoDraw = False
366.2213 	EXP 	fixation: autoDraw = True
368.3710 	EXP 	fixation: autoDraw = False
369.2080 	EXP 	New trial (rep=23, index=1): {'trial': 'standard', 'file': "soundFiles/1000Hz_-3dBFS_3s_44.1kHz.wav'", 'corrAns': 'None', 'tone': 1000}
369.2209 	EXP 	fixation: autoDraw = False
369.2209 	EXP 	fixation: autoDraw = True
372.5582 	EXP 	New trial (rep=23, index=2): {'trial': 'standard', 'file': "soundFiles/1000Hz_-3dBFS_3s_44.1kHz.wav'", 'corrAns': 'None', 'tone': 1000}
372.5715 	EXP 	fixation: autoDraw = False
372.5715 	EXP 	fixation: autoDraw = False
372.5715 	EXP 	fixation: autoDraw = True
376.4407 	EXP 	New trial (rep=23, index=3): {'trial': 'target', 'file': "soundFiles/1200Hz_-3dBFS_3s_44.1kHz.wav'", 'corrAns': 't', 'tone': 2000}
376.4550 	EXP 	fixation: autoDraw = False
376.4550 	EXP 	fixation: autoDraw = False
376.4550 	EXP 	fixation: autoDraw = True
378.0241 	DATA 	Keypress: t
380.3929 	EXP 	New trial (rep=24, index=0): {'trial': 'target', 'file': "soundFiles/1200Hz_-3dBFS_3s_44.1kHz.wav'", 'corrAns': 't', 'tone': 2000}
380.4052 	EXP 	fixation: autoDraw = False
380.4052 	EXP 	fixation: autoDraw = False
380.4052 	EXP 	fixation: autoDraw = True
382.1919 	DATA 	Keypress: t
384.0419 	EXP 	New trial (rep=24, index=1): {'trial': 'standard', 'file': "soundFiles/1000Hz_-3dBFS_3s_44.1kHz.wav'", 'corrAns': 'None', 'tone': 1000}
384.0543 	EXP 	fixation: autoDraw = False
384.0543 	EXP 	fixation: autoDraw = False
384.0543 	EXP 	fixation: autoDraw = True
386.7720 	EXP 	fixation: autoDraw = False
387.0412 	EXP 	New trial (rep=24, index=2): {'trial': 'standard', 'file': "soundFiles/1000Hz_-3dBFS_3s_44.1kHz.wav'", 'corrAns': 'None', 'tone': 1000}
387.0543 	EXP 	fixation: autoDraw = False
387.0543 	EXP 	fixation: autoDraw = True
390.1937 	EXP 	New trial (rep=24, index=3): {'trial': 'standard', 'file': "soundFiles/1000Hz_-3dBFS_3s_44.1kHz.wav'", 'corrAns': 'None', 'tone': 1000}
390.2053 	EXP 	fixation: autoDraw = False
390.2053 	EXP 	fixation: autoDraw = False
390.2053 	EXP 	fixation: autoDraw = True
394.1234 	EXP 	New trial (rep=25, index=0): {'trial': 'standard', 'file': "soundFiles/1000Hz_-3dBFS_3s_44.1kHz.wav'", 'corrAns': 'None', 'tone': 1000}
394.1408 	EXP 	fixation: autoDraw = False
394.1408 	EXP 	fixation: autoDraw = False
394.1408 	EXP 	fixation: autoDraw = True
396.3382 	EXP 	fixation: autoDraw = False
397.1242 	EXP 	New trial (rep=25, index=1): {'trial': 'standard', 'file': "soundFiles/1000Hz_-3dBFS_3s_44.1kHz.wav'", 'corrAns': 'None', 'tone': 1000}
397.1376 	EXP 	fixation: autoDraw = False
397.1376 	EXP 	fixation: autoDraw = True
399.3217 	EXP 	fixation: autoDraw = False
400.1266 	EXP 	New trial (rep=25, index=2): {'trial': 'standard', 'file': "soundFiles/1000Hz_-3dBFS_3s_44.1kHz.wav'", 'corrAns': 'None', 'tone': 1000}
400.1390 	EXP 	fixation: autoDraw = False
400.1390 	EXP 	fixation: autoDraw = True
403.9070 	EXP 	New trial (rep=25, index=3): {'trial': 'target', 'file': "soundFiles/1200Hz_-3dBFS_3s_44.1kHz.wav'", 'corrAns': 't', 'tone': 2000}
403.9218 	EXP 	fixation: autoDraw = False
403.9218 	EXP 	fixation: autoDraw = False
403.9218 	EXP 	fixation: autoDraw = True
405.6428 	DATA 	Keypress: t
406.6725 	EXP 	fixation: autoDraw = False
406.8910 	EXP 	New trial (rep=26, index=0): {'trial': 'standard', 'file': "soundFiles/1000Hz_-3dBFS_3s_44.1kHz.wav'", 'corrAns': 'None', 'tone': 1000}
406.9044 	EXP 	fixation: autoDraw = False
406.9044 	EXP 	fixation: autoDraw = True
410.0412 	EXP 	New trial (rep=26, index=1): {'trial': 'target', 'file': "soundFiles/1200Hz_-3dBFS_3s_44.1kHz.wav'", 'corrAns': 't', 'tone': 2000}
410.0558 	EXP 	fixation: autoDraw = False
410.0558 	EXP 	fixation: autoDraw = False
410.0558 	EXP 	fixation: autoDraw = True
411.8733 	DATA 	Keypress: t
413.1577 	EXP 	New trial (rep=26, index=2): {'trial': 'standard', 'file': "soundFiles/1000Hz_-3dBFS_3s_44.1kHz.wav'", 'corrAns': 'None', 'tone': 1000}
413.1716 	EXP 	fixation: autoDraw = False
413.1716 	EXP 	fixation: autoDraw = False
413.1716 	EXP 	fixation: autoDraw = True
417.0735 	EXP 	New trial (rep=26, index=3): {'trial': 'standard', 'file': "soundFiles/1000Hz_-3dBFS_3s_44.1kHz.wav'", 'corrAns': 'None', 'tone': 1000}
417.0892 	EXP 	fixation: autoDraw = False
417.0892 	EXP 	fixation: autoDraw = False
417.0892 	EXP 	fixation: autoDraw = True
419.4723 	EXP 	fixation: autoDraw = False
420.0589 	EXP 	New trial (rep=27, index=0): {'trial': 'target', 'file': "soundFiles/1200Hz_-3dBFS_3s_44.1kHz.wav'", 'corrAns': 't', 'tone': 2000}
420.0719 	EXP 	fixation: autoDraw = False
420.0719 	EXP 	fixation: autoDraw = True
421.6927 	DATA 	Keypress: t
423.5786 	EXP 	New trial (rep=27, index=1): {'trial': 'standard', 'file': "soundFiles/1000Hz_-3dBFS_3s_44.1kHz.wav'", 'corrAns': 'None', 'tone': 1000}
423.5893 	EXP 	fixation: autoDraw = False
423.5893 	EXP 	fixation: autoDraw = False
423.5893 	EXP 	fixation: autoDraw = True
427.3580 	EXP 	New trial (rep=27, index=2): {'trial': 'standard', 'file': "soundFiles/1000Hz_-3dBFS_3s_44.1kHz.wav'", 'corrAns': 'None', 'tone': 1000}
427.3720 	EXP 	fixation: autoDraw = False
427.3720 	EXP 	fixation: autoDraw = False
427.3720 	EXP 	fixation: autoDraw = True
430.0881 	EXP 	fixation: autoDraw = False
430.3584 	EXP 	New trial (rep=27, index=3): {'trial': 'standard', 'file': "soundFiles/1000Hz_-3dBFS_3s_44.1kHz.wav'", 'corrAns': 'None', 'tone': 1000}
430.3715 	EXP 	fixation: autoDraw = False
430.3715 	EXP 	fixation: autoDraw = True
433.6256 	EXP 	New trial (rep=28, index=0): {'trial': 'target', 'file': "soundFiles/1200Hz_-3dBFS_3s_44.1kHz.wav'", 'corrAns': 't', 'tone': 2000}
433.6391 	EXP 	fixation: autoDraw = False
433.6391 	EXP 	fixation: autoDraw = False
433.6391 	EXP 	fixation: autoDraw = True
435.3908 	DATA 	Keypress: t
436.5053 	EXP 	fixation: autoDraw = False
436.6255 	EXP 	New trial (rep=28, index=1): {'trial': 'standard', 'file': "soundFiles/1000Hz_-3dBFS_3s_44.1kHz.wav'", 'corrAns': 'None', 'tone': 1000}
436.6409 	EXP 	fixation: autoDraw = False
436.6409 	EXP 	fixation: autoDraw = True
440.5787 	EXP 	New trial (rep=28, index=2): {'trial': 'standard', 'file': "soundFiles/1000Hz_-3dBFS_3s_44.1kHz.wav'", 'corrAns': 'None', 'tone': 1000}
440.5900 	EXP 	fixation: autoDraw = False
440.5900 	EXP 	fixation: autoDraw = False
440.5900 	EXP 	fixation: autoDraw = True
442.7049 	EXP 	fixation: autoDraw = False
443.5757 	EXP 	New trial (rep=28, index=3): {'trial': 'standard', 'file': "soundFiles/1000Hz_-3dBFS_3s_44.1kHz.wav'", 'corrAns': 'None', 'tone': 1000}
443.5882 	EXP 	fixation: autoDraw = False
443.5882 	EXP 	fixation: autoDraw = True
446.2224 	EXP 	fixation: autoDraw = False
446.5756 	EXP 	New trial (rep=29, index=0): {'trial': 'target', 'file': "soundFiles/1200Hz_-3dBFS_3s_44.1kHz.wav'", 'corrAns': 't', 'tone': 2000}
446.5891 	EXP 	fixation: autoDraw = False
446.5891 	EXP 	fixation: autoDraw = True
448.2591 	DATA 	Keypress: t
450.0603 	EXP 	New trial (rep=29, index=1): {'trial': 'standard', 'file': "soundFiles/1000Hz_-3dBFS_3s_44.1kHz.wav'", 'corrAns': 'None', 'tone': 1000}
450.0719 	EXP 	fixation: autoDraw = False
450.0719 	EXP 	fixation: autoDraw = False
450.0719 	EXP 	fixation: autoDraw = True
453.6768 	EXP 	New trial (rep=29, index=2): {'trial': 'standard', 'file': "soundFiles/1000Hz_-3dBFS_3s_44.1kHz.wav'", 'corrAns': 'None', 'tone': 1000}
453.6883 	EXP 	fixation: autoDraw = False
453.6883 	EXP 	fixation: autoDraw = False
453.6883 	EXP 	fixation: autoDraw = True
457.6764 	EXP 	New trial (rep=29, index=3): {'trial': 'standard', 'file': "soundFiles/1000Hz_-3dBFS_3s_44.1kHz.wav'", 'corrAns': 'None', 'tone': 1000}
457.6883 	EXP 	fixation: autoDraw = False
457.6883 	EXP 	fixation: autoDraw = False
457.6883 	EXP 	fixation: autoDraw = True
460.1900 	EXP 	fixation: autoDraw = False
460.6756 	EXP 	New trial (rep=30, index=0): {'trial': 'standard', 'file': "soundFiles/1000Hz_-3dBFS_3s_44.1kHz.wav'", 'corrAns': 'None', 'tone': 1000}
460.6890 	EXP 	fixation: autoDraw = False
460.6890 	EXP 	fixation: autoDraw = True
463.6722 	EXP 	fixation: autoDraw = False
463.6746 	EXP 	New trial (rep=30, index=1): {'trial': 'target', 'file': "soundFiles/1200Hz_-3dBFS_3s_44.1kHz.wav'", 'corrAns': 't', 'tone': 2000}
463.6886 	EXP 	fixation: autoDraw = False
463.6886 	EXP 	fixation: autoDraw = True
465.3244 	DATA 	Keypress: t
466.8587 	EXP 	New trial (rep=30, index=2): {'trial': 'standard', 'file': "soundFiles/1000Hz_-3dBFS_3s_44.1kHz.wav'", 'corrAns': 'None', 'tone': 1000}
466.8712 	EXP 	fixation: autoDraw = False
466.8712 	EXP 	fixation: autoDraw = False
466.8712 	EXP 	fixation: autoDraw = True
470.5408 	EXP 	New trial (rep=30, index=3): {'trial': 'standard', 'file': "soundFiles/1000Hz_-3dBFS_3s_44.1kHz.wav'", 'corrAns': 'None', 'tone': 1000}
470.5557 	EXP 	fixation: autoDraw = False
470.5557 	EXP 	fixation: autoDraw = False
470.5557 	EXP 	fixation: autoDraw = True
473.2895 	EXP 	fixation: autoDraw = False
473.5443 	EXP 	New trial (rep=31, index=0): {'trial': 'standard', 'file': "soundFiles/1000Hz_-3dBFS_3s_44.1kHz.wav'", 'corrAns': 'None', 'tone': 1000}
473.5567 	EXP 	fixation: autoDraw = False
473.5567 	EXP 	fixation: autoDraw = True
476.1714 	EXP 	fixation: autoDraw = False
476.5411 	EXP 	New trial (rep=31, index=1): {'trial': 'standard', 'file': "soundFiles/1000Hz_-3dBFS_3s_44.1kHz.wav'", 'corrAns': 'None', 'tone': 1000}
476.5557 	EXP 	fixation: autoDraw = False
476.5557 	EXP 	fixation: autoDraw = True
478.7565 	EXP 	fixation: autoDraw = False
479.5256 	EXP 	New trial (rep=31, index=2): {'trial': 'standard', 'file': "soundFiles/1000Hz_-3dBFS_3s_44.1kHz.wav'", 'corrAns': 'None', 'tone': 1000}
479.5382 	EXP 	fixation: autoDraw = False
479.5382 	EXP 	fixation: autoDraw = True
482.7082 	EXP 	New trial (rep=31, index=3): {'trial': 'target', 'file': "soundFiles/1200Hz_-3dBFS_3s_44.1kHz.wav'", 'corrAns': 't', 'tone': 2000}
482.7224 	EXP 	fixation: autoDraw = False
482.7224 	EXP 	fixation: autoDraw = False
482.7224 	EXP 	fixation: autoDraw = True
484.3304 	DATA 	Keypress: t
486.1939 	EXP 	New trial (rep=32, index=0): {'trial': 'standard', 'file': "soundFiles/1000Hz_-3dBFS_3s_44.1kHz.wav'", 'corrAns': 'None', 'tone': 1000}
486.2058 	EXP 	fixation: autoDraw = False
486.2058 	EXP 	fixation: autoDraw = False
486.2058 	EXP 	fixation: autoDraw = True
489.6242 	EXP 	New trial (rep=32, index=1): {'trial': 'target', 'file': "soundFiles/1200Hz_-3dBFS_3s_44.1kHz.wav'", 'corrAns': 't', 'tone': 2000}
489.6392 	EXP 	fixation: autoDraw = False
489.6392 	EXP 	fixation: autoDraw = False
489.6392 	EXP 	fixation: autoDraw = True
491.4080 	DATA 	Keypress: t
492.7428 	EXP 	New trial (rep=32, index=2): {'trial': 'standard', 'file': "soundFiles/1000Hz_-3dBFS_3s_44.1kHz.wav'", 'corrAns': 'None', 'tone': 1000}
492.7558 	EXP 	fixation: autoDraw = False
492.7558 	EXP 	fixation: autoDraw = False
492.7558 	EXP 	fixation: autoDraw = True
496.1110 	EXP 	New trial (rep=32, index=3): {'trial': 'standard', 'file': "soundFiles/1000Hz_-3dBFS_3s_44.1kHz.wav'", 'corrAns': 'None', 'tone': 1000}
496.1220 	EXP 	fixation: autoDraw = False
496.1220 	EXP 	fixation: autoDraw = False
496.1220 	EXP 	fixation: autoDraw = True
499.8595 	EXP 	New trial (rep=33, index=0): {'trial': 'standard', 'file': "soundFiles/1000Hz_-3dBFS_3s_44.1kHz.wav'", 'corrAns': 'None', 'tone': 1000}
499.8718 	EXP 	fixation: autoDraw = False
499.8718 	EXP 	fixation: autoDraw = False
499.8718 	EXP 	fixation: autoDraw = True
503.8080 	EXP 	New trial (rep=33, index=1): {'trial': 'standard', 'file': "soundFiles/1000Hz_-3dBFS_3s_44.1kHz.wav'", 'corrAns': 'None', 'tone': 1000}
503.8224 	EXP 	fixation: autoDraw = False
503.8224 	EXP 	fixation: autoDraw = False
503.8224 	EXP 	fixation: autoDraw = True
506.0743 	EXP 	fixation: autoDraw = False
506.8089 	EXP 	New trial (rep=33, index=2): {'trial': 'target', 'file': "soundFiles/1200Hz_-3dBFS_3s_44.1kHz.wav'", 'corrAns': 't', 'tone': 2000}
506.8226 	EXP 	fixation: autoDraw = False
506.8226 	EXP 	fixation: autoDraw = True
508.4752 	DATA 	Keypress: t
510.4762 	EXP 	New trial (rep=33, index=3): {'trial': 'standard', 'file': "soundFiles/1000Hz_-3dBFS_3s_44.1kHz.wav'", 'corrAns': 'None', 'tone': 1000}
510.4896 	EXP 	fixation: autoDraw = False
510.4896 	EXP 	fixation: autoDraw = False
510.4896 	EXP 	fixation: autoDraw = True
513.3903 	EXP 	fixation: autoDraw = False
513.4756 	EXP 	New trial (rep=34, index=0): {'trial': 'standard', 'file': "soundFiles/1000Hz_-3dBFS_3s_44.1kHz.wav'", 'corrAns': 'None', 'tone': 1000}
513.4885 	EXP 	fixation: autoDraw = False
513.4885 	EXP 	fixation: autoDraw = True
516.5603 	EXP 	New trial (rep=34, index=1): {'trial': 'standard', 'file': "soundFiles/1000Hz_-3dBFS_3s_44.1kHz.wav'", 'corrAns': 'None', 'tone': 1000}
516.5725 	EXP 	fixation: autoDraw = False
516.5725 	EXP 	fixation: autoDraw = False
516.5725 	EXP 	fixation: autoDraw = True
519.7761 	EXP 	New trial (rep=34, index=2): {'trial': 'standard', 'file': "soundFiles/1000Hz_-3dBFS_3s_44.1kHz.wav'", 'corrAns': 'None', 'tone': 1000}
519.7894 	EXP 	fixation: autoDraw = False
519.7894 	EXP 	fixation: autoDraw = False
519.7894 	EXP 	fixation: autoDraw = True
522.6062 	EXP 	fixation: autoDraw = False
522.7754 	EXP 	New trial (rep=34, index=3): {'trial': 'target', 'file': "soundFiles/1200Hz_-3dBFS_3s_44.1kHz.wav'", 'corrAns': 't', 'tone': 2000}
522.7894 	EXP 	fixation: autoDraw = False
522.7894 	EXP 	fixation: autoDraw = True
524.4126 	DATA 	Keypress: t
526.5926 	EXP 	New trial (rep=35, index=0): {'trial': 'target', 'file': "soundFiles/1200Hz_-3dBFS_3s_44.1kHz.wav'", 'corrAns': 't', 'tone': 2000}
526.6058 	EXP 	fixation: autoDraw = False
526.6058 	EXP 	fixation: autoDraw = False
526.6058 	EXP 	fixation: autoDraw = True
528.4437 	DATA 	Keypress: t
528.5597 	DATA 	Keypress: t
528.8279 	DATA 	Keypress: t
528.8740 	EXP 	fixation: autoDraw = False
529.5932 	EXP 	New trial (rep=35, index=1): {'trial': 'standard', 'file': "soundFiles/1000Hz_-3dBFS_3s_44.1kHz.wav'", 'corrAns': 'None', 'tone': 1000}
529.6057 	EXP 	fixation: autoDraw = False
529.6057 	EXP 	fixation: autoDraw = True
532.3559 	EXP 	fixation: autoDraw = False
532.5918 	EXP 	New trial (rep=35, index=2): {'trial': 'standard', 'file': "soundFiles/1000Hz_-3dBFS_3s_44.1kHz.wav'", 'corrAns': 'None', 'tone': 1000}
532.6060 	EXP 	fixation: autoDraw = False
532.6060 	EXP 	fixation: autoDraw = True
535.7910 	EXP 	New trial (rep=35, index=3): {'trial': 'standard', 'file': "soundFiles/1000Hz_-3dBFS_3s_44.1kHz.wav'", 'corrAns': 'None', 'tone': 1000}
535.8058 	EXP 	fixation: autoDraw = False
535.8058 	EXP 	fixation: autoDraw = False
535.8058 	EXP 	fixation: autoDraw = True
539.7440 	EXP 	New trial (rep=36, index=0): {'trial': 'standard', 'file': "soundFiles/1000Hz_-3dBFS_3s_44.1kHz.wav'", 'corrAns': 'None', 'tone': 1000}
539.7558 	EXP 	fixation: autoDraw = False
539.7558 	EXP 	fixation: autoDraw = False
539.7558 	EXP 	fixation: autoDraw = True
542.9623 	EXP 	New trial (rep=36, index=1): {'trial': 'standard', 'file': "soundFiles/1000Hz_-3dBFS_3s_44.1kHz.wav'", 'corrAns': 'None', 'tone': 1000}
542.9738 	EXP 	fixation: autoDraw = False
542.9738 	EXP 	fixation: autoDraw = False
542.9738 	EXP 	fixation: autoDraw = True
545.9559 	EXP 	fixation: autoDraw = False
545.9761 	EXP 	New trial (rep=36, index=2): {'trial': 'standard', 'file': "soundFiles/1000Hz_-3dBFS_3s_44.1kHz.wav'", 'corrAns': 'None', 'tone': 1000}
545.9890 	EXP 	fixation: autoDraw = False
545.9890 	EXP 	fixation: autoDraw = True
548.7554 	EXP 	fixation: autoDraw = False
548.9755 	EXP 	New trial (rep=36, index=3): {'trial': 'target', 'file': "soundFiles/1200Hz_-3dBFS_3s_44.1kHz.wav'", 'corrAns': 't', 'tone': 2000}
548.9887 	EXP 	fixation: autoDraw = False
548.9887 	EXP 	fixation: autoDraw = True
550.5911 	DATA 	Keypress: t
552.0431 	EXP 	New trial (rep=37, index=0): {'trial': 'standard', 'file': "soundFiles/1000Hz_-3dBFS_3s_44.1kHz.wav'", 'corrAns': 'None', 'tone': 1000}
552.0570 	EXP 	fixation: autoDraw = False
552.0570 	EXP 	fixation: autoDraw = False
552.0570 	EXP 	fixation: autoDraw = True
554.2231 	EXP 	fixation: autoDraw = False
555.0434 	EXP 	New trial (rep=37, index=1): {'trial': 'standard', 'file': "soundFiles/1000Hz_-3dBFS_3s_44.1kHz.wav'", 'corrAns': 'None', 'tone': 1000}
555.0555 	EXP 	fixation: autoDraw = False
555.0555 	EXP 	fixation: autoDraw = True
557.3896 	EXP 	fixation: autoDraw = False
558.0426 	EXP 	New trial (rep=37, index=2): {'trial': 'target', 'file': "soundFiles/1200Hz_-3dBFS_3s_44.1kHz.wav'", 'corrAns': 't', 'tone': 2000}
558.0561 	EXP 	fixation: autoDraw = False
558.0561 	EXP 	fixation: autoDraw = True
559.7252 	DATA 	Keypress: t
561.8105 	EXP 	New trial (rep=37, index=3): {'trial': 'standard', 'file': "soundFiles/1000Hz_-3dBFS_3s_44.1kHz.wav'", 'corrAns': 'None', 'tone': 1000}
561.8231 	EXP 	fixation: autoDraw = False
561.8231 	EXP 	fixation: autoDraw = False
561.8231 	EXP 	fixation: autoDraw = True
564.4396 	EXP 	fixation: autoDraw = False
564.8123 	EXP 	New trial (rep=38, index=0): {'trial': 'standard', 'file': "soundFiles/1000Hz_-3dBFS_3s_44.1kHz.wav'", 'corrAns': 'None', 'tone': 1000}
564.8228 	EXP 	fixation: autoDraw = False
564.8228 	EXP 	fixation: autoDraw = True
567.6891 	EXP 	fixation: autoDraw = False
567.8090 	EXP 	New trial (rep=38, index=1): {'trial': 'standard', 'file': "soundFiles/1000Hz_-3dBFS_3s_44.1kHz.wav'", 'corrAns': 'None', 'tone': 1000}
567.8228 	EXP 	fixation: autoDraw = False
567.8228 	EXP 	fixation: autoDraw = True
571.7262 	EXP 	New trial (rep=38, index=2): {'trial': 'target', 'file': "soundFiles/1200Hz_-3dBFS_3s_44.1kHz.wav'", 'corrAns': 't', 'tone': 2000}
571.7397 	EXP 	fixation: autoDraw = False
571.7397 	EXP 	fixation: autoDraw = False
571.7397 	EXP 	fixation: autoDraw = True
573.3932 	DATA 	Keypress: t
575.6095 	EXP 	New trial (rep=38, index=3): {'trial': 'standard', 'file': "soundFiles/1000Hz_-3dBFS_3s_44.1kHz.wav'", 'corrAns': 'None', 'tone': 1000}
575.6229 	EXP 	fixation: autoDraw = False
575.6229 	EXP 	fixation: autoDraw = False
575.6229 	EXP 	fixation: autoDraw = True
577.7729 	EXP 	fixation: autoDraw = False
578.6267 	EXP 	New trial (rep=39, index=0): {'trial': 'standard', 'file': "soundFiles/1000Hz_-3dBFS_3s_44.1kHz.wav'", 'corrAns': 'None', 'tone': 1000}
578.6413 	EXP 	fixation: autoDraw = False
578.6413 	EXP 	fixation: autoDraw = True
581.1565 	EXP 	fixation: autoDraw = False
581.6267 	EXP 	New trial (rep=39, index=1): {'trial': 'standard', 'file': "soundFiles/1000Hz_-3dBFS_3s_44.1kHz.wav'", 'corrAns': 'None', 'tone': 1000}
581.6396 	EXP 	fixation: autoDraw = False
581.6396 	EXP 	fixation: autoDraw = True
584.8760 	EXP 	New trial (rep=39, index=2): {'trial': 'standard', 'file': "soundFiles/1000Hz_-3dBFS_3s_44.1kHz.wav'", 'corrAns': 'None', 'tone': 1000}
584.8892 	EXP 	fixation: autoDraw = False
584.8892 	EXP 	fixation: autoDraw = False
584.8892 	EXP 	fixation: autoDraw = True
587.3892 	EXP 	fixation: autoDraw = False
587.8756 	EXP 	New trial (rep=39, index=3): {'trial': 'target', 'file': "soundFiles/1200Hz_-3dBFS_3s_44.1kHz.wav'", 'corrAns': 't', 'tone': 2000}
587.8900 	EXP 	fixation: autoDraw = False
587.8900 	EXP 	fixation: autoDraw = True
589.7090 	DATA 	Keypress: t
590.6391 	EXP 	fixation: autoDraw = False
590.8770 	EXP 	New trial (rep=40, index=0): {'trial': 'target', 'file': "soundFiles/1200Hz_-3dBFS_3s_44.1kHz.wav'", 'corrAns': 't', 'tone': 2000}
590.8899 	EXP 	fixation: autoDraw = False
590.8899 	EXP 	fixation: autoDraw = True
593.1569 	EXP 	fixation: autoDraw = False
593.8765 	EXP 	New trial (rep=40, index=1): {'trial': 'standard', 'file': "soundFiles/1000Hz_-3dBFS_3s_44.1kHz.wav'", 'corrAns': 'None', 'tone': 1000}
593.8899 	EXP 	fixation: autoDraw = False
593.8899 	EXP 	fixation: autoDraw = True
597.1758 	EXP 	New trial (rep=40, index=2): {'trial': 'standard', 'file': "soundFiles/1000Hz_-3dBFS_3s_44.1kHz.wav'", 'corrAns': 'None', 'tone': 1000}
597.1905 	EXP 	fixation: autoDraw = False
597.1905 	EXP 	fixation: autoDraw = False
597.1905 	EXP 	fixation: autoDraw = True
600.6917 	EXP 	New trial (rep=40, index=3): {'trial': 'standard', 'file': "soundFiles/1000Hz_-3dBFS_3s_44.1kHz.wav'", 'corrAns': 'None', 'tone': 1000}
600.7068 	EXP 	fixation: autoDraw = False
600.7068 	EXP 	fixation: autoDraw = False
600.7068 	EXP 	fixation: autoDraw = True
603.1577 	EXP 	fixation: autoDraw = False
603.6764 	EXP 	New trial (rep=41, index=0): {'trial': 'target', 'file': "soundFiles/1200Hz_-3dBFS_3s_44.1kHz.wav'", 'corrAns': 't', 'tone': 2000}
603.6904 	EXP 	fixation: autoDraw = False
603.6904 	EXP 	fixation: autoDraw = True
605.3753 	DATA 	Keypress: t
606.6247 	EXP 	fixation: autoDraw = False
606.6817 	EXP 	New trial (rep=41, index=1): {'trial': 'standard', 'file': "soundFiles/1000Hz_-3dBFS_3s_44.1kHz.wav'", 'corrAns': 'None', 'tone': 1000}
606.6904 	EXP 	fixation: autoDraw = False
606.6904 	EXP 	fixation: autoDraw = True
609.2567 	EXP 	fixation: autoDraw = False
609.6769 	EXP 	New trial (rep=41, index=2): {'trial': 'standard', 'file': "soundFiles/1000Hz_-3dBFS_3s_44.1kHz.wav'", 'corrAns': 'None', 'tone': 1000}
609.6898 	EXP 	fixation: autoDraw = False
609.6898 	EXP 	fixation: autoDraw = True
611.9068 	EXP 	fixation: autoDraw = False
612.6933 	EXP 	New trial (rep=41, index=3): {'trial': 'standard', 'file': "soundFiles/1000Hz_-3dBFS_3s_44.1kHz.wav'", 'corrAns': 'None', 'tone': 1000}
612.7064 	EXP 	fixation: autoDraw = False
612.7064 	EXP 	fixation: autoDraw = True
616.0258 	EXP 	New trial (rep=42, index=0): {'trial': 'standard', 'file': "soundFiles/1000Hz_-3dBFS_3s_44.1kHz.wav'", 'corrAns': 'None', 'tone': 1000}
616.0394 	EXP 	fixation: autoDraw = False
616.0394 	EXP 	fixation: autoDraw = False
616.0394 	EXP 	fixation: autoDraw = True
618.1563 	EXP 	fixation: autoDraw = False
619.0259 	EXP 	New trial (rep=42, index=1): {'trial': 'standard', 'file': "soundFiles/1000Hz_-3dBFS_3s_44.1kHz.wav'", 'corrAns': 'None', 'tone': 1000}
619.0403 	EXP 	fixation: autoDraw = False
619.0403 	EXP 	fixation: autoDraw = True
622.7588 	EXP 	New trial (rep=42, index=2): {'trial': 'standard', 'file': "soundFiles/1000Hz_-3dBFS_3s_44.1kHz.wav'", 'corrAns': 'None', 'tone': 1000}
622.7735 	EXP 	fixation: autoDraw = False
622.7735 	EXP 	fixation: autoDraw = False
622.7735 	EXP 	fixation: autoDraw = True
625.6729 	EXP 	fixation: autoDraw = False
625.7597 	EXP 	New trial (rep=42, index=3): {'trial': 'target', 'file': "soundFiles/1200Hz_-3dBFS_3s_44.1kHz.wav'", 'corrAns': 't', 'tone': 2000}
625.7734 	EXP 	fixation: autoDraw = False
625.7734 	EXP 	fixation: autoDraw = True
627.4258 	DATA 	Keypress: t
628.8934 	EXP 	New trial (rep=43, index=0): {'trial': 'standard', 'file': "soundFiles/1000Hz_-3dBFS_3s_44.1kHz.wav'", 'corrAns': 'None', 'tone': 1000}
628.9067 	EXP 	fixation: autoDraw = False
628.9067 	EXP 	fixation: autoDraw = False
628.9067 	EXP 	fixation: autoDraw = True
632.3766 	EXP 	New trial (rep=43, index=1): {'trial': 'standard', 'file': "soundFiles/1000Hz_-3dBFS_3s_44.1kHz.wav'", 'corrAns': 'None', 'tone': 1000}
632.3898 	EXP 	fixation: autoDraw = False
632.3898 	EXP 	fixation: autoDraw = False
632.3898 	EXP 	fixation: autoDraw = True
635.4950 	EXP 	New trial (rep=43, index=2): {'trial': 'standard', 'file': "soundFiles/1000Hz_-3dBFS_3s_44.1kHz.wav'", 'corrAns': 'None', 'tone': 1000}
635.5061 	EXP 	fixation: autoDraw = False
635.5061 	EXP 	fixation: autoDraw = False
635.5061 	EXP 	fixation: autoDraw = True
637.8096 	EXP 	fixation: autoDraw = False
638.4926 	EXP 	New trial (rep=43, index=3): {'trial': 'target', 'file': "soundFiles/1200Hz_-3dBFS_3s_44.1kHz.wav'", 'corrAns': 't', 'tone': 2000}
638.5070 	EXP 	fixation: autoDraw = False
638.5070 	EXP 	fixation: autoDraw = True
640.1264 	DATA 	Keypress: t
641.4402 	EXP 	fixation: autoDraw = False
641.4976 	EXP 	New trial (rep=44, index=0): {'trial': 'standard', 'file': "soundFiles/1000Hz_-3dBFS_3s_44.1kHz.wav'", 'corrAns': 'None', 'tone': 1000}
641.5081 	EXP 	fixation: autoDraw = False
641.5081 	EXP 	fixation: autoDraw = True
643.7063 	EXP 	fixation: autoDraw = False
644.5105 	EXP 	New trial (rep=44, index=1): {'trial': 'standard', 'file': "soundFiles/1000Hz_-3dBFS_3s_44.1kHz.wav'", 'corrAns': 'None', 'tone': 1000}
644.5228 	EXP 	fixation: autoDraw = False
644.5228 	EXP 	fixation: autoDraw = True
648.4966 	EXP 	New trial (rep=44, index=2): {'trial': 'target', 'file': "soundFiles/1200Hz_-3dBFS_3s_44.1kHz.wav'", 'corrAns': 't', 'tone': 2000}
648.5083 	EXP 	fixation: autoDraw = False
648.5083 	EXP 	fixation: autoDraw = False
648.5083 	EXP 	fixation: autoDraw = True
650.2923 	DATA 	Keypress: t
650.7235 	EXP 	fixation: autoDraw = False
651.4936 	EXP 	New trial (rep=44, index=3): {'trial': 'standard', 'file': "soundFiles/1000Hz_-3dBFS_3s_44.1kHz.wav'", 'corrAns': 'None', 'tone': 1000}
651.5071 	EXP 	fixation: autoDraw = False
651.5071 	EXP 	fixation: autoDraw = True
655.4594 	EXP 	New trial (rep=45, index=0): {'trial': 'standard', 'file': "soundFiles/1000Hz_-3dBFS_3s_44.1kHz.wav'", 'corrAns': 'None', 'tone': 1000}
655.4750 	EXP 	fixation: autoDraw = False
655.4750 	EXP 	fixation: autoDraw = False
655.4750 	EXP 	fixation: autoDraw = True
657.8897 	EXP 	fixation: autoDraw = False
658.4434 	EXP 	New trial (rep=45, index=1): {'trial': 'target', 'file': "soundFiles/1200Hz_-3dBFS_3s_44.1kHz.wav'", 'corrAns': 't', 'tone': 2000}
658.4573 	EXP 	fixation: autoDraw = False
658.4573 	EXP 	fixation: autoDraw = True
660.0934 	DATA 	Keypress: t
662.2102 	EXP 	New trial (rep=45, index=2): {'trial': 'standard', 'file': "soundFiles/1000Hz_-3dBFS_3s_44.1kHz.wav'", 'corrAns': 'None', 'tone': 1000}
662.2237 	EXP 	fixation: autoDraw = False
662.2237 	EXP 	fixation: autoDraw = False
662.2237 	EXP 	fixation: autoDraw = True
664.8764 	EXP 	fixation: autoDraw = False
665.2102 	EXP 	New trial (rep=45, index=3): {'trial': 'standard', 'file': "soundFiles/1000Hz_-3dBFS_3s_44.1kHz.wav'", 'corrAns': 'None', 'tone': 1000}
665.2238 	EXP 	fixation: autoDraw = False
665.2238 	EXP 	fixation: autoDraw = True
669.0929 	EXP 	New trial (rep=46, index=0): {'trial': 'target', 'file': "soundFiles/1200Hz_-3dBFS_3s_44.1kHz.wav'", 'corrAns': 't', 'tone': 2000}
669.1067 	EXP 	fixation: autoDraw = False
669.1067 	EXP 	fixation: autoDraw = False
669.1067 	EXP 	fixation: autoDraw = True
670.7599 	DATA 	Keypress: t
672.1641 	EXP 	New trial (rep=46, index=1): {'trial': 'standard', 'file': "soundFiles/1000Hz_-3dBFS_3s_44.1kHz.wav'", 'corrAns': 'None', 'tone': 1000}
672.1728 	EXP 	fixation: autoDraw = False
672.1728 	EXP 	fixation: autoDraw = False
672.1728 	EXP 	fixation: autoDraw = True
674.7411 	EXP 	fixation: autoDraw = False
675.1604 	EXP 	New trial (rep=46, index=2): {'trial': 'standard', 'file': "soundFiles/1000Hz_-3dBFS_3s_44.1kHz.wav'", 'corrAns': 'None', 'tone': 1000}
675.1737 	EXP 	fixation: autoDraw = False
675.1737 	EXP 	fixation: autoDraw = True
677.4435 	DATA 	Keypress: t
678.2100 	EXP 	New trial (rep=46, index=3): {'trial': 'standard', 'file': "soundFiles/1000Hz_-3dBFS_3s_44.1kHz.wav'", 'corrAns': 'None', 'tone': 1000}
678.2238 	EXP 	fixation: autoDraw = False
678.2238 	EXP 	fixation: autoDraw = False
678.2238 	EXP 	fixation: autoDraw = True
680.9566 	EXP 	fixation: autoDraw = False
681.2098 	EXP 	New trial (rep=47, index=0): {'trial': 'target', 'file': "soundFiles/1200Hz_-3dBFS_3s_44.1kHz.wav'", 'corrAns': 't', 'tone': 2000}
681.2243 	EXP 	fixation: autoDraw = False
681.2243 	EXP 	fixation: autoDraw = True
682.9763 	DATA 	Keypress: t
684.6284 	EXP 	New trial (rep=47, index=1): {'trial': 'standard', 'file': "soundFiles/1000Hz_-3dBFS_3s_44.1kHz.wav'", 'corrAns': 'None', 'tone': 1000}
684.6402 	EXP 	fixation: autoDraw = False
684.6402 	EXP 	fixation: autoDraw = False
684.6402 	EXP 	fixation: autoDraw = True
688.0626 	EXP 	New trial (rep=47, index=2): {'trial': 'standard', 'file': "soundFiles/1000Hz_-3dBFS_3s_44.1kHz.wav'", 'corrAns': 'None', 'tone': 1000}
688.0754 	EXP 	fixation: autoDraw = False
688.0754 	EXP 	fixation: autoDraw = False
688.0754 	EXP 	fixation: autoDraw = True
690.8902 	EXP 	fixation: autoDraw = False
691.0608 	EXP 	New trial (rep=47, index=3): {'trial': 'standard', 'file': "soundFiles/1000Hz_-3dBFS_3s_44.1kHz.wav'", 'corrAns': 'None', 'tone': 1000}
691.0737 	EXP 	fixation: autoDraw = False
691.0737 	EXP 	fixation: autoDraw = True
694.5767 	EXP 	New trial (rep=48, index=0): {'trial': 'standard', 'file': "soundFiles/1000Hz_-3dBFS_3s_44.1kHz.wav'", 'corrAns': 'None', 'tone': 1000}
694.5912 	EXP 	fixation: autoDraw = False
694.5912 	EXP 	fixation: autoDraw = False
694.5912 	EXP 	fixation: autoDraw = True
694.8105 	DATA 	Keypress: t
698.3920 	EXP 	New trial (rep=48, index=1): {'trial': 'target', 'file': "soundFiles/1200Hz_-3dBFS_3s_44.1kHz.wav'", 'corrAns': 't', 'tone': 2000}
698.4073 	EXP 	fixation: autoDraw = False
698.4073 	EXP 	fixation: autoDraw = False
698.4073 	EXP 	fixation: autoDraw = True
700.2266 	DATA 	Keypress: t
700.5737 	EXP 	fixation: autoDraw = False
701.3772 	EXP 	New trial (rep=48, index=2): {'trial': 'standard', 'file': "soundFiles/1000Hz_-3dBFS_3s_44.1kHz.wav'", 'corrAns': 'None', 'tone': 1000}
701.3908 	EXP 	fixation: autoDraw = False
701.3908 	EXP 	fixation: autoDraw = True
703.6080 	EXP 	fixation: autoDraw = False
704.3945 	EXP 	New trial (rep=48, index=3): {'trial': 'standard', 'file': "soundFiles/1000Hz_-3dBFS_3s_44.1kHz.wav'", 'corrAns': 'None', 'tone': 1000}
704.4080 	EXP 	fixation: autoDraw = False
704.4080 	EXP 	fixation: autoDraw = True
707.7094 	EXP 	New trial (rep=49, index=0): {'trial': 'standard', 'file': "soundFiles/1000Hz_-3dBFS_3s_44.1kHz.wav'", 'corrAns': 'None', 'tone': 1000}
707.7240 	EXP 	fixation: autoDraw = False
707.7240 	EXP 	fixation: autoDraw = False
707.7240 	EXP 	fixation: autoDraw = True
709.8074 	EXP 	fixation: autoDraw = False
710.7095 	EXP 	New trial (rep=49, index=1): {'trial': 'target', 'file': "soundFiles/1200Hz_-3dBFS_3s_44.1kHz.wav'", 'corrAns': 't', 'tone': 2000}
710.7239 	EXP 	fixation: autoDraw = False
710.7239 	EXP 	fixation: autoDraw = True
712.6279 	DATA 	Keypress: t
714.4607 	EXP 	New trial (rep=49, index=2): {'trial': 'standard', 'file': "soundFiles/1000Hz_-3dBFS_3s_44.1kHz.wav'", 'corrAns': 'None', 'tone': 1000}
714.4741 	EXP 	fixation: autoDraw = False
714.4741 	EXP 	fixation: autoDraw = False
714.4741 	EXP 	fixation: autoDraw = True
716.9408 	EXP 	fixation: autoDraw = False
717.4604 	EXP 	New trial (rep=49, index=3): {'trial': 'standard', 'file': "soundFiles/1000Hz_-3dBFS_3s_44.1kHz.wav'", 'corrAns': 'None', 'tone': 1000}
717.4734 	EXP 	fixation: autoDraw = False
717.4734 	EXP 	fixation: autoDraw = True
720.9606 	EXP 	New trial (rep=50, index=0): {'trial': 'standard', 'file': "soundFiles/1000Hz_-3dBFS_3s_44.1kHz.wav'", 'corrAns': 'None', 'tone': 1000}
720.9742 	EXP 	fixation: autoDraw = False
720.9742 	EXP 	fixation: autoDraw = False
720.9742 	EXP 	fixation: autoDraw = True
724.8477 	EXP 	New trial (rep=50, index=1): {'trial': 'target', 'file': "soundFiles/1200Hz_-3dBFS_3s_44.1kHz.wav'", 'corrAns': 't', 'tone': 2000}
724.8605 	EXP 	fixation: autoDraw = False
724.8605 	EXP 	fixation: autoDraw = False
724.8605 	EXP 	fixation: autoDraw = True
726.4940 	DATA 	Keypress: t
728.1606 	EXP 	New trial (rep=50, index=2): {'trial': 'standard', 'file': "soundFiles/1000Hz_-3dBFS_3s_44.1kHz.wav'", 'corrAns': 'None', 'tone': 1000}
728.1745 	EXP 	fixation: autoDraw = False
728.1745 	EXP 	fixation: autoDraw = False
728.1745 	EXP 	fixation: autoDraw = True
730.3902 	EXP 	fixation: autoDraw = False
731.1431 	EXP 	New trial (rep=50, index=3): {'trial': 'standard', 'file': "soundFiles/1000Hz_-3dBFS_3s_44.1kHz.wav'", 'corrAns': 'None', 'tone': 1000}
731.1569 	EXP 	fixation: autoDraw = False
731.1569 	EXP 	fixation: autoDraw = True
733.2069 	EXP 	fixation: autoDraw = False
734.1433 	EXP 	New trial (rep=51, index=0): {'trial': 'standard', 'file': "soundFiles/1000Hz_-3dBFS_3s_44.1kHz.wav'", 'corrAns': 'None', 'tone': 1000}
734.1457 	DATA 	Mouse: Left button down, pos=(715,591)
734.1582 	EXP 	fixation: autoDraw = False
734.1582 	EXP 	fixation: autoDraw = True
734.2091 	DATA 	Mouse:  Left button up, pos=(715,591)
735.0605 	DATA 	Keypress: escape
736.1072 	EXP 	window1: mouseVisible = True
