1.5715 	WARNING 	Speech-to-text recognition using Google online services is not available (use command `pip install google-api-core google-auth google-cloud google-cloud-speech googleapis-common-protos` to get it). Transcription will be unavailable using that service this session.
2.9798 	WARNING 	We strongly recommend you activate the PTB sound engine in PsychoPy prefs as the preferred audio engine. Its timing is vastly superior. Your prefs are currently set to use ['sounddevice'] (in that order).
10.5946 	EXP 	Created window1 = Window(allowGUI=True, allowStencil=False, autoLog=True, backendConf=UNKNOWN, bitsMode=UNKNOWN, blendMode='avg', bpc=(8, 8, 8), color=array([0, 0, 0]), colorSpace='rgb', depthBits=8, fullscr=<method-wrapper '__getattribute__' of attributeSetter object at 0x000001927AA4D640>, gamma=None, gammaErrorPolicy='raise', lms=UNKNOWN, monitor=<psychopy.monitors.calibTools.Monitor object at 0x000001927BA5D220>, multiSample=False, name='window1', numSamples=2, pos=(500, 150), screen=0, size=array([920, 780]), stencilBits=0, stereo=False, units='height', useFBO=True, useRetina=False, viewOri=0.0, viewPos=None, viewScale=None, waitBlanking=True, winType='pyglet')
10.5947 	EXP 	window1: mouseVisible = True
10.5948 	EXP 	window1: mouseVisible = True
10.5948 	EXP 	window1: Attempting to measure frame rate of screen (0) ...
10.5948 	EXP 	window1: recordFrameIntervals = False
10.7602 	EXP 	window1: recordFrameIntervals = True
10.9438 	EXP 	Screen (0) actual frame rate measured at 60.12Hz
10.9439 	EXP 	window1: recordFrameIntervals = False
10.9791 	WARNING 	launchHubServer: If using the iohub mouse or eyetracker devices, fullScr should be True.
14.5192 	EXP 	Created instructions = TextStim(__class__=<class 'psychopy.visual.text.TextStim'>, alignHoriz=method-wrapper(...), alignText='center', alignVert=method-wrapper(...), anchorHoriz='center', anchorVert='center', antialias=True, autoDraw=False, autoLog=True, bold=False, color=array([1, 1, 1]), colorSpace='rgb', contrast=1.0, depth=-1.0, flipHoriz=False, flipVert=False, font='Arial', fontFiles=[], height=0.05, italic=False, languageStyle='LTR', name='instructions', opacity=1.0, ori=0, pos=array([0., 0.]), rgb=UNKNOWN, text=str(...), units='height', win=Window(...), wrapWidth=1)
14.5242 	EXP 	Created fixation = TextStim(__class__=<class 'psychopy.visual.text.TextStim'>, alignHoriz=method-wrapper(...), alignText='center', alignVert=method-wrapper(...), anchorHoriz='center', anchorVert='center', antialias=True, autoDraw=False, autoLog=True, bold=False, color=array([1, 1, 1]), colorSpace='rgb', contrast=1.0, depth=-1.0, flipHoriz=False, flipVert=False, font='Arial', fontFiles=[], height=0.05, italic=False, languageStyle='LTR', name='fixation', opacity=1.0, ori=0, pos=array([0., 0.]), rgb=UNKNOWN, text='+', units='height', win=Window(...), wrapWidth=1)
14.5463 	EXP 	Sound sound_1 set volume 0.800
14.5709 	EXP 	Created thank_you = TextStim(__class__=<class 'psychopy.visual.text.TextStim'>, alignHoriz=method-wrapper(...), alignText='center', alignVert=method-wrapper(...), anchorHoriz='center', anchorVert='center', antialias=True, autoDraw=False, autoLog=True, bold=False, color=array([1, 1, 1]), colorSpace='rgb', contrast=1.0, depth=0.0, flipHoriz=False, flipVert=False, font='Arial', fontFiles=[], height=0.05, italic=False, languageStyle='LTR', name='thank_you', opacity=1.0, ori=0, pos=array([0., 0.]), rgb=UNKNOWN, text=str(...), units='height', win=Window(...), wrapWidth=1)
14.5983 	EXP 	instructions: autoDraw = True
19.0962 	DATA 	Mouse: Left button down, pos=(540,108)
19.2121 	DATA 	Mouse:  Left button up, pos=(540,108)
20.0583 	EXP 	Imported aud_conditions3.xlsx as conditions, 4 conditions, 4 params
20.0602 	EXP 	Created sequence: random, trialTypes=4, nReps=60, seed=None
20.0612 	EXP 	New trial (rep=0, index=0): {'trial': 'standard', 'file': "soundFiles/1000Hz_-3dBFS_3s_44.1kHz.wav'", 'corrAns': 'None', 'tone': 1000}
20.0635 	DATA 	Keypress: space
20.0762 	EXP 	instructions: autoDraw = False
20.0762 	EXP 	fixation: autoDraw = True
22.9434 	EXP 	fixation: autoDraw = False
23.0463 	EXP 	New trial (rep=0, index=1): {'trial': 'target', 'file': "soundFiles/1200Hz_-3dBFS_3s_44.1kHz.wav'", 'corrAns': 't', 'tone': 2000}
23.0603 	EXP 	fixation: autoDraw = False
23.0603 	EXP 	fixation: autoDraw = True
26.9291 	EXP 	New trial (rep=0, index=2): {'trial': 'standard', 'file': "soundFiles/1000Hz_-3dBFS_3s_44.1kHz.wav'", 'corrAns': 'None', 'tone': 1000}
26.9441 	EXP 	fixation: autoDraw = False
26.9441 	EXP 	fixation: autoDraw = False
26.9441 	EXP 	fixation: autoDraw = True
29.6774 	EXP 	fixation: autoDraw = False
29.9289 	EXP 	New trial (rep=0, index=3): {'trial': 'standard', 'file': "soundFiles/1000Hz_-3dBFS_3s_44.1kHz.wav'", 'corrAns': 'None', 'tone': 1000}
29.9435 	EXP 	fixation: autoDraw = False
29.9435 	EXP 	fixation: autoDraw = True
33.9122 	EXP 	New trial (rep=1, index=0): {'trial': 'standard', 'file': "soundFiles/1000Hz_-3dBFS_3s_44.1kHz.wav'", 'corrAns': 'None', 'tone': 1000}
33.9270 	EXP 	fixation: autoDraw = False
33.9270 	EXP 	fixation: autoDraw = False
33.9270 	EXP 	fixation: autoDraw = True
33.9457 	DATA 	Keypress: escape
34.6061 	EXP 	window1: mouseVisible = True
