1.4230 	WARNING 	Speech-to-text recognition using Google online services is not available (use command `pip install google-api-core google-auth google-cloud google-cloud-speech googleapis-common-protos` to get it). Transcription will be unavailable using that service this session.
2.8228 	WARNING 	We strongly recommend you activate the PTB sound engine in PsychoPy prefs as the preferred audio engine. Its timing is vastly superior. Your prefs are currently set to use ['sounddevice'] (in that order).
7.2248 	EXP 	Created window1 = Window(allowGUI=True, allowStencil=False, autoLog=True, backendConf=UNKNOWN, bitsMode=UNKNOWN, blendMode='avg', bpc=(8, 8, 8), color=array([0, 0, 0]), colorSpace='rgb', depthBits=8, fullscr=<method-wrapper '__getattribute__' of attributeSetter object at 0x0000028CA438D640>, gamma=None, gammaErrorPolicy='raise', lms=UNKNOWN, monitor=<psychopy.monitors.calibTools.Monitor object at 0x0000028CA539D1F0>, multiSample=False, name='window1', numSamples=2, pos=(500, 150), screen=0, size=array([920, 780]), stencilBits=0, stereo=False, units='height', useFBO=True, useRetina=False, viewOri=0.0, viewPos=None, viewScale=None, waitBlanking=True, winType='pyglet')
7.2249 	EXP 	window1: mouseVisible = True
7.2249 	EXP 	window1: mouseVisible = True
7.2249 	EXP 	window1: Attempting to measure frame rate of screen (0) ...
7.2250 	EXP 	window1: recordFrameIntervals = False
7.3900 	EXP 	window1: recordFrameIntervals = True
7.5733 	EXP 	Screen (0) actual frame rate measured at 60.00Hz
7.5734 	EXP 	window1: recordFrameIntervals = False
7.6042 	WARNING 	launchHubServer: If using the iohub mouse or eyetracker devices, fullScr should be True.
11.2996 	EXP 	Created instructions = TextStim(__class__=<class 'psychopy.visual.text.TextStim'>, alignHoriz=method-wrapper(...), alignText='center', alignVert=method-wrapper(...), anchorHoriz='center', anchorVert='center', antialias=True, autoDraw=False, autoLog=True, bold=False, color=array([1, 1, 1]), colorSpace='rgb', contrast=1.0, depth=-1.0, flipHoriz=False, flipVert=False, font='Arial', fontFiles=[], height=0.05, italic=False, languageStyle='LTR', name='instructions', opacity=1.0, ori=0, pos=array([0., 0.]), rgb=UNKNOWN, text=str(...), units='height', win=Window(...), wrapWidth=1)
11.3065 	EXP 	Created fixation = TextStim(__class__=<class 'psychopy.visual.text.TextStim'>, alignHoriz=method-wrapper(...), alignText='center', alignVert=method-wrapper(...), anchorHoriz='center', anchorVert='center', antialias=True, autoDraw=False, autoLog=True, bold=False, color=array([1, 1, 1]), colorSpace='rgb', contrast=1.0, depth=-1.0, flipHoriz=False, flipVert=False, font='Arial', fontFiles=[], height=0.05, italic=False, languageStyle='LTR', name='fixation', opacity=1.0, ori=0, pos=array([0., 0.]), rgb=UNKNOWN, text='+', units='height', win=Window(...), wrapWidth=1)
11.3573 	EXP 	Sound sound_1 set volume 0.800
11.3739 	EXP 	Created thank_you = TextStim(__class__=<class 'psychopy.visual.text.TextStim'>, alignHoriz=method-wrapper(...), alignText='center', alignVert=method-wrapper(...), anchorHoriz='center', anchorVert='center', antialias=True, autoDraw=False, autoLog=True, bold=False, color=array([1, 1, 1]), colorSpace='rgb', contrast=1.0, depth=0.0, flipHoriz=False, flipVert=False, font='Arial', fontFiles=[], height=0.05, italic=False, languageStyle='LTR', name='thank_you', opacity=1.0, ori=0, pos=array([0., 0.]), rgb=UNKNOWN, text=str(...), units='height', win=Window(...), wrapWidth=1)
11.3910 	EXP 	instructions: autoDraw = True
13.5585 	DATA 	Mouse: Left button down, pos=(617,110)
13.6415 	DATA 	Mouse:  Left button up, pos=(617,110)
14.4695 	EXP 	Imported aud_conditions3.xlsx as conditions, 4 conditions, 4 params
14.4717 	EXP 	Created sequence: random, trialTypes=4, nReps=60, seed=None
14.4727 	EXP 	New trial (rep=0, index=0): {'trial': 'standard', 'file': "soundFiles/1000Hz_-3dBFS_3s_44.1kHz.wav'", 'corrAns': 'None', 'tone': 1000}
14.4753 	DATA 	Keypress: space
14.4889 	EXP 	instructions: autoDraw = False
14.4889 	EXP 	fixation: autoDraw = True
15.6488 	EXP 	window1: mouseVisible = True
