2.8917 	WARNING 	We strongly recommend you activate the PTB sound engine in PsychoPy prefs as the preferred audio engine. Its timing is vastly superior. Your prefs are currently set to use ['sounddevice'] (in that order).
11.1710 	EXP 	Created window1 = Window(allowGUI=True, allowStencil=False, autoLog=True, backendConf=UNKNOWN, bitsMode=UNKNOWN, blendMode='avg', bpc=(8, 8, 8), color=array([0, 0, 0]), colorSpace='rgb', depthBits=8, fullscr=<method-wrapper '__getattribute__' of attributeSetter object at 0x000001F033AB1730>, gamma=None, gammaErrorPolicy='raise', lms=UNKNOWN, monitor=<psychopy.monitors.calibTools.Monitor object at 0x000001F0389E4FA0>, multiSample=False, name='window1', numSamples=2, pos=(2370, 200), screen=1, size=array([1020,  800]), stencilBits=0, stereo=False, units='height', useFBO=True, useRetina=False, viewOri=0.0, viewPos=None, viewScale=None, waitBlanking=True, winType='pyglet')
11.1711 	EXP 	window1: mouseVisible = True
11.1711 	EXP 	window1: mouseVisible = True
11.1711 	EXP 	window1: Attempting to measure frame rate of screen (1) ...
11.1711 	EXP 	window1: recordFrameIntervals = False
11.3376 	EXP 	window1: recordFrameIntervals = True
11.3946 	WARNING 	t of last frame was 22.05ms (=1/45)
11.8069 	WARNING 	t of last frame was 20.60ms (=1/48)
11.9910 	WARNING 	t of last frame was 20.35ms (=1/49)
12.0933 	WARNING 	t of last frame was 22.77ms (=1/43)
12.1256 	WARNING 	Multiple dropped frames have occurred - I'll stop bothering you about them!
13.0026 	WARNING 	Couldn't measure a consistent frame rate!
  - Is your graphics card set to sync to vertical blank?
  - Are you running other processes on your computer?

13.0912 	WARNING 	launchHubServer: If using the iohub mouse or eyetracker devices, fullScr should be True.
16.5436 	EXP 	Created instructions = TextStim(__class__=<class 'psychopy.visual.text.TextStim'>, alignHoriz=method-wrapper(...), alignText='center', alignVert=method-wrapper(...), anchorHoriz='center', anchorVert='center', antialias=True, autoDraw=False, autoLog=True, bold=False, color=array([1, 1, 1]), colorSpace='rgb', contrast=1.0, depth=-1.0, flipHoriz=False, flipVert=False, font='Arial', fontFiles=[], height=0.05, italic=False, languageStyle='LTR', name='instructions', opacity=1.0, ori=0, pos=array([0., 0.]), rgb=UNKNOWN, text=str(...), units='height', win=Window(...), wrapWidth=1)
16.5475 	EXP 	Created fixation_cross = ShapeStim(__class__=<class 'psychopy.visual.shape.ShapeStim'>, anchor=('center', 'center'), autoDraw=False, autoLog=True, closeShape=True, color=method-wrapper(...), colorSpace='rgb', contrast=None, depth=-1.0, fillColor=array([1, 1, 1]), fillColorSpace='rgb', fillRGB=array([1, 1, 1]), interpolate=True, lineColor=array([1, 1, 1]), lineColorSpace='rgb', lineRGB=array([1, 1, 1]), lineWidth=1.0, name='fixation_cross', opacity=1.0, ori=0.0, pos=array([0., 0.]), size=array([0.25, 0.25]), units='height', vertices=ndarray(...), win=Window(...), windingRule=None)
16.5837 	EXP 	Sound sound_1 set volume 0.800
16.5951 	EXP 	Created thank_you = TextStim(__class__=<class 'psychopy.visual.text.TextStim'>, alignHoriz=method-wrapper(...), alignText='center', alignVert=method-wrapper(...), anchorHoriz='center', anchorVert='center', antialias=True, autoDraw=False, autoLog=True, bold=False, color=array([1, 1, 1]), colorSpace='rgb', contrast=1.0, depth=0.0, flipHoriz=False, flipVert=False, font='Arial', fontFiles=[], height=0.05, italic=False, languageStyle='LTR', name='thank_you', opacity=1.0, ori=0, pos=array([0., 0.]), rgb=UNKNOWN, text=str(...), units='height', win=Window(...), wrapWidth=1)
16.6260 	EXP 	instructions: autoDraw = True
32.3981 	DATA 	Mouse: Left button down, pos=(993,637)
32.4911 	DATA 	Mouse:  Left button up, pos=(993,637)
57.0874 	EXP 	Imported aud_conditions3.xlsx as conditions, 4 conditions, 4 params
57.0889 	EXP 	Created sequence: random, trialTypes=4, nReps=50, seed=None
57.0895 	EXP 	New trial (rep=0, index=0): {'trial': 'standard', 'file': "soundFiles/1000Hz_-3dBFS_3s_44.1kHz.wav'", 'corrAns': 'None', 'tone': 1000}
57.0947 	DATA 	Keypress: space
57.1115 	EXP 	instructions: autoDraw = False
57.1115 	EXP 	fixation_cross: autoDraw = True
61.6322 	EXP 	New trial (rep=0, index=1): {'trial': 'target', 'file': "soundFiles/1200Hz_-3dBFS_3s_44.1kHz.wav'", 'corrAns': 't', 'tone': 2000}
61.6416 	EXP 	fixation_cross: autoDraw = False
61.6416 	EXP 	fixation_cross: autoDraw = False
61.6416 	EXP 	fixation_cross: autoDraw = True
64.0920 	DATA 	Keypress: t
64.3059 	EXP 	fixation_cross: autoDraw = False
64.6417 	EXP 	New trial (rep=0, index=2): {'trial': 'standard', 'file': "soundFiles/1000Hz_-3dBFS_3s_44.1kHz.wav'", 'corrAns': 'None', 'tone': 1000}
64.6548 	EXP 	fixation_cross: autoDraw = False
64.6548 	EXP 	fixation_cross: autoDraw = True
67.4863 	EXP 	fixation_cross: autoDraw = False
67.6380 	EXP 	New trial (rep=0, index=3): {'trial': 'standard', 'file': "soundFiles/1000Hz_-3dBFS_3s_44.1kHz.wav'", 'corrAns': 'None', 'tone': 1000}
67.6525 	EXP 	fixation_cross: autoDraw = False
67.6525 	EXP 	fixation_cross: autoDraw = True
70.2177 	EXP 	fixation_cross: autoDraw = False
70.6359 	EXP 	New trial (rep=1, index=0): {'trial': 'standard', 'file': "soundFiles/1000Hz_-3dBFS_3s_44.1kHz.wav'", 'corrAns': 'None', 'tone': 1000}
70.6494 	EXP 	fixation_cross: autoDraw = False
70.6494 	EXP 	fixation_cross: autoDraw = True
74.5338 	EXP 	New trial (rep=1, index=1): {'trial': 'target', 'file': "soundFiles/1200Hz_-3dBFS_3s_44.1kHz.wav'", 'corrAns': 't', 'tone': 2000}
74.5460 	EXP 	fixation_cross: autoDraw = False
74.5460 	EXP 	fixation_cross: autoDraw = False
74.5460 	EXP 	fixation_cross: autoDraw = True
76.9465 	DATA 	Keypress: t
79.2655 	EXP 	New trial (rep=1, index=2): {'trial': 'standard', 'file': "soundFiles/1000Hz_-3dBFS_3s_44.1kHz.wav'", 'corrAns': 'None', 'tone': 1000}
79.2754 	EXP 	fixation_cross: autoDraw = False
79.2754 	EXP 	fixation_cross: autoDraw = False
79.2754 	EXP 	fixation_cross: autoDraw = True
83.4570 	EXP 	New trial (rep=1, index=3): {'trial': 'standard', 'file': "soundFiles/1000Hz_-3dBFS_3s_44.1kHz.wav'", 'corrAns': 'None', 'tone': 1000}
83.4731 	EXP 	fixation_cross: autoDraw = False
83.4731 	EXP 	fixation_cross: autoDraw = False
83.4731 	EXP 	fixation_cross: autoDraw = True
86.6529 	EXP 	New trial (rep=2, index=0): {'trial': 'standard', 'file': "soundFiles/1000Hz_-3dBFS_3s_44.1kHz.wav'", 'corrAns': 'None', 'tone': 1000}
86.6685 	EXP 	fixation_cross: autoDraw = False
86.6685 	EXP 	fixation_cross: autoDraw = False
86.6685 	EXP 	fixation_cross: autoDraw = True
89.2188 	EXP 	fixation_cross: autoDraw = False
89.6692 	EXP 	New trial (rep=2, index=1): {'trial': 'standard', 'file': "soundFiles/1000Hz_-3dBFS_3s_44.1kHz.wav'", 'corrAns': 'None', 'tone': 1000}
89.6808 	EXP 	fixation_cross: autoDraw = False
89.6808 	EXP 	fixation_cross: autoDraw = True
93.8473 	EXP 	New trial (rep=2, index=2): {'trial': 'standard', 'file': "soundFiles/1000Hz_-3dBFS_3s_44.1kHz.wav'", 'corrAns': 'None', 'tone': 1000}
93.8638 	EXP 	fixation_cross: autoDraw = False
93.8638 	EXP 	fixation_cross: autoDraw = False
93.8638 	EXP 	fixation_cross: autoDraw = True
96.7264 	EXP 	fixation_cross: autoDraw = False
96.8627 	EXP 	New trial (rep=2, index=3): {'trial': 'target', 'file': "soundFiles/1200Hz_-3dBFS_3s_44.1kHz.wav'", 'corrAns': 't', 'tone': 2000}
96.8748 	EXP 	fixation_cross: autoDraw = False
96.8748 	EXP 	fixation_cross: autoDraw = True
99.1962 	DATA 	Keypress: t
100.5729 	EXP 	New trial (rep=3, index=0): {'trial': 'target', 'file': "soundFiles/1200Hz_-3dBFS_3s_44.1kHz.wav'", 'corrAns': 't', 'tone': 2000}
100.5896 	EXP 	fixation_cross: autoDraw = False
100.5896 	EXP 	fixation_cross: autoDraw = False
100.5896 	EXP 	fixation_cross: autoDraw = True
102.3925 	DATA 	Keypress: t
104.7849 	EXP 	New trial (rep=3, index=1): {'trial': 'standard', 'file': "soundFiles/1000Hz_-3dBFS_3s_44.1kHz.wav'", 'corrAns': 'None', 'tone': 1000}
104.8031 	EXP 	fixation_cross: autoDraw = False
104.8031 	EXP 	fixation_cross: autoDraw = False
104.8031 	EXP 	fixation_cross: autoDraw = True
107.7674 	EXP 	fixation_cross: autoDraw = False
107.7708 	EXP 	New trial (rep=3, index=2): {'trial': 'standard', 'file': "soundFiles/1000Hz_-3dBFS_3s_44.1kHz.wav'", 'corrAns': 'None', 'tone': 1000}
107.7832 	EXP 	fixation_cross: autoDraw = False
107.7832 	EXP 	fixation_cross: autoDraw = True
110.8651 	EXP 	New trial (rep=3, index=3): {'trial': 'standard', 'file': "soundFiles/1000Hz_-3dBFS_3s_44.1kHz.wav'", 'corrAns': 'None', 'tone': 1000}
110.8780 	EXP 	fixation_cross: autoDraw = False
110.8780 	EXP 	fixation_cross: autoDraw = False
110.8780 	EXP 	fixation_cross: autoDraw = True
113.2639 	EXP 	fixation_cross: autoDraw = False
113.8785 	EXP 	New trial (rep=4, index=0): {'trial': 'target', 'file': "soundFiles/1200Hz_-3dBFS_3s_44.1kHz.wav'", 'corrAns': 't', 'tone': 2000}
113.8928 	EXP 	fixation_cross: autoDraw = False
113.8928 	EXP 	fixation_cross: autoDraw = True
115.4275 	DATA 	Keypress: t
117.8235 	EXP 	New trial (rep=4, index=1): {'trial': 'standard', 'file': "soundFiles/1000Hz_-3dBFS_3s_44.1kHz.wav'", 'corrAns': 'None', 'tone': 1000}
117.8384 	EXP 	fixation_cross: autoDraw = False
117.8384 	EXP 	fixation_cross: autoDraw = False
117.8384 	EXP 	fixation_cross: autoDraw = True
119.9871 	EXP 	fixation_cross: autoDraw = False
120.8392 	EXP 	New trial (rep=4, index=2): {'trial': 'standard', 'file': "soundFiles/1000Hz_-3dBFS_3s_44.1kHz.wav'", 'corrAns': 'None', 'tone': 1000}
120.8516 	EXP 	fixation_cross: autoDraw = False
120.8516 	EXP 	fixation_cross: autoDraw = True
124.7534 	EXP 	New trial (rep=4, index=3): {'trial': 'standard', 'file': "soundFiles/1000Hz_-3dBFS_3s_44.1kHz.wav'", 'corrAns': 'None', 'tone': 1000}
124.7657 	EXP 	fixation_cross: autoDraw = False
124.7657 	EXP 	fixation_cross: autoDraw = False
124.7657 	EXP 	fixation_cross: autoDraw = True
128.7985 	EXP 	New trial (rep=5, index=0): {'trial': 'standard', 'file': "soundFiles/1000Hz_-3dBFS_3s_44.1kHz.wav'", 'corrAns': 'None', 'tone': 1000}
128.8115 	EXP 	fixation_cross: autoDraw = False
128.8115 	EXP 	fixation_cross: autoDraw = False
128.8115 	EXP 	fixation_cross: autoDraw = True
133.1624 	EXP 	New trial (rep=5, index=1): {'trial': 'target', 'file': "soundFiles/1200Hz_-3dBFS_3s_44.1kHz.wav'", 'corrAns': 't', 'tone': 2000}
133.1760 	EXP 	fixation_cross: autoDraw = False
133.1760 	EXP 	fixation_cross: autoDraw = False
133.1760 	EXP 	fixation_cross: autoDraw = True
135.0743 	DATA 	Keypress: t
137.2764 	EXP 	New trial (rep=5, index=2): {'trial': 'standard', 'file': "soundFiles/1000Hz_-3dBFS_3s_44.1kHz.wav'", 'corrAns': 'None', 'tone': 1000}
137.2868 	EXP 	fixation_cross: autoDraw = False
137.2868 	EXP 	fixation_cross: autoDraw = False
137.2868 	EXP 	fixation_cross: autoDraw = True
142.0847 	EXP 	New trial (rep=5, index=3): {'trial': 'standard', 'file': "soundFiles/1000Hz_-3dBFS_3s_44.1kHz.wav'", 'corrAns': 'None', 'tone': 1000}
142.1008 	EXP 	fixation_cross: autoDraw = False
142.1008 	EXP 	fixation_cross: autoDraw = False
142.1008 	EXP 	fixation_cross: autoDraw = True
144.6480 	EXP 	fixation_cross: autoDraw = False
145.0662 	EXP 	New trial (rep=6, index=0): {'trial': 'standard', 'file': "soundFiles/1000Hz_-3dBFS_3s_44.1kHz.wav'", 'corrAns': 'None', 'tone': 1000}
145.0806 	EXP 	fixation_cross: autoDraw = False
145.0806 	EXP 	fixation_cross: autoDraw = True
148.4966 	EXP 	New trial (rep=6, index=1): {'trial': 'standard', 'file': "soundFiles/1000Hz_-3dBFS_3s_44.1kHz.wav'", 'corrAns': 'None', 'tone': 1000}
148.5114 	EXP 	fixation_cross: autoDraw = False
148.5114 	EXP 	fixation_cross: autoDraw = False
148.5114 	EXP 	fixation_cross: autoDraw = True
151.6935 	EXP 	New trial (rep=6, index=2): {'trial': 'target', 'file': "soundFiles/1200Hz_-3dBFS_3s_44.1kHz.wav'", 'corrAns': 't', 'tone': 2000}
151.7070 	EXP 	fixation_cross: autoDraw = False
151.7070 	EXP 	fixation_cross: autoDraw = False
151.7070 	EXP 	fixation_cross: autoDraw = True
153.3737 	DATA 	Keypress: t
155.9933 	EXP 	New trial (rep=6, index=3): {'trial': 'standard', 'file': "soundFiles/1000Hz_-3dBFS_3s_44.1kHz.wav'", 'corrAns': 'None', 'tone': 1000}
156.0024 	EXP 	fixation_cross: autoDraw = False
156.0024 	EXP 	fixation_cross: autoDraw = False
156.0024 	EXP 	fixation_cross: autoDraw = True
159.6341 	EXP 	New trial (rep=7, index=0): {'trial': 'standard', 'file': "soundFiles/1000Hz_-3dBFS_3s_44.1kHz.wav'", 'corrAns': 'None', 'tone': 1000}
159.6506 	EXP 	fixation_cross: autoDraw = False
159.6506 	EXP 	fixation_cross: autoDraw = False
159.6506 	EXP 	fixation_cross: autoDraw = True
163.5491 	EXP 	New trial (rep=7, index=1): {'trial': 'standard', 'file': "soundFiles/1000Hz_-3dBFS_3s_44.1kHz.wav'", 'corrAns': 'None', 'tone': 1000}
163.5623 	EXP 	fixation_cross: autoDraw = False
163.5623 	EXP 	fixation_cross: autoDraw = False
163.5623 	EXP 	fixation_cross: autoDraw = True
168.4948 	EXP 	New trial (rep=7, index=2): {'trial': 'target', 'file': "soundFiles/1200Hz_-3dBFS_3s_44.1kHz.wav'", 'corrAns': 't', 'tone': 2000}
168.5081 	EXP 	fixation_cross: autoDraw = False
168.5081 	EXP 	fixation_cross: autoDraw = False
168.5081 	EXP 	fixation_cross: autoDraw = True
170.0578 	DATA 	Keypress: t
171.6418 	EXP 	New trial (rep=7, index=3): {'trial': 'standard', 'file': "soundFiles/1000Hz_-3dBFS_3s_44.1kHz.wav'", 'corrAns': 'None', 'tone': 1000}
171.6557 	EXP 	fixation_cross: autoDraw = False
171.6557 	EXP 	fixation_cross: autoDraw = False
171.6557 	EXP 	fixation_cross: autoDraw = True
175.7743 	EXP 	New trial (rep=8, index=0): {'trial': 'target', 'file': "soundFiles/1200Hz_-3dBFS_3s_44.1kHz.wav'", 'corrAns': 't', 'tone': 2000}
175.7865 	EXP 	fixation_cross: autoDraw = False
175.7865 	EXP 	fixation_cross: autoDraw = False
175.7865 	EXP 	fixation_cross: autoDraw = True
177.7534 	DATA 	Keypress: t
180.7181 	EXP 	New trial (rep=8, index=1): {'trial': 'standard', 'file': "soundFiles/1000Hz_-3dBFS_3s_44.1kHz.wav'", 'corrAns': 'None', 'tone': 1000}
180.7321 	EXP 	fixation_cross: autoDraw = False
180.7321 	EXP 	fixation_cross: autoDraw = False
180.7321 	EXP 	fixation_cross: autoDraw = True
184.8471 	EXP 	New trial (rep=8, index=2): {'trial': 'standard', 'file': "soundFiles/1000Hz_-3dBFS_3s_44.1kHz.wav'", 'corrAns': 'None', 'tone': 1000}
184.8598 	EXP 	fixation_cross: autoDraw = False
184.8598 	EXP 	fixation_cross: autoDraw = False
184.8598 	EXP 	fixation_cross: autoDraw = True
187.5245 	EXP 	fixation_cross: autoDraw = False
187.8424 	EXP 	New trial (rep=8, index=3): {'trial': 'standard', 'file': "soundFiles/1000Hz_-3dBFS_3s_44.1kHz.wav'", 'corrAns': 'None', 'tone': 1000}
187.8560 	EXP 	fixation_cross: autoDraw = False
187.8560 	EXP 	fixation_cross: autoDraw = True
191.7418 	EXP 	New trial (rep=9, index=0): {'trial': 'standard', 'file': "soundFiles/1000Hz_-3dBFS_3s_44.1kHz.wav'", 'corrAns': 'None', 'tone': 1000}
191.7534 	EXP 	fixation_cross: autoDraw = False
191.7534 	EXP 	fixation_cross: autoDraw = False
191.7534 	EXP 	fixation_cross: autoDraw = True
194.4352 	EXP 	fixation_cross: autoDraw = False
194.7386 	EXP 	New trial (rep=9, index=1): {'trial': 'standard', 'file': "soundFiles/1000Hz_-3dBFS_3s_44.1kHz.wav'", 'corrAns': 'None', 'tone': 1000}
194.7520 	EXP 	fixation_cross: autoDraw = False
194.7520 	EXP 	fixation_cross: autoDraw = True
198.9142 	EXP 	New trial (rep=9, index=2): {'trial': 'standard', 'file': "soundFiles/1000Hz_-3dBFS_3s_44.1kHz.wav'", 'corrAns': 'None', 'tone': 1000}
198.9306 	EXP 	fixation_cross: autoDraw = False
198.9306 	EXP 	fixation_cross: autoDraw = False
198.9306 	EXP 	fixation_cross: autoDraw = True
201.9614 	EXP 	New trial (rep=9, index=3): {'trial': 'target', 'file': "soundFiles/1200Hz_-3dBFS_3s_44.1kHz.wav'", 'corrAns': 't', 'tone': 2000}
201.9789 	EXP 	fixation_cross: autoDraw = False
201.9789 	EXP 	fixation_cross: autoDraw = False
201.9789 	EXP 	fixation_cross: autoDraw = True
203.5126 	DATA 	Keypress: t
205.2922 	EXP 	New trial (rep=10, index=0): {'trial': 'standard', 'file': "soundFiles/1000Hz_-3dBFS_3s_44.1kHz.wav'", 'corrAns': 'None', 'tone': 1000}
205.3112 	EXP 	fixation_cross: autoDraw = False
205.3112 	EXP 	fixation_cross: autoDraw = False
205.3112 	EXP 	fixation_cross: autoDraw = True
210.1207 	EXP 	New trial (rep=10, index=1): {'trial': 'target', 'file': "soundFiles/1200Hz_-3dBFS_3s_44.1kHz.wav'", 'corrAns': 't', 'tone': 2000}
210.1371 	EXP 	fixation_cross: autoDraw = False
210.1371 	EXP 	fixation_cross: autoDraw = False
210.1371 	EXP 	fixation_cross: autoDraw = True
211.8706 	DATA 	Keypress: t
214.0520 	EXP 	New trial (rep=10, index=2): {'trial': 'standard', 'file': "soundFiles/1000Hz_-3dBFS_3s_44.1kHz.wav'", 'corrAns': 'None', 'tone': 1000}
214.0646 	EXP 	fixation_cross: autoDraw = False
214.0646 	EXP 	fixation_cross: autoDraw = False
214.0646 	EXP 	fixation_cross: autoDraw = True
218.3805 	EXP 	New trial (rep=10, index=3): {'trial': 'standard', 'file': "soundFiles/1000Hz_-3dBFS_3s_44.1kHz.wav'", 'corrAns': 'None', 'tone': 1000}
218.3943 	EXP 	fixation_cross: autoDraw = False
218.3943 	EXP 	fixation_cross: autoDraw = False
218.3943 	EXP 	fixation_cross: autoDraw = True
220.6449 	EXP 	fixation_cross: autoDraw = False
221.3775 	EXP 	New trial (rep=11, index=0): {'trial': 'standard', 'file': "soundFiles/1000Hz_-3dBFS_3s_44.1kHz.wav'", 'corrAns': 'None', 'tone': 1000}
221.3922 	EXP 	fixation_cross: autoDraw = False
221.3922 	EXP 	fixation_cross: autoDraw = True
224.1219 	EXP 	fixation_cross: autoDraw = False
224.3943 	EXP 	New trial (rep=11, index=1): {'trial': 'standard', 'file': "soundFiles/1000Hz_-3dBFS_3s_44.1kHz.wav'", 'corrAns': 'None', 'tone': 1000}
224.4075 	EXP 	fixation_cross: autoDraw = False
224.4075 	EXP 	fixation_cross: autoDraw = True
227.7884 	EXP 	New trial (rep=11, index=2): {'trial': 'target', 'file': "soundFiles/1200Hz_-3dBFS_3s_44.1kHz.wav'", 'corrAns': 't', 'tone': 2000}
227.8021 	EXP 	fixation_cross: autoDraw = False
227.8021 	EXP 	fixation_cross: autoDraw = False
227.8021 	EXP 	fixation_cross: autoDraw = True
229.4541 	DATA 	Keypress: t
230.3506 	EXP 	fixation_cross: autoDraw = False
230.8048 	EXP 	New trial (rep=11, index=3): {'trial': 'standard', 'file': "soundFiles/1000Hz_-3dBFS_3s_44.1kHz.wav'", 'corrAns': 'None', 'tone': 1000}
230.8160 	EXP 	fixation_cross: autoDraw = False
230.8160 	EXP 	fixation_cross: autoDraw = True
234.4315 	EXP 	New trial (rep=12, index=0): {'trial': 'standard', 'file': "soundFiles/1000Hz_-3dBFS_3s_44.1kHz.wav'", 'corrAns': 'None', 'tone': 1000}
234.4469 	EXP 	fixation_cross: autoDraw = False
234.4469 	EXP 	fixation_cross: autoDraw = False
234.4469 	EXP 	fixation_cross: autoDraw = True
239.0954 	EXP 	New trial (rep=12, index=1): {'trial': 'target', 'file': "soundFiles/1200Hz_-3dBFS_3s_44.1kHz.wav'", 'corrAns': 't', 'tone': 2000}
239.1100 	EXP 	fixation_cross: autoDraw = False
239.1100 	EXP 	fixation_cross: autoDraw = False
239.1100 	EXP 	fixation_cross: autoDraw = True
241.2612 	DATA 	Keypress: t
241.4910 	EXP 	fixation_cross: autoDraw = False
242.1086 	EXP 	New trial (rep=12, index=2): {'trial': 'standard', 'file': "soundFiles/1000Hz_-3dBFS_3s_44.1kHz.wav'", 'corrAns': 'None', 'tone': 1000}
242.1223 	EXP 	fixation_cross: autoDraw = False
242.1223 	EXP 	fixation_cross: autoDraw = True
246.2555 	EXP 	New trial (rep=12, index=3): {'trial': 'standard', 'file': "soundFiles/1000Hz_-3dBFS_3s_44.1kHz.wav'", 'corrAns': 'None', 'tone': 1000}
246.2687 	EXP 	fixation_cross: autoDraw = False
246.2687 	EXP 	fixation_cross: autoDraw = False
246.2687 	EXP 	fixation_cross: autoDraw = True
250.9184 	EXP 	New trial (rep=13, index=0): {'trial': 'standard', 'file': "soundFiles/1000Hz_-3dBFS_3s_44.1kHz.wav'", 'corrAns': 'None', 'tone': 1000}
250.9316 	EXP 	fixation_cross: autoDraw = False
250.9316 	EXP 	fixation_cross: autoDraw = False
250.9316 	EXP 	fixation_cross: autoDraw = True
254.6819 	EXP 	New trial (rep=13, index=1): {'trial': 'target', 'file': "soundFiles/1200Hz_-3dBFS_3s_44.1kHz.wav'", 'corrAns': 't', 'tone': 2000}
254.6955 	EXP 	fixation_cross: autoDraw = False
254.6955 	EXP 	fixation_cross: autoDraw = False
254.6955 	EXP 	fixation_cross: autoDraw = True
256.1955 	DATA 	Keypress: t
257.8092 	EXP 	New trial (rep=13, index=2): {'trial': 'standard', 'file': "soundFiles/1000Hz_-3dBFS_3s_44.1kHz.wav'", 'corrAns': 'None', 'tone': 1000}
257.8258 	EXP 	fixation_cross: autoDraw = False
257.8258 	EXP 	fixation_cross: autoDraw = False
257.8258 	EXP 	fixation_cross: autoDraw = True
260.0398 	EXP 	fixation_cross: autoDraw = False
260.8262 	EXP 	New trial (rep=13, index=3): {'trial': 'standard', 'file': "soundFiles/1000Hz_-3dBFS_3s_44.1kHz.wav'", 'corrAns': 'None', 'tone': 1000}
260.8388 	EXP 	fixation_cross: autoDraw = False
260.8388 	EXP 	fixation_cross: autoDraw = True
264.8552 	EXP 	New trial (rep=14, index=0): {'trial': 'standard', 'file': "soundFiles/1000Hz_-3dBFS_3s_44.1kHz.wav'", 'corrAns': 'None', 'tone': 1000}
264.8672 	EXP 	fixation_cross: autoDraw = False
264.8672 	EXP 	fixation_cross: autoDraw = False
264.8672 	EXP 	fixation_cross: autoDraw = True
268.5509 	EXP 	New trial (rep=14, index=1): {'trial': 'standard', 'file': "soundFiles/1000Hz_-3dBFS_3s_44.1kHz.wav'", 'corrAns': 'None', 'tone': 1000}
268.5655 	EXP 	fixation_cross: autoDraw = False
268.5655 	EXP 	fixation_cross: autoDraw = False
268.5655 	EXP 	fixation_cross: autoDraw = True
273.2142 	EXP 	New trial (rep=14, index=2): {'trial': 'standard', 'file': "soundFiles/1000Hz_-3dBFS_3s_44.1kHz.wav'", 'corrAns': 'None', 'tone': 1000}
273.2270 	EXP 	fixation_cross: autoDraw = False
273.2270 	EXP 	fixation_cross: autoDraw = False
273.2270 	EXP 	fixation_cross: autoDraw = True
276.6130 	EXP 	New trial (rep=14, index=3): {'trial': 'target', 'file': "soundFiles/1200Hz_-3dBFS_3s_44.1kHz.wav'", 'corrAns': 't', 'tone': 2000}
276.6249 	EXP 	fixation_cross: autoDraw = False
276.6249 	EXP 	fixation_cross: autoDraw = False
276.6249 	EXP 	fixation_cross: autoDraw = True
278.2801 	DATA 	Keypress: t
279.6046 	EXP 	fixation_cross: autoDraw = False
279.6244 	EXP 	New trial (rep=15, index=0): {'trial': 'standard', 'file': "soundFiles/1000Hz_-3dBFS_3s_44.1kHz.wav'", 'corrAns': 'None', 'tone': 1000}
279.6383 	EXP 	fixation_cross: autoDraw = False
279.6383 	EXP 	fixation_cross: autoDraw = True
282.3847 	EXP 	fixation_cross: autoDraw = False
282.6372 	EXP 	New trial (rep=15, index=1): {'trial': 'standard', 'file': "soundFiles/1000Hz_-3dBFS_3s_44.1kHz.wav'", 'corrAns': 'None', 'tone': 1000}
282.6514 	EXP 	fixation_cross: autoDraw = False
282.6514 	EXP 	fixation_cross: autoDraw = True
285.5646 	EXP 	fixation_cross: autoDraw = False
285.6531 	EXP 	New trial (rep=15, index=2): {'trial': 'standard', 'file': "soundFiles/1000Hz_-3dBFS_3s_44.1kHz.wav'", 'corrAns': 'None', 'tone': 1000}
285.6645 	EXP 	fixation_cross: autoDraw = False
285.6645 	EXP 	fixation_cross: autoDraw = True
289.7971 	EXP 	New trial (rep=15, index=3): {'trial': 'target', 'file': "soundFiles/1200Hz_-3dBFS_3s_44.1kHz.wav'", 'corrAns': 't', 'tone': 2000}
289.8117 	EXP 	fixation_cross: autoDraw = False
289.8117 	EXP 	fixation_cross: autoDraw = False
289.8117 	EXP 	fixation_cross: autoDraw = True
291.8970 	DATA 	Keypress: t
292.3422 	EXP 	fixation_cross: autoDraw = False
292.7974 	EXP 	New trial (rep=16, index=0): {'trial': 'standard', 'file': "soundFiles/1000Hz_-3dBFS_3s_44.1kHz.wav'", 'corrAns': 'None', 'tone': 1000}
292.8089 	EXP 	fixation_cross: autoDraw = False
292.8089 	EXP 	fixation_cross: autoDraw = True
295.6397 	EXP 	fixation_cross: autoDraw = False
295.7957 	EXP 	New trial (rep=16, index=1): {'trial': 'standard', 'file': "soundFiles/1000Hz_-3dBFS_3s_44.1kHz.wav'", 'corrAns': 'None', 'tone': 1000}
295.8062 	EXP 	fixation_cross: autoDraw = False
295.8062 	EXP 	fixation_cross: autoDraw = True
300.1062 	EXP 	New trial (rep=16, index=2): {'trial': 'target', 'file': "soundFiles/1200Hz_-3dBFS_3s_44.1kHz.wav'", 'corrAns': 't', 'tone': 2000}
300.1189 	EXP 	fixation_cross: autoDraw = False
300.1189 	EXP 	fixation_cross: autoDraw = False
300.1189 	EXP 	fixation_cross: autoDraw = True
302.6007 	DATA 	Keypress: t
304.2192 	EXP 	New trial (rep=16, index=3): {'trial': 'standard', 'file': "soundFiles/1000Hz_-3dBFS_3s_44.1kHz.wav'", 'corrAns': 'None', 'tone': 1000}
304.2320 	EXP 	fixation_cross: autoDraw = False
304.2320 	EXP 	fixation_cross: autoDraw = False
304.2320 	EXP 	fixation_cross: autoDraw = True
306.4474 	EXP 	fixation_cross: autoDraw = False
307.2304 	EXP 	New trial (rep=17, index=0): {'trial': 'standard', 'file': "soundFiles/1000Hz_-3dBFS_3s_44.1kHz.wav'", 'corrAns': 'None', 'tone': 1000}
307.2484 	EXP 	fixation_cross: autoDraw = False
307.2484 	EXP 	fixation_cross: autoDraw = True
311.6780 	EXP 	New trial (rep=17, index=1): {'trial': 'standard', 'file': "soundFiles/1000Hz_-3dBFS_3s_44.1kHz.wav'", 'corrAns': 'None', 'tone': 1000}
311.6909 	EXP 	fixation_cross: autoDraw = False
311.6909 	EXP 	fixation_cross: autoDraw = False
311.6909 	EXP 	fixation_cross: autoDraw = True
315.3387 	EXP 	New trial (rep=17, index=2): {'trial': 'target', 'file': "soundFiles/1200Hz_-3dBFS_3s_44.1kHz.wav'", 'corrAns': 't', 'tone': 2000}
315.3545 	EXP 	fixation_cross: autoDraw = False
315.3545 	EXP 	fixation_cross: autoDraw = False
315.3545 	EXP 	fixation_cross: autoDraw = True
316.9392 	DATA 	Keypress: t
318.0351 	EXP 	fixation_cross: autoDraw = False
318.3527 	EXP 	New trial (rep=17, index=3): {'trial': 'standard', 'file': "soundFiles/1000Hz_-3dBFS_3s_44.1kHz.wav'", 'corrAns': 'None', 'tone': 1000}
318.3699 	EXP 	fixation_cross: autoDraw = False
318.3699 	EXP 	fixation_cross: autoDraw = True
320.8832 	EXP 	fixation_cross: autoDraw = False
321.3692 	EXP 	New trial (rep=18, index=0): {'trial': 'target', 'file': "soundFiles/1200Hz_-3dBFS_3s_44.1kHz.wav'", 'corrAns': 't', 'tone': 2000}
321.3832 	EXP 	fixation_cross: autoDraw = False
321.3832 	EXP 	fixation_cross: autoDraw = True
323.2347 	DATA 	Keypress: t
325.0150 	EXP 	New trial (rep=18, index=1): {'trial': 'standard', 'file': "soundFiles/1000Hz_-3dBFS_3s_44.1kHz.wav'", 'corrAns': 'None', 'tone': 1000}
325.0284 	EXP 	fixation_cross: autoDraw = False
325.0284 	EXP 	fixation_cross: autoDraw = False
325.0284 	EXP 	fixation_cross: autoDraw = True
328.8449 	EXP 	New trial (rep=18, index=2): {'trial': 'standard', 'file': "soundFiles/1000Hz_-3dBFS_3s_44.1kHz.wav'", 'corrAns': 'None', 'tone': 1000}
328.8572 	EXP 	fixation_cross: autoDraw = False
328.8572 	EXP 	fixation_cross: autoDraw = False
328.8572 	EXP 	fixation_cross: autoDraw = True
331.1902 	EXP 	fixation_cross: autoDraw = False
331.8570 	EXP 	New trial (rep=18, index=3): {'trial': 'standard', 'file': "soundFiles/1000Hz_-3dBFS_3s_44.1kHz.wav'", 'corrAns': 'None', 'tone': 1000}
331.8715 	EXP 	fixation_cross: autoDraw = False
331.8715 	EXP 	fixation_cross: autoDraw = True
335.3700 	EXP 	New trial (rep=19, index=0): {'trial': 'standard', 'file': "soundFiles/1000Hz_-3dBFS_3s_44.1kHz.wav'", 'corrAns': 'None', 'tone': 1000}
335.3869 	EXP 	fixation_cross: autoDraw = False
335.3869 	EXP 	fixation_cross: autoDraw = False
335.3869 	EXP 	fixation_cross: autoDraw = True
338.1177 	EXP 	fixation_cross: autoDraw = False
338.3682 	EXP 	New trial (rep=19, index=1): {'trial': 'standard', 'file': "soundFiles/1000Hz_-3dBFS_3s_44.1kHz.wav'", 'corrAns': 'None', 'tone': 1000}
338.3818 	EXP 	fixation_cross: autoDraw = False
338.3818 	EXP 	fixation_cross: autoDraw = True
341.0645 	EXP 	fixation_cross: autoDraw = False
341.3826 	EXP 	New trial (rep=19, index=2): {'trial': 'target', 'file': "soundFiles/1200Hz_-3dBFS_3s_44.1kHz.wav'", 'corrAns': 't', 'tone': 2000}
341.3983 	EXP 	fixation_cross: autoDraw = False
341.3983 	EXP 	fixation_cross: autoDraw = True
343.1140 	DATA 	Keypress: t
345.7489 	EXP 	New trial (rep=19, index=3): {'trial': 'standard', 'file': "soundFiles/1000Hz_-3dBFS_3s_44.1kHz.wav'", 'corrAns': 'None', 'tone': 1000}
345.7593 	EXP 	fixation_cross: autoDraw = False
345.7593 	EXP 	fixation_cross: autoDraw = False
345.7593 	EXP 	fixation_cross: autoDraw = True
348.7225 	EXP 	fixation_cross: autoDraw = False
348.7583 	EXP 	New trial (rep=20, index=0): {'trial': 'standard', 'file': "soundFiles/1000Hz_-3dBFS_3s_44.1kHz.wav'", 'corrAns': 'None', 'tone': 1000}
348.7744 	EXP 	fixation_cross: autoDraw = False
348.7744 	EXP 	fixation_cross: autoDraw = True
353.0231 	EXP 	New trial (rep=20, index=1): {'trial': 'standard', 'file': "soundFiles/1000Hz_-3dBFS_3s_44.1kHz.wav'", 'corrAns': 'None', 'tone': 1000}
353.0357 	EXP 	fixation_cross: autoDraw = False
353.0357 	EXP 	fixation_cross: autoDraw = False
353.0357 	EXP 	fixation_cross: autoDraw = True
356.1205 	EXP 	New trial (rep=20, index=2): {'trial': 'target', 'file': "soundFiles/1200Hz_-3dBFS_3s_44.1kHz.wav'", 'corrAns': 't', 'tone': 2000}
356.1335 	EXP 	fixation_cross: autoDraw = False
356.1335 	EXP 	fixation_cross: autoDraw = False
356.1335 	EXP 	fixation_cross: autoDraw = True
357.6512 	DATA 	Keypress: t
359.6667 	EXP 	New trial (rep=20, index=3): {'trial': 'standard', 'file': "soundFiles/1000Hz_-3dBFS_3s_44.1kHz.wav'", 'corrAns': 'None', 'tone': 1000}
359.6789 	EXP 	fixation_cross: autoDraw = False
359.6789 	EXP 	fixation_cross: autoDraw = False
359.6789 	EXP 	fixation_cross: autoDraw = True
361.9442 	EXP 	fixation_cross: autoDraw = False
362.6794 	EXP 	New trial (rep=21, index=0): {'trial': 'standard', 'file': "soundFiles/1000Hz_-3dBFS_3s_44.1kHz.wav'", 'corrAns': 'None', 'tone': 1000}
362.6936 	EXP 	fixation_cross: autoDraw = False
362.6936 	EXP 	fixation_cross: autoDraw = True
365.4909 	EXP 	fixation_cross: autoDraw = False
365.6930 	EXP 	New trial (rep=21, index=1): {'trial': 'standard', 'file': "soundFiles/1000Hz_-3dBFS_3s_44.1kHz.wav'", 'corrAns': 'None', 'tone': 1000}
365.7092 	EXP 	fixation_cross: autoDraw = False
365.7092 	EXP 	fixation_cross: autoDraw = True
367.8387 	EXP 	fixation_cross: autoDraw = False
368.6911 	EXP 	New trial (rep=21, index=2): {'trial': 'standard', 'file': "soundFiles/1000Hz_-3dBFS_3s_44.1kHz.wav'", 'corrAns': 'None', 'tone': 1000}
368.7042 	EXP 	fixation_cross: autoDraw = False
368.7042 	EXP 	fixation_cross: autoDraw = True
373.1055 	EXP 	New trial (rep=21, index=3): {'trial': 'target', 'file': "soundFiles/1200Hz_-3dBFS_3s_44.1kHz.wav'", 'corrAns': 't', 'tone': 2000}
373.1176 	EXP 	fixation_cross: autoDraw = False
373.1176 	EXP 	fixation_cross: autoDraw = False
373.1176 	EXP 	fixation_cross: autoDraw = True
374.7260 	DATA 	Keypress: t
375.3327 	EXP 	fixation_cross: autoDraw = False
376.1171 	EXP 	New trial (rep=22, index=0): {'trial': 'standard', 'file': "soundFiles/1000Hz_-3dBFS_3s_44.1kHz.wav'", 'corrAns': 'None', 'tone': 1000}
376.1306 	EXP 	fixation_cross: autoDraw = False
376.1306 	EXP 	fixation_cross: autoDraw = True
380.0132 	EXP 	New trial (rep=22, index=1): {'trial': 'target', 'file': "soundFiles/1200Hz_-3dBFS_3s_44.1kHz.wav'", 'corrAns': 't', 'tone': 2000}
380.0264 	EXP 	fixation_cross: autoDraw = False
380.0264 	EXP 	fixation_cross: autoDraw = False
380.0264 	EXP 	fixation_cross: autoDraw = True
381.8945 	DATA 	Keypress: t
382.1933 	EXP 	fixation_cross: autoDraw = False
383.0115 	EXP 	New trial (rep=22, index=2): {'trial': 'standard', 'file': "soundFiles/1000Hz_-3dBFS_3s_44.1kHz.wav'", 'corrAns': 'None', 'tone': 1000}
383.0259 	EXP 	fixation_cross: autoDraw = False
383.0259 	EXP 	fixation_cross: autoDraw = True
386.6398 	EXP 	New trial (rep=22, index=3): {'trial': 'standard', 'file': "soundFiles/1000Hz_-3dBFS_3s_44.1kHz.wav'", 'corrAns': 'None', 'tone': 1000}
386.6545 	EXP 	fixation_cross: autoDraw = False
386.6545 	EXP 	fixation_cross: autoDraw = False
386.6545 	EXP 	fixation_cross: autoDraw = True
391.5692 	EXP 	New trial (rep=23, index=0): {'trial': 'standard', 'file': "soundFiles/1000Hz_-3dBFS_3s_44.1kHz.wav'", 'corrAns': 'None', 'tone': 1000}
391.5835 	EXP 	fixation_cross: autoDraw = False
391.5835 	EXP 	fixation_cross: autoDraw = False
391.5835 	EXP 	fixation_cross: autoDraw = True
394.1632 	EXP 	fixation_cross: autoDraw = False
394.5881 	EXP 	New trial (rep=23, index=1): {'trial': 'target', 'file': "soundFiles/1200Hz_-3dBFS_3s_44.1kHz.wav'", 'corrAns': 't', 'tone': 2000}
394.5958 	EXP 	fixation_cross: autoDraw = False
394.5958 	EXP 	fixation_cross: autoDraw = True
396.2997 	DATA 	Keypress: t
397.0449 	EXP 	fixation_cross: autoDraw = False
397.5807 	EXP 	New trial (rep=23, index=2): {'trial': 'standard', 'file': "soundFiles/1000Hz_-3dBFS_3s_44.1kHz.wav'", 'corrAns': 'None', 'tone': 1000}
397.5935 	EXP 	fixation_cross: autoDraw = False
397.5935 	EXP 	fixation_cross: autoDraw = True
399.8257 	EXP 	fixation_cross: autoDraw = False
400.5931 	EXP 	New trial (rep=23, index=3): {'trial': 'standard', 'file': "soundFiles/1000Hz_-3dBFS_3s_44.1kHz.wav'", 'corrAns': 'None', 'tone': 1000}
400.6070 	EXP 	fixation_cross: autoDraw = False
400.6070 	EXP 	fixation_cross: autoDraw = True
404.8577 	EXP 	New trial (rep=24, index=0): {'trial': 'standard', 'file': "soundFiles/1000Hz_-3dBFS_3s_44.1kHz.wav'", 'corrAns': 'None', 'tone': 1000}
404.8705 	EXP 	fixation_cross: autoDraw = False
404.8705 	EXP 	fixation_cross: autoDraw = False
404.8705 	EXP 	fixation_cross: autoDraw = True
407.0011 	EXP 	fixation_cross: autoDraw = False
407.8732 	EXP 	New trial (rep=24, index=1): {'trial': 'target', 'file': "soundFiles/1200Hz_-3dBFS_3s_44.1kHz.wav'", 'corrAns': 't', 'tone': 2000}
407.8835 	EXP 	fixation_cross: autoDraw = False
407.8835 	EXP 	fixation_cross: autoDraw = True
409.6020 	DATA 	Keypress: t
411.7827 	EXP 	New trial (rep=24, index=2): {'trial': 'standard', 'file': "soundFiles/1000Hz_-3dBFS_3s_44.1kHz.wav'", 'corrAns': 'None', 'tone': 1000}
411.8021 	EXP 	fixation_cross: autoDraw = False
411.8021 	EXP 	fixation_cross: autoDraw = False
411.8021 	EXP 	fixation_cross: autoDraw = True
415.6444 	EXP 	New trial (rep=24, index=3): {'trial': 'standard', 'file': "soundFiles/1000Hz_-3dBFS_3s_44.1kHz.wav'", 'corrAns': 'None', 'tone': 1000}
415.6613 	EXP 	fixation_cross: autoDraw = False
415.6613 	EXP 	fixation_cross: autoDraw = False
415.6613 	EXP 	fixation_cross: autoDraw = True
417.7250 	EXP 	fixation_cross: autoDraw = False
418.6459 	EXP 	New trial (rep=25, index=0): {'trial': 'standard', 'file': "soundFiles/1000Hz_-3dBFS_3s_44.1kHz.wav'", 'corrAns': 'None', 'tone': 1000}
418.6581 	EXP 	fixation_cross: autoDraw = False
418.6581 	EXP 	fixation_cross: autoDraw = True
422.6910 	EXP 	New trial (rep=25, index=1): {'trial': 'standard', 'file': "soundFiles/1000Hz_-3dBFS_3s_44.1kHz.wav'", 'corrAns': 'None', 'tone': 1000}
422.7060 	EXP 	fixation_cross: autoDraw = False
422.7060 	EXP 	fixation_cross: autoDraw = False
422.7060 	EXP 	fixation_cross: autoDraw = True
426.1362 	EXP 	New trial (rep=25, index=2): {'trial': 'standard', 'file': "soundFiles/1000Hz_-3dBFS_3s_44.1kHz.wav'", 'corrAns': 'None', 'tone': 1000}
426.1508 	EXP 	fixation_cross: autoDraw = False
426.1508 	EXP 	fixation_cross: autoDraw = False
426.1508 	EXP 	fixation_cross: autoDraw = True
428.2663 	EXP 	fixation_cross: autoDraw = False
429.1507 	EXP 	New trial (rep=25, index=3): {'trial': 'target', 'file': "soundFiles/1200Hz_-3dBFS_3s_44.1kHz.wav'", 'corrAns': 't', 'tone': 2000}
429.1645 	EXP 	fixation_cross: autoDraw = False
429.1645 	EXP 	fixation_cross: autoDraw = True
430.7980 	DATA 	Keypress: t
432.9120 	EXP 	New trial (rep=26, index=0): {'trial': 'standard', 'file': "soundFiles/1000Hz_-3dBFS_3s_44.1kHz.wav'", 'corrAns': 'None', 'tone': 1000}
432.9278 	EXP 	fixation_cross: autoDraw = False
432.9278 	EXP 	fixation_cross: autoDraw = False
432.9278 	EXP 	fixation_cross: autoDraw = True
436.9413 	EXP 	New trial (rep=26, index=1): {'trial': 'standard', 'file': "soundFiles/1000Hz_-3dBFS_3s_44.1kHz.wav'", 'corrAns': 'None', 'tone': 1000}
436.9586 	EXP 	fixation_cross: autoDraw = False
436.9586 	EXP 	fixation_cross: autoDraw = False
436.9586 	EXP 	fixation_cross: autoDraw = True
439.5705 	EXP 	fixation_cross: autoDraw = False
439.9231 	EXP 	New trial (rep=26, index=2): {'trial': 'standard', 'file': "soundFiles/1000Hz_-3dBFS_3s_44.1kHz.wav'", 'corrAns': 'None', 'tone': 1000}
439.9375 	EXP 	fixation_cross: autoDraw = False
439.9375 	EXP 	fixation_cross: autoDraw = True
443.9561 	EXP 	New trial (rep=26, index=3): {'trial': 'target', 'file': "soundFiles/1200Hz_-3dBFS_3s_44.1kHz.wav'", 'corrAns': 't', 'tone': 2000}
443.9673 	EXP 	fixation_cross: autoDraw = False
443.9673 	EXP 	fixation_cross: autoDraw = False
443.9673 	EXP 	fixation_cross: autoDraw = True
445.5902 	DATA 	Keypress: t
448.2671 	EXP 	New trial (rep=27, index=0): {'trial': 'standard', 'file': "soundFiles/1000Hz_-3dBFS_3s_44.1kHz.wav'", 'corrAns': 'None', 'tone': 1000}
448.2804 	EXP 	fixation_cross: autoDraw = False
448.2804 	EXP 	fixation_cross: autoDraw = False
448.2804 	EXP 	fixation_cross: autoDraw = True
452.2461 	EXP 	New trial (rep=27, index=1): {'trial': 'standard', 'file': "soundFiles/1000Hz_-3dBFS_3s_44.1kHz.wav'", 'corrAns': 'None', 'tone': 1000}
452.2592 	EXP 	fixation_cross: autoDraw = False
452.2592 	EXP 	fixation_cross: autoDraw = False
452.2592 	EXP 	fixation_cross: autoDraw = True
455.7583 	EXP 	New trial (rep=27, index=2): {'trial': 'target', 'file': "soundFiles/1200Hz_-3dBFS_3s_44.1kHz.wav'", 'corrAns': 't', 'tone': 2000}
455.7744 	EXP 	fixation_cross: autoDraw = False
455.7744 	EXP 	fixation_cross: autoDraw = False
455.7744 	EXP 	fixation_cross: autoDraw = True
457.4421 	DATA 	Keypress: t
457.9365 	EXP 	fixation_cross: autoDraw = False
458.7586 	EXP 	New trial (rep=27, index=3): {'trial': 'standard', 'file': "soundFiles/1000Hz_-3dBFS_3s_44.1kHz.wav'", 'corrAns': 'None', 'tone': 1000}
458.7699 	EXP 	fixation_cross: autoDraw = False
458.7699 	EXP 	fixation_cross: autoDraw = True
460.8563 	EXP 	fixation_cross: autoDraw = False
461.7736 	EXP 	New trial (rep=28, index=0): {'trial': 'standard', 'file': "soundFiles/1000Hz_-3dBFS_3s_44.1kHz.wav'", 'corrAns': 'None', 'tone': 1000}
461.7837 	EXP 	fixation_cross: autoDraw = False
461.7837 	EXP 	fixation_cross: autoDraw = True
465.4162 	EXP 	New trial (rep=28, index=1): {'trial': 'standard', 'file': "soundFiles/1000Hz_-3dBFS_3s_44.1kHz.wav'", 'corrAns': 'None', 'tone': 1000}
465.4335 	EXP 	fixation_cross: autoDraw = False
465.4335 	EXP 	fixation_cross: autoDraw = False
465.4335 	EXP 	fixation_cross: autoDraw = True
468.3442 	EXP 	fixation_cross: autoDraw = False
468.4271 	EXP 	New trial (rep=28, index=2): {'trial': 'target', 'file': "soundFiles/1200Hz_-3dBFS_3s_44.1kHz.wav'", 'corrAns': 't', 'tone': 2000}
468.4470 	EXP 	fixation_cross: autoDraw = False
468.4470 	EXP 	fixation_cross: autoDraw = True
470.1640 	DATA 	Keypress: t
470.9759 	EXP 	fixation_cross: autoDraw = False
471.4258 	EXP 	New trial (rep=28, index=3): {'trial': 'standard', 'file': "soundFiles/1000Hz_-3dBFS_3s_44.1kHz.wav'", 'corrAns': 'None', 'tone': 1000}
471.4422 	EXP 	fixation_cross: autoDraw = False
471.4422 	EXP 	fixation_cross: autoDraw = True
474.5410 	EXP 	New trial (rep=29, index=0): {'trial': 'target', 'file': "soundFiles/1200Hz_-3dBFS_3s_44.1kHz.wav'", 'corrAns': 't', 'tone': 2000}
474.5586 	EXP 	fixation_cross: autoDraw = False
474.5586 	EXP 	fixation_cross: autoDraw = False
474.5586 	EXP 	fixation_cross: autoDraw = True
476.1401 	DATA 	Keypress: t
477.5040 	EXP 	fixation_cross: autoDraw = False
477.5541 	EXP 	New trial (rep=29, index=1): {'trial': 'standard', 'file': "soundFiles/1000Hz_-3dBFS_3s_44.1kHz.wav'", 'corrAns': 'None', 'tone': 1000}
477.5692 	EXP 	fixation_cross: autoDraw = False
477.5692 	EXP 	fixation_cross: autoDraw = True
480.7849 	EXP 	New trial (rep=29, index=2): {'trial': 'standard', 'file': "soundFiles/1000Hz_-3dBFS_3s_44.1kHz.wav'", 'corrAns': 'None', 'tone': 1000}
480.8006 	EXP 	fixation_cross: autoDraw = False
480.8006 	EXP 	fixation_cross: autoDraw = False
480.8006 	EXP 	fixation_cross: autoDraw = True
483.3486 	EXP 	fixation_cross: autoDraw = False
483.7859 	EXP 	New trial (rep=29, index=3): {'trial': 'standard', 'file': "soundFiles/1000Hz_-3dBFS_3s_44.1kHz.wav'", 'corrAns': 'None', 'tone': 1000}
483.8012 	EXP 	fixation_cross: autoDraw = False
483.8012 	EXP 	fixation_cross: autoDraw = True
488.5286 	EXP 	New trial (rep=30, index=0): {'trial': 'standard', 'file': "soundFiles/1000Hz_-3dBFS_3s_44.1kHz.wav'", 'corrAns': 'None', 'tone': 1000}
488.5430 	EXP 	fixation_cross: autoDraw = False
488.5430 	EXP 	fixation_cross: autoDraw = False
488.5430 	EXP 	fixation_cross: autoDraw = True
491.6752 	EXP 	New trial (rep=30, index=1): {'trial': 'target', 'file': "soundFiles/1200Hz_-3dBFS_3s_44.1kHz.wav'", 'corrAns': 't', 'tone': 2000}
491.6888 	EXP 	fixation_cross: autoDraw = False
491.6888 	EXP 	fixation_cross: autoDraw = False
491.6888 	EXP 	fixation_cross: autoDraw = True
493.3593 	DATA 	Keypress: t
494.9559 	EXP 	New trial (rep=30, index=2): {'trial': 'standard', 'file': "soundFiles/1000Hz_-3dBFS_3s_44.1kHz.wav'", 'corrAns': 'None', 'tone': 1000}
494.9704 	EXP 	fixation_cross: autoDraw = False
494.9704 	EXP 	fixation_cross: autoDraw = False
494.9704 	EXP 	fixation_cross: autoDraw = True
497.8011 	EXP 	fixation_cross: autoDraw = False
497.9525 	EXP 	New trial (rep=30, index=3): {'trial': 'standard', 'file': "soundFiles/1000Hz_-3dBFS_3s_44.1kHz.wav'", 'corrAns': 'None', 'tone': 1000}
497.9660 	EXP 	fixation_cross: autoDraw = False
497.9660 	EXP 	fixation_cross: autoDraw = True
501.6481 	EXP 	New trial (rep=31, index=0): {'trial': 'standard', 'file': "soundFiles/1000Hz_-3dBFS_3s_44.1kHz.wav'", 'corrAns': 'None', 'tone': 1000}
501.6648 	EXP 	fixation_cross: autoDraw = False
501.6648 	EXP 	fixation_cross: autoDraw = False
501.6648 	EXP 	fixation_cross: autoDraw = True
504.9790 	EXP 	New trial (rep=31, index=1): {'trial': 'standard', 'file': "soundFiles/1000Hz_-3dBFS_3s_44.1kHz.wav'", 'corrAns': 'None', 'tone': 1000}
504.9953 	EXP 	fixation_cross: autoDraw = False
504.9953 	EXP 	fixation_cross: autoDraw = False
504.9953 	EXP 	fixation_cross: autoDraw = True
509.7936 	EXP 	New trial (rep=31, index=2): {'trial': 'target', 'file': "soundFiles/1200Hz_-3dBFS_3s_44.1kHz.wav'", 'corrAns': 't', 'tone': 2000}
509.8064 	EXP 	fixation_cross: autoDraw = False
509.8064 	EXP 	fixation_cross: autoDraw = False
509.8064 	EXP 	fixation_cross: autoDraw = True
511.6561 	DATA 	Keypress: t
512.7539 	EXP 	fixation_cross: autoDraw = False
512.8068 	EXP 	New trial (rep=31, index=3): {'trial': 'standard', 'file': "soundFiles/1000Hz_-3dBFS_3s_44.1kHz.wav'", 'corrAns': 'None', 'tone': 1000}
512.8193 	EXP 	fixation_cross: autoDraw = False
512.8193 	EXP 	fixation_cross: autoDraw = True
515.1173 	EXP 	fixation_cross: autoDraw = False
515.8185 	EXP 	New trial (rep=32, index=0): {'trial': 'standard', 'file': "soundFiles/1000Hz_-3dBFS_3s_44.1kHz.wav'", 'corrAns': 'None', 'tone': 1000}
515.8336 	EXP 	fixation_cross: autoDraw = False
515.8336 	EXP 	fixation_cross: autoDraw = True
520.0999 	EXP 	New trial (rep=32, index=1): {'trial': 'target', 'file': "soundFiles/1200Hz_-3dBFS_3s_44.1kHz.wav'", 'corrAns': 't', 'tone': 2000}
520.1128 	EXP 	fixation_cross: autoDraw = False
520.1128 	EXP 	fixation_cross: autoDraw = False
520.1128 	EXP 	fixation_cross: autoDraw = True
521.8840 	DATA 	Keypress: t
524.2775 	EXP 	New trial (rep=32, index=2): {'trial': 'standard', 'file': "soundFiles/1000Hz_-3dBFS_3s_44.1kHz.wav'", 'corrAns': 'None', 'tone': 1000}
524.2924 	EXP 	fixation_cross: autoDraw = False
524.2924 	EXP 	fixation_cross: autoDraw = False
524.2924 	EXP 	fixation_cross: autoDraw = True
527.8422 	EXP 	New trial (rep=32, index=3): {'trial': 'standard', 'file': "soundFiles/1000Hz_-3dBFS_3s_44.1kHz.wav'", 'corrAns': 'None', 'tone': 1000}
527.8551 	EXP 	fixation_cross: autoDraw = False
527.8551 	EXP 	fixation_cross: autoDraw = False
527.8551 	EXP 	fixation_cross: autoDraw = True
532.4869 	EXP 	New trial (rep=33, index=0): {'trial': 'standard', 'file': "soundFiles/1000Hz_-3dBFS_3s_44.1kHz.wav'", 'corrAns': 'None', 'tone': 1000}
532.5021 	EXP 	fixation_cross: autoDraw = False
532.5021 	EXP 	fixation_cross: autoDraw = False
532.5021 	EXP 	fixation_cross: autoDraw = True
535.7344 	EXP 	New trial (rep=33, index=1): {'trial': 'standard', 'file': "soundFiles/1000Hz_-3dBFS_3s_44.1kHz.wav'", 'corrAns': 'None', 'tone': 1000}
535.7512 	EXP 	fixation_cross: autoDraw = False
535.7512 	EXP 	fixation_cross: autoDraw = False
535.7512 	EXP 	fixation_cross: autoDraw = True
540.0620 	EXP 	New trial (rep=33, index=2): {'trial': 'standard', 'file': "soundFiles/1000Hz_-3dBFS_3s_44.1kHz.wav'", 'corrAns': 'None', 'tone': 1000}
540.0775 	EXP 	fixation_cross: autoDraw = False
540.0775 	EXP 	fixation_cross: autoDraw = False
540.0775 	EXP 	fixation_cross: autoDraw = True
543.7263 	EXP 	New trial (rep=33, index=3): {'trial': 'target', 'file': "soundFiles/1200Hz_-3dBFS_3s_44.1kHz.wav'", 'corrAns': 't', 'tone': 2000}
543.7414 	EXP 	fixation_cross: autoDraw = False
543.7414 	EXP 	fixation_cross: autoDraw = False
543.7414 	EXP 	fixation_cross: autoDraw = True
545.6430 	DATA 	Keypress: t
548.2563 	EXP 	New trial (rep=34, index=0): {'trial': 'standard', 'file': "soundFiles/1000Hz_-3dBFS_3s_44.1kHz.wav'", 'corrAns': 'None', 'tone': 1000}
548.2704 	EXP 	fixation_cross: autoDraw = False
548.2704 	EXP 	fixation_cross: autoDraw = False
548.2704 	EXP 	fixation_cross: autoDraw = True
553.1345 	EXP 	New trial (rep=34, index=1): {'trial': 'standard', 'file': "soundFiles/1000Hz_-3dBFS_3s_44.1kHz.wav'", 'corrAns': 'None', 'tone': 1000}
553.1480 	EXP 	fixation_cross: autoDraw = False
553.1480 	EXP 	fixation_cross: autoDraw = False
553.1480 	EXP 	fixation_cross: autoDraw = True
557.9978 	EXP 	New trial (rep=34, index=2): {'trial': 'target', 'file': "soundFiles/1200Hz_-3dBFS_3s_44.1kHz.wav'", 'corrAns': 't', 'tone': 2000}
558.0152 	EXP 	fixation_cross: autoDraw = False
558.0152 	EXP 	fixation_cross: autoDraw = False
558.0152 	EXP 	fixation_cross: autoDraw = True
559.7548 	DATA 	Keypress: t
560.3248 	EXP 	fixation_cross: autoDraw = False
561.0103 	EXP 	New trial (rep=34, index=3): {'trial': 'standard', 'file': "soundFiles/1000Hz_-3dBFS_3s_44.1kHz.wav'", 'corrAns': 'None', 'tone': 1000}
561.0242 	EXP 	fixation_cross: autoDraw = False
561.0242 	EXP 	fixation_cross: autoDraw = True
565.1722 	EXP 	New trial (rep=35, index=0): {'trial': 'target', 'file': "soundFiles/1200Hz_-3dBFS_3s_44.1kHz.wav'", 'corrAns': 't', 'tone': 2000}
565.1884 	EXP 	fixation_cross: autoDraw = False
565.1884 	EXP 	fixation_cross: autoDraw = False
565.1884 	EXP 	fixation_cross: autoDraw = True
566.8227 	DATA 	Keypress: t
567.2531 	EXP 	fixation_cross: autoDraw = False
568.1724 	EXP 	New trial (rep=35, index=1): {'trial': 'standard', 'file': "soundFiles/1000Hz_-3dBFS_3s_44.1kHz.wav'", 'corrAns': 'None', 'tone': 1000}
568.1845 	EXP 	fixation_cross: autoDraw = False
568.1845 	EXP 	fixation_cross: autoDraw = True
571.1832 	EXP 	fixation_cross: autoDraw = False
571.1848 	EXP 	New trial (rep=35, index=2): {'trial': 'standard', 'file': "soundFiles/1000Hz_-3dBFS_3s_44.1kHz.wav'", 'corrAns': 'None', 'tone': 1000}
571.1976 	EXP 	fixation_cross: autoDraw = False
571.1976 	EXP 	fixation_cross: autoDraw = True
576.1118 	EXP 	New trial (rep=35, index=3): {'trial': 'standard', 'file': "soundFiles/1000Hz_-3dBFS_3s_44.1kHz.wav'", 'corrAns': 'None', 'tone': 1000}
576.1268 	EXP 	fixation_cross: autoDraw = False
576.1268 	EXP 	fixation_cross: autoDraw = False
576.1268 	EXP 	fixation_cross: autoDraw = True
578.3920 	EXP 	fixation_cross: autoDraw = False
579.1272 	EXP 	New trial (rep=36, index=0): {'trial': 'target', 'file': "soundFiles/1200Hz_-3dBFS_3s_44.1kHz.wav'", 'corrAns': 't', 'tone': 2000}
579.1419 	EXP 	fixation_cross: autoDraw = False
579.1419 	EXP 	fixation_cross: autoDraw = True
580.7283 	DATA 	Keypress: t
583.2746 	EXP 	New trial (rep=36, index=1): {'trial': 'standard', 'file': "soundFiles/1000Hz_-3dBFS_3s_44.1kHz.wav'", 'corrAns': 'None', 'tone': 1000}
583.2868 	EXP 	fixation_cross: autoDraw = False
583.2868 	EXP 	fixation_cross: autoDraw = False
583.2868 	EXP 	fixation_cross: autoDraw = True
585.5354 	EXP 	fixation_cross: autoDraw = False
586.2888 	EXP 	New trial (rep=36, index=2): {'trial': 'standard', 'file': "soundFiles/1000Hz_-3dBFS_3s_44.1kHz.wav'", 'corrAns': 'None', 'tone': 1000}
586.3015 	EXP 	fixation_cross: autoDraw = False
586.3015 	EXP 	fixation_cross: autoDraw = True
588.8821 	EXP 	fixation_cross: autoDraw = False
589.2857 	EXP 	New trial (rep=36, index=3): {'trial': 'standard', 'file': "soundFiles/1000Hz_-3dBFS_3s_44.1kHz.wav'", 'corrAns': 'None', 'tone': 1000}
589.3002 	EXP 	fixation_cross: autoDraw = False
589.3002 	EXP 	fixation_cross: autoDraw = True
593.2976 	EXP 	New trial (rep=37, index=0): {'trial': 'target', 'file': "soundFiles/1200Hz_-3dBFS_3s_44.1kHz.wav'", 'corrAns': 't', 'tone': 2000}
593.3104 	EXP 	fixation_cross: autoDraw = False
593.3104 	EXP 	fixation_cross: autoDraw = False
593.3104 	EXP 	fixation_cross: autoDraw = True
595.3816 	DATA 	Keypress: t
596.4932 	EXP 	New trial (rep=37, index=1): {'trial': 'standard', 'file': "soundFiles/1000Hz_-3dBFS_3s_44.1kHz.wav'", 'corrAns': 'None', 'tone': 1000}
596.5093 	EXP 	fixation_cross: autoDraw = False
596.5093 	EXP 	fixation_cross: autoDraw = False
596.5093 	EXP 	fixation_cross: autoDraw = True
599.9433 	EXP 	New trial (rep=37, index=2): {'trial': 'standard', 'file': "soundFiles/1000Hz_-3dBFS_3s_44.1kHz.wav'", 'corrAns': 'None', 'tone': 1000}
599.9561 	EXP 	fixation_cross: autoDraw = False
599.9561 	EXP 	fixation_cross: autoDraw = False
599.9561 	EXP 	fixation_cross: autoDraw = True
604.8352 	EXP 	New trial (rep=37, index=3): {'trial': 'standard', 'file': "soundFiles/1000Hz_-3dBFS_3s_44.1kHz.wav'", 'corrAns': 'None', 'tone': 1000}
604.8518 	EXP 	fixation_cross: autoDraw = False
604.8518 	EXP 	fixation_cross: autoDraw = False
604.8518 	EXP 	fixation_cross: autoDraw = True
608.5168 	EXP 	New trial (rep=38, index=0): {'trial': 'target', 'file': "soundFiles/1200Hz_-3dBFS_3s_44.1kHz.wav'", 'corrAns': 't', 'tone': 2000}
608.5301 	EXP 	fixation_cross: autoDraw = False
608.5301 	EXP 	fixation_cross: autoDraw = False
608.5301 	EXP 	fixation_cross: autoDraw = True
610.1694 	DATA 	Keypress: t
611.0292 	EXP 	fixation_cross: autoDraw = False
611.5156 	EXP 	New trial (rep=38, index=1): {'trial': 'standard', 'file': "soundFiles/1000Hz_-3dBFS_3s_44.1kHz.wav'", 'corrAns': 'None', 'tone': 1000}
611.5292 	EXP 	fixation_cross: autoDraw = False
611.5292 	EXP 	fixation_cross: autoDraw = True
614.0412 	EXP 	fixation_cross: autoDraw = False
614.5286 	EXP 	New trial (rep=38, index=2): {'trial': 'standard', 'file': "soundFiles/1000Hz_-3dBFS_3s_44.1kHz.wav'", 'corrAns': 'None', 'tone': 1000}
614.5436 	EXP 	fixation_cross: autoDraw = False
614.5436 	EXP 	fixation_cross: autoDraw = True
617.8247 	EXP 	New trial (rep=38, index=3): {'trial': 'standard', 'file': "soundFiles/1000Hz_-3dBFS_3s_44.1kHz.wav'", 'corrAns': 'None', 'tone': 1000}
617.8375 	EXP 	fixation_cross: autoDraw = False
617.8375 	EXP 	fixation_cross: autoDraw = False
617.8375 	EXP 	fixation_cross: autoDraw = True
620.5537 	EXP 	fixation_cross: autoDraw = False
620.8378 	EXP 	New trial (rep=39, index=0): {'trial': 'target', 'file': "soundFiles/1200Hz_-3dBFS_3s_44.1kHz.wav'", 'corrAns': 't', 'tone': 2000}
620.8535 	EXP 	fixation_cross: autoDraw = False
620.8535 	EXP 	fixation_cross: autoDraw = True
622.5399 	DATA 	Keypress: t
623.3500 	EXP 	fixation_cross: autoDraw = False
623.8517 	EXP 	New trial (rep=39, index=1): {'trial': 'standard', 'file': "soundFiles/1000Hz_-3dBFS_3s_44.1kHz.wav'", 'corrAns': 'None', 'tone': 1000}
623.8656 	EXP 	fixation_cross: autoDraw = False
623.8656 	EXP 	fixation_cross: autoDraw = True
626.8306 	EXP 	fixation_cross: autoDraw = False
626.8661 	EXP 	New trial (rep=39, index=2): {'trial': 'standard', 'file': "soundFiles/1000Hz_-3dBFS_3s_44.1kHz.wav'", 'corrAns': 'None', 'tone': 1000}
626.8812 	EXP 	fixation_cross: autoDraw = False
626.8812 	EXP 	fixation_cross: autoDraw = True
631.3485 	EXP 	New trial (rep=39, index=3): {'trial': 'standard', 'file': "soundFiles/1000Hz_-3dBFS_3s_44.1kHz.wav'", 'corrAns': 'None', 'tone': 1000}
631.3637 	EXP 	fixation_cross: autoDraw = False
631.3637 	EXP 	fixation_cross: autoDraw = False
631.3637 	EXP 	fixation_cross: autoDraw = True
635.4239 	EXP 	New trial (rep=40, index=0): {'trial': 'target', 'file': "soundFiles/1200Hz_-3dBFS_3s_44.1kHz.wav'", 'corrAns': 't', 'tone': 2000}
635.4379 	EXP 	fixation_cross: autoDraw = False
635.4379 	EXP 	fixation_cross: autoDraw = False
635.4379 	EXP 	fixation_cross: autoDraw = True
637.5399 	DATA 	Keypress: t
638.0202 	EXP 	fixation_cross: autoDraw = False
638.4382 	EXP 	New trial (rep=40, index=1): {'trial': 'standard', 'file': "soundFiles/1000Hz_-3dBFS_3s_44.1kHz.wav'", 'corrAns': 'None', 'tone': 1000}
638.4526 	EXP 	fixation_cross: autoDraw = False
638.4526 	EXP 	fixation_cross: autoDraw = True
642.4176 	EXP 	New trial (rep=40, index=2): {'trial': 'standard', 'file': "soundFiles/1000Hz_-3dBFS_3s_44.1kHz.wav'", 'corrAns': 'None', 'tone': 1000}
642.4309 	EXP 	fixation_cross: autoDraw = False
642.4309 	EXP 	fixation_cross: autoDraw = False
642.4309 	EXP 	fixation_cross: autoDraw = True
644.5983 	EXP 	fixation_cross: autoDraw = False
645.4361 	EXP 	New trial (rep=40, index=3): {'trial': 'standard', 'file': "soundFiles/1000Hz_-3dBFS_3s_44.1kHz.wav'", 'corrAns': 'None', 'tone': 1000}
645.4460 	EXP 	fixation_cross: autoDraw = False
645.4460 	EXP 	fixation_cross: autoDraw = True
648.7927 	EXP 	New trial (rep=41, index=0): {'trial': 'target', 'file': "soundFiles/1200Hz_-3dBFS_3s_44.1kHz.wav'", 'corrAns': 't', 'tone': 2000}
648.8103 	EXP 	fixation_cross: autoDraw = False
648.8103 	EXP 	fixation_cross: autoDraw = False
648.8103 	EXP 	fixation_cross: autoDraw = True
650.3624 	DATA 	Keypress: t
651.3228 	EXP 	fixation_cross: autoDraw = False
651.7769 	EXP 	New trial (rep=41, index=1): {'trial': 'standard', 'file': "soundFiles/1000Hz_-3dBFS_3s_44.1kHz.wav'", 'corrAns': 'None', 'tone': 1000}
651.7903 	EXP 	fixation_cross: autoDraw = False
651.7903 	EXP 	fixation_cross: autoDraw = True
655.9042 	EXP 	New trial (rep=41, index=2): {'trial': 'standard', 'file': "soundFiles/1000Hz_-3dBFS_3s_44.1kHz.wav'", 'corrAns': 'None', 'tone': 1000}
655.9201 	EXP 	fixation_cross: autoDraw = False
655.9201 	EXP 	fixation_cross: autoDraw = False
655.9201 	EXP 	fixation_cross: autoDraw = True
660.8828 	EXP 	New trial (rep=41, index=3): {'trial': 'standard', 'file': "soundFiles/1000Hz_-3dBFS_3s_44.1kHz.wav'", 'corrAns': 'None', 'tone': 1000}
660.8995 	EXP 	fixation_cross: autoDraw = False
660.8995 	EXP 	fixation_cross: autoDraw = False
660.8995 	EXP 	fixation_cross: autoDraw = True
665.0780 	EXP 	New trial (rep=42, index=0): {'trial': 'standard', 'file': "soundFiles/1000Hz_-3dBFS_3s_44.1kHz.wav'", 'corrAns': 'None', 'tone': 1000}
665.0947 	EXP 	fixation_cross: autoDraw = False
665.0947 	EXP 	fixation_cross: autoDraw = False
665.0947 	EXP 	fixation_cross: autoDraw = True
669.9081 	EXP 	New trial (rep=42, index=1): {'trial': 'target', 'file': "soundFiles/1200Hz_-3dBFS_3s_44.1kHz.wav'", 'corrAns': 't', 'tone': 2000}
669.9234 	EXP 	fixation_cross: autoDraw = False
669.9234 	EXP 	fixation_cross: autoDraw = False
669.9234 	EXP 	fixation_cross: autoDraw = True
671.7761 	DATA 	Keypress: t
673.3220 	EXP 	New trial (rep=42, index=2): {'trial': 'standard', 'file': "soundFiles/1000Hz_-3dBFS_3s_44.1kHz.wav'", 'corrAns': 'None', 'tone': 1000}
673.3376 	EXP 	fixation_cross: autoDraw = False
673.3376 	EXP 	fixation_cross: autoDraw = False
673.3376 	EXP 	fixation_cross: autoDraw = True
677.3830 	EXP 	New trial (rep=42, index=3): {'trial': 'standard', 'file': "soundFiles/1000Hz_-3dBFS_3s_44.1kHz.wav'", 'corrAns': 'None', 'tone': 1000}
677.4000 	EXP 	fixation_cross: autoDraw = False
677.4000 	EXP 	fixation_cross: autoDraw = False
677.4000 	EXP 	fixation_cross: autoDraw = True
679.4805 	EXP 	fixation_cross: autoDraw = False
680.3823 	EXP 	New trial (rep=43, index=0): {'trial': 'standard', 'file': "soundFiles/1000Hz_-3dBFS_3s_44.1kHz.wav'", 'corrAns': 'None', 'tone': 1000}
680.3956 	EXP 	fixation_cross: autoDraw = False
680.3956 	EXP 	fixation_cross: autoDraw = True
682.7271 	EXP 	fixation_cross: autoDraw = False
683.3798 	EXP 	New trial (rep=43, index=1): {'trial': 'standard', 'file': "soundFiles/1000Hz_-3dBFS_3s_44.1kHz.wav'", 'corrAns': 'None', 'tone': 1000}
683.3958 	EXP 	fixation_cross: autoDraw = False
683.3958 	EXP 	fixation_cross: autoDraw = True
688.0423 	EXP 	New trial (rep=43, index=2): {'trial': 'standard', 'file': "soundFiles/1000Hz_-3dBFS_3s_44.1kHz.wav'", 'corrAns': 'None', 'tone': 1000}
688.0553 	EXP 	fixation_cross: autoDraw = False
688.0553 	EXP 	fixation_cross: autoDraw = False
688.0553 	EXP 	fixation_cross: autoDraw = True
692.5705 	EXP 	New trial (rep=43, index=3): {'trial': 'target', 'file': "soundFiles/1200Hz_-3dBFS_3s_44.1kHz.wav'", 'corrAns': 't', 'tone': 2000}
692.5857 	EXP 	fixation_cross: autoDraw = False
692.5857 	EXP 	fixation_cross: autoDraw = False
692.5857 	EXP 	fixation_cross: autoDraw = True
694.2533 	DATA 	Keypress: t
694.9827 	EXP 	fixation_cross: autoDraw = False
695.5703 	EXP 	New trial (rep=44, index=0): {'trial': 'standard', 'file': "soundFiles/1000Hz_-3dBFS_3s_44.1kHz.wav'", 'corrAns': 'None', 'tone': 1000}
695.5816 	EXP 	fixation_cross: autoDraw = False
695.5816 	EXP 	fixation_cross: autoDraw = True
700.1126 	EXP 	New trial (rep=44, index=1): {'trial': 'target', 'file': "soundFiles/1200Hz_-3dBFS_3s_44.1kHz.wav'", 'corrAns': 't', 'tone': 2000}
700.1284 	EXP 	fixation_cross: autoDraw = False
700.1284 	EXP 	fixation_cross: autoDraw = False
700.1284 	EXP 	fixation_cross: autoDraw = True
701.8624 	DATA 	Keypress: t
702.7111 	EXP 	fixation_cross: autoDraw = False
703.1277 	EXP 	New trial (rep=44, index=2): {'trial': 'standard', 'file': "soundFiles/1000Hz_-3dBFS_3s_44.1kHz.wav'", 'corrAns': 'None', 'tone': 1000}
703.1432 	EXP 	fixation_cross: autoDraw = False
703.1432 	EXP 	fixation_cross: autoDraw = True
705.2410 	EXP 	fixation_cross: autoDraw = False
706.1274 	EXP 	New trial (rep=44, index=3): {'trial': 'standard', 'file': "soundFiles/1000Hz_-3dBFS_3s_44.1kHz.wav'", 'corrAns': 'None', 'tone': 1000}
706.1407 	EXP 	fixation_cross: autoDraw = False
706.1407 	EXP 	fixation_cross: autoDraw = True
710.9860 	EXP 	New trial (rep=45, index=0): {'trial': 'standard', 'file': "soundFiles/1000Hz_-3dBFS_3s_44.1kHz.wav'", 'corrAns': 'None', 'tone': 1000}
711.0021 	EXP 	fixation_cross: autoDraw = False
711.0021 	EXP 	fixation_cross: autoDraw = False
711.0021 	EXP 	fixation_cross: autoDraw = True
714.9684 	EXP 	New trial (rep=45, index=1): {'trial': 'target', 'file': "soundFiles/1200Hz_-3dBFS_3s_44.1kHz.wav'", 'corrAns': 't', 'tone': 2000}
714.9848 	EXP 	fixation_cross: autoDraw = False
714.9848 	EXP 	fixation_cross: autoDraw = False
714.9848 	EXP 	fixation_cross: autoDraw = True
716.6479 	DATA 	Keypress: t
719.3295 	EXP 	New trial (rep=45, index=2): {'trial': 'standard', 'file': "soundFiles/1000Hz_-3dBFS_3s_44.1kHz.wav'", 'corrAns': 'None', 'tone': 1000}
719.3432 	EXP 	fixation_cross: autoDraw = False
719.3432 	EXP 	fixation_cross: autoDraw = False
719.3432 	EXP 	fixation_cross: autoDraw = True
722.5276 	EXP 	New trial (rep=45, index=3): {'trial': 'standard', 'file': "soundFiles/1000Hz_-3dBFS_3s_44.1kHz.wav'", 'corrAns': 'None', 'tone': 1000}
722.5425 	EXP 	fixation_cross: autoDraw = False
722.5425 	EXP 	fixation_cross: autoDraw = False
722.5425 	EXP 	fixation_cross: autoDraw = True
725.9075 	EXP 	New trial (rep=46, index=0): {'trial': 'standard', 'file': "soundFiles/1000Hz_-3dBFS_3s_44.1kHz.wav'", 'corrAns': 'None', 'tone': 1000}
725.9213 	EXP 	fixation_cross: autoDraw = False
725.9213 	EXP 	fixation_cross: autoDraw = False
725.9213 	EXP 	fixation_cross: autoDraw = True
730.3507 	EXP 	New trial (rep=46, index=1): {'trial': 'target', 'file': "soundFiles/1200Hz_-3dBFS_3s_44.1kHz.wav'", 'corrAns': 't', 'tone': 2000}
730.3673 	EXP 	fixation_cross: autoDraw = False
730.3673 	EXP 	fixation_cross: autoDraw = False
730.3673 	EXP 	fixation_cross: autoDraw = True
731.9865 	DATA 	Keypress: t
732.7312 	EXP 	fixation_cross: autoDraw = False
733.3480 	EXP 	New trial (rep=46, index=2): {'trial': 'standard', 'file': "soundFiles/1000Hz_-3dBFS_3s_44.1kHz.wav'", 'corrAns': 'None', 'tone': 1000}
733.3638 	EXP 	fixation_cross: autoDraw = False
733.3638 	EXP 	fixation_cross: autoDraw = True
735.4635 	EXP 	fixation_cross: autoDraw = False
736.3324 	EXP 	New trial (rep=46, index=3): {'trial': 'standard', 'file': "soundFiles/1000Hz_-3dBFS_3s_44.1kHz.wav'", 'corrAns': 'None', 'tone': 1000}
736.3458 	EXP 	fixation_cross: autoDraw = False
736.3458 	EXP 	fixation_cross: autoDraw = True
739.6586 	EXP 	New trial (rep=47, index=0): {'trial': 'standard', 'file': "soundFiles/1000Hz_-3dBFS_3s_44.1kHz.wav'", 'corrAns': 'None', 'tone': 1000}
739.6750 	EXP 	fixation_cross: autoDraw = False
739.6750 	EXP 	fixation_cross: autoDraw = False
739.6750 	EXP 	fixation_cross: autoDraw = True
744.3927 	EXP 	New trial (rep=47, index=1): {'trial': 'standard', 'file': "soundFiles/1000Hz_-3dBFS_3s_44.1kHz.wav'", 'corrAns': 'None', 'tone': 1000}
744.4080 	EXP 	fixation_cross: autoDraw = False
744.4080 	EXP 	fixation_cross: autoDraw = False
744.4080 	EXP 	fixation_cross: autoDraw = True
748.7690 	EXP 	New trial (rep=47, index=2): {'trial': 'standard', 'file': "soundFiles/1000Hz_-3dBFS_3s_44.1kHz.wav'", 'corrAns': 'None', 'tone': 1000}
748.7827 	EXP 	fixation_cross: autoDraw = False
748.7827 	EXP 	fixation_cross: autoDraw = False
748.7827 	EXP 	fixation_cross: autoDraw = True
752.3155 	EXP 	New trial (rep=47, index=3): {'trial': 'target', 'file': "soundFiles/1200Hz_-3dBFS_3s_44.1kHz.wav'", 'corrAns': 't', 'tone': 2000}
752.3306 	EXP 	fixation_cross: autoDraw = False
752.3306 	EXP 	fixation_cross: autoDraw = False
752.3306 	EXP 	fixation_cross: autoDraw = True
753.9969 	DATA 	Keypress: t
754.7925 	EXP 	fixation_cross: autoDraw = False
755.3136 	EXP 	New trial (rep=48, index=0): {'trial': 'standard', 'file': "soundFiles/1000Hz_-3dBFS_3s_44.1kHz.wav'", 'corrAns': 'None', 'tone': 1000}
755.3269 	EXP 	fixation_cross: autoDraw = False
755.3269 	EXP 	fixation_cross: autoDraw = True
757.8599 	EXP 	fixation_cross: autoDraw = False
758.3275 	EXP 	New trial (rep=48, index=1): {'trial': 'standard', 'file': "soundFiles/1000Hz_-3dBFS_3s_44.1kHz.wav'", 'corrAns': 'None', 'tone': 1000}
758.3406 	EXP 	fixation_cross: autoDraw = False
758.3406 	EXP 	fixation_cross: autoDraw = True
761.7388 	EXP 	New trial (rep=48, index=2): {'trial': 'standard', 'file': "soundFiles/1000Hz_-3dBFS_3s_44.1kHz.wav'", 'corrAns': 'None', 'tone': 1000}
761.7551 	EXP 	fixation_cross: autoDraw = False
761.7551 	EXP 	fixation_cross: autoDraw = False
761.7551 	EXP 	fixation_cross: autoDraw = True
766.1506 	EXP 	New trial (rep=48, index=3): {'trial': 'target', 'file': "soundFiles/1200Hz_-3dBFS_3s_44.1kHz.wav'", 'corrAns': 't', 'tone': 2000}
766.1672 	EXP 	fixation_cross: autoDraw = False
766.1672 	EXP 	fixation_cross: autoDraw = False
766.1672 	EXP 	fixation_cross: autoDraw = True
767.7207 	DATA 	Keypress: t
768.9132 	EXP 	fixation_cross: autoDraw = False
769.1482 	EXP 	New trial (rep=49, index=0): {'trial': 'standard', 'file': "soundFiles/1000Hz_-3dBFS_3s_44.1kHz.wav'", 'corrAns': 'None', 'tone': 1000}
769.1636 	EXP 	fixation_cross: autoDraw = False
769.1636 	EXP 	fixation_cross: autoDraw = True
772.9965 	EXP 	New trial (rep=49, index=1): {'trial': 'standard', 'file': "soundFiles/1000Hz_-3dBFS_3s_44.1kHz.wav'", 'corrAns': 'None', 'tone': 1000}
773.0106 	EXP 	fixation_cross: autoDraw = False
773.0106 	EXP 	fixation_cross: autoDraw = False
773.0106 	EXP 	fixation_cross: autoDraw = True
777.1413 	EXP 	New trial (rep=49, index=2): {'trial': 'standard', 'file': "soundFiles/1000Hz_-3dBFS_3s_44.1kHz.wav'", 'corrAns': 'None', 'tone': 1000}
777.1565 	EXP 	fixation_cross: autoDraw = False
777.1565 	EXP 	fixation_cross: autoDraw = False
777.1565 	EXP 	fixation_cross: autoDraw = True
779.8207 	EXP 	fixation_cross: autoDraw = False
780.1370 	EXP 	New trial (rep=49, index=3): {'trial': 'target', 'file': "soundFiles/1200Hz_-3dBFS_3s_44.1kHz.wav'", 'corrAns': 't', 'tone': 2000}
780.1541 	EXP 	fixation_cross: autoDraw = False
780.1541 	EXP 	fixation_cross: autoDraw = True
781.8699 	DATA 	Keypress: t
783.7173 	EXP 	fixation_cross: autoDraw = False
783.7173 	EXP 	fixation_cross: autoDraw = False
783.7173 	EXP 	thank_you: autoDraw = True
786.7326 	EXP 	thank_you: autoDraw = False
831.1283 	DATA 	Keypress: escape
831.7948 	EXP 	window1: mouseVisible = True
