1.5292 	WARNING 	Speech-to-text recognition using Google online services is not available (use command `pip install google-api-core google-auth google-cloud google-cloud-speech googleapis-common-protos` to get it). Transcription will be unavailable using that service this session.
2.9577 	WARNING 	We strongly recommend you activate the PTB sound engine in PsychoPy prefs as the preferred audio engine. Its timing is vastly superior. Your prefs are currently set to use ['sounddevice'] (in that order).
8.5554 	EXP 	Created window1 = Window(allowGUI=True, allowStencil=False, autoLog=True, backendConf=UNKNOWN, bitsMode=UNKNOWN, blendMode='avg', bpc=(8, 8, 8), color=array([0, 0, 0]), colorSpace='rgb', depthBits=8, fullscr=<method-wrapper '__getattribute__' of attributeSetter object at 0x000001FCF079D640>, gamma=None, gammaErrorPolicy='raise', lms=UNKNOWN, monitor=<psychopy.monitors.calibTools.Monitor object at 0x000001FCF17AD220>, multiSample=False, name='window1', numSamples=2, pos=(500, 150), screen=0, size=array([920, 780]), stencilBits=0, stereo=False, units='height', useFBO=True, useRetina=False, viewOri=0.0, viewPos=None, viewScale=None, waitBlanking=True, winType='pyglet')
8.5555 	EXP 	window1: mouseVisible = True
8.5556 	EXP 	window1: mouseVisible = True
8.5556 	EXP 	window1: Attempting to measure frame rate of screen (0) ...
8.5557 	EXP 	window1: recordFrameIntervals = False
8.7218 	EXP 	window1: recordFrameIntervals = True
8.9057 	EXP 	Screen (0) actual frame rate measured at 59.88Hz
8.9058 	EXP 	window1: recordFrameIntervals = False
8.9371 	WARNING 	launchHubServer: If using the iohub mouse or eyetracker devices, fullScr should be True.
12.7812 	EXP 	Created instructions = TextStim(__class__=<class 'psychopy.visual.text.TextStim'>, alignHoriz=method-wrapper(...), alignText='center', alignVert=method-wrapper(...), anchorHoriz='center', anchorVert='center', antialias=True, autoDraw=False, autoLog=True, bold=False, color=array([1, 1, 1]), colorSpace='rgb', contrast=1.0, depth=-1.0, flipHoriz=False, flipVert=False, font='Arial', fontFiles=[], height=0.05, italic=False, languageStyle='LTR', name='instructions', opacity=1.0, ori=0, pos=array([0., 0.]), rgb=UNKNOWN, text=str(...), units='height', win=Window(...), wrapWidth=1)
12.7867 	EXP 	Created fixation = TextStim(__class__=<class 'psychopy.visual.text.TextStim'>, alignHoriz=method-wrapper(...), alignText='center', alignVert=method-wrapper(...), anchorHoriz='center', anchorVert='center', antialias=True, autoDraw=False, autoLog=True, bold=False, color=array([1, 1, 1]), colorSpace='rgb', contrast=1.0, depth=-1.0, flipHoriz=False, flipVert=False, font='Arial', fontFiles=[], height=0.05, italic=False, languageStyle='LTR', name='fixation', opacity=1.0, ori=0, pos=array([0., 0.]), rgb=UNKNOWN, text='+', units='height', win=Window(...), wrapWidth=1)
12.8094 	EXP 	Sound sound_1 set volume 0.800
12.8241 	EXP 	Created thank_you = TextStim(__class__=<class 'psychopy.visual.text.TextStim'>, alignHoriz=method-wrapper(...), alignText='center', alignVert=method-wrapper(...), anchorHoriz='center', anchorVert='center', antialias=True, autoDraw=False, autoLog=True, bold=False, color=array([1, 1, 1]), colorSpace='rgb', contrast=1.0, depth=0.0, flipHoriz=False, flipVert=False, font='Arial', fontFiles=[], height=0.05, italic=False, languageStyle='LTR', name='thank_you', opacity=1.0, ori=0, pos=array([0., 0.]), rgb=UNKNOWN, text=str(...), units='height', win=Window(...), wrapWidth=1)
12.8379 	EXP 	instructions: autoDraw = True
16.7679 	EXP 	Imported aud_conditions3.xlsx as conditions, 4 conditions, 4 params
16.7699 	EXP 	Created sequence: random, trialTypes=4, nReps=60, seed=None
16.7709 	EXP 	New trial (rep=0, index=0): {'trial': 'standard', 'file': "soundFiles/1000Hz_-3dBFS_3s_44.1kHz.wav'", 'corrAns': 'None', 'tone': 1000}
16.7730 	DATA 	Keypress: space
16.7874 	EXP 	instructions: autoDraw = False
16.7874 	EXP 	fixation: autoDraw = True
17.9511 	EXP 	window1: mouseVisible = True
