1.3162 	WARNING 	Speech-to-text recognition using Google online services is not available (use command `pip install google-api-core google-auth google-cloud google-cloud-speech googleapis-common-protos` to get it). Transcription will be unavailable using that service this session.
2.7667 	WARNING 	We strongly recommend you activate the PTB sound engine in PsychoPy prefs as the preferred audio engine. Its timing is vastly superior. Your prefs are currently set to use ['sounddevice'] (in that order).
12.9378 	EXP 	Created window1 = Window(allowGUI=True, allowStencil=False, autoLog=True, backendConf=UNKNOWN, bitsMode=UNKNOWN, blendMode='avg', bpc=(8, 8, 8), color=array([0, 0, 0]), colorSpace='rgb', depthBits=8, fullscr=<method-wrapper '__getattribute__' of attributeSetter object at 0x000001C28CAC7640>, gamma=None, gammaErrorPolicy='raise', lms=UNKNOWN, monitor=<psychopy.monitors.calibTools.Monitor object at 0x000001C28DAEF1C0>, multiSample=False, name='window1', numSamples=2, pos=(500, 210), screen=0, size=array([920, 780]), stencilBits=0, stereo=False, units='height', useFBO=True, useRetina=False, viewOri=0.0, viewPos=None, viewScale=None, waitBlanking=True, winType='pyglet')
12.9383 	EXP 	window1: mouseVisible = True
12.9383 	EXP 	window1: mouseVisible = True
12.9384 	EXP 	window1: Attempting to measure frame rate of screen (0) ...
12.9384 	EXP 	window1: recordFrameIntervals = False
13.1044 	EXP 	window1: recordFrameIntervals = True
13.2870 	EXP 	Screen (0) actual frame rate measured at 59.86Hz
13.2870 	EXP 	window1: recordFrameIntervals = False
13.3215 	WARNING 	launchHubServer: If using the iohub mouse or eyetracker devices, fullScr should be True.
16.9286 	EXP 	Created instructions = TextStim(__class__=<class 'psychopy.visual.text.TextStim'>, alignHoriz=method-wrapper(...), alignText='center', alignVert=method-wrapper(...), anchorHoriz='center', anchorVert='center', antialias=True, autoDraw=False, autoLog=True, bold=False, color=array([1, 1, 1]), colorSpace='rgb', contrast=1.0, depth=0.0, flipHoriz=False, flipVert=False, font='Arial', fontFiles=[], height=0.05, italic=False, languageStyle='LTR', name='instructions', opacity=1.0, ori=0, pos=array([0., 0.]), rgb=UNKNOWN, text=str(...), units='height', win=Window(...), wrapWidth=1)
16.9615 	EXP 	Created fixation = TextStim(__class__=<class 'psychopy.visual.text.TextStim'>, alignHoriz=method-wrapper(...), alignText='center', alignVert=method-wrapper(...), anchorHoriz='center', anchorVert='center', antialias=True, autoDraw=False, autoLog=True, bold=False, color=array([1, 1, 1]), colorSpace='rgb', contrast=1.0, depth=0.0, flipHoriz=False, flipVert=False, font='Arial', fontFiles=[], height=0.05, italic=False, languageStyle='LTR', name='fixation', opacity=1.0, ori=0, pos=array([0., 0.]), rgb=UNKNOWN, text='+', units='height', win=Window(...), wrapWidth=1)
17.0575 	EXP 	Sound sound_1 set volume 0.800
17.0701 	EXP 	Created text = TextStim(__class__=<class 'psychopy.visual.text.TextStim'>, alignHoriz=method-wrapper(...), alignText='center', alignVert=method-wrapper(...), anchorHoriz='center', anchorVert='center', antialias=True, autoDraw=False, autoLog=True, bold=False, color=array([1, 1, 1]), colorSpace='rgb', contrast=1.0, depth=0.0, flipHoriz=False, flipVert=False, font='Open Sans', fontFiles=[], height=0.05, italic=False, languageStyle='LTR', name='text', opacity=1.0, ori=0.0, pos=array([0., 0.]), rgb=UNKNOWN, text='Rest', units='height', win=Window(...), wrapWidth=1)
17.0834 	EXP 	Created thank_you = TextStim(__class__=<class 'psychopy.visual.text.TextStim'>, alignHoriz=method-wrapper(...), alignText='center', alignVert=method-wrapper(...), anchorHoriz='center', anchorVert='center', antialias=True, autoDraw=False, autoLog=True, bold=False, color=array([1, 1, 1]), colorSpace='rgb', contrast=1.0, depth=0.0, flipHoriz=False, flipVert=False, font='Arial', fontFiles=[], height=0.05, italic=False, languageStyle='LTR', name='thank_you', opacity=1.0, ori=0, pos=array([0., 0.]), rgb=UNKNOWN, text=str(...), units='height', win=Window(...), wrapWidth=1)
17.1057 	EXP 	instructions: autoDraw = True
20.8246 	EXP 	Imported aud_conditions3.xlsx as conditions, 10 conditions, 4 params
20.8299 	EXP 	Created sequence: random, trialTypes=10, nReps=60, seed=None
20.8308 	EXP 	New trial (rep=0, index=0): {'trial': 'standard', 'file': "soundFiles/250Hz_44100Hz_16bit_05sec.wav'", 'corrAns': 'None', 'tone': 1000}
20.8337 	DATA 	Keypress: space
20.8419 	EXP 	instructions: autoDraw = False
20.8419 	EXP 	fixation: autoDraw = True
24.3288 	EXP 	fixation: autoDraw = False
24.3288 	EXP 	text: autoDraw = True
34.3211 	EXP 	New trial (rep=0, index=1): {'trial': 'standard', 'file': "soundFiles/250Hz_44100Hz_16bit_05sec.wav'", 'corrAns': 'None', 'tone': 1000}
34.3371 	EXP 	text: autoDraw = False
34.3371 	EXP 	fixation: autoDraw = True
37.8403 	EXP 	fixation: autoDraw = False
37.8403 	EXP 	text: autoDraw = True
47.8171 	EXP 	New trial (rep=0, index=2): {'trial': 'target', 'file': "soundFiles/1200Hz_-3dBFS_3s_44.1kHz.wav'", 'corrAns': 't', 'tone': 2000}
47.8327 	EXP 	text: autoDraw = False
47.8327 	EXP 	fixation: autoDraw = True
51.3350 	EXP 	fixation: autoDraw = False
51.3350 	EXP 	text: autoDraw = True
54.4732 	DATA 	Keypress: escape
55.5044 	EXP 	window1: mouseVisible = True
