1.5700 	WARNING 	Speech-to-text recognition using Google online services is not available (use command `pip install google-api-core google-auth google-cloud google-cloud-speech googleapis-common-protos` to get it). Transcription will be unavailable using that service this session.
3.0207 	WARNING 	We strongly recommend you activate the PTB sound engine in PsychoPy prefs as the preferred audio engine. Its timing is vastly superior. Your prefs are currently set to use ['sounddevice'] (in that order).
58.8143 	EXP 	Created window1 = Window(allowGUI=True, allowStencil=False, autoLog=True, backendConf=UNKNOWN, bitsMode=UNKNOWN, blendMode='avg', bpc=(8, 8, 8), color=array([0, 0, 0]), colorSpace='rgb', depthBits=8, fullscr=<method-wrapper '__getattribute__' of attributeSetter object at 0x000001F90BDC0640>, gamma=None, gammaErrorPolicy='raise', lms=UNKNOWN, monitor=<psychopy.monitors.calibTools.Monitor object at 0x000001F90CDCF250>, multiSample=False, name='window1', numSamples=2, pos=(380, 135), screen=0, size=array([920, 780]), stencilBits=0, stereo=False, units='height', useFBO=True, useRetina=False, viewOri=0.0, viewPos=None, viewScale=None, waitBlanking=True, winType='pyglet')
58.8148 	EXP 	window1: mouseVisible = True
58.8149 	EXP 	window1: mouseVisible = True
58.8149 	EXP 	window1: Attempting to measure frame rate of screen (0) ...
58.8149 	EXP 	window1: recordFrameIntervals = False
58.9787 	EXP 	window1: recordFrameIntervals = True
59.1630 	EXP 	Screen (0) actual frame rate measured at 59.93Hz
59.1631 	EXP 	window1: recordFrameIntervals = False
59.2011 	WARNING 	launchHubServer: If using the iohub mouse or eyetracker devices, fullScr should be True.
63.1731 	EXP 	Created instructions = TextStim(__class__=<class 'psychopy.visual.text.TextStim'>, alignHoriz=method-wrapper(...), alignText='center', alignVert=method-wrapper(...), anchorHoriz='center', anchorVert='center', antialias=True, autoDraw=False, autoLog=True, bold=False, color=array([1, 1, 1]), colorSpace='rgb', contrast=1.0, depth=0.0, flipHoriz=False, flipVert=False, font='Arial', fontFiles=[], height=0.05, italic=False, languageStyle='LTR', name='instructions', opacity=1.0, ori=0, pos=array([0., 0.]), rgb=UNKNOWN, text=str(...), units='height', win=Window(...), wrapWidth=1)
63.2063 	EXP 	Created fixation = TextStim(__class__=<class 'psychopy.visual.text.TextStim'>, alignHoriz=method-wrapper(...), alignText='center', alignVert=method-wrapper(...), anchorHoriz='center', anchorVert='center', antialias=True, autoDraw=False, autoLog=True, bold=False, color=array([1, 1, 1]), colorSpace='rgb', contrast=1.0, depth=0.0, flipHoriz=False, flipVert=False, font='Arial', fontFiles=[], height=0.05, italic=False, languageStyle='LTR', name='fixation', opacity=1.0, ori=0, pos=array([0., 0.]), rgb=UNKNOWN, text='+', units='height', win=Window(...), wrapWidth=1)
63.2529 	EXP 	Sound sound_1 set volume 0.800
63.2545 	EXP 	Created feedback_text = TextStim(__class__=<class 'psychopy.visual.text.TextStim'>, alignHoriz=method-wrapper(...), alignText='center', alignVert=method-wrapper(...), anchorHoriz='center', anchorVert='center', antialias=True, autoDraw=False, autoLog=True, bold=False, color=array([1, 1, 1]), colorSpace='rgb', contrast=1.0, depth=-1.0, flipHoriz=False, flipVert=False, font='Arial', fontFiles=[], height=0.05, italic=False, languageStyle='LTR', name='feedback_text', opacity=1.0, ori=0, pos=array([0., 0.]), rgb=UNKNOWN, text='', units='height', win=Window(...), wrapWidth=1)
63.2800 	EXP 	Created instructions_2 = TextStim(__class__=<class 'psychopy.visual.text.TextStim'>, alignHoriz=method-wrapper(...), alignText='center', alignVert=method-wrapper(...), anchorHoriz='center', anchorVert='center', antialias=True, autoDraw=False, autoLog=True, bold=False, color=array([1, 1, 1]), colorSpace='rgb', contrast=1.0, depth=0.0, flipHoriz=False, flipVert=False, font='Arial', fontFiles=[], height=0.05, italic=False, languageStyle='LTR', name='instructions_2', opacity=1.0, ori=0, pos=array([0., 0.]), rgb=UNKNOWN, text=str(...), units='height', win=Window(...), wrapWidth=1)
63.2830 	EXP 	Created fixation = TextStim(__class__=<class 'psychopy.visual.text.TextStim'>, alignHoriz=method-wrapper(...), alignText='center', alignVert=method-wrapper(...), anchorHoriz='center', anchorVert='center', antialias=True, autoDraw=False, autoLog=True, bold=False, color=array([1, 1, 1]), colorSpace='rgb', contrast=1.0, depth=0.0, flipHoriz=False, flipVert=False, font='Arial', fontFiles=[], height=0.05, italic=False, languageStyle='LTR', name='fixation', opacity=1.0, ori=0, pos=array([0., 0.]), rgb=UNKNOWN, text='+', units='height', win=Window(...), wrapWidth=1)
63.2837 	EXP 	Sound sound_1 set volume 0.800
63.2901 	EXP 	Created thank_you = TextStim(__class__=<class 'psychopy.visual.text.TextStim'>, alignHoriz=method-wrapper(...), alignText='center', alignVert=method-wrapper(...), anchorHoriz='center', anchorVert='center', antialias=True, autoDraw=False, autoLog=True, bold=False, color=array([1, 1, 1]), colorSpace='rgb', contrast=1.0, depth=0.0, flipHoriz=False, flipVert=False, font='Arial', fontFiles=[], height=0.05, italic=False, languageStyle='LTR', name='thank_you', opacity=1.0, ori=0, pos=array([0., 0.]), rgb=UNKNOWN, text=str(...), units='height', win=Window(...), wrapWidth=1)
63.3145 	EXP 	instructions: autoDraw = True
124.9933 	DATA 	Mouse: Left button down, pos=(624,470)
125.0596 	DATA 	Mouse:  Left button up, pos=(624,470)
129.2209 	DATA 	Mouse: Left button down, pos=(735,109)
129.2646 	DATA 	Mouse:  Left button up, pos=(735,109)
133.3162 	EXP 	Imported aud_conditions3.xlsx as conditions, 5 conditions, 4 params
133.3199 	EXP 	Created sequence: random, trialTypes=5, nReps=2, seed=None
133.3205 	EXP 	New trial (rep=0, index=0): {'trial': 'standard', 'file': "soundFiles/250Hz_44100Hz_16bit_05sec.wav'", 'corrAns': 'None', 'tone': 1000}
133.3237 	DATA 	Keypress: space
133.3271 	EXP 	instructions: autoDraw = False
133.3271 	EXP 	fixation: autoDraw = True
136.8122 	EXP 	fixation: autoDraw = False
136.8122 	EXP 	feedback_text: height = 0.05
136.8122 	EXP 	feedback_text: height = 0.05
136.8122 	EXP 	feedback_text: height = 0.05
136.8122 	EXP 	feedback_text: text = 'Correct'
136.8122 	EXP 	feedback_text: autoDraw = True
137.7965 	EXP 	New trial (rep=0, index=1): {'trial': 'target', 'file': "soundFiles/1200Hz_-3dBFS_3s_44.1kHz.wav'", 'corrAns': 't', 'tone': 2000}
137.8129 	EXP 	feedback_text: autoDraw = False
137.8129 	EXP 	fixation: autoDraw = True
139.7990 	DATA 	Keypress: t
141.3145 	EXP 	fixation: autoDraw = False
141.3145 	EXP 	feedback_text: text = 'Correct'
141.3145 	EXP 	feedback_text: autoDraw = True
142.2986 	EXP 	New trial (rep=0, index=2): {'trial': 'standard', 'file': "soundFiles/250Hz_44100Hz_16bit_05sec.wav'", 'corrAns': 'None', 'tone': 1000}
142.3147 	EXP 	feedback_text: autoDraw = False
142.3147 	EXP 	fixation: autoDraw = True
145.8163 	EXP 	fixation: autoDraw = False
145.8163 	EXP 	feedback_text: text = 'Correct'
145.8163 	EXP 	feedback_text: autoDraw = True
146.8008 	EXP 	New trial (rep=0, index=3): {'trial': 'standard', 'file': "soundFiles/250Hz_44100Hz_16bit_05sec.wav'", 'corrAns': 'None', 'tone': 1000}
146.8178 	EXP 	feedback_text: autoDraw = False
146.8178 	EXP 	fixation: autoDraw = True
150.3183 	EXP 	fixation: autoDraw = False
150.3183 	EXP 	feedback_text: text = 'Correct'
150.3183 	EXP 	feedback_text: autoDraw = True
151.3031 	EXP 	New trial (rep=0, index=4): {'trial': 'standard', 'file': "soundFiles/250Hz_44100Hz_16bit_05sec.wav'", 'corrAns': 'None', 'tone': 1000}
151.3191 	EXP 	feedback_text: autoDraw = False
151.3191 	EXP 	fixation: autoDraw = True
154.8202 	EXP 	fixation: autoDraw = False
154.8202 	EXP 	feedback_text: text = 'Correct'
154.8202 	EXP 	feedback_text: autoDraw = True
155.8042 	EXP 	New trial (rep=1, index=0): {'trial': 'standard', 'file': "soundFiles/250Hz_44100Hz_16bit_05sec.wav'", 'corrAns': 'None', 'tone': 1000}
155.8205 	EXP 	feedback_text: autoDraw = False
155.8205 	EXP 	fixation: autoDraw = True
159.3217 	EXP 	fixation: autoDraw = False
159.3217 	EXP 	feedback_text: text = 'Correct'
159.3217 	EXP 	feedback_text: autoDraw = True
160.3071 	EXP 	New trial (rep=1, index=1): {'trial': 'standard', 'file': "soundFiles/250Hz_44100Hz_16bit_05sec.wav'", 'corrAns': 'None', 'tone': 1000}
160.3228 	EXP 	feedback_text: autoDraw = False
160.3228 	EXP 	fixation: autoDraw = True
163.8235 	EXP 	fixation: autoDraw = False
163.8235 	EXP 	feedback_text: text = 'Correct'
163.8235 	EXP 	feedback_text: autoDraw = True
164.8088 	EXP 	New trial (rep=1, index=2): {'trial': 'target', 'file': "soundFiles/1200Hz_-3dBFS_3s_44.1kHz.wav'", 'corrAns': 't', 'tone': 2000}
164.8247 	EXP 	feedback_text: autoDraw = False
164.8247 	EXP 	fixation: autoDraw = True
166.6116 	DATA 	Keypress: t
168.3261 	EXP 	fixation: autoDraw = False
168.3261 	EXP 	feedback_text: text = 'Correct'
168.3261 	EXP 	feedback_text: autoDraw = True
169.3102 	EXP 	New trial (rep=1, index=3): {'trial': 'standard', 'file': "soundFiles/250Hz_44100Hz_16bit_05sec.wav'", 'corrAns': 'None', 'tone': 1000}
169.3259 	EXP 	feedback_text: autoDraw = False
169.3259 	EXP 	fixation: autoDraw = True
172.8282 	EXP 	fixation: autoDraw = False
172.8282 	EXP 	feedback_text: text = 'Correct'
172.8282 	EXP 	feedback_text: autoDraw = True
173.8128 	EXP 	New trial (rep=1, index=4): {'trial': 'standard', 'file': "soundFiles/250Hz_44100Hz_16bit_05sec.wav'", 'corrAns': 'None', 'tone': 1000}
173.8278 	EXP 	feedback_text: autoDraw = False
173.8278 	EXP 	fixation: autoDraw = True
177.3132 	EXP 	fixation: autoDraw = False
177.3132 	EXP 	feedback_text: text = 'Correct'
177.3132 	EXP 	feedback_text: autoDraw = True
178.3135 	EXP 	feedback_text: autoDraw = False
178.3135 	EXP 	instructions_2: autoDraw = True
180.3434 	EXP 	Imported aud_conditions3.xlsx as conditions, 5 conditions, 4 params
180.3447 	EXP 	Created sequence: random, trialTypes=5, nReps=60, seed=None
180.3456 	EXP 	New trial (rep=0, index=0): {'trial': 'standard', 'file': "soundFiles/250Hz_44100Hz_16bit_05sec.wav'", 'corrAns': 'None', 'tone': 1000}
180.3481 	DATA 	Keypress: space
180.3638 	EXP 	instructions_2: autoDraw = False
180.3638 	EXP 	fixation: autoDraw = True
183.8373 	EXP 	New trial (rep=0, index=1): {'trial': 'target', 'file': "soundFiles/1200Hz_-3dBFS_3s_44.1kHz.wav'", 'corrAns': 't', 'tone': 2000}
183.8495 	EXP 	fixation: autoDraw = False
183.8495 	EXP 	fixation: autoDraw = True
185.6862 	DATA 	Keypress: t
187.3359 	EXP 	New trial (rep=0, index=2): {'trial': 'standard', 'file': "soundFiles/250Hz_44100Hz_16bit_05sec.wav'", 'corrAns': 'None', 'tone': 1000}
187.3505 	EXP 	fixation: autoDraw = False
187.3505 	EXP 	fixation: autoDraw = True
190.8377 	EXP 	New trial (rep=0, index=3): {'trial': 'standard', 'file': "soundFiles/250Hz_44100Hz_16bit_05sec.wav'", 'corrAns': 'None', 'tone': 1000}
190.8520 	EXP 	fixation: autoDraw = False
190.8520 	EXP 	fixation: autoDraw = True
194.3390 	EXP 	New trial (rep=0, index=4): {'trial': 'standard', 'file': "soundFiles/250Hz_44100Hz_16bit_05sec.wav'", 'corrAns': 'None', 'tone': 1000}
194.3535 	EXP 	fixation: autoDraw = False
194.3535 	EXP 	fixation: autoDraw = True
197.8399 	EXP 	New trial (rep=1, index=0): {'trial': 'standard', 'file': "soundFiles/250Hz_44100Hz_16bit_05sec.wav'", 'corrAns': 'None', 'tone': 1000}
197.8551 	EXP 	fixation: autoDraw = False
197.8551 	EXP 	fixation: autoDraw = True
201.3416 	EXP 	New trial (rep=1, index=1): {'trial': 'standard', 'file': "soundFiles/250Hz_44100Hz_16bit_05sec.wav'", 'corrAns': 'None', 'tone': 1000}
201.3566 	EXP 	fixation: autoDraw = False
201.3566 	EXP 	fixation: autoDraw = True
204.8432 	EXP 	New trial (rep=1, index=2): {'trial': 'standard', 'file': "soundFiles/250Hz_44100Hz_16bit_05sec.wav'", 'corrAns': 'None', 'tone': 1000}
204.8581 	EXP 	fixation: autoDraw = False
204.8581 	EXP 	fixation: autoDraw = True
208.3450 	EXP 	New trial (rep=1, index=3): {'trial': 'target', 'file': "soundFiles/1200Hz_-3dBFS_3s_44.1kHz.wav'", 'corrAns': 't', 'tone': 2000}
208.3597 	EXP 	fixation: autoDraw = False
208.3597 	EXP 	fixation: autoDraw = True
210.1645 	DATA 	Keypress: t
211.8472 	EXP 	New trial (rep=1, index=4): {'trial': 'standard', 'file': "soundFiles/250Hz_44100Hz_16bit_05sec.wav'", 'corrAns': 'None', 'tone': 1000}
211.8614 	EXP 	fixation: autoDraw = False
211.8614 	EXP 	fixation: autoDraw = True
215.3482 	EXP 	New trial (rep=2, index=0): {'trial': 'target', 'file': "soundFiles/1200Hz_-3dBFS_3s_44.1kHz.wav'", 'corrAns': 't', 'tone': 2000}
215.3629 	EXP 	fixation: autoDraw = False
215.3629 	EXP 	fixation: autoDraw = True
217.1683 	DATA 	Keypress: t
218.8498 	EXP 	New trial (rep=2, index=1): {'trial': 'standard', 'file': "soundFiles/250Hz_44100Hz_16bit_05sec.wav'", 'corrAns': 'None', 'tone': 1000}
218.8641 	EXP 	fixation: autoDraw = False
218.8641 	EXP 	fixation: autoDraw = True
222.3412 	EXP 	New trial (rep=2, index=2): {'trial': 'standard', 'file': "soundFiles/250Hz_44100Hz_16bit_05sec.wav'", 'corrAns': 'None', 'tone': 1000}
222.3671 	EXP 	fixation: autoDraw = False
222.3671 	EXP 	fixation: autoDraw = True
225.8380 	EXP 	New trial (rep=2, index=3): {'trial': 'standard', 'file': "soundFiles/250Hz_44100Hz_16bit_05sec.wav'", 'corrAns': 'None', 'tone': 1000}
225.8504 	EXP 	fixation: autoDraw = False
225.8504 	EXP 	fixation: autoDraw = True
229.3377 	EXP 	New trial (rep=2, index=4): {'trial': 'standard', 'file': "soundFiles/250Hz_44100Hz_16bit_05sec.wav'", 'corrAns': 'None', 'tone': 1000}
229.3520 	EXP 	fixation: autoDraw = False
229.3520 	EXP 	fixation: autoDraw = True
232.8417 	EXP 	New trial (rep=3, index=0): {'trial': 'standard', 'file': "soundFiles/250Hz_44100Hz_16bit_05sec.wav'", 'corrAns': 'None', 'tone': 1000}
232.8554 	EXP 	fixation: autoDraw = False
232.8554 	EXP 	fixation: autoDraw = True
236.3398 	EXP 	New trial (rep=3, index=1): {'trial': 'target', 'file': "soundFiles/1200Hz_-3dBFS_3s_44.1kHz.wav'", 'corrAns': 't', 'tone': 2000}
236.3555 	EXP 	fixation: autoDraw = False
236.3555 	EXP 	fixation: autoDraw = True
238.0921 	DATA 	Keypress: t
239.8417 	EXP 	New trial (rep=3, index=2): {'trial': 'standard', 'file': "soundFiles/250Hz_44100Hz_16bit_05sec.wav'", 'corrAns': 'None', 'tone': 1000}
239.8561 	EXP 	fixation: autoDraw = False
239.8561 	EXP 	fixation: autoDraw = True
243.3428 	EXP 	New trial (rep=3, index=3): {'trial': 'standard', 'file': "soundFiles/250Hz_44100Hz_16bit_05sec.wav'", 'corrAns': 'None', 'tone': 1000}
243.3577 	EXP 	fixation: autoDraw = False
243.3577 	EXP 	fixation: autoDraw = True
246.8445 	EXP 	New trial (rep=3, index=4): {'trial': 'standard', 'file': "soundFiles/250Hz_44100Hz_16bit_05sec.wav'", 'corrAns': 'None', 'tone': 1000}
246.8593 	EXP 	fixation: autoDraw = False
246.8593 	EXP 	fixation: autoDraw = True
250.3456 	EXP 	New trial (rep=4, index=0): {'trial': 'standard', 'file': "soundFiles/250Hz_44100Hz_16bit_05sec.wav'", 'corrAns': 'None', 'tone': 1000}
250.3613 	EXP 	fixation: autoDraw = False
250.3613 	EXP 	fixation: autoDraw = True
253.8496 	EXP 	New trial (rep=4, index=1): {'trial': 'standard', 'file': "soundFiles/250Hz_44100Hz_16bit_05sec.wav'", 'corrAns': 'None', 'tone': 1000}
253.8633 	EXP 	fixation: autoDraw = False
253.8633 	EXP 	fixation: autoDraw = True
257.3489 	EXP 	New trial (rep=4, index=2): {'trial': 'standard', 'file': "soundFiles/250Hz_44100Hz_16bit_05sec.wav'", 'corrAns': 'None', 'tone': 1000}
257.3643 	EXP 	fixation: autoDraw = False
257.3643 	EXP 	fixation: autoDraw = True
260.8518 	EXP 	New trial (rep=4, index=3): {'trial': 'target', 'file': "soundFiles/1200Hz_-3dBFS_3s_44.1kHz.wav'", 'corrAns': 't', 'tone': 2000}
260.8664 	EXP 	fixation: autoDraw = False
260.8664 	EXP 	fixation: autoDraw = True
262.6716 	DATA 	Keypress: t
264.3349 	EXP 	New trial (rep=4, index=4): {'trial': 'standard', 'file': "soundFiles/250Hz_44100Hz_16bit_05sec.wav'", 'corrAns': 'None', 'tone': 1000}
264.3503 	EXP 	fixation: autoDraw = False
264.3503 	EXP 	fixation: autoDraw = True
267.8359 	EXP 	New trial (rep=5, index=0): {'trial': 'target', 'file': "soundFiles/1200Hz_-3dBFS_3s_44.1kHz.wav'", 'corrAns': 't', 'tone': 2000}
267.8538 	EXP 	fixation: autoDraw = False
267.8538 	EXP 	fixation: autoDraw = True
269.7717 	DATA 	Keypress: t
271.3389 	EXP 	New trial (rep=5, index=1): {'trial': 'standard', 'file': "soundFiles/250Hz_44100Hz_16bit_05sec.wav'", 'corrAns': 'None', 'tone': 1000}
271.3532 	EXP 	fixation: autoDraw = False
271.3532 	EXP 	fixation: autoDraw = True
274.8406 	EXP 	New trial (rep=5, index=2): {'trial': 'standard', 'file': "soundFiles/250Hz_44100Hz_16bit_05sec.wav'", 'corrAns': 'None', 'tone': 1000}
274.8546 	EXP 	fixation: autoDraw = False
274.8546 	EXP 	fixation: autoDraw = True
278.3406 	EXP 	New trial (rep=5, index=3): {'trial': 'standard', 'file': "soundFiles/250Hz_44100Hz_16bit_05sec.wav'", 'corrAns': 'None', 'tone': 1000}
278.3558 	EXP 	fixation: autoDraw = False
278.3558 	EXP 	fixation: autoDraw = True
281.8430 	EXP 	New trial (rep=5, index=4): {'trial': 'standard', 'file': "soundFiles/250Hz_44100Hz_16bit_05sec.wav'", 'corrAns': 'None', 'tone': 1000}
281.8579 	EXP 	fixation: autoDraw = False
281.8579 	EXP 	fixation: autoDraw = True
285.3431 	EXP 	New trial (rep=6, index=0): {'trial': 'target', 'file': "soundFiles/1200Hz_-3dBFS_3s_44.1kHz.wav'", 'corrAns': 't', 'tone': 2000}
285.3582 	EXP 	fixation: autoDraw = False
285.3582 	EXP 	fixation: autoDraw = True
287.3961 	DATA 	Keypress: t
288.8456 	EXP 	New trial (rep=6, index=1): {'trial': 'standard', 'file': "soundFiles/250Hz_44100Hz_16bit_05sec.wav'", 'corrAns': 'None', 'tone': 1000}
288.8606 	EXP 	fixation: autoDraw = False
288.8606 	EXP 	fixation: autoDraw = True
292.3465 	EXP 	New trial (rep=6, index=2): {'trial': 'standard', 'file': "soundFiles/250Hz_44100Hz_16bit_05sec.wav'", 'corrAns': 'None', 'tone': 1000}
292.3622 	EXP 	fixation: autoDraw = False
292.3622 	EXP 	fixation: autoDraw = True
295.8479 	EXP 	New trial (rep=6, index=3): {'trial': 'standard', 'file': "soundFiles/250Hz_44100Hz_16bit_05sec.wav'", 'corrAns': 'None', 'tone': 1000}
295.8633 	EXP 	fixation: autoDraw = False
295.8633 	EXP 	fixation: autoDraw = True
299.3496 	EXP 	New trial (rep=6, index=4): {'trial': 'standard', 'file': "soundFiles/250Hz_44100Hz_16bit_05sec.wav'", 'corrAns': 'None', 'tone': 1000}
299.3661 	EXP 	fixation: autoDraw = False
299.3661 	EXP 	fixation: autoDraw = True
302.8344 	EXP 	New trial (rep=7, index=0): {'trial': 'standard', 'file': "soundFiles/250Hz_44100Hz_16bit_05sec.wav'", 'corrAns': 'None', 'tone': 1000}
302.8496 	EXP 	fixation: autoDraw = False
302.8496 	EXP 	fixation: autoDraw = True
306.3375 	EXP 	New trial (rep=7, index=1): {'trial': 'target', 'file': "soundFiles/1200Hz_-3dBFS_3s_44.1kHz.wav'", 'corrAns': 't', 'tone': 2000}
306.3510 	EXP 	fixation: autoDraw = False
306.3510 	EXP 	fixation: autoDraw = True
308.1711 	DATA 	Keypress: t
309.8378 	EXP 	New trial (rep=7, index=2): {'trial': 'standard', 'file': "soundFiles/250Hz_44100Hz_16bit_05sec.wav'", 'corrAns': 'None', 'tone': 1000}
309.8528 	EXP 	fixation: autoDraw = False
309.8528 	EXP 	fixation: autoDraw = True
313.3387 	EXP 	New trial (rep=7, index=3): {'trial': 'standard', 'file': "soundFiles/250Hz_44100Hz_16bit_05sec.wav'", 'corrAns': 'None', 'tone': 1000}
313.3545 	EXP 	fixation: autoDraw = False
313.3545 	EXP 	fixation: autoDraw = True
316.8400 	EXP 	New trial (rep=7, index=4): {'trial': 'standard', 'file': "soundFiles/250Hz_44100Hz_16bit_05sec.wav'", 'corrAns': 'None', 'tone': 1000}
316.8564 	EXP 	fixation: autoDraw = False
316.8564 	EXP 	fixation: autoDraw = True
320.3422 	EXP 	New trial (rep=8, index=0): {'trial': 'standard', 'file': "soundFiles/250Hz_44100Hz_16bit_05sec.wav'", 'corrAns': 'None', 'tone': 1000}
320.3570 	EXP 	fixation: autoDraw = False
320.3570 	EXP 	fixation: autoDraw = True
323.8438 	EXP 	New trial (rep=8, index=1): {'trial': 'standard', 'file': "soundFiles/250Hz_44100Hz_16bit_05sec.wav'", 'corrAns': 'None', 'tone': 1000}
323.8588 	EXP 	fixation: autoDraw = False
323.8588 	EXP 	fixation: autoDraw = True
327.3450 	EXP 	New trial (rep=8, index=2): {'trial': 'standard', 'file': "soundFiles/250Hz_44100Hz_16bit_05sec.wav'", 'corrAns': 'None', 'tone': 1000}
327.3600 	EXP 	fixation: autoDraw = False
327.3600 	EXP 	fixation: autoDraw = True
330.8471 	EXP 	New trial (rep=8, index=3): {'trial': 'target', 'file': "soundFiles/1200Hz_-3dBFS_3s_44.1kHz.wav'", 'corrAns': 't', 'tone': 2000}
330.8617 	EXP 	fixation: autoDraw = False
330.8617 	EXP 	fixation: autoDraw = True
332.6836 	DATA 	Keypress: t
334.3490 	EXP 	New trial (rep=8, index=4): {'trial': 'standard', 'file': "soundFiles/250Hz_44100Hz_16bit_05sec.wav'", 'corrAns': 'None', 'tone': 1000}
334.3635 	EXP 	fixation: autoDraw = False
334.3635 	EXP 	fixation: autoDraw = True
337.8367 	EXP 	New trial (rep=9, index=0): {'trial': 'standard', 'file': "soundFiles/250Hz_44100Hz_16bit_05sec.wav'", 'corrAns': 'None', 'tone': 1000}
337.8490 	EXP 	fixation: autoDraw = False
337.8490 	EXP 	fixation: autoDraw = True
341.3489 	EXP 	fixation: autoDraw = False
341.3504 	EXP 	New trial (rep=9, index=1): {'trial': 'standard', 'file': "soundFiles/250Hz_44100Hz_16bit_05sec.wav'", 'corrAns': 'None', 'tone': 1000}
341.3658 	EXP 	fixation: autoDraw = False
341.3658 	EXP 	fixation: autoDraw = True
344.8389 	EXP 	New trial (rep=9, index=2): {'trial': 'target', 'file': "soundFiles/1200Hz_-3dBFS_3s_44.1kHz.wav'", 'corrAns': 't', 'tone': 2000}
344.8508 	EXP 	fixation: autoDraw = False
344.8508 	EXP 	fixation: autoDraw = True
346.6375 	DATA 	Keypress: t
348.3378 	EXP 	New trial (rep=9, index=3): {'trial': 'standard', 'file': "soundFiles/250Hz_44100Hz_16bit_05sec.wav'", 'corrAns': 'None', 'tone': 1000}
348.3522 	EXP 	fixation: autoDraw = False
348.3522 	EXP 	fixation: autoDraw = True
351.8386 	EXP 	New trial (rep=9, index=4): {'trial': 'standard', 'file': "soundFiles/250Hz_44100Hz_16bit_05sec.wav'", 'corrAns': 'None', 'tone': 1000}
351.8538 	EXP 	fixation: autoDraw = False
351.8538 	EXP 	fixation: autoDraw = True
355.3404 	EXP 	New trial (rep=10, index=0): {'trial': 'standard', 'file': "soundFiles/250Hz_44100Hz_16bit_05sec.wav'", 'corrAns': 'None', 'tone': 1000}
355.3566 	EXP 	fixation: autoDraw = False
355.3566 	EXP 	fixation: autoDraw = True
358.8419 	EXP 	New trial (rep=10, index=1): {'trial': 'target', 'file': "soundFiles/1200Hz_-3dBFS_3s_44.1kHz.wav'", 'corrAns': 't', 'tone': 2000}
358.8570 	EXP 	fixation: autoDraw = False
358.8570 	EXP 	fixation: autoDraw = True
360.6107 	DATA 	Keypress: t
362.3448 	EXP 	New trial (rep=10, index=2): {'trial': 'standard', 'file': "soundFiles/250Hz_44100Hz_16bit_05sec.wav'", 'corrAns': 'None', 'tone': 1000}
362.3587 	EXP 	fixation: autoDraw = False
362.3587 	EXP 	fixation: autoDraw = True
365.8440 	EXP 	New trial (rep=10, index=3): {'trial': 'standard', 'file': "soundFiles/250Hz_44100Hz_16bit_05sec.wav'", 'corrAns': 'None', 'tone': 1000}
365.8598 	EXP 	fixation: autoDraw = False
365.8598 	EXP 	fixation: autoDraw = True
369.3466 	EXP 	New trial (rep=10, index=4): {'trial': 'standard', 'file': "soundFiles/250Hz_44100Hz_16bit_05sec.wav'", 'corrAns': 'None', 'tone': 1000}
369.3620 	EXP 	fixation: autoDraw = False
369.3620 	EXP 	fixation: autoDraw = True
372.8472 	EXP 	New trial (rep=11, index=0): {'trial': 'standard', 'file': "soundFiles/250Hz_44100Hz_16bit_05sec.wav'", 'corrAns': 'None', 'tone': 1000}
372.8630 	EXP 	fixation: autoDraw = False
372.8630 	EXP 	fixation: autoDraw = True
376.3513 	EXP 	New trial (rep=11, index=1): {'trial': 'standard', 'file': "soundFiles/250Hz_44100Hz_16bit_05sec.wav'", 'corrAns': 'None', 'tone': 1000}
376.3643 	EXP 	fixation: autoDraw = False
376.3643 	EXP 	fixation: autoDraw = True
379.8511 	EXP 	New trial (rep=11, index=2): {'trial': 'standard', 'file': "soundFiles/250Hz_44100Hz_16bit_05sec.wav'", 'corrAns': 'None', 'tone': 1000}
379.8657 	EXP 	fixation: autoDraw = False
379.8657 	EXP 	fixation: autoDraw = True
383.3358 	EXP 	New trial (rep=11, index=3): {'trial': 'standard', 'file': "soundFiles/250Hz_44100Hz_16bit_05sec.wav'", 'corrAns': 'None', 'tone': 1000}
383.3522 	EXP 	fixation: autoDraw = False
383.3522 	EXP 	fixation: autoDraw = True
386.8369 	EXP 	New trial (rep=11, index=4): {'trial': 'target', 'file': "soundFiles/1200Hz_-3dBFS_3s_44.1kHz.wav'", 'corrAns': 't', 'tone': 2000}
386.8524 	EXP 	fixation: autoDraw = False
386.8524 	EXP 	fixation: autoDraw = True
388.5220 	DATA 	Keypress: t
390.3382 	EXP 	New trial (rep=12, index=0): {'trial': 'standard', 'file': "soundFiles/250Hz_44100Hz_16bit_05sec.wav'", 'corrAns': 'None', 'tone': 1000}
390.3544 	EXP 	fixation: autoDraw = False
390.3544 	EXP 	fixation: autoDraw = True
393.8403 	EXP 	New trial (rep=12, index=1): {'trial': 'standard', 'file': "soundFiles/250Hz_44100Hz_16bit_05sec.wav'", 'corrAns': 'None', 'tone': 1000}
393.8553 	EXP 	fixation: autoDraw = False
393.8553 	EXP 	fixation: autoDraw = True
397.3422 	EXP 	New trial (rep=12, index=2): {'trial': 'target', 'file': "soundFiles/1200Hz_-3dBFS_3s_44.1kHz.wav'", 'corrAns': 't', 'tone': 2000}
397.3566 	EXP 	fixation: autoDraw = False
397.3566 	EXP 	fixation: autoDraw = True
399.1102 	DATA 	Keypress: t
400.8430 	EXP 	New trial (rep=12, index=3): {'trial': 'standard', 'file': "soundFiles/250Hz_44100Hz_16bit_05sec.wav'", 'corrAns': 'None', 'tone': 1000}
400.8598 	EXP 	fixation: autoDraw = False
400.8598 	EXP 	fixation: autoDraw = True
404.3458 	EXP 	New trial (rep=12, index=4): {'trial': 'standard', 'file': "soundFiles/250Hz_44100Hz_16bit_05sec.wav'", 'corrAns': 'None', 'tone': 1000}
404.3597 	EXP 	fixation: autoDraw = False
404.3597 	EXP 	fixation: autoDraw = True
407.8460 	EXP 	New trial (rep=13, index=0): {'trial': 'standard', 'file': "soundFiles/250Hz_44100Hz_16bit_05sec.wav'", 'corrAns': 'None', 'tone': 1000}
407.8623 	EXP 	fixation: autoDraw = False
407.8623 	EXP 	fixation: autoDraw = True
411.3470 	EXP 	New trial (rep=13, index=1): {'trial': 'target', 'file': "soundFiles/1200Hz_-3dBFS_3s_44.1kHz.wav'", 'corrAns': 't', 'tone': 2000}
411.3624 	EXP 	fixation: autoDraw = False
411.3624 	EXP 	fixation: autoDraw = True
413.0326 	DATA 	Keypress: t
414.8500 	EXP 	New trial (rep=13, index=2): {'trial': 'standard', 'file': "soundFiles/250Hz_44100Hz_16bit_05sec.wav'", 'corrAns': 'None', 'tone': 1000}
414.8648 	EXP 	fixation: autoDraw = False
414.8648 	EXP 	fixation: autoDraw = True
418.3507 	EXP 	New trial (rep=13, index=3): {'trial': 'standard', 'file': "soundFiles/250Hz_44100Hz_16bit_05sec.wav'", 'corrAns': 'None', 'tone': 1000}
418.3655 	EXP 	fixation: autoDraw = False
418.3655 	EXP 	fixation: autoDraw = True
421.8361 	EXP 	New trial (rep=13, index=4): {'trial': 'standard', 'file': "soundFiles/250Hz_44100Hz_16bit_05sec.wav'", 'corrAns': 'None', 'tone': 1000}
421.8503 	EXP 	fixation: autoDraw = False
421.8503 	EXP 	fixation: autoDraw = True
425.3377 	EXP 	New trial (rep=14, index=0): {'trial': 'standard', 'file': "soundFiles/250Hz_44100Hz_16bit_05sec.wav'", 'corrAns': 'None', 'tone': 1000}
425.3529 	EXP 	fixation: autoDraw = False
425.3529 	EXP 	fixation: autoDraw = True
428.8388 	EXP 	New trial (rep=14, index=1): {'trial': 'target', 'file': "soundFiles/1200Hz_-3dBFS_3s_44.1kHz.wav'", 'corrAns': 't', 'tone': 2000}
428.8541 	EXP 	fixation: autoDraw = False
428.8541 	EXP 	fixation: autoDraw = True
430.6397 	DATA 	Keypress: t
432.3401 	EXP 	New trial (rep=14, index=2): {'trial': 'standard', 'file': "soundFiles/250Hz_44100Hz_16bit_05sec.wav'", 'corrAns': 'None', 'tone': 1000}
432.3549 	EXP 	fixation: autoDraw = False
432.3549 	EXP 	fixation: autoDraw = True
435.8417 	EXP 	New trial (rep=14, index=3): {'trial': 'standard', 'file': "soundFiles/250Hz_44100Hz_16bit_05sec.wav'", 'corrAns': 'None', 'tone': 1000}
435.8563 	EXP 	fixation: autoDraw = False
435.8563 	EXP 	fixation: autoDraw = True
439.3430 	EXP 	New trial (rep=14, index=4): {'trial': 'standard', 'file': "soundFiles/250Hz_44100Hz_16bit_05sec.wav'", 'corrAns': 'None', 'tone': 1000}
439.3578 	EXP 	fixation: autoDraw = False
439.3578 	EXP 	fixation: autoDraw = True
442.8448 	EXP 	New trial (rep=15, index=0): {'trial': 'standard', 'file': "soundFiles/250Hz_44100Hz_16bit_05sec.wav'", 'corrAns': 'None', 'tone': 1000}
442.8595 	EXP 	fixation: autoDraw = False
442.8595 	EXP 	fixation: autoDraw = True
446.3465 	EXP 	New trial (rep=15, index=1): {'trial': 'standard', 'file': "soundFiles/250Hz_44100Hz_16bit_05sec.wav'", 'corrAns': 'None', 'tone': 1000}
446.3607 	EXP 	fixation: autoDraw = False
446.3607 	EXP 	fixation: autoDraw = True
449.8476 	EXP 	New trial (rep=15, index=2): {'trial': 'standard', 'file': "soundFiles/250Hz_44100Hz_16bit_05sec.wav'", 'corrAns': 'None', 'tone': 1000}
449.8620 	EXP 	fixation: autoDraw = False
449.8620 	EXP 	fixation: autoDraw = True
453.3489 	EXP 	New trial (rep=15, index=3): {'trial': 'target', 'file': "soundFiles/1200Hz_-3dBFS_3s_44.1kHz.wav'", 'corrAns': 't', 'tone': 2000}
453.3643 	EXP 	fixation: autoDraw = False
453.3643 	EXP 	fixation: autoDraw = True
455.0694 	DATA 	Keypress: t
456.8509 	EXP 	New trial (rep=15, index=4): {'trial': 'standard', 'file': "soundFiles/250Hz_44100Hz_16bit_05sec.wav'", 'corrAns': 'None', 'tone': 1000}
456.8664 	EXP 	fixation: autoDraw = False
456.8664 	EXP 	fixation: autoDraw = True
460.3351 	EXP 	New trial (rep=16, index=0): {'trial': 'standard', 'file': "soundFiles/250Hz_44100Hz_16bit_05sec.wav'", 'corrAns': 'None', 'tone': 1000}
460.3501 	EXP 	fixation: autoDraw = False
460.3501 	EXP 	fixation: autoDraw = True
463.8375 	EXP 	New trial (rep=16, index=1): {'trial': 'standard', 'file': "soundFiles/250Hz_44100Hz_16bit_05sec.wav'", 'corrAns': 'None', 'tone': 1000}
463.8513 	EXP 	fixation: autoDraw = False
463.8513 	EXP 	fixation: autoDraw = True
467.3387 	EXP 	New trial (rep=16, index=2): {'trial': 'standard', 'file': "soundFiles/250Hz_44100Hz_16bit_05sec.wav'", 'corrAns': 'None', 'tone': 1000}
467.3531 	EXP 	fixation: autoDraw = False
467.3531 	EXP 	fixation: autoDraw = True
470.8399 	EXP 	New trial (rep=16, index=3): {'trial': 'target', 'file': "soundFiles/1200Hz_-3dBFS_3s_44.1kHz.wav'", 'corrAns': 't', 'tone': 2000}
470.8547 	EXP 	fixation: autoDraw = False
470.8547 	EXP 	fixation: autoDraw = True
472.5571 	DATA 	Keypress: t
474.3409 	EXP 	New trial (rep=16, index=4): {'trial': 'standard', 'file': "soundFiles/250Hz_44100Hz_16bit_05sec.wav'", 'corrAns': 'None', 'tone': 1000}
474.3567 	EXP 	fixation: autoDraw = False
474.3567 	EXP 	fixation: autoDraw = True
477.8423 	EXP 	New trial (rep=17, index=0): {'trial': 'standard', 'file': "soundFiles/250Hz_44100Hz_16bit_05sec.wav'", 'corrAns': 'None', 'tone': 1000}
477.8573 	EXP 	fixation: autoDraw = False
477.8573 	EXP 	fixation: autoDraw = True
481.3458 	EXP 	New trial (rep=17, index=1): {'trial': 'standard', 'file': "soundFiles/250Hz_44100Hz_16bit_05sec.wav'", 'corrAns': 'None', 'tone': 1000}
481.3600 	EXP 	fixation: autoDraw = False
481.3600 	EXP 	fixation: autoDraw = True
484.8458 	EXP 	New trial (rep=17, index=2): {'trial': 'target', 'file': "soundFiles/1200Hz_-3dBFS_3s_44.1kHz.wav'", 'corrAns': 't', 'tone': 2000}
484.8603 	EXP 	fixation: autoDraw = False
484.8603 	EXP 	fixation: autoDraw = True
486.6158 	DATA 	Keypress: t
488.3481 	EXP 	New trial (rep=17, index=3): {'trial': 'standard', 'file': "soundFiles/250Hz_44100Hz_16bit_05sec.wav'", 'corrAns': 'None', 'tone': 1000}
488.3618 	EXP 	fixation: autoDraw = False
488.3618 	EXP 	fixation: autoDraw = True
491.8488 	EXP 	New trial (rep=17, index=4): {'trial': 'standard', 'file': "soundFiles/250Hz_44100Hz_16bit_05sec.wav'", 'corrAns': 'None', 'tone': 1000}
491.8637 	EXP 	fixation: autoDraw = False
491.8637 	EXP 	fixation: autoDraw = True
495.3500 	EXP 	New trial (rep=18, index=0): {'trial': 'standard', 'file': "soundFiles/250Hz_44100Hz_16bit_05sec.wav'", 'corrAns': 'None', 'tone': 1000}
495.3648 	EXP 	fixation: autoDraw = False
495.3648 	EXP 	fixation: autoDraw = True
498.8343 	EXP 	New trial (rep=18, index=1): {'trial': 'standard', 'file': "soundFiles/250Hz_44100Hz_16bit_05sec.wav'", 'corrAns': 'None', 'tone': 1000}
498.8503 	EXP 	fixation: autoDraw = False
498.8503 	EXP 	fixation: autoDraw = True
502.3363 	EXP 	New trial (rep=18, index=2): {'trial': 'standard', 'file': "soundFiles/250Hz_44100Hz_16bit_05sec.wav'", 'corrAns': 'None', 'tone': 1000}
502.3520 	EXP 	fixation: autoDraw = False
502.3520 	EXP 	fixation: autoDraw = True
505.8385 	EXP 	New trial (rep=18, index=3): {'trial': 'target', 'file': "soundFiles/1200Hz_-3dBFS_3s_44.1kHz.wav'", 'corrAns': 't', 'tone': 2000}
505.8529 	EXP 	fixation: autoDraw = False
505.8529 	EXP 	fixation: autoDraw = True
507.7394 	DATA 	Keypress: t
509.3399 	EXP 	New trial (rep=18, index=4): {'trial': 'standard', 'file': "soundFiles/250Hz_44100Hz_16bit_05sec.wav'", 'corrAns': 'None', 'tone': 1000}
509.3542 	EXP 	fixation: autoDraw = False
509.3542 	EXP 	fixation: autoDraw = True
512.8408 	EXP 	New trial (rep=19, index=0): {'trial': 'standard', 'file': "soundFiles/250Hz_44100Hz_16bit_05sec.wav'", 'corrAns': 'None', 'tone': 1000}
512.8559 	EXP 	fixation: autoDraw = False
512.8559 	EXP 	fixation: autoDraw = True
516.3427 	EXP 	New trial (rep=19, index=1): {'trial': 'standard', 'file': "soundFiles/250Hz_44100Hz_16bit_05sec.wav'", 'corrAns': 'None', 'tone': 1000}
516.3573 	EXP 	fixation: autoDraw = False
516.3573 	EXP 	fixation: autoDraw = True
519.8441 	EXP 	New trial (rep=19, index=2): {'trial': 'target', 'file': "soundFiles/1200Hz_-3dBFS_3s_44.1kHz.wav'", 'corrAns': 't', 'tone': 2000}
519.8593 	EXP 	fixation: autoDraw = False
519.8593 	EXP 	fixation: autoDraw = True
521.5133 	DATA 	Keypress: t
523.3456 	EXP 	New trial (rep=19, index=3): {'trial': 'standard', 'file': "soundFiles/250Hz_44100Hz_16bit_05sec.wav'", 'corrAns': 'None', 'tone': 1000}
523.3603 	EXP 	fixation: autoDraw = False
523.3603 	EXP 	fixation: autoDraw = True
526.8462 	EXP 	New trial (rep=19, index=4): {'trial': 'standard', 'file': "soundFiles/250Hz_44100Hz_16bit_05sec.wav'", 'corrAns': 'None', 'tone': 1000}
526.8615 	EXP 	fixation: autoDraw = False
526.8615 	EXP 	fixation: autoDraw = True
530.3478 	EXP 	New trial (rep=20, index=0): {'trial': 'target', 'file': "soundFiles/1200Hz_-3dBFS_3s_44.1kHz.wav'", 'corrAns': 't', 'tone': 2000}
530.3647 	EXP 	fixation: autoDraw = False
530.3647 	EXP 	fixation: autoDraw = True
532.0996 	DATA 	Keypress: t
533.8505 	EXP 	New trial (rep=20, index=1): {'trial': 'standard', 'file': "soundFiles/250Hz_44100Hz_16bit_05sec.wav'", 'corrAns': 'None', 'tone': 1000}
533.8648 	EXP 	fixation: autoDraw = False
533.8648 	EXP 	fixation: autoDraw = True
537.3347 	EXP 	New trial (rep=20, index=2): {'trial': 'standard', 'file': "soundFiles/250Hz_44100Hz_16bit_05sec.wav'", 'corrAns': 'None', 'tone': 1000}
537.3496 	EXP 	fixation: autoDraw = False
537.3496 	EXP 	fixation: autoDraw = True
540.8374 	EXP 	New trial (rep=20, index=3): {'trial': 'standard', 'file': "soundFiles/250Hz_44100Hz_16bit_05sec.wav'", 'corrAns': 'None', 'tone': 1000}
540.8512 	EXP 	fixation: autoDraw = False
540.8512 	EXP 	fixation: autoDraw = True
544.3380 	EXP 	New trial (rep=20, index=4): {'trial': 'standard', 'file': "soundFiles/250Hz_44100Hz_16bit_05sec.wav'", 'corrAns': 'None', 'tone': 1000}
544.3524 	EXP 	fixation: autoDraw = False
544.3524 	EXP 	fixation: autoDraw = True
547.8388 	EXP 	New trial (rep=21, index=0): {'trial': 'standard', 'file': "soundFiles/250Hz_44100Hz_16bit_05sec.wav'", 'corrAns': 'None', 'tone': 1000}
547.8540 	EXP 	fixation: autoDraw = False
547.8540 	EXP 	fixation: autoDraw = True
551.3401 	EXP 	New trial (rep=21, index=1): {'trial': 'standard', 'file': "soundFiles/250Hz_44100Hz_16bit_05sec.wav'", 'corrAns': 'None', 'tone': 1000}
551.3549 	EXP 	fixation: autoDraw = False
551.3549 	EXP 	fixation: autoDraw = True
554.8419 	EXP 	New trial (rep=21, index=2): {'trial': 'standard', 'file': "soundFiles/250Hz_44100Hz_16bit_05sec.wav'", 'corrAns': 'None', 'tone': 1000}
554.8566 	EXP 	fixation: autoDraw = False
554.8566 	EXP 	fixation: autoDraw = True
558.3431 	EXP 	New trial (rep=21, index=3): {'trial': 'standard', 'file': "soundFiles/250Hz_44100Hz_16bit_05sec.wav'", 'corrAns': 'None', 'tone': 1000}
558.3587 	EXP 	fixation: autoDraw = False
558.3587 	EXP 	fixation: autoDraw = True
561.8453 	EXP 	New trial (rep=21, index=4): {'trial': 'target', 'file': "soundFiles/1200Hz_-3dBFS_3s_44.1kHz.wav'", 'corrAns': 't', 'tone': 2000}
561.8604 	EXP 	fixation: autoDraw = False
561.8604 	EXP 	fixation: autoDraw = True
563.5795 	DATA 	Keypress: t
565.3460 	EXP 	New trial (rep=22, index=0): {'trial': 'target', 'file': "soundFiles/1200Hz_-3dBFS_3s_44.1kHz.wav'", 'corrAns': 't', 'tone': 2000}
565.3613 	EXP 	fixation: autoDraw = False
565.3613 	EXP 	fixation: autoDraw = True
567.4007 	DATA 	Keypress: t
568.8478 	EXP 	New trial (rep=22, index=1): {'trial': 'standard', 'file': "soundFiles/250Hz_44100Hz_16bit_05sec.wav'", 'corrAns': 'None', 'tone': 1000}
568.8627 	EXP 	fixation: autoDraw = False
568.8627 	EXP 	fixation: autoDraw = True
572.3508 	EXP 	New trial (rep=22, index=2): {'trial': 'standard', 'file': "soundFiles/250Hz_44100Hz_16bit_05sec.wav'", 'corrAns': 'None', 'tone': 1000}
572.3643 	EXP 	fixation: autoDraw = False
572.3643 	EXP 	fixation: autoDraw = True
575.8509 	EXP 	New trial (rep=22, index=3): {'trial': 'standard', 'file': "soundFiles/250Hz_44100Hz_16bit_05sec.wav'", 'corrAns': 'None', 'tone': 1000}
575.8656 	EXP 	fixation: autoDraw = False
575.8656 	EXP 	fixation: autoDraw = True
579.3368 	EXP 	New trial (rep=22, index=4): {'trial': 'standard', 'file': "soundFiles/250Hz_44100Hz_16bit_05sec.wav'", 'corrAns': 'None', 'tone': 1000}
579.3507 	EXP 	fixation: autoDraw = False
579.3507 	EXP 	fixation: autoDraw = True
582.8368 	EXP 	New trial (rep=23, index=0): {'trial': 'target', 'file': "soundFiles/1200Hz_-3dBFS_3s_44.1kHz.wav'", 'corrAns': 't', 'tone': 2000}
582.8525 	EXP 	fixation: autoDraw = False
582.8525 	EXP 	fixation: autoDraw = True
584.7055 	DATA 	Keypress: t
586.3384 	EXP 	New trial (rep=23, index=1): {'trial': 'standard', 'file': "soundFiles/250Hz_44100Hz_16bit_05sec.wav'", 'corrAns': 'None', 'tone': 1000}
586.3562 	EXP 	fixation: autoDraw = False
586.3562 	EXP 	fixation: autoDraw = True
589.8396 	EXP 	New trial (rep=23, index=2): {'trial': 'standard', 'file': "soundFiles/250Hz_44100Hz_16bit_05sec.wav'", 'corrAns': 'None', 'tone': 1000}
589.8547 	EXP 	fixation: autoDraw = False
589.8547 	EXP 	fixation: autoDraw = True
593.3420 	EXP 	New trial (rep=23, index=3): {'trial': 'standard', 'file': "soundFiles/250Hz_44100Hz_16bit_05sec.wav'", 'corrAns': 'None', 'tone': 1000}
593.3563 	EXP 	fixation: autoDraw = False
593.3563 	EXP 	fixation: autoDraw = True
596.8429 	EXP 	New trial (rep=23, index=4): {'trial': 'standard', 'file': "soundFiles/250Hz_44100Hz_16bit_05sec.wav'", 'corrAns': 'None', 'tone': 1000}
596.8582 	EXP 	fixation: autoDraw = False
596.8582 	EXP 	fixation: autoDraw = True
600.3447 	EXP 	New trial (rep=24, index=0): {'trial': 'target', 'file': "soundFiles/1200Hz_-3dBFS_3s_44.1kHz.wav'", 'corrAns': 't', 'tone': 2000}
600.3600 	EXP 	fixation: autoDraw = False
600.3600 	EXP 	fixation: autoDraw = True
602.0140 	DATA 	Keypress: t
603.8466 	EXP 	New trial (rep=24, index=1): {'trial': 'standard', 'file': "soundFiles/250Hz_44100Hz_16bit_05sec.wav'", 'corrAns': 'None', 'tone': 1000}
603.8620 	EXP 	fixation: autoDraw = False
603.8620 	EXP 	fixation: autoDraw = True
607.3472 	EXP 	New trial (rep=24, index=2): {'trial': 'standard', 'file': "soundFiles/250Hz_44100Hz_16bit_05sec.wav'", 'corrAns': 'None', 'tone': 1000}
607.3622 	EXP 	fixation: autoDraw = False
607.3622 	EXP 	fixation: autoDraw = True
610.8508 	EXP 	New trial (rep=24, index=3): {'trial': 'standard', 'file': "soundFiles/250Hz_44100Hz_16bit_05sec.wav'", 'corrAns': 'None', 'tone': 1000}
610.8649 	EXP 	fixation: autoDraw = False
610.8649 	EXP 	fixation: autoDraw = True
614.3504 	EXP 	New trial (rep=24, index=4): {'trial': 'standard', 'file': "soundFiles/250Hz_44100Hz_16bit_05sec.wav'", 'corrAns': 'None', 'tone': 1000}
614.3652 	EXP 	fixation: autoDraw = False
614.3652 	EXP 	fixation: autoDraw = True
617.8359 	EXP 	New trial (rep=25, index=0): {'trial': 'standard', 'file': "soundFiles/250Hz_44100Hz_16bit_05sec.wav'", 'corrAns': 'None', 'tone': 1000}
617.8511 	EXP 	fixation: autoDraw = False
617.8511 	EXP 	fixation: autoDraw = True
621.3373 	EXP 	New trial (rep=25, index=1): {'trial': 'target', 'file': "soundFiles/1200Hz_-3dBFS_3s_44.1kHz.wav'", 'corrAns': 't', 'tone': 2000}
621.3519 	EXP 	fixation: autoDraw = False
621.3519 	EXP 	fixation: autoDraw = True
623.0217 	DATA 	Keypress: t
624.8388 	EXP 	New trial (rep=25, index=2): {'trial': 'standard', 'file': "soundFiles/250Hz_44100Hz_16bit_05sec.wav'", 'corrAns': 'None', 'tone': 1000}
624.8536 	EXP 	fixation: autoDraw = False
624.8536 	EXP 	fixation: autoDraw = True
628.3396 	EXP 	New trial (rep=25, index=3): {'trial': 'standard', 'file': "soundFiles/250Hz_44100Hz_16bit_05sec.wav'", 'corrAns': 'None', 'tone': 1000}
628.3553 	EXP 	fixation: autoDraw = False
628.3553 	EXP 	fixation: autoDraw = True
631.8413 	EXP 	New trial (rep=25, index=4): {'trial': 'standard', 'file': "soundFiles/250Hz_44100Hz_16bit_05sec.wav'", 'corrAns': 'None', 'tone': 1000}
631.8569 	EXP 	fixation: autoDraw = False
631.8569 	EXP 	fixation: autoDraw = True
635.3434 	EXP 	New trial (rep=26, index=0): {'trial': 'target', 'file': "soundFiles/1200Hz_-3dBFS_3s_44.1kHz.wav'", 'corrAns': 't', 'tone': 2000}
635.3580 	EXP 	fixation: autoDraw = False
635.3580 	EXP 	fixation: autoDraw = True
637.0287 	DATA 	Keypress: t
638.8446 	EXP 	New trial (rep=26, index=1): {'trial': 'standard', 'file': "soundFiles/250Hz_44100Hz_16bit_05sec.wav'", 'corrAns': 'None', 'tone': 1000}
638.8596 	EXP 	fixation: autoDraw = False
638.8596 	EXP 	fixation: autoDraw = True
642.3454 	EXP 	New trial (rep=26, index=2): {'trial': 'standard', 'file': "soundFiles/250Hz_44100Hz_16bit_05sec.wav'", 'corrAns': 'None', 'tone': 1000}
642.3609 	EXP 	fixation: autoDraw = False
642.3609 	EXP 	fixation: autoDraw = True
645.8473 	EXP 	New trial (rep=26, index=3): {'trial': 'standard', 'file': "soundFiles/250Hz_44100Hz_16bit_05sec.wav'", 'corrAns': 'None', 'tone': 1000}
645.8631 	EXP 	fixation: autoDraw = False
645.8631 	EXP 	fixation: autoDraw = True
649.3482 	EXP 	New trial (rep=26, index=4): {'trial': 'standard', 'file': "soundFiles/250Hz_44100Hz_16bit_05sec.wav'", 'corrAns': 'None', 'tone': 1000}
649.3640 	EXP 	fixation: autoDraw = False
649.3640 	EXP 	fixation: autoDraw = True
652.8503 	EXP 	New trial (rep=27, index=0): {'trial': 'standard', 'file': "soundFiles/250Hz_44100Hz_16bit_05sec.wav'", 'corrAns': 'None', 'tone': 1000}
652.8652 	EXP 	fixation: autoDraw = False
652.8652 	EXP 	fixation: autoDraw = True
656.3346 	EXP 	New trial (rep=27, index=1): {'trial': 'target', 'file': "soundFiles/1200Hz_-3dBFS_3s_44.1kHz.wav'", 'corrAns': 't', 'tone': 2000}
656.3505 	EXP 	fixation: autoDraw = False
656.3505 	EXP 	fixation: autoDraw = True
658.0697 	DATA 	Keypress: t
659.8367 	EXP 	New trial (rep=27, index=2): {'trial': 'standard', 'file': "soundFiles/250Hz_44100Hz_16bit_05sec.wav'", 'corrAns': 'None', 'tone': 1000}
659.8517 	EXP 	fixation: autoDraw = False
659.8517 	EXP 	fixation: autoDraw = True
663.3377 	EXP 	New trial (rep=27, index=3): {'trial': 'standard', 'file': "soundFiles/250Hz_44100Hz_16bit_05sec.wav'", 'corrAns': 'None', 'tone': 1000}
663.3526 	EXP 	fixation: autoDraw = False
663.3526 	EXP 	fixation: autoDraw = True
666.8396 	EXP 	New trial (rep=27, index=4): {'trial': 'standard', 'file': "soundFiles/250Hz_44100Hz_16bit_05sec.wav'", 'corrAns': 'None', 'tone': 1000}
666.8545 	EXP 	fixation: autoDraw = False
666.8545 	EXP 	fixation: autoDraw = True
670.3412 	EXP 	New trial (rep=28, index=0): {'trial': 'standard', 'file': "soundFiles/250Hz_44100Hz_16bit_05sec.wav'", 'corrAns': 'None', 'tone': 1000}
670.3563 	EXP 	fixation: autoDraw = False
670.3563 	EXP 	fixation: autoDraw = True
673.8437 	EXP 	New trial (rep=28, index=1): {'trial': 'standard', 'file': "soundFiles/250Hz_44100Hz_16bit_05sec.wav'", 'corrAns': 'None', 'tone': 1000}
673.8609 	EXP 	fixation: autoDraw = False
673.8609 	EXP 	fixation: autoDraw = True
677.3455 	EXP 	New trial (rep=28, index=2): {'trial': 'target', 'file': "soundFiles/1200Hz_-3dBFS_3s_44.1kHz.wav'", 'corrAns': 't', 'tone': 2000}
677.3593 	EXP 	fixation: autoDraw = False
677.3593 	EXP 	fixation: autoDraw = True
678.9625 	DATA 	Keypress: t
680.8452 	EXP 	New trial (rep=28, index=3): {'trial': 'standard', 'file': "soundFiles/250Hz_44100Hz_16bit_05sec.wav'", 'corrAns': 'None', 'tone': 1000}
680.8603 	EXP 	fixation: autoDraw = False
680.8603 	EXP 	fixation: autoDraw = True
684.3499 	EXP 	New trial (rep=28, index=4): {'trial': 'standard', 'file': "soundFiles/250Hz_44100Hz_16bit_05sec.wav'", 'corrAns': 'None', 'tone': 1000}
684.3624 	EXP 	fixation: autoDraw = False
684.3624 	EXP 	fixation: autoDraw = True
687.8490 	EXP 	New trial (rep=29, index=0): {'trial': 'standard', 'file': "soundFiles/250Hz_44100Hz_16bit_05sec.wav'", 'corrAns': 'None', 'tone': 1000}
687.8634 	EXP 	fixation: autoDraw = False
687.8634 	EXP 	fixation: autoDraw = True
691.3512 	EXP 	New trial (rep=29, index=1): {'trial': 'target', 'file': "soundFiles/1200Hz_-3dBFS_3s_44.1kHz.wav'", 'corrAns': 't', 'tone': 2000}
691.3651 	EXP 	fixation: autoDraw = False
691.3651 	EXP 	fixation: autoDraw = True
693.0357 	DATA 	Keypress: t
694.8356 	EXP 	New trial (rep=29, index=2): {'trial': 'standard', 'file': "soundFiles/250Hz_44100Hz_16bit_05sec.wav'", 'corrAns': 'None', 'tone': 1000}
694.8497 	EXP 	fixation: autoDraw = False
694.8497 	EXP 	fixation: autoDraw = True
698.3378 	EXP 	New trial (rep=29, index=3): {'trial': 'standard', 'file': "soundFiles/250Hz_44100Hz_16bit_05sec.wav'", 'corrAns': 'None', 'tone': 1000}
698.3515 	EXP 	fixation: autoDraw = False
698.3515 	EXP 	fixation: autoDraw = True
701.8374 	EXP 	New trial (rep=29, index=4): {'trial': 'standard', 'file': "soundFiles/250Hz_44100Hz_16bit_05sec.wav'", 'corrAns': 'None', 'tone': 1000}
701.8530 	EXP 	fixation: autoDraw = False
701.8530 	EXP 	fixation: autoDraw = True
705.3393 	EXP 	New trial (rep=30, index=0): {'trial': 'standard', 'file': "soundFiles/250Hz_44100Hz_16bit_05sec.wav'", 'corrAns': 'None', 'tone': 1000}
705.3542 	EXP 	fixation: autoDraw = False
705.3542 	EXP 	fixation: autoDraw = True
708.8404 	EXP 	New trial (rep=30, index=1): {'trial': 'standard', 'file': "soundFiles/250Hz_44100Hz_16bit_05sec.wav'", 'corrAns': 'None', 'tone': 1000}
708.8559 	EXP 	fixation: autoDraw = False
708.8559 	EXP 	fixation: autoDraw = True
712.3451 	EXP 	New trial (rep=30, index=2): {'trial': 'standard', 'file': "soundFiles/250Hz_44100Hz_16bit_05sec.wav'", 'corrAns': 'None', 'tone': 1000}
712.3576 	EXP 	fixation: autoDraw = False
712.3576 	EXP 	fixation: autoDraw = True
715.8438 	EXP 	New trial (rep=30, index=3): {'trial': 'standard', 'file': "soundFiles/250Hz_44100Hz_16bit_05sec.wav'", 'corrAns': 'None', 'tone': 1000}
715.8583 	EXP 	fixation: autoDraw = False
715.8583 	EXP 	fixation: autoDraw = True
719.3457 	EXP 	New trial (rep=30, index=4): {'trial': 'target', 'file': "soundFiles/1200Hz_-3dBFS_3s_44.1kHz.wav'", 'corrAns': 't', 'tone': 2000}
719.3609 	EXP 	fixation: autoDraw = False
719.3609 	EXP 	fixation: autoDraw = True
721.0306 	DATA 	Keypress: t
722.8471 	EXP 	New trial (rep=31, index=0): {'trial': 'standard', 'file': "soundFiles/250Hz_44100Hz_16bit_05sec.wav'", 'corrAns': 'None', 'tone': 1000}
722.8616 	EXP 	fixation: autoDraw = False
722.8616 	EXP 	fixation: autoDraw = True
726.3488 	EXP 	New trial (rep=31, index=1): {'trial': 'standard', 'file': "soundFiles/250Hz_44100Hz_16bit_05sec.wav'", 'corrAns': 'None', 'tone': 1000}
726.3637 	EXP 	fixation: autoDraw = False
726.3637 	EXP 	fixation: autoDraw = True
729.8359 	EXP 	New trial (rep=31, index=2): {'trial': 'target', 'file': "soundFiles/1200Hz_-3dBFS_3s_44.1kHz.wav'", 'corrAns': 't', 'tone': 2000}
729.8480 	EXP 	fixation: autoDraw = False
729.8480 	EXP 	fixation: autoDraw = True
731.6012 	DATA 	Keypress: t
733.3353 	EXP 	New trial (rep=31, index=3): {'trial': 'standard', 'file': "soundFiles/250Hz_44100Hz_16bit_05sec.wav'", 'corrAns': 'None', 'tone': 1000}
733.3494 	EXP 	fixation: autoDraw = False
733.3494 	EXP 	fixation: autoDraw = True
736.8364 	EXP 	New trial (rep=31, index=4): {'trial': 'standard', 'file': "soundFiles/250Hz_44100Hz_16bit_05sec.wav'", 'corrAns': 'None', 'tone': 1000}
736.8511 	EXP 	fixation: autoDraw = False
736.8511 	EXP 	fixation: autoDraw = True
740.3375 	EXP 	New trial (rep=32, index=0): {'trial': 'standard', 'file': "soundFiles/250Hz_44100Hz_16bit_05sec.wav'", 'corrAns': 'None', 'tone': 1000}
740.3525 	EXP 	fixation: autoDraw = False
740.3525 	EXP 	fixation: autoDraw = True
743.8393 	EXP 	New trial (rep=32, index=1): {'trial': 'standard', 'file': "soundFiles/250Hz_44100Hz_16bit_05sec.wav'", 'corrAns': 'None', 'tone': 1000}
743.8541 	EXP 	fixation: autoDraw = False
743.8541 	EXP 	fixation: autoDraw = True
747.3402 	EXP 	New trial (rep=32, index=2): {'trial': 'standard', 'file': "soundFiles/250Hz_44100Hz_16bit_05sec.wav'", 'corrAns': 'None', 'tone': 1000}
747.3553 	EXP 	fixation: autoDraw = False
747.3553 	EXP 	fixation: autoDraw = True
750.8424 	EXP 	New trial (rep=32, index=3): {'trial': 'target', 'file': "soundFiles/1200Hz_-3dBFS_3s_44.1kHz.wav'", 'corrAns': 't', 'tone': 2000}
750.8571 	EXP 	fixation: autoDraw = False
750.8571 	EXP 	fixation: autoDraw = True
752.6778 	DATA 	Keypress: t
754.3441 	EXP 	New trial (rep=32, index=4): {'trial': 'standard', 'file': "soundFiles/250Hz_44100Hz_16bit_05sec.wav'", 'corrAns': 'None', 'tone': 1000}
754.3583 	EXP 	fixation: autoDraw = False
754.3583 	EXP 	fixation: autoDraw = True
757.8449 	EXP 	New trial (rep=33, index=0): {'trial': 'standard', 'file': "soundFiles/250Hz_44100Hz_16bit_05sec.wav'", 'corrAns': 'None', 'tone': 1000}
757.8597 	EXP 	fixation: autoDraw = False
757.8597 	EXP 	fixation: autoDraw = True
761.3466 	EXP 	New trial (rep=33, index=1): {'trial': 'standard', 'file': "soundFiles/250Hz_44100Hz_16bit_05sec.wav'", 'corrAns': 'None', 'tone': 1000}
761.3622 	EXP 	fixation: autoDraw = False
761.3622 	EXP 	fixation: autoDraw = True
764.8479 	EXP 	New trial (rep=33, index=2): {'trial': 'standard', 'file': "soundFiles/250Hz_44100Hz_16bit_05sec.wav'", 'corrAns': 'None', 'tone': 1000}
764.8634 	EXP 	fixation: autoDraw = False
764.8634 	EXP 	fixation: autoDraw = True
768.3503 	EXP 	New trial (rep=33, index=3): {'trial': 'standard', 'file': "soundFiles/250Hz_44100Hz_16bit_05sec.wav'", 'corrAns': 'None', 'tone': 1000}
768.3645 	EXP 	fixation: autoDraw = False
768.3645 	EXP 	fixation: autoDraw = True
771.8514 	EXP 	New trial (rep=33, index=4): {'trial': 'target', 'file': "soundFiles/1200Hz_-3dBFS_3s_44.1kHz.wav'", 'corrAns': 't', 'tone': 2000}
771.8676 	EXP 	fixation: autoDraw = False
771.8676 	EXP 	fixation: autoDraw = True
773.5868 	DATA 	Keypress: t
775.3367 	EXP 	New trial (rep=34, index=0): {'trial': 'target', 'file': "soundFiles/1200Hz_-3dBFS_3s_44.1kHz.wav'", 'corrAns': 't', 'tone': 2000}
775.3508 	EXP 	fixation: autoDraw = False
775.3508 	EXP 	fixation: autoDraw = True
777.2547 	DATA 	Keypress: t
778.8384 	EXP 	New trial (rep=34, index=1): {'trial': 'standard', 'file': "soundFiles/250Hz_44100Hz_16bit_05sec.wav'", 'corrAns': 'None', 'tone': 1000}
778.8522 	EXP 	fixation: autoDraw = False
778.8522 	EXP 	fixation: autoDraw = True
782.3402 	EXP 	New trial (rep=34, index=2): {'trial': 'standard', 'file': "soundFiles/250Hz_44100Hz_16bit_05sec.wav'", 'corrAns': 'None', 'tone': 1000}
782.3536 	EXP 	fixation: autoDraw = False
782.3536 	EXP 	fixation: autoDraw = True
785.8402 	EXP 	New trial (rep=34, index=3): {'trial': 'standard', 'file': "soundFiles/250Hz_44100Hz_16bit_05sec.wav'", 'corrAns': 'None', 'tone': 1000}
785.8561 	EXP 	fixation: autoDraw = False
785.8561 	EXP 	fixation: autoDraw = True
789.3417 	EXP 	New trial (rep=34, index=4): {'trial': 'standard', 'file': "soundFiles/250Hz_44100Hz_16bit_05sec.wav'", 'corrAns': 'None', 'tone': 1000}
789.3565 	EXP 	fixation: autoDraw = False
789.3565 	EXP 	fixation: autoDraw = True
792.8432 	EXP 	New trial (rep=35, index=0): {'trial': 'standard', 'file': "soundFiles/250Hz_44100Hz_16bit_05sec.wav'", 'corrAns': 'None', 'tone': 1000}
792.8586 	EXP 	fixation: autoDraw = False
792.8586 	EXP 	fixation: autoDraw = True
796.3441 	EXP 	New trial (rep=35, index=1): {'trial': 'standard', 'file': "soundFiles/250Hz_44100Hz_16bit_05sec.wav'", 'corrAns': 'None', 'tone': 1000}
796.3591 	EXP 	fixation: autoDraw = False
796.3591 	EXP 	fixation: autoDraw = True
799.8465 	EXP 	New trial (rep=35, index=2): {'trial': 'standard', 'file': "soundFiles/250Hz_44100Hz_16bit_05sec.wav'", 'corrAns': 'None', 'tone': 1000}
799.8611 	EXP 	fixation: autoDraw = False
799.8611 	EXP 	fixation: autoDraw = True
803.3484 	EXP 	New trial (rep=35, index=3): {'trial': 'standard', 'file': "soundFiles/250Hz_44100Hz_16bit_05sec.wav'", 'corrAns': 'None', 'tone': 1000}
803.3627 	EXP 	fixation: autoDraw = False
803.3627 	EXP 	fixation: autoDraw = True
806.8493 	EXP 	New trial (rep=35, index=4): {'trial': 'target', 'file': "soundFiles/1200Hz_-3dBFS_3s_44.1kHz.wav'", 'corrAns': 't', 'tone': 2000}
806.8640 	EXP 	fixation: autoDraw = False
806.8640 	EXP 	fixation: autoDraw = True
808.6349 	DATA 	Keypress: t
810.3347 	EXP 	New trial (rep=36, index=0): {'trial': 'standard', 'file': "soundFiles/250Hz_44100Hz_16bit_05sec.wav'", 'corrAns': 'None', 'tone': 1000}
810.3499 	EXP 	fixation: autoDraw = False
810.3499 	EXP 	fixation: autoDraw = True
813.8359 	EXP 	New trial (rep=36, index=1): {'trial': 'standard', 'file': "soundFiles/250Hz_44100Hz_16bit_05sec.wav'", 'corrAns': 'None', 'tone': 1000}
813.8504 	EXP 	fixation: autoDraw = False
813.8504 	EXP 	fixation: autoDraw = True
817.3372 	EXP 	New trial (rep=36, index=2): {'trial': 'target', 'file': "soundFiles/1200Hz_-3dBFS_3s_44.1kHz.wav'", 'corrAns': 't', 'tone': 2000}
817.3516 	EXP 	fixation: autoDraw = False
817.3516 	EXP 	fixation: autoDraw = True
819.2883 	DATA 	Keypress: t
820.8389 	EXP 	New trial (rep=36, index=3): {'trial': 'standard', 'file': "soundFiles/250Hz_44100Hz_16bit_05sec.wav'", 'corrAns': 'None', 'tone': 1000}
820.8536 	EXP 	fixation: autoDraw = False
820.8536 	EXP 	fixation: autoDraw = True
824.3393 	EXP 	New trial (rep=36, index=4): {'trial': 'standard', 'file': "soundFiles/250Hz_44100Hz_16bit_05sec.wav'", 'corrAns': 'None', 'tone': 1000}
824.3544 	EXP 	fixation: autoDraw = False
824.3544 	EXP 	fixation: autoDraw = True
827.8411 	EXP 	New trial (rep=37, index=0): {'trial': 'standard', 'file': "soundFiles/250Hz_44100Hz_16bit_05sec.wav'", 'corrAns': 'None', 'tone': 1000}
827.8565 	EXP 	fixation: autoDraw = False
827.8565 	EXP 	fixation: autoDraw = True
831.3424 	EXP 	New trial (rep=37, index=1): {'trial': 'target', 'file': "soundFiles/1200Hz_-3dBFS_3s_44.1kHz.wav'", 'corrAns': 't', 'tone': 2000}
831.3577 	EXP 	fixation: autoDraw = False
831.3577 	EXP 	fixation: autoDraw = True
833.0619 	DATA 	Keypress: t
834.8447 	EXP 	New trial (rep=37, index=2): {'trial': 'standard', 'file': "soundFiles/250Hz_44100Hz_16bit_05sec.wav'", 'corrAns': 'None', 'tone': 1000}
834.8595 	EXP 	fixation: autoDraw = False
834.8595 	EXP 	fixation: autoDraw = True
838.3463 	EXP 	New trial (rep=37, index=3): {'trial': 'standard', 'file': "soundFiles/250Hz_44100Hz_16bit_05sec.wav'", 'corrAns': 'None', 'tone': 1000}
838.3611 	EXP 	fixation: autoDraw = False
838.3611 	EXP 	fixation: autoDraw = True
841.8483 	EXP 	New trial (rep=37, index=4): {'trial': 'standard', 'file': "soundFiles/250Hz_44100Hz_16bit_05sec.wav'", 'corrAns': 'None', 'tone': 1000}
841.8628 	EXP 	fixation: autoDraw = False
841.8628 	EXP 	fixation: autoDraw = True
845.3486 	EXP 	New trial (rep=38, index=0): {'trial': 'standard', 'file': "soundFiles/250Hz_44100Hz_16bit_05sec.wav'", 'corrAns': 'None', 'tone': 1000}
845.3638 	EXP 	fixation: autoDraw = False
845.3638 	EXP 	fixation: autoDraw = True
848.8501 	EXP 	New trial (rep=38, index=1): {'trial': 'standard', 'file': "soundFiles/250Hz_44100Hz_16bit_05sec.wav'", 'corrAns': 'None', 'tone': 1000}
848.8652 	EXP 	fixation: autoDraw = False
848.8652 	EXP 	fixation: autoDraw = True
852.3347 	EXP 	New trial (rep=38, index=2): {'trial': 'standard', 'file': "soundFiles/250Hz_44100Hz_16bit_05sec.wav'", 'corrAns': 'None', 'tone': 1000}
852.3511 	EXP 	fixation: autoDraw = False
852.3511 	EXP 	fixation: autoDraw = True
855.8368 	EXP 	New trial (rep=38, index=3): {'trial': 'target', 'file': "soundFiles/1200Hz_-3dBFS_3s_44.1kHz.wav'", 'corrAns': 't', 'tone': 2000}
855.8520 	EXP 	fixation: autoDraw = False
855.8520 	EXP 	fixation: autoDraw = True
857.5387 	DATA 	Keypress: t
859.3385 	EXP 	New trial (rep=38, index=4): {'trial': 'standard', 'file': "soundFiles/250Hz_44100Hz_16bit_05sec.wav'", 'corrAns': 'None', 'tone': 1000}
859.3529 	EXP 	fixation: autoDraw = False
859.3529 	EXP 	fixation: autoDraw = True
862.8390 	EXP 	New trial (rep=39, index=0): {'trial': 'standard', 'file': "soundFiles/250Hz_44100Hz_16bit_05sec.wav'", 'corrAns': 'None', 'tone': 1000}
862.8542 	EXP 	fixation: autoDraw = False
862.8542 	EXP 	fixation: autoDraw = True
866.3407 	EXP 	New trial (rep=39, index=1): {'trial': 'standard', 'file': "soundFiles/250Hz_44100Hz_16bit_05sec.wav'", 'corrAns': 'None', 'tone': 1000}
866.3563 	EXP 	fixation: autoDraw = False
866.3563 	EXP 	fixation: autoDraw = True
869.8432 	EXP 	New trial (rep=39, index=2): {'trial': 'target', 'file': "soundFiles/1200Hz_-3dBFS_3s_44.1kHz.wav'", 'corrAns': 't', 'tone': 2000}
869.8581 	EXP 	fixation: autoDraw = False
869.8581 	EXP 	fixation: autoDraw = True
871.5957 	DATA 	Keypress: t
873.3449 	EXP 	New trial (rep=39, index=3): {'trial': 'standard', 'file': "soundFiles/250Hz_44100Hz_16bit_05sec.wav'", 'corrAns': 'None', 'tone': 1000}
873.3602 	EXP 	fixation: autoDraw = False
873.3602 	EXP 	fixation: autoDraw = True
876.8464 	EXP 	New trial (rep=39, index=4): {'trial': 'standard', 'file': "soundFiles/250Hz_44100Hz_16bit_05sec.wav'", 'corrAns': 'None', 'tone': 1000}
876.8611 	EXP 	fixation: autoDraw = False
876.8611 	EXP 	fixation: autoDraw = True
880.3476 	EXP 	New trial (rep=40, index=0): {'trial': 'standard', 'file': "soundFiles/250Hz_44100Hz_16bit_05sec.wav'", 'corrAns': 'None', 'tone': 1000}
880.3620 	EXP 	fixation: autoDraw = False
880.3620 	EXP 	fixation: autoDraw = True
883.8488 	EXP 	New trial (rep=40, index=1): {'trial': 'target', 'file': "soundFiles/1200Hz_-3dBFS_3s_44.1kHz.wav'", 'corrAns': 't', 'tone': 2000}
883.8649 	EXP 	fixation: autoDraw = False
883.8649 	EXP 	fixation: autoDraw = True
885.6493 	DATA 	Keypress: t
887.3511 	EXP 	New trial (rep=40, index=2): {'trial': 'standard', 'file': "soundFiles/250Hz_44100Hz_16bit_05sec.wav'", 'corrAns': 'None', 'tone': 1000}
887.3655 	EXP 	fixation: autoDraw = False
887.3655 	EXP 	fixation: autoDraw = True
890.8384 	EXP 	New trial (rep=40, index=3): {'trial': 'standard', 'file': "soundFiles/250Hz_44100Hz_16bit_05sec.wav'", 'corrAns': 'None', 'tone': 1000}
890.8516 	EXP 	fixation: autoDraw = False
890.8516 	EXP 	fixation: autoDraw = True
894.3363 	EXP 	New trial (rep=40, index=4): {'trial': 'standard', 'file': "soundFiles/250Hz_44100Hz_16bit_05sec.wav'", 'corrAns': 'None', 'tone': 1000}
894.3513 	EXP 	fixation: autoDraw = False
894.3513 	EXP 	fixation: autoDraw = True
896.5116 	DATA 	Mouse: Left button down, pos=(359,616)
896.5878 	DATA 	Mouse:  Left button up, pos=(359,616)
897.8382 	EXP 	New trial (rep=41, index=0): {'trial': 'standard', 'file': "soundFiles/250Hz_44100Hz_16bit_05sec.wav'", 'corrAns': 'None', 'tone': 1000}
897.8533 	EXP 	fixation: autoDraw = False
897.8533 	EXP 	fixation: autoDraw = True
901.3396 	EXP 	New trial (rep=41, index=1): {'trial': 'target', 'file': "soundFiles/1200Hz_-3dBFS_3s_44.1kHz.wav'", 'corrAns': 't', 'tone': 2000}
901.3554 	EXP 	fixation: autoDraw = False
901.3554 	EXP 	fixation: autoDraw = True
903.0751 	DATA 	Keypress: t
904.8418 	EXP 	New trial (rep=41, index=2): {'trial': 'standard', 'file': "soundFiles/250Hz_44100Hz_16bit_05sec.wav'", 'corrAns': 'None', 'tone': 1000}
904.8557 	EXP 	fixation: autoDraw = False
904.8557 	EXP 	fixation: autoDraw = True
908.3423 	EXP 	New trial (rep=41, index=3): {'trial': 'standard', 'file': "soundFiles/250Hz_44100Hz_16bit_05sec.wav'", 'corrAns': 'None', 'tone': 1000}
908.3586 	EXP 	fixation: autoDraw = False
908.3586 	EXP 	fixation: autoDraw = True
911.8435 	EXP 	New trial (rep=41, index=4): {'trial': 'standard', 'file': "soundFiles/250Hz_44100Hz_16bit_05sec.wav'", 'corrAns': 'None', 'tone': 1000}
911.8587 	EXP 	fixation: autoDraw = False
911.8587 	EXP 	fixation: autoDraw = True
915.3462 	EXP 	New trial (rep=42, index=0): {'trial': 'standard', 'file': "soundFiles/250Hz_44100Hz_16bit_05sec.wav'", 'corrAns': 'None', 'tone': 1000}
915.3607 	EXP 	fixation: autoDraw = False
915.3607 	EXP 	fixation: autoDraw = True
918.8474 	EXP 	New trial (rep=42, index=1): {'trial': 'standard', 'file': "soundFiles/250Hz_44100Hz_16bit_05sec.wav'", 'corrAns': 'None', 'tone': 1000}
918.8620 	EXP 	fixation: autoDraw = False
918.8620 	EXP 	fixation: autoDraw = True
922.3491 	EXP 	New trial (rep=42, index=2): {'trial': 'target', 'file': "soundFiles/1200Hz_-3dBFS_3s_44.1kHz.wav'", 'corrAns': 't', 'tone': 2000}
922.3640 	EXP 	fixation: autoDraw = False
922.3640 	EXP 	fixation: autoDraw = True
924.1007 	DATA 	Keypress: t
925.8497 	EXP 	New trial (rep=42, index=3): {'trial': 'standard', 'file': "soundFiles/250Hz_44100Hz_16bit_05sec.wav'", 'corrAns': 'None', 'tone': 1000}
925.8652 	EXP 	fixation: autoDraw = False
925.8652 	EXP 	fixation: autoDraw = True
929.3342 	EXP 	New trial (rep=42, index=4): {'trial': 'standard', 'file': "soundFiles/250Hz_44100Hz_16bit_05sec.wav'", 'corrAns': 'None', 'tone': 1000}
929.3492 	EXP 	fixation: autoDraw = False
929.3492 	EXP 	fixation: autoDraw = True
932.8363 	EXP 	New trial (rep=43, index=0): {'trial': 'standard', 'file': "soundFiles/250Hz_44100Hz_16bit_05sec.wav'", 'corrAns': 'None', 'tone': 1000}
932.8508 	EXP 	fixation: autoDraw = False
932.8508 	EXP 	fixation: autoDraw = True
936.3378 	EXP 	New trial (rep=43, index=1): {'trial': 'standard', 'file': "soundFiles/250Hz_44100Hz_16bit_05sec.wav'", 'corrAns': 'None', 'tone': 1000}
936.3525 	EXP 	fixation: autoDraw = False
936.3525 	EXP 	fixation: autoDraw = True
939.8393 	EXP 	New trial (rep=43, index=2): {'trial': 'target', 'file': "soundFiles/1200Hz_-3dBFS_3s_44.1kHz.wav'", 'corrAns': 't', 'tone': 2000}
939.8543 	EXP 	fixation: autoDraw = False
939.8543 	EXP 	fixation: autoDraw = True
941.6078 	DATA 	Keypress: t
943.3423 	EXP 	New trial (rep=43, index=3): {'trial': 'standard', 'file': "soundFiles/250Hz_44100Hz_16bit_05sec.wav'", 'corrAns': 'None', 'tone': 1000}
943.3568 	EXP 	fixation: autoDraw = False
943.3568 	EXP 	fixation: autoDraw = True
946.8426 	EXP 	New trial (rep=43, index=4): {'trial': 'standard', 'file': "soundFiles/250Hz_44100Hz_16bit_05sec.wav'", 'corrAns': 'None', 'tone': 1000}
946.8573 	EXP 	fixation: autoDraw = False
946.8573 	EXP 	fixation: autoDraw = True
950.3442 	EXP 	New trial (rep=44, index=0): {'trial': 'standard', 'file': "soundFiles/250Hz_44100Hz_16bit_05sec.wav'", 'corrAns': 'None', 'tone': 1000}
950.3594 	EXP 	fixation: autoDraw = False
950.3594 	EXP 	fixation: autoDraw = True
953.8446 	EXP 	New trial (rep=44, index=1): {'trial': 'standard', 'file': "soundFiles/250Hz_44100Hz_16bit_05sec.wav'", 'corrAns': 'None', 'tone': 1000}
953.8603 	EXP 	fixation: autoDraw = False
953.8603 	EXP 	fixation: autoDraw = True
957.3491 	EXP 	New trial (rep=44, index=2): {'trial': 'standard', 'file': "soundFiles/250Hz_44100Hz_16bit_05sec.wav'", 'corrAns': 'None', 'tone': 1000}
957.3647 	EXP 	fixation: autoDraw = False
957.3647 	EXP 	fixation: autoDraw = True
960.8482 	EXP 	New trial (rep=44, index=3): {'trial': 'standard', 'file': "soundFiles/250Hz_44100Hz_16bit_05sec.wav'", 'corrAns': 'None', 'tone': 1000}
960.8632 	EXP 	fixation: autoDraw = False
960.8632 	EXP 	fixation: autoDraw = True
964.3523 	EXP 	New trial (rep=44, index=4): {'trial': 'target', 'file': "soundFiles/1200Hz_-3dBFS_3s_44.1kHz.wav'", 'corrAns': 't', 'tone': 2000}
964.3656 	EXP 	fixation: autoDraw = False
964.3656 	EXP 	fixation: autoDraw = True
966.0686 	DATA 	Keypress: t
967.8353 	EXP 	New trial (rep=45, index=0): {'trial': 'standard', 'file': "soundFiles/250Hz_44100Hz_16bit_05sec.wav'", 'corrAns': 'None', 'tone': 1000}
967.8495 	EXP 	fixation: autoDraw = False
967.8495 	EXP 	fixation: autoDraw = True
971.3358 	EXP 	New trial (rep=45, index=1): {'trial': 'standard', 'file': "soundFiles/250Hz_44100Hz_16bit_05sec.wav'", 'corrAns': 'None', 'tone': 1000}
971.3528 	EXP 	fixation: autoDraw = False
971.3528 	EXP 	fixation: autoDraw = True
974.8376 	EXP 	New trial (rep=45, index=2): {'trial': 'target', 'file': "soundFiles/1200Hz_-3dBFS_3s_44.1kHz.wav'", 'corrAns': 't', 'tone': 2000}
974.8524 	EXP 	fixation: autoDraw = False
974.8524 	EXP 	fixation: autoDraw = True
976.6391 	DATA 	Keypress: t
978.3396 	EXP 	New trial (rep=45, index=3): {'trial': 'standard', 'file': "soundFiles/250Hz_44100Hz_16bit_05sec.wav'", 'corrAns': 'None', 'tone': 1000}
978.3551 	EXP 	fixation: autoDraw = False
978.3551 	EXP 	fixation: autoDraw = True
981.8400 	EXP 	New trial (rep=45, index=4): {'trial': 'standard', 'file': "soundFiles/250Hz_44100Hz_16bit_05sec.wav'", 'corrAns': 'None', 'tone': 1000}
981.8548 	EXP 	fixation: autoDraw = False
981.8548 	EXP 	fixation: autoDraw = True
985.3431 	EXP 	New trial (rep=46, index=0): {'trial': 'standard', 'file': "soundFiles/250Hz_44100Hz_16bit_05sec.wav'", 'corrAns': 'None', 'tone': 1000}
985.3569 	EXP 	fixation: autoDraw = False
985.3569 	EXP 	fixation: autoDraw = True
988.8438 	EXP 	New trial (rep=46, index=1): {'trial': 'standard', 'file': "soundFiles/250Hz_44100Hz_16bit_05sec.wav'", 'corrAns': 'None', 'tone': 1000}
988.8581 	EXP 	fixation: autoDraw = False
988.8581 	EXP 	fixation: autoDraw = True
992.3454 	EXP 	New trial (rep=46, index=2): {'trial': 'target', 'file': "soundFiles/1200Hz_-3dBFS_3s_44.1kHz.wav'", 'corrAns': 't', 'tone': 2000}
992.3604 	EXP 	fixation: autoDraw = False
992.3604 	EXP 	fixation: autoDraw = True
994.1642 	DATA 	Keypress: t
995.8471 	EXP 	New trial (rep=46, index=3): {'trial': 'standard', 'file': "soundFiles/250Hz_44100Hz_16bit_05sec.wav'", 'corrAns': 'None', 'tone': 1000}
995.8616 	EXP 	fixation: autoDraw = False
995.8616 	EXP 	fixation: autoDraw = True
999.3492 	EXP 	New trial (rep=46, index=4): {'trial': 'standard', 'file': "soundFiles/250Hz_44100Hz_16bit_05sec.wav'", 'corrAns': 'None', 'tone': 1000}
999.3633 	EXP 	fixation: autoDraw = False
999.3633 	EXP 	fixation: autoDraw = True
1002.8492 	EXP 	New trial (rep=47, index=0): {'trial': 'standard', 'file': "soundFiles/250Hz_44100Hz_16bit_05sec.wav'", 'corrAns': 'None', 'tone': 1000}
1002.8648 	EXP 	fixation: autoDraw = False
1002.8648 	EXP 	fixation: autoDraw = True
1006.3516 	EXP 	New trial (rep=47, index=1): {'trial': 'target', 'file': "soundFiles/1200Hz_-3dBFS_3s_44.1kHz.wav'", 'corrAns': 't', 'tone': 2000}
1006.3665 	EXP 	fixation: autoDraw = False
1006.3665 	EXP 	fixation: autoDraw = True
1008.0562 	DATA 	Keypress: t
1009.8369 	EXP 	New trial (rep=47, index=2): {'trial': 'standard', 'file': "soundFiles/250Hz_44100Hz_16bit_05sec.wav'", 'corrAns': 'None', 'tone': 1000}
1009.8511 	EXP 	fixation: autoDraw = False
1009.8511 	EXP 	fixation: autoDraw = True
1013.3370 	EXP 	New trial (rep=47, index=3): {'trial': 'standard', 'file': "soundFiles/250Hz_44100Hz_16bit_05sec.wav'", 'corrAns': 'None', 'tone': 1000}
1013.3531 	EXP 	fixation: autoDraw = False
1013.3531 	EXP 	fixation: autoDraw = True
1016.8385 	EXP 	New trial (rep=47, index=4): {'trial': 'standard', 'file': "soundFiles/250Hz_44100Hz_16bit_05sec.wav'", 'corrAns': 'None', 'tone': 1000}
1016.8540 	EXP 	fixation: autoDraw = False
1016.8540 	EXP 	fixation: autoDraw = True
1020.3398 	EXP 	New trial (rep=48, index=0): {'trial': 'standard', 'file': "soundFiles/250Hz_44100Hz_16bit_05sec.wav'", 'corrAns': 'None', 'tone': 1000}
1020.3553 	EXP 	fixation: autoDraw = False
1020.3553 	EXP 	fixation: autoDraw = True
1023.8414 	EXP 	New trial (rep=48, index=1): {'trial': 'target', 'file': "soundFiles/1200Hz_-3dBFS_3s_44.1kHz.wav'", 'corrAns': 't', 'tone': 2000}
1023.8562 	EXP 	fixation: autoDraw = False
1023.8562 	EXP 	fixation: autoDraw = True
1025.6098 	DATA 	Keypress: t
1027.3436 	EXP 	New trial (rep=48, index=2): {'trial': 'standard', 'file': "soundFiles/250Hz_44100Hz_16bit_05sec.wav'", 'corrAns': 'None', 'tone': 1000}
1027.3599 	EXP 	fixation: autoDraw = False
1027.3599 	EXP 	fixation: autoDraw = True
1030.8454 	EXP 	New trial (rep=48, index=3): {'trial': 'standard', 'file': "soundFiles/250Hz_44100Hz_16bit_05sec.wav'", 'corrAns': 'None', 'tone': 1000}
1030.8593 	EXP 	fixation: autoDraw = False
1030.8593 	EXP 	fixation: autoDraw = True
1034.3490 	EXP 	New trial (rep=48, index=4): {'trial': 'standard', 'file': "soundFiles/250Hz_44100Hz_16bit_05sec.wav'", 'corrAns': 'None', 'tone': 1000}
1034.3616 	EXP 	fixation: autoDraw = False
1034.3616 	EXP 	fixation: autoDraw = True
1037.8471 	EXP 	New trial (rep=49, index=0): {'trial': 'standard', 'file': "soundFiles/250Hz_44100Hz_16bit_05sec.wav'", 'corrAns': 'None', 'tone': 1000}
1037.8634 	EXP 	fixation: autoDraw = False
1037.8634 	EXP 	fixation: autoDraw = True
1041.3492 	EXP 	New trial (rep=49, index=1): {'trial': 'standard', 'file': "soundFiles/250Hz_44100Hz_16bit_05sec.wav'", 'corrAns': 'None', 'tone': 1000}
1041.3645 	EXP 	fixation: autoDraw = False
1041.3645 	EXP 	fixation: autoDraw = True
1044.8505 	EXP 	New trial (rep=49, index=2): {'trial': 'standard', 'file': "soundFiles/250Hz_44100Hz_16bit_05sec.wav'", 'corrAns': 'None', 'tone': 1000}
1044.8652 	EXP 	fixation: autoDraw = False
1044.8652 	EXP 	fixation: autoDraw = True
1048.3360 	EXP 	New trial (rep=49, index=3): {'trial': 'standard', 'file': "soundFiles/250Hz_44100Hz_16bit_05sec.wav'", 'corrAns': 'None', 'tone': 1000}
1048.3507 	EXP 	fixation: autoDraw = False
1048.3507 	EXP 	fixation: autoDraw = True
1051.8372 	EXP 	New trial (rep=49, index=4): {'trial': 'target', 'file': "soundFiles/1200Hz_-3dBFS_3s_44.1kHz.wav'", 'corrAns': 't', 'tone': 2000}
1051.8518 	EXP 	fixation: autoDraw = False
1051.8518 	EXP 	fixation: autoDraw = True
1053.7381 	DATA 	Keypress: t
1055.3406 	EXP 	New trial (rep=50, index=0): {'trial': 'standard', 'file': "soundFiles/250Hz_44100Hz_16bit_05sec.wav'", 'corrAns': 'None', 'tone': 1000}
1055.3536 	EXP 	fixation: autoDraw = False
1055.3536 	EXP 	fixation: autoDraw = True
1058.8414 	EXP 	New trial (rep=50, index=1): {'trial': 'standard', 'file': "soundFiles/250Hz_44100Hz_16bit_05sec.wav'", 'corrAns': 'None', 'tone': 1000}
1058.8555 	EXP 	fixation: autoDraw = False
1058.8555 	EXP 	fixation: autoDraw = True
1062.3412 	EXP 	New trial (rep=50, index=2): {'trial': 'standard', 'file': "soundFiles/250Hz_44100Hz_16bit_05sec.wav'", 'corrAns': 'None', 'tone': 1000}
1062.3564 	EXP 	fixation: autoDraw = False
1062.3564 	EXP 	fixation: autoDraw = True
1065.8432 	EXP 	New trial (rep=50, index=3): {'trial': 'target', 'file': "soundFiles/1200Hz_-3dBFS_3s_44.1kHz.wav'", 'corrAns': 't', 'tone': 2000}
1065.8575 	EXP 	fixation: autoDraw = False
1065.8575 	EXP 	fixation: autoDraw = True
1067.8102 	DATA 	Keypress: t
1069.3446 	EXP 	New trial (rep=50, index=4): {'trial': 'standard', 'file': "soundFiles/250Hz_44100Hz_16bit_05sec.wav'", 'corrAns': 'None', 'tone': 1000}
1069.3603 	EXP 	fixation: autoDraw = False
1069.3603 	EXP 	fixation: autoDraw = True
1072.8455 	EXP 	New trial (rep=51, index=0): {'trial': 'standard', 'file': "soundFiles/250Hz_44100Hz_16bit_05sec.wav'", 'corrAns': 'None', 'tone': 1000}
1072.8606 	EXP 	fixation: autoDraw = False
1072.8606 	EXP 	fixation: autoDraw = True
1076.3469 	EXP 	New trial (rep=51, index=1): {'trial': 'standard', 'file': "soundFiles/250Hz_44100Hz_16bit_05sec.wav'", 'corrAns': 'None', 'tone': 1000}
1076.3629 	EXP 	fixation: autoDraw = False
1076.3629 	EXP 	fixation: autoDraw = True
1079.8500 	EXP 	New trial (rep=51, index=2): {'trial': 'target', 'file': "soundFiles/1200Hz_-3dBFS_3s_44.1kHz.wav'", 'corrAns': 't', 'tone': 2000}
1079.8640 	EXP 	fixation: autoDraw = False
1079.8640 	EXP 	fixation: autoDraw = True
1081.5840 	DATA 	Keypress: t
1083.3522 	EXP 	New trial (rep=51, index=3): {'trial': 'standard', 'file': "soundFiles/250Hz_44100Hz_16bit_05sec.wav'", 'corrAns': 'None', 'tone': 1000}
1083.3659 	EXP 	fixation: autoDraw = False
1083.3659 	EXP 	fixation: autoDraw = True
1086.8353 	EXP 	New trial (rep=51, index=4): {'trial': 'standard', 'file': "soundFiles/250Hz_44100Hz_16bit_05sec.wav'", 'corrAns': 'None', 'tone': 1000}
1086.8499 	EXP 	fixation: autoDraw = False
1086.8499 	EXP 	fixation: autoDraw = True
1090.3366 	EXP 	New trial (rep=52, index=0): {'trial': 'standard', 'file': "soundFiles/250Hz_44100Hz_16bit_05sec.wav'", 'corrAns': 'None', 'tone': 1000}
1090.3524 	EXP 	fixation: autoDraw = False
1090.3524 	EXP 	fixation: autoDraw = True
1093.8378 	EXP 	New trial (rep=52, index=1): {'trial': 'standard', 'file': "soundFiles/250Hz_44100Hz_16bit_05sec.wav'", 'corrAns': 'None', 'tone': 1000}
1093.8528 	EXP 	fixation: autoDraw = False
1093.8528 	EXP 	fixation: autoDraw = True
1097.3401 	EXP 	New trial (rep=52, index=2): {'trial': 'standard', 'file': "soundFiles/250Hz_44100Hz_16bit_05sec.wav'", 'corrAns': 'None', 'tone': 1000}
1097.3550 	EXP 	fixation: autoDraw = False
1097.3550 	EXP 	fixation: autoDraw = True
1100.8405 	EXP 	New trial (rep=52, index=3): {'trial': 'standard', 'file': "soundFiles/250Hz_44100Hz_16bit_05sec.wav'", 'corrAns': 'None', 'tone': 1000}
1100.8563 	EXP 	fixation: autoDraw = False
1100.8563 	EXP 	fixation: autoDraw = True
1104.3427 	EXP 	New trial (rep=52, index=4): {'trial': 'target', 'file': "soundFiles/1200Hz_-3dBFS_3s_44.1kHz.wav'", 'corrAns': 't', 'tone': 2000}
1104.3577 	EXP 	fixation: autoDraw = False
1104.3577 	EXP 	fixation: autoDraw = True
1106.1105 	DATA 	Keypress: t
1107.8439 	EXP 	New trial (rep=53, index=0): {'trial': 'standard', 'file': "soundFiles/250Hz_44100Hz_16bit_05sec.wav'", 'corrAns': 'None', 'tone': 1000}
1107.8597 	EXP 	fixation: autoDraw = False
1107.8597 	EXP 	fixation: autoDraw = True
1111.3454 	EXP 	New trial (rep=53, index=1): {'trial': 'standard', 'file': "soundFiles/250Hz_44100Hz_16bit_05sec.wav'", 'corrAns': 'None', 'tone': 1000}
1111.3609 	EXP 	fixation: autoDraw = False
1111.3609 	EXP 	fixation: autoDraw = True
1114.8477 	EXP 	New trial (rep=53, index=2): {'trial': 'standard', 'file': "soundFiles/250Hz_44100Hz_16bit_05sec.wav'", 'corrAns': 'None', 'tone': 1000}
1114.8620 	EXP 	fixation: autoDraw = False
1114.8620 	EXP 	fixation: autoDraw = True
1118.3495 	EXP 	New trial (rep=53, index=3): {'trial': 'standard', 'file': "soundFiles/250Hz_44100Hz_16bit_05sec.wav'", 'corrAns': 'None', 'tone': 1000}
1118.3636 	EXP 	fixation: autoDraw = False
1118.3636 	EXP 	fixation: autoDraw = True
1121.8499 	EXP 	New trial (rep=53, index=4): {'trial': 'target', 'file': "soundFiles/1200Hz_-3dBFS_3s_44.1kHz.wav'", 'corrAns': 't', 'tone': 2000}
1121.8650 	EXP 	fixation: autoDraw = False
1121.8650 	EXP 	fixation: autoDraw = True
1123.5673 	DATA 	Keypress: t
1125.3357 	EXP 	New trial (rep=54, index=0): {'trial': 'standard', 'file': "soundFiles/250Hz_44100Hz_16bit_05sec.wav'", 'corrAns': 'None', 'tone': 1000}
1125.3508 	EXP 	fixation: autoDraw = False
1125.3508 	EXP 	fixation: autoDraw = True
1128.8374 	EXP 	New trial (rep=54, index=1): {'trial': 'standard', 'file': "soundFiles/250Hz_44100Hz_16bit_05sec.wav'", 'corrAns': 'None', 'tone': 1000}
1128.8518 	EXP 	fixation: autoDraw = False
1128.8518 	EXP 	fixation: autoDraw = True
1132.3379 	EXP 	New trial (rep=54, index=2): {'trial': 'standard', 'file': "soundFiles/250Hz_44100Hz_16bit_05sec.wav'", 'corrAns': 'None', 'tone': 1000}
1132.3531 	EXP 	fixation: autoDraw = False
1132.3531 	EXP 	fixation: autoDraw = True
1135.8387 	EXP 	New trial (rep=54, index=3): {'trial': 'standard', 'file': "soundFiles/250Hz_44100Hz_16bit_05sec.wav'", 'corrAns': 'None', 'tone': 1000}
1135.8540 	EXP 	fixation: autoDraw = False
1135.8540 	EXP 	fixation: autoDraw = True
1139.3405 	EXP 	New trial (rep=54, index=4): {'trial': 'target', 'file': "soundFiles/1200Hz_-3dBFS_3s_44.1kHz.wav'", 'corrAns': 't', 'tone': 2000}
1139.3562 	EXP 	fixation: autoDraw = False
1139.3562 	EXP 	fixation: autoDraw = True
1141.1092 	DATA 	Keypress: t
1142.8465 	EXP 	New trial (rep=55, index=0): {'trial': 'standard', 'file': "soundFiles/250Hz_44100Hz_16bit_05sec.wav'", 'corrAns': 'None', 'tone': 1000}
1142.8574 	EXP 	fixation: autoDraw = False
1142.8574 	EXP 	fixation: autoDraw = True
1146.3436 	EXP 	New trial (rep=55, index=1): {'trial': 'standard', 'file': "soundFiles/250Hz_44100Hz_16bit_05sec.wav'", 'corrAns': 'None', 'tone': 1000}
1146.3594 	EXP 	fixation: autoDraw = False
1146.3594 	EXP 	fixation: autoDraw = True
1149.8457 	EXP 	New trial (rep=55, index=2): {'trial': 'standard', 'file': "soundFiles/250Hz_44100Hz_16bit_05sec.wav'", 'corrAns': 'None', 'tone': 1000}
1149.8603 	EXP 	fixation: autoDraw = False
1149.8603 	EXP 	fixation: autoDraw = True
1153.3470 	EXP 	New trial (rep=55, index=3): {'trial': 'target', 'file': "soundFiles/1200Hz_-3dBFS_3s_44.1kHz.wav'", 'corrAns': 't', 'tone': 2000}
1153.3628 	EXP 	fixation: autoDraw = False
1153.3628 	EXP 	fixation: autoDraw = True
1155.0862 	DATA 	Keypress: t
1156.8481 	EXP 	New trial (rep=55, index=4): {'trial': 'standard', 'file': "soundFiles/250Hz_44100Hz_16bit_05sec.wav'", 'corrAns': 'None', 'tone': 1000}
1156.8633 	EXP 	fixation: autoDraw = False
1156.8633 	EXP 	fixation: autoDraw = True
1160.3508 	EXP 	New trial (rep=56, index=0): {'trial': 'standard', 'file': "soundFiles/250Hz_44100Hz_16bit_05sec.wav'", 'corrAns': 'None', 'tone': 1000}
1160.3661 	EXP 	fixation: autoDraw = False
1160.3661 	EXP 	fixation: autoDraw = True
1163.8346 	EXP 	New trial (rep=56, index=1): {'trial': 'standard', 'file': "soundFiles/250Hz_44100Hz_16bit_05sec.wav'", 'corrAns': 'None', 'tone': 1000}
1163.8495 	EXP 	fixation: autoDraw = False
1163.8495 	EXP 	fixation: autoDraw = True
1167.3356 	EXP 	New trial (rep=56, index=2): {'trial': 'standard', 'file': "soundFiles/250Hz_44100Hz_16bit_05sec.wav'", 'corrAns': 'None', 'tone': 1000}
1167.3511 	EXP 	fixation: autoDraw = False
1167.3511 	EXP 	fixation: autoDraw = True
1170.8372 	EXP 	New trial (rep=56, index=3): {'trial': 'standard', 'file': "soundFiles/250Hz_44100Hz_16bit_05sec.wav'", 'corrAns': 'None', 'tone': 1000}
1170.8533 	EXP 	fixation: autoDraw = False
1170.8533 	EXP 	fixation: autoDraw = True
1174.3393 	EXP 	New trial (rep=56, index=4): {'trial': 'target', 'file': "soundFiles/1200Hz_-3dBFS_3s_44.1kHz.wav'", 'corrAns': 't', 'tone': 2000}
1174.3538 	EXP 	fixation: autoDraw = False
1174.3538 	EXP 	fixation: autoDraw = True
1176.1414 	DATA 	Keypress: t
1177.8411 	EXP 	New trial (rep=57, index=0): {'trial': 'standard', 'file': "soundFiles/250Hz_44100Hz_16bit_05sec.wav'", 'corrAns': 'None', 'tone': 1000}
1177.8559 	EXP 	fixation: autoDraw = False
1177.8559 	EXP 	fixation: autoDraw = True
1181.3416 	EXP 	New trial (rep=57, index=1): {'trial': 'standard', 'file': "soundFiles/250Hz_44100Hz_16bit_05sec.wav'", 'corrAns': 'None', 'tone': 1000}
1181.3577 	EXP 	fixation: autoDraw = False
1181.3577 	EXP 	fixation: autoDraw = True
1184.8440 	EXP 	New trial (rep=57, index=2): {'trial': 'target', 'file': "soundFiles/1200Hz_-3dBFS_3s_44.1kHz.wav'", 'corrAns': 't', 'tone': 2000}
1184.8586 	EXP 	fixation: autoDraw = False
1184.8586 	EXP 	fixation: autoDraw = True
1186.5955 	DATA 	Keypress: t
1188.3452 	EXP 	New trial (rep=57, index=3): {'trial': 'standard', 'file': "soundFiles/250Hz_44100Hz_16bit_05sec.wav'", 'corrAns': 'None', 'tone': 1000}
1188.3603 	EXP 	fixation: autoDraw = False
1188.3603 	EXP 	fixation: autoDraw = True
1191.8461 	EXP 	New trial (rep=57, index=4): {'trial': 'standard', 'file': "soundFiles/250Hz_44100Hz_16bit_05sec.wav'", 'corrAns': 'None', 'tone': 1000}
1191.8620 	EXP 	fixation: autoDraw = False
1191.8620 	EXP 	fixation: autoDraw = True
1195.3481 	EXP 	New trial (rep=58, index=0): {'trial': 'standard', 'file': "soundFiles/250Hz_44100Hz_16bit_05sec.wav'", 'corrAns': 'None', 'tone': 1000}
1195.3633 	EXP 	fixation: autoDraw = False
1195.3633 	EXP 	fixation: autoDraw = True
1198.8488 	EXP 	New trial (rep=58, index=1): {'trial': 'standard', 'file': "soundFiles/250Hz_44100Hz_16bit_05sec.wav'", 'corrAns': 'None', 'tone': 1000}
1198.8641 	EXP 	fixation: autoDraw = False
1198.8641 	EXP 	fixation: autoDraw = True
1202.3550 	EXP 	New trial (rep=58, index=2): {'trial': 'target', 'file': "soundFiles/1200Hz_-3dBFS_3s_44.1kHz.wav'", 'corrAns': 't', 'tone': 2000}
1202.3660 	EXP 	fixation: autoDraw = False
1202.3660 	EXP 	fixation: autoDraw = True
1204.1189 	DATA 	Keypress: t
1205.8375 	EXP 	New trial (rep=58, index=3): {'trial': 'standard', 'file': "soundFiles/250Hz_44100Hz_16bit_05sec.wav'", 'corrAns': 'None', 'tone': 1000}
1205.8507 	EXP 	fixation: autoDraw = False
1205.8507 	EXP 	fixation: autoDraw = True
1209.3370 	EXP 	New trial (rep=58, index=4): {'trial': 'standard', 'file': "soundFiles/250Hz_44100Hz_16bit_05sec.wav'", 'corrAns': 'None', 'tone': 1000}
1209.3529 	EXP 	fixation: autoDraw = False
1209.3529 	EXP 	fixation: autoDraw = True
1212.8387 	EXP 	New trial (rep=59, index=0): {'trial': 'standard', 'file': "soundFiles/250Hz_44100Hz_16bit_05sec.wav'", 'corrAns': 'None', 'tone': 1000}
1212.8540 	EXP 	fixation: autoDraw = False
1212.8540 	EXP 	fixation: autoDraw = True
1216.3398 	EXP 	New trial (rep=59, index=1): {'trial': 'standard', 'file': "soundFiles/250Hz_44100Hz_16bit_05sec.wav'", 'corrAns': 'None', 'tone': 1000}
1216.3550 	EXP 	fixation: autoDraw = False
1216.3550 	EXP 	fixation: autoDraw = True
1219.8444 	EXP 	New trial (rep=59, index=2): {'trial': 'standard', 'file': "soundFiles/250Hz_44100Hz_16bit_05sec.wav'", 'corrAns': 'None', 'tone': 1000}
1219.8571 	EXP 	fixation: autoDraw = False
1219.8571 	EXP 	fixation: autoDraw = True
1223.3427 	EXP 	New trial (rep=59, index=3): {'trial': 'standard', 'file': "soundFiles/250Hz_44100Hz_16bit_05sec.wav'", 'corrAns': 'None', 'tone': 1000}
1223.3589 	EXP 	fixation: autoDraw = False
1223.3589 	EXP 	fixation: autoDraw = True
1226.8445 	EXP 	New trial (rep=59, index=4): {'trial': 'target', 'file': "soundFiles/1200Hz_-3dBFS_3s_44.1kHz.wav'", 'corrAns': 't', 'tone': 2000}
1226.8602 	EXP 	fixation: autoDraw = False
1226.8602 	EXP 	fixation: autoDraw = True
1228.6799 	DATA 	Keypress: t
1230.3624 	EXP 	fixation: autoDraw = False
1230.3624 	EXP 	thank_you: autoDraw = True
1233.3625 	EXP 	thank_you: autoDraw = False
1238.7066 	DATA 	Mouse: Left button down, pos=(631,246)
1238.7683 	DATA 	Mouse:  Left button up, pos=(631,246)
1240.5174 	DATA 	Keypress: e
1240.5320 	EXP 	thank_you: autoDraw = False
1240.6776 	EXP 	window1: mouseVisible = True
