7.9161 	EXP 	Created window1 = Window(allowGUI=True, allowStencil=False, autoLog=True, backendConf=UNKNOWN, backgroundFit=<method-wrapper '__getattribute__' of attributeSetter object at 0x000001FDA053FE20>, backgroundImage=<method-wrapper '__getattribute__' of attributeSetter object at 0x000001FDA053FDC0>, bitsMode=UNKNOWN, blendMode='avg', bpc=(8, 8, 8), color=array([0, 0, 0]), colorSpace='rgb', depthBits=8, fullscr=<method-wrapper '__getattribute__' of attributeSetter object at 0x000001FDA053FBE0>, gamma=None, gammaErrorPolicy='raise', lms=UNKNOWN, monitor=<psychopy.monitors.calibTools.Monitor object at 0x000001FDA4E46880>, multiSample=False, name='window1', numSamples=2, pos=(0, 0), screen=0, size=array([1920, 1080]), stencilBits=0, stereo=False, title='PsychoPy', units='height', useFBO=True, useRetina=False, viewOri=0.0, viewPos=None, viewScale=None, waitBlanking=True, winType='pyglet')
7.9161 	EXP 	window1: mouseVisible = True
7.9161 	EXP 	window1: backgroundImage = ''
7.9162 	EXP 	window1: backgroundFit = 'none'
7.9175 	EXP 	window1: Attempting to measure frame rate of screen (0) ...
7.9176 	EXP 	window1: recordFrameIntervals = False
8.0821 	EXP 	window1: recordFrameIntervals = True
8.2655 	EXP 	Screen (0) actual frame rate measured at 60.05Hz
8.2656 	EXP 	window1: recordFrameIntervals = False
8.2656 	EXP 	window1: mouseVisible = True
8.2928 	WARNING 	launchHubServer: If using the iohub mouse or eyetracker devices, fullScr should be True.
10.5762 	EXP 	Oddball_task: status = STARTED
10.5765 	EXP 	window1: mouseVisible = True
10.6465 	EXP 	Created instructions = TextStim(__class__=<class 'psychopy.visual.text.TextStim'>, alignHoriz=method-wrapper(...), alignText='center', alignVert=method-wrapper(...), anchorHoriz='center', anchorVert='center', antialias=True, autoDraw=False, autoLog=True, bold=False, color=array([1., 1., 1.]), colorSpace='rgb', contrast=1.0, depth=0.0, draggable=False, flipHoriz=False, flipVert=False, font='Arial', fontFiles=[], height=0.05, italic=False, languageStyle='LTR', name='instructions', opacity=1.0, ori=0, pos=array([0., 0.]), rgb=UNKNOWN, text=str(...), units='height', win=Window(...), wrapWidth=1)
10.6525 	EXP 	window1: mouseVisible = True
10.6562 	EXP 	Created fixation = TextStim(__class__=<class 'psychopy.visual.text.TextStim'>, alignHoriz=method-wrapper(...), alignText='center', alignVert=method-wrapper(...), anchorHoriz='center', anchorVert='center', antialias=True, autoDraw=False, autoLog=True, bold=False, color=array([1., 1., 1.]), colorSpace='rgb', contrast=1.0, depth=0.0, draggable=False, flipHoriz=False, flipVert=False, font='Arial', fontFiles=[], height=0.05, italic=False, languageStyle='LTR', name='fixation', opacity=1.0, ori=0, pos=array([0., 0.]), rgb=UNKNOWN, text='+', units='height', win=Window(...), wrapWidth=1)
10.8376 	EXP 	Sound sound_1 set volume 0.800
10.8377 	EXP 	window1: mouseVisible = True
10.8394 	EXP 	Created feedback_text = TextStim(__class__=<class 'psychopy.visual.text.TextStim'>, alignHoriz=method-wrapper(...), alignText='center', alignVert=method-wrapper(...), anchorHoriz='center', anchorVert='center', antialias=True, autoDraw=False, autoLog=True, bold=False, color=array([1., 1., 1.]), colorSpace='rgb', contrast=1.0, depth=-1.0, draggable=False, flipHoriz=False, flipVert=False, font='Arial', fontFiles=[], height=0.05, italic=False, languageStyle='LTR', name='feedback_text', opacity=1.0, ori=0, pos=array([0., 0.]), rgb=UNKNOWN, text='', units='height', win=Window(...), wrapWidth=1)
10.8396 	EXP 	window1: mouseVisible = True
10.8545 	EXP 	Created instructions_2 = TextStim(__class__=<class 'psychopy.visual.text.TextStim'>, alignHoriz=method-wrapper(...), alignText='center', alignVert=method-wrapper(...), anchorHoriz='center', anchorVert='center', antialias=True, autoDraw=False, autoLog=True, bold=False, color=array([1., 1., 1.]), colorSpace='rgb', contrast=1.0, depth=0.0, draggable=False, flipHoriz=False, flipVert=False, font='Arial', fontFiles=[], height=0.05, italic=False, languageStyle='LTR', name='instructions_2', opacity=1.0, ori=0, pos=array([0., 0.]), rgb=UNKNOWN, text=str(...), units='height', win=Window(...), wrapWidth=1)
10.8546 	EXP 	window1: mouseVisible = True
10.8573 	EXP 	Created fixation = TextStim(__class__=<class 'psychopy.visual.text.TextStim'>, alignHoriz=method-wrapper(...), alignText='center', alignVert=method-wrapper(...), anchorHoriz='center', anchorVert='center', antialias=True, autoDraw=False, autoLog=True, bold=False, color=array([1., 1., 1.]), colorSpace='rgb', contrast=1.0, depth=0.0, draggable=False, flipHoriz=False, flipVert=False, font='Arial', fontFiles=[], height=0.05, italic=False, languageStyle='LTR', name='fixation', opacity=1.0, ori=0, pos=array([0., 0.]), rgb=UNKNOWN, text='+', units='height', win=Window(...), wrapWidth=1)
10.8588 	EXP 	Sound sound_1 set volume 0.800
10.8590 	EXP 	window1: mouseVisible = True
10.8644 	EXP 	Created thank_you = TextStim(__class__=<class 'psychopy.visual.text.TextStim'>, alignHoriz=method-wrapper(...), alignText='center', alignVert=method-wrapper(...), anchorHoriz='center', anchorVert='center', antialias=True, autoDraw=False, autoLog=True, bold=False, color=array([1., 1., 1.]), colorSpace='rgb', contrast=1.0, depth=0.0, draggable=False, flipHoriz=False, flipVert=False, font='Arial', fontFiles=[], height=0.05, italic=False, languageStyle='LTR', name='thank_you', opacity=1.0, ori=0, pos=array([0., 0.]), rgb=UNKNOWN, text=str(...), units='height', win=Window(...), wrapWidth=1)
0.0321 	EXP 	instructions: autoDraw = True
1.4695 	EXP 	Imported aud_conditions.xlsx as conditions, 4 conditions, 4 params
1.4699 	EXP 	Created sequence: fullRandom, trialTypes=4, nReps=1, seed=None
1.4700 	EXP 	New trial (rep=0, index=0): {'trial': 'standard', 'file': "soundFiles/1000Hz_-3dBFS_3s_44.1kHz.wav'", 'corrAns': 's', 'tone': 1000}
1.4725 	DATA 	Keypress: space
1.4802 	EXP 	instructions: autoDraw = False
1.4802 	EXP 	fixation: autoDraw = True
2.4789 	EXP 	Sound sound_1 started
2.9945 	EXP 	Sound sound_1 stopped
2.9946 	EXP 	Sound sound_1 paused
3.0017 	DATA 	Keypress: s
3.0112 	EXP 	fixation: autoDraw = False
3.0112 	EXP 	feedback_text: height = 0.05
3.0112 	EXP 	feedback_text: height = 0.05
3.0112 	EXP 	feedback_text: height = 0.05
3.0112 	EXP 	feedback_text: text = 'Correct'
3.0112 	EXP 	feedback_text: autoDraw = True
3.9950 	EXP 	New trial (rep=0, index=1): {'trial': 'target', 'file': "soundFiles/1200Hz_-3dBFS_3s_44.1kHz.wav'", 'corrAns': 't', 'tone': 1200}
3.9959 	EXP 	Sound sound_1 reached end of file
4.0109 	EXP 	feedback_text: autoDraw = False
4.0109 	EXP 	feedback_text: autoDraw = False
4.0109 	EXP 	fixation: autoDraw = True
7.9757 	DATA 	Keypress: escape
8.1413 	EXP 	Oddball_task: status = STOPPED
8.1569 	EXP 	fixation: autoDraw = False
8.1569 	EXP 	Oddball_task: status = STOPPED
8.2590 	EXP 	window1: mouseVisible = True
