2.3576 	ERROR 	Support for the `sounddevice` audio backend is not available this session. Please install `psychopy-sounddevice` and restart the session to enable support.
2.3576 	ERROR 	Failed to load any of the audioLibs: ['sounddevice']. Falling back to PsychToolbox ('ptb') backend for sound. Be sure to add 'ptb' to preferences to avoid seeing this message again.
2.4812 	WARNING 	We strongly recommend you activate the PTB sound engine in PsychoPy prefs as the preferred audio engine. Its timing is vastly superior. Your prefs are currently set to use ['sounddevice'] (in that order).
7.8460 	EXP 	Created window1 = Window(allowGUI=True, allowStencil=False, autoLog=True, backendConf=UNKNOWN, backgroundFit=<method-wrapper '__getattribute__' of attributeSetter object at 0x000001A8BA9D8CD0>, backgroundImage=<method-wrapper '__getattribute__' of attributeSetter object at 0x000001A8BA9D8C70>, bitsMode=UNKNOWN, blendMode='avg', bpc=(8, 8, 8), color=array([0, 0, 0]), colorSpace='rgb', depthBits=8, fullscr=<method-wrapper '__getattribute__' of attributeSetter object at 0x000001A8BA9D8AF0>, gamma=None, gammaErrorPolicy='raise', lms=UNKNOWN, monitor=<psychopy.monitors.calibTools.Monitor object at 0x000001A8BAD0A3A0>, multiSample=False, name='window1', numSamples=2, pos=(0, 0), screen=0, size=array([1920, 1080]), stencilBits=0, stereo=False, title='PsychoPy', units='height', useFBO=True, useRetina=False, viewOri=0.0, viewPos=None, viewScale=None, waitBlanking=True, winType='pyglet')
7.8461 	EXP 	window1: mouseVisible = True
7.8461 	EXP 	window1: backgroundImage = ''
7.8461 	EXP 	window1: backgroundFit = 'none'
7.8474 	EXP 	window1: Attempting to measure frame rate of screen (0) ...
7.8474 	EXP 	window1: recordFrameIntervals = False
8.0124 	EXP 	window1: recordFrameIntervals = True
8.1948 	EXP 	Screen (0) actual frame rate measured at 60.43Hz
8.1948 	EXP 	window1: recordFrameIntervals = False
8.1949 	EXP 	window1: mouseVisible = True
8.2235 	WARNING 	launchHubServer: If using the iohub mouse or eyetracker devices, fullScr should be True.
10.5104 	EXP 	Oddball_task: status = STARTED
10.5106 	EXP 	window1: mouseVisible = True
10.5803 	EXP 	Created instructions = TextStim(__class__=<class 'psychopy.visual.text.TextStim'>, alignHoriz=method-wrapper(...), alignText='center', alignVert=method-wrapper(...), anchorHoriz='center', anchorVert='center', antialias=True, autoDraw=False, autoLog=True, bold=False, color=array([1., 1., 1.]), colorSpace='rgb', contrast=1.0, depth=0.0, draggable=False, flipHoriz=False, flipVert=False, font='Arial', fontFiles=[], height=0.05, italic=False, languageStyle='LTR', name='instructions', opacity=1.0, ori=0, pos=array([0., 0.]), rgb=UNKNOWN, text=str(...), units='height', win=Window(...), wrapWidth=1)
10.5862 	EXP 	window1: mouseVisible = True
10.5898 	EXP 	Created fixation = TextStim(__class__=<class 'psychopy.visual.text.TextStim'>, alignHoriz=method-wrapper(...), alignText='center', alignVert=method-wrapper(...), anchorHoriz='center', anchorVert='center', antialias=True, autoDraw=False, autoLog=True, bold=False, color=array([1., 1., 1.]), colorSpace='rgb', contrast=1.0, depth=0.0, draggable=False, flipHoriz=False, flipVert=False, font='Arial', fontFiles=[], height=0.05, italic=False, languageStyle='LTR', name='fixation', opacity=1.0, ori=0, pos=array([0., 0.]), rgb=UNKNOWN, text='+', units='height', win=Window(...), wrapWidth=1)
10.7712 	EXP 	Sound sound_1 set volume 0.800
10.7713 	EXP 	window1: mouseVisible = True
10.7726 	EXP 	Created feedback_text = TextStim(__class__=<class 'psychopy.visual.text.TextStim'>, alignHoriz=method-wrapper(...), alignText='center', alignVert=method-wrapper(...), anchorHoriz='center', anchorVert='center', antialias=True, autoDraw=False, autoLog=True, bold=False, color=array([1., 1., 1.]), colorSpace='rgb', contrast=1.0, depth=-1.0, draggable=False, flipHoriz=False, flipVert=False, font='Arial', fontFiles=[], height=0.05, italic=False, languageStyle='LTR', name='feedback_text', opacity=1.0, ori=0, pos=array([0., 0.]), rgb=UNKNOWN, text='', units='height', win=Window(...), wrapWidth=1)
10.7728 	EXP 	window1: mouseVisible = True
10.7838 	EXP 	Created instructions_2 = TextStim(__class__=<class 'psychopy.visual.text.TextStim'>, alignHoriz=method-wrapper(...), alignText='center', alignVert=method-wrapper(...), anchorHoriz='center', anchorVert='center', antialias=True, autoDraw=False, autoLog=True, bold=False, color=array([1., 1., 1.]), colorSpace='rgb', contrast=1.0, depth=0.0, draggable=False, flipHoriz=False, flipVert=False, font='Arial', fontFiles=[], height=0.05, italic=False, languageStyle='LTR', name='instructions_2', opacity=1.0, ori=0, pos=array([0., 0.]), rgb=UNKNOWN, text=str(...), units='height', win=Window(...), wrapWidth=1)
10.7839 	EXP 	window1: mouseVisible = True
10.7859 	EXP 	Created fixation = TextStim(__class__=<class 'psychopy.visual.text.TextStim'>, alignHoriz=method-wrapper(...), alignText='center', alignVert=method-wrapper(...), anchorHoriz='center', anchorVert='center', antialias=True, autoDraw=False, autoLog=True, bold=False, color=array([1., 1., 1.]), colorSpace='rgb', contrast=1.0, depth=0.0, draggable=False, flipHoriz=False, flipVert=False, font='Arial', fontFiles=[], height=0.05, italic=False, languageStyle='LTR', name='fixation', opacity=1.0, ori=0, pos=array([0., 0.]), rgb=UNKNOWN, text='+', units='height', win=Window(...), wrapWidth=1)
10.7870 	EXP 	Sound sound_1 set volume 0.800
10.7871 	EXP 	window1: mouseVisible = True
10.7919 	EXP 	Created thank_you = TextStim(__class__=<class 'psychopy.visual.text.TextStim'>, alignHoriz=method-wrapper(...), alignText='center', alignVert=method-wrapper(...), anchorHoriz='center', anchorVert='center', antialias=True, autoDraw=False, autoLog=True, bold=False, color=array([1., 1., 1.]), colorSpace='rgb', contrast=1.0, depth=0.0, draggable=False, flipHoriz=False, flipVert=False, font='Arial', fontFiles=[], height=0.05, italic=False, languageStyle='LTR', name='thank_you', opacity=1.0, ori=0, pos=array([0., 0.]), rgb=UNKNOWN, text=str(...), units='height', win=Window(...), wrapWidth=1)
0.0350 	EXP 	instructions: autoDraw = True
1.7217 	EXP 	Imported aud_conditions.xlsx as conditions, 4 conditions, 4 params
1.7221 	EXP 	Created sequence: fullRandom, trialTypes=4, nReps=1, seed=None
1.7222 	EXP 	New trial (rep=0, index=0): {'trial': 'target', 'file': "soundFiles/1200Hz_-3dBFS_3s_44.1kHz.wav'", 'corrAns': 't', 'tone': 1200}
1.7246 	DATA 	Keypress: space
1.7322 	EXP 	instructions: autoDraw = False
1.7322 	EXP 	fixation: autoDraw = True
2.7310 	EXP 	Sound sound_1 started
2.9602 	EXP 	Sound sound_1 stopped
2.9602 	EXP 	Sound sound_1 paused
2.9631 	DATA 	Keypress: s
2.9812 	EXP 	fixation: autoDraw = False
2.9812 	EXP 	feedback_text: height = 0.05
2.9812 	EXP 	feedback_text: height = 0.05
2.9812 	EXP 	feedback_text: height = 0.05
2.9812 	EXP 	feedback_text: text = 'Incorrect'
2.9812 	EXP 	feedback_text: autoDraw = True
3.9634 	EXP 	New trial (rep=0, index=1): {'trial': 'standard', 'file': "soundFiles/1000Hz_-3dBFS_3s_44.1kHz.wav'", 'corrAns': 's', 'tone': 1000}
3.9643 	EXP 	Sound sound_1 reached end of file
3.9802 	EXP 	feedback_text: autoDraw = False
3.9802 	EXP 	fixation: autoDraw = True
7.5447 	DATA 	Keypress: escape
7.6937 	EXP 	Oddball_task: status = STOPPED
7.7100 	EXP 	fixation: autoDraw = False
7.7101 	EXP 	Oddball_task: status = STOPPED
7.8274 	EXP 	window1: mouseVisible = True
