1.5421 	WARNING 	Speech-to-text recognition using Google online services is not available (use command `pip install google-api-core google-auth google-cloud google-cloud-speech googleapis-common-protos` to get it). Transcription will be unavailable using that service this session.
3.0667 	WARNING 	We strongly recommend you activate the PTB sound engine in PsychoPy prefs as the preferred audio engine. Its timing is vastly superior. Your prefs are currently set to use ['sounddevice'] (in that order).
34.7340 	EXP 	Created window1 = Window(allowGUI=True, allowStencil=False, autoLog=True, backendConf=UNKNOWN, bitsMode=UNKNOWN, blendMode='avg', bpc=(8, 8, 8), color=array([0, 0, 0]), colorSpace='rgb', depthBits=8, fullscr=<method-wrapper '__getattribute__' of attributeSetter object at 0x0000018728A54640>, gamma=None, gammaErrorPolicy='raise', lms=UNKNOWN, monitor=<psychopy.monitors.calibTools.Monitor object at 0x0000018729A7D220>, multiSample=False, name='window1', numSamples=2, pos=(223, -6), screen=0, size=array([920, 780]), stencilBits=0, stereo=False, units='height', useFBO=True, useRetina=False, viewOri=0.0, viewPos=None, viewScale=None, waitBlanking=True, winType='pyglet')
34.7345 	EXP 	window1: mouseVisible = True
34.7346 	EXP 	window1: mouseVisible = True
34.7346 	EXP 	window1: Attempting to measure frame rate of screen (0) ...
34.7346 	EXP 	window1: recordFrameIntervals = False
34.8998 	EXP 	window1: recordFrameIntervals = True
35.1663 	EXP 	Screen (0) actual frame rate measured at 60.27Hz
35.1663 	EXP 	window1: recordFrameIntervals = False
35.2051 	WARNING 	launchHubServer: If using the iohub mouse or eyetracker devices, fullScr should be True.
39.2555 	EXP 	Created instructions = TextStim(__class__=<class 'psychopy.visual.text.TextStim'>, alignHoriz=method-wrapper(...), alignText='center', alignVert=method-wrapper(...), anchorHoriz='center', anchorVert='center', antialias=True, autoDraw=False, autoLog=True, bold=False, color=array([1, 1, 1]), colorSpace='rgb', contrast=1.0, depth=-1.0, flipHoriz=False, flipVert=False, font='Arial', fontFiles=[], height=0.05, italic=False, languageStyle='LTR', name='instructions', opacity=1.0, ori=0, pos=array([0., 0.]), rgb=UNKNOWN, text=str(...), units='height', win=Window(...), wrapWidth=1)
39.2623 	EXP 	Created fixation = TextStim(__class__=<class 'psychopy.visual.text.TextStim'>, alignHoriz=method-wrapper(...), alignText='center', alignVert=method-wrapper(...), anchorHoriz='center', anchorVert='center', antialias=True, autoDraw=False, autoLog=True, bold=False, color=array([1, 1, 1]), colorSpace='rgb', contrast=1.0, depth=-1.0, flipHoriz=False, flipVert=False, font='Arial', fontFiles=[], height=0.05, italic=False, languageStyle='LTR', name='fixation', opacity=1.0, ori=0, pos=array([0., 0.]), rgb=UNKNOWN, text='+', units='height', win=Window(...), wrapWidth=1)
40.4444 	EXP 	Sound sound_1 set volume 0.800
40.4716 	EXP 	Created thank_you = TextStim(__class__=<class 'psychopy.visual.text.TextStim'>, alignHoriz=method-wrapper(...), alignText='center', alignVert=method-wrapper(...), anchorHoriz='center', anchorVert='center', antialias=True, autoDraw=False, autoLog=True, bold=False, color=array([1, 1, 1]), colorSpace='rgb', contrast=1.0, depth=0.0, flipHoriz=False, flipVert=False, font='Arial', fontFiles=[], height=0.05, italic=False, languageStyle='LTR', name='thank_you', opacity=1.0, ori=0, pos=array([0., 0.]), rgb=UNKNOWN, text=str(...), units='height', win=Window(...), wrapWidth=1)
40.5167 	EXP 	instructions: autoDraw = True
100.4728 	DATA 	Mouse: Left button down, pos=(199,181)
100.5320 	DATA 	Mouse:  Left button up, pos=(199,181)
106.1543 	DATA 	Mouse: Left button down, pos=(482,667)
106.2153 	DATA 	Mouse:  Left button up, pos=(482,668)
235.5970 	DATA 	Mouse: Left button down, pos=(573,621)
235.6910 	DATA 	Mouse:  Left button up, pos=(573,621)
238.2041 	EXP 	Imported aud_conditions3.xlsx as conditions, 4 conditions, 4 params
238.2093 	EXP 	Created sequence: random, trialTypes=4, nReps=100, seed=None
238.2104 	EXP 	New trial (rep=0, index=0): {'trial': 'standard', 'file': "soundFiles/1000Hz_-3dBFS_3s_44.1kHz.wav'", 'corrAns': 'None', 'tone': 1000}
238.2145 	DATA 	Keypress: space
238.2203 	EXP 	instructions: autoDraw = False
238.2203 	EXP 	fixation: autoDraw = True
240.8551 	EXP 	fixation: autoDraw = False
241.1776 	EXP 	New trial (rep=0, index=1): {'trial': 'standard', 'file': "soundFiles/1000Hz_-3dBFS_3s_44.1kHz.wav'", 'corrAns': 'None', 'tone': 1000}
241.1891 	EXP 	fixation: autoDraw = False
241.1891 	EXP 	fixation: autoDraw = True
244.1742 	EXP 	New trial (rep=0, index=2): {'trial': 'target', 'file': "soundFiles/1200Hz_-3dBFS_3s_44.1kHz.wav'", 'corrAns': 't', 'tone': 2000}
244.1892 	EXP 	fixation: autoDraw = False
244.1892 	EXP 	fixation: autoDraw = False
244.1892 	EXP 	fixation: autoDraw = True
247.1906 	DATA 	Keypress: escape
247.9914 	EXP 	window1: mouseVisible = True
