8.2301 	WARNING 	Speech-to-text recognition using Google online services is not available (use command `pip install google-api-core google-auth google-cloud google-cloud-speech googleapis-common-protos` to get it). Transcription will be unavailable using that service this session.
11.3929 	WARNING 	We strongly recommend you activate the PTB sound engine in PsychoPy prefs as the preferred audio engine. Its timing is vastly superior. Your prefs are currently set to use ['sounddevice'] (in that order).
41.4695 	EXP 	Created window1 = Window(allowGUI=True, allowStencil=False, autoLog=True, backendConf=UNKNOWN, bitsMode=UNKNOWN, blendMode='avg', bpc=(8, 8, 8), color=array([0, 0, 0]), colorSpace='rgb', depthBits=8, fullscr=<method-wrapper '__getattribute__' of attributeSetter object at 0x000001D4CF3CD640>, gamma=None, gammaErrorPolicy='raise', lms=UNKNOWN, monitor=<psychopy.monitors.calibTools.Monitor object at 0x000001D4D03DD250>, multiSample=False, name='window1', numSamples=2, pos=(500, 150), screen=0, size=array([920, 780]), stencilBits=0, stereo=False, units='height', useFBO=True, useRetina=False, viewOri=0.0, viewPos=None, viewScale=None, waitBlanking=True, winType='pyglet')
41.4696 	EXP 	window1: mouseVisible = True
41.4697 	EXP 	window1: mouseVisible = True
41.4697 	EXP 	window1: Attempting to measure frame rate of screen (0) ...
41.4697 	EXP 	window1: recordFrameIntervals = False
41.6363 	EXP 	window1: recordFrameIntervals = True
41.8193 	EXP 	Screen (0) actual frame rate measured at 60.20Hz
41.8194 	EXP 	window1: recordFrameIntervals = False
41.8989 	WARNING 	launchHubServer: If using the iohub mouse or eyetracker devices, fullScr should be True.
46.7681 	EXP 	Created instructions = TextStim(__class__=<class 'psychopy.visual.text.TextStim'>, alignHoriz=method-wrapper(...), alignText='center', alignVert=method-wrapper(...), anchorHoriz='center', anchorVert='center', antialias=True, autoDraw=False, autoLog=True, bold=False, color=array([1, 1, 1]), colorSpace='rgb', contrast=1.0, depth=0.0, flipHoriz=False, flipVert=False, font='Arial', fontFiles=[], height=0.05, italic=False, languageStyle='LTR', name='instructions', opacity=1.0, ori=0, pos=array([0., 0.]), rgb=UNKNOWN, text=str(...), units='height', win=Window(...), wrapWidth=1)
46.7956 	EXP 	Created fixation = TextStim(__class__=<class 'psychopy.visual.text.TextStim'>, alignHoriz=method-wrapper(...), alignText='center', alignVert=method-wrapper(...), anchorHoriz='center', anchorVert='center', antialias=True, autoDraw=False, autoLog=True, bold=False, color=array([1, 1, 1]), colorSpace='rgb', contrast=1.0, depth=0.0, flipHoriz=False, flipVert=False, font='Arial', fontFiles=[], height=0.05, italic=False, languageStyle='LTR', name='fixation', opacity=1.0, ori=0, pos=array([0., 0.]), rgb=UNKNOWN, text='+', units='height', win=Window(...), wrapWidth=1)
46.8878 	EXP 	Sound sound_1 set volume 0.800
46.9068 	EXP 	Created thank_you = TextStim(__class__=<class 'psychopy.visual.text.TextStim'>, alignHoriz=method-wrapper(...), alignText='center', alignVert=method-wrapper(...), anchorHoriz='center', anchorVert='center', antialias=True, autoDraw=False, autoLog=True, bold=False, color=array([1, 1, 1]), colorSpace='rgb', contrast=1.0, depth=0.0, flipHoriz=False, flipVert=False, font='Arial', fontFiles=[], height=0.05, italic=False, languageStyle='LTR', name='thank_you', opacity=1.0, ori=0, pos=array([0., 0.]), rgb=UNKNOWN, text=str(...), units='height', win=Window(...), wrapWidth=1)
46.9385 	EXP 	instructions: autoDraw = True
73.7948 	DATA 	Mouse: Left button down, pos=(576,552)
73.8722 	DATA 	Mouse:  Left button up, pos=(576,552)
93.1118 	DATA 	Mouse: Left button down, pos=(456,480)
93.1893 	DATA 	Mouse:  Left button up, pos=(456,480)
104.4645 	EXP 	Imported aud_conditions3.xlsx as conditions, 4 conditions, 4 params
104.4700 	EXP 	Created sequence: random, trialTypes=4, nReps=60, seed=None
104.4717 	EXP 	New trial (rep=0, index=0): {'trial': 'standard', 'file': "soundFiles/1000Hz_-3dBFS_3s_44.1kHz.wav'", 'corrAns': 'None', 'tone': 1000}
104.4751 	DATA 	Keypress: space
104.4854 	EXP 	instructions: autoDraw = False
104.4854 	EXP 	fixation: autoDraw = True
108.4564 	EXP 	New trial (rep=0, index=1): {'trial': 'standard', 'file': "soundFiles/1000Hz_-3dBFS_3s_44.1kHz.wav'", 'corrAns': 'None', 'tone': 1000}
108.4697 	EXP 	fixation: autoDraw = False
108.4697 	EXP 	fixation: autoDraw = True
112.4562 	EXP 	New trial (rep=0, index=2): {'trial': 'target', 'file': "soundFiles/1200Hz_-3dBFS_3s_44.1kHz.wav'", 'corrAns': 't', 'tone': 2000}
112.4701 	EXP 	fixation: autoDraw = False
112.4701 	EXP 	fixation: autoDraw = True
115.0297 	DATA 	Keypress: t
116.4560 	EXP 	New trial (rep=0, index=3): {'trial': 'standard', 'file': "soundFiles/1000Hz_-3dBFS_3s_44.1kHz.wav'", 'corrAns': 'None', 'tone': 1000}
116.4694 	EXP 	fixation: autoDraw = False
116.4694 	EXP 	fixation: autoDraw = True
120.4579 	EXP 	New trial (rep=1, index=0): {'trial': 'standard', 'file': "soundFiles/1000Hz_-3dBFS_3s_44.1kHz.wav'", 'corrAns': 'None', 'tone': 1000}
120.4710 	EXP 	fixation: autoDraw = False
120.4710 	EXP 	fixation: autoDraw = True
124.4542 	EXP 	New trial (rep=1, index=1): {'trial': 'standard', 'file': "soundFiles/1000Hz_-3dBFS_3s_44.1kHz.wav'", 'corrAns': 'None', 'tone': 1000}
124.4691 	EXP 	fixation: autoDraw = False
124.4691 	EXP 	fixation: autoDraw = True
128.4561 	EXP 	New trial (rep=1, index=2): {'trial': 'target', 'file': "soundFiles/1200Hz_-3dBFS_3s_44.1kHz.wav'", 'corrAns': 't', 'tone': 2000}
128.4703 	EXP 	fixation: autoDraw = False
128.4703 	EXP 	fixation: autoDraw = True
129.2107 	DATA 	Mouse: Left button down, pos=(782,145)
129.2560 	DATA 	Mouse:  Left button up, pos=(782,145)
131.0718 	DATA 	Keypress: t
132.4551 	EXP 	New trial (rep=1, index=3): {'trial': 'standard', 'file': "soundFiles/1000Hz_-3dBFS_3s_44.1kHz.wav'", 'corrAns': 'None', 'tone': 1000}
132.4689 	EXP 	fixation: autoDraw = False
132.4689 	EXP 	fixation: autoDraw = True
136.4548 	EXP 	New trial (rep=2, index=0): {'trial': 'standard', 'file': "soundFiles/1000Hz_-3dBFS_3s_44.1kHz.wav'", 'corrAns': 'None', 'tone': 1000}
136.4698 	EXP 	fixation: autoDraw = False
136.4698 	EXP 	fixation: autoDraw = True
140.4538 	EXP 	New trial (rep=2, index=1): {'trial': 'standard', 'file': "soundFiles/1000Hz_-3dBFS_3s_44.1kHz.wav'", 'corrAns': 'None', 'tone': 1000}
140.4695 	EXP 	fixation: autoDraw = False
140.4695 	EXP 	fixation: autoDraw = True
144.4543 	EXP 	New trial (rep=2, index=2): {'trial': 'target', 'file': "soundFiles/1200Hz_-3dBFS_3s_44.1kHz.wav'", 'corrAns': 't', 'tone': 2000}
144.4693 	EXP 	fixation: autoDraw = False
144.4693 	EXP 	fixation: autoDraw = True
146.8575 	DATA 	Keypress: t
148.4566 	EXP 	New trial (rep=2, index=3): {'trial': 'standard', 'file': "soundFiles/1000Hz_-3dBFS_3s_44.1kHz.wav'", 'corrAns': 'None', 'tone': 1000}
148.4708 	EXP 	fixation: autoDraw = False
148.4708 	EXP 	fixation: autoDraw = True
152.4545 	EXP 	New trial (rep=3, index=0): {'trial': 'standard', 'file': "soundFiles/1000Hz_-3dBFS_3s_44.1kHz.wav'", 'corrAns': 'None', 'tone': 1000}
152.4692 	EXP 	fixation: autoDraw = False
152.4692 	EXP 	fixation: autoDraw = True
156.4556 	EXP 	New trial (rep=3, index=1): {'trial': 'standard', 'file': "soundFiles/1000Hz_-3dBFS_3s_44.1kHz.wav'", 'corrAns': 'None', 'tone': 1000}
156.4691 	EXP 	fixation: autoDraw = False
156.4691 	EXP 	fixation: autoDraw = True
160.4463 	EXP 	New trial (rep=3, index=2): {'trial': 'target', 'file': "soundFiles/1200Hz_-3dBFS_3s_44.1kHz.wav'", 'corrAns': 't', 'tone': 2000}
160.4717 	EXP 	fixation: autoDraw = False
160.4717 	EXP 	fixation: autoDraw = True
162.3216 	DATA 	Keypress: t
164.4564 	EXP 	New trial (rep=3, index=3): {'trial': 'standard', 'file': "soundFiles/1000Hz_-3dBFS_3s_44.1kHz.wav'", 'corrAns': 'None', 'tone': 1000}
164.4692 	EXP 	fixation: autoDraw = False
164.4692 	EXP 	fixation: autoDraw = True
168.4546 	EXP 	New trial (rep=4, index=0): {'trial': 'standard', 'file': "soundFiles/1000Hz_-3dBFS_3s_44.1kHz.wav'", 'corrAns': 'None', 'tone': 1000}
168.4694 	EXP 	fixation: autoDraw = False
168.4694 	EXP 	fixation: autoDraw = True
172.4555 	EXP 	New trial (rep=4, index=1): {'trial': 'standard', 'file': "soundFiles/1000Hz_-3dBFS_3s_44.1kHz.wav'", 'corrAns': 'None', 'tone': 1000}
172.4696 	EXP 	fixation: autoDraw = False
172.4696 	EXP 	fixation: autoDraw = True
176.4557 	EXP 	New trial (rep=4, index=2): {'trial': 'target', 'file': "soundFiles/1200Hz_-3dBFS_3s_44.1kHz.wav'", 'corrAns': 't', 'tone': 2000}
176.4695 	EXP 	fixation: autoDraw = False
176.4695 	EXP 	fixation: autoDraw = True
178.3554 	DATA 	Keypress: t
180.4546 	EXP 	New trial (rep=4, index=3): {'trial': 'standard', 'file': "soundFiles/1000Hz_-3dBFS_3s_44.1kHz.wav'", 'corrAns': 'None', 'tone': 1000}
180.4694 	EXP 	fixation: autoDraw = False
180.4694 	EXP 	fixation: autoDraw = True
184.4546 	EXP 	New trial (rep=5, index=0): {'trial': 'standard', 'file': "soundFiles/1000Hz_-3dBFS_3s_44.1kHz.wav'", 'corrAns': 'None', 'tone': 1000}
184.4699 	EXP 	fixation: autoDraw = False
184.4699 	EXP 	fixation: autoDraw = True
188.4550 	EXP 	New trial (rep=5, index=1): {'trial': 'standard', 'file': "soundFiles/1000Hz_-3dBFS_3s_44.1kHz.wav'", 'corrAns': 'None', 'tone': 1000}
188.4698 	EXP 	fixation: autoDraw = False
188.4698 	EXP 	fixation: autoDraw = True
192.4513 	EXP 	New trial (rep=5, index=2): {'trial': 'target', 'file': "soundFiles/1200Hz_-3dBFS_3s_44.1kHz.wav'", 'corrAns': 't', 'tone': 2000}
192.4736 	EXP 	fixation: autoDraw = False
192.4736 	EXP 	fixation: autoDraw = True
194.6733 	DATA 	Keypress: t
196.4548 	EXP 	New trial (rep=5, index=3): {'trial': 'standard', 'file': "soundFiles/1000Hz_-3dBFS_3s_44.1kHz.wav'", 'corrAns': 'None', 'tone': 1000}
196.4696 	EXP 	fixation: autoDraw = False
196.4696 	EXP 	fixation: autoDraw = True
200.4546 	EXP 	New trial (rep=6, index=0): {'trial': 'standard', 'file': "soundFiles/1000Hz_-3dBFS_3s_44.1kHz.wav'", 'corrAns': 'None', 'tone': 1000}
200.4698 	EXP 	fixation: autoDraw = False
200.4698 	EXP 	fixation: autoDraw = True
204.4546 	EXP 	New trial (rep=6, index=1): {'trial': 'standard', 'file': "soundFiles/1000Hz_-3dBFS_3s_44.1kHz.wav'", 'corrAns': 'None', 'tone': 1000}
204.4693 	EXP 	fixation: autoDraw = False
204.4693 	EXP 	fixation: autoDraw = True
208.4426 	EXP 	New trial (rep=6, index=2): {'trial': 'target', 'file': "soundFiles/1200Hz_-3dBFS_3s_44.1kHz.wav'", 'corrAns': 't', 'tone': 2000}
208.4554 	EXP 	fixation: autoDraw = False
208.4554 	EXP 	fixation: autoDraw = True
210.5752 	DATA 	Keypress: t
212.4548 	EXP 	New trial (rep=6, index=3): {'trial': 'standard', 'file': "soundFiles/1000Hz_-3dBFS_3s_44.1kHz.wav'", 'corrAns': 'None', 'tone': 1000}
212.4702 	EXP 	fixation: autoDraw = False
212.4702 	EXP 	fixation: autoDraw = True
216.4544 	EXP 	New trial (rep=7, index=0): {'trial': 'standard', 'file': "soundFiles/1000Hz_-3dBFS_3s_44.1kHz.wav'", 'corrAns': 'None', 'tone': 1000}
216.4697 	EXP 	fixation: autoDraw = False
216.4697 	EXP 	fixation: autoDraw = True
220.4544 	EXP 	New trial (rep=7, index=1): {'trial': 'standard', 'file': "soundFiles/1000Hz_-3dBFS_3s_44.1kHz.wav'", 'corrAns': 'None', 'tone': 1000}
220.4701 	EXP 	fixation: autoDraw = False
220.4701 	EXP 	fixation: autoDraw = True
224.4550 	EXP 	New trial (rep=7, index=2): {'trial': 'target', 'file': "soundFiles/1200Hz_-3dBFS_3s_44.1kHz.wav'", 'corrAns': 't', 'tone': 2000}
224.4699 	EXP 	fixation: autoDraw = False
224.4699 	EXP 	fixation: autoDraw = True
226.2995 	DATA 	Keypress: t
228.4573 	EXP 	New trial (rep=7, index=3): {'trial': 'standard', 'file': "soundFiles/1000Hz_-3dBFS_3s_44.1kHz.wav'", 'corrAns': 'None', 'tone': 1000}
228.4704 	EXP 	fixation: autoDraw = False
228.4704 	EXP 	fixation: autoDraw = True
232.4555 	EXP 	New trial (rep=8, index=0): {'trial': 'standard', 'file': "soundFiles/1000Hz_-3dBFS_3s_44.1kHz.wav'", 'corrAns': 'None', 'tone': 1000}
232.4703 	EXP 	fixation: autoDraw = False
232.4703 	EXP 	fixation: autoDraw = True
236.4554 	EXP 	New trial (rep=8, index=1): {'trial': 'standard', 'file': "soundFiles/1000Hz_-3dBFS_3s_44.1kHz.wav'", 'corrAns': 'None', 'tone': 1000}
236.4699 	EXP 	fixation: autoDraw = False
236.4699 	EXP 	fixation: autoDraw = True
240.4548 	EXP 	New trial (rep=8, index=2): {'trial': 'target', 'file': "soundFiles/1200Hz_-3dBFS_3s_44.1kHz.wav'", 'corrAns': 't', 'tone': 2000}
240.4703 	EXP 	fixation: autoDraw = False
240.4703 	EXP 	fixation: autoDraw = True
242.5893 	DATA 	Keypress: t
244.4548 	EXP 	New trial (rep=8, index=3): {'trial': 'standard', 'file': "soundFiles/1000Hz_-3dBFS_3s_44.1kHz.wav'", 'corrAns': 'None', 'tone': 1000}
244.4705 	EXP 	fixation: autoDraw = False
244.4705 	EXP 	fixation: autoDraw = True
248.4542 	EXP 	New trial (rep=9, index=0): {'trial': 'standard', 'file': "soundFiles/1000Hz_-3dBFS_3s_44.1kHz.wav'", 'corrAns': 'None', 'tone': 1000}
248.4698 	EXP 	fixation: autoDraw = False
248.4698 	EXP 	fixation: autoDraw = True
252.4681 	EXP 	New trial (rep=9, index=1): {'trial': 'target', 'file': "soundFiles/1200Hz_-3dBFS_3s_44.1kHz.wav'", 'corrAns': 't', 'tone': 2000}
252.4896 	EXP 	fixation: autoDraw = False
252.4896 	EXP 	fixation: autoDraw = True
254.3730 	DATA 	Keypress: t
256.4576 	EXP 	New trial (rep=9, index=2): {'trial': 'standard', 'file': "soundFiles/1000Hz_-3dBFS_3s_44.1kHz.wav'", 'corrAns': 'None', 'tone': 1000}
256.4709 	EXP 	fixation: autoDraw = False
256.4709 	EXP 	fixation: autoDraw = True
260.4555 	EXP 	New trial (rep=9, index=3): {'trial': 'standard', 'file': "soundFiles/1000Hz_-3dBFS_3s_44.1kHz.wav'", 'corrAns': 'None', 'tone': 1000}
260.4695 	EXP 	fixation: autoDraw = False
260.4695 	EXP 	fixation: autoDraw = True
264.4572 	EXP 	New trial (rep=10, index=0): {'trial': 'standard', 'file': "soundFiles/1000Hz_-3dBFS_3s_44.1kHz.wav'", 'corrAns': 'None', 'tone': 1000}
264.4711 	EXP 	fixation: autoDraw = False
264.4711 	EXP 	fixation: autoDraw = True
268.4425 	EXP 	New trial (rep=10, index=1): {'trial': 'standard', 'file': "soundFiles/1000Hz_-3dBFS_3s_44.1kHz.wav'", 'corrAns': 'None', 'tone': 1000}
268.4555 	EXP 	fixation: autoDraw = False
268.4555 	EXP 	fixation: autoDraw = True
272.4553 	EXP 	New trial (rep=10, index=2): {'trial': 'target', 'file': "soundFiles/1200Hz_-3dBFS_3s_44.1kHz.wav'", 'corrAns': 't', 'tone': 2000}
272.4701 	EXP 	fixation: autoDraw = False
272.4701 	EXP 	fixation: autoDraw = True
274.2774 	DATA 	Keypress: t
276.4562 	EXP 	New trial (rep=10, index=3): {'trial': 'standard', 'file': "soundFiles/1000Hz_-3dBFS_3s_44.1kHz.wav'", 'corrAns': 'None', 'tone': 1000}
276.4707 	EXP 	fixation: autoDraw = False
276.4707 	EXP 	fixation: autoDraw = True
280.4559 	EXP 	New trial (rep=11, index=0): {'trial': 'standard', 'file': "soundFiles/1000Hz_-3dBFS_3s_44.1kHz.wav'", 'corrAns': 'None', 'tone': 1000}
280.4704 	EXP 	fixation: autoDraw = False
280.4704 	EXP 	fixation: autoDraw = True
284.4550 	EXP 	New trial (rep=11, index=1): {'trial': 'standard', 'file': "soundFiles/1000Hz_-3dBFS_3s_44.1kHz.wav'", 'corrAns': 'None', 'tone': 1000}
284.4702 	EXP 	fixation: autoDraw = False
284.4702 	EXP 	fixation: autoDraw = True
288.4553 	EXP 	New trial (rep=11, index=2): {'trial': 'target', 'file': "soundFiles/1200Hz_-3dBFS_3s_44.1kHz.wav'", 'corrAns': 't', 'tone': 2000}
288.4703 	EXP 	fixation: autoDraw = False
288.4703 	EXP 	fixation: autoDraw = True
290.5726 	DATA 	Keypress: t
292.4450 	EXP 	New trial (rep=11, index=3): {'trial': 'standard', 'file': "soundFiles/1000Hz_-3dBFS_3s_44.1kHz.wav'", 'corrAns': 'None', 'tone': 1000}
292.4563 	EXP 	fixation: autoDraw = False
292.4563 	EXP 	fixation: autoDraw = True
296.4576 	EXP 	New trial (rep=12, index=0): {'trial': 'target', 'file': "soundFiles/1200Hz_-3dBFS_3s_44.1kHz.wav'", 'corrAns': 't', 'tone': 2000}
296.4701 	EXP 	fixation: autoDraw = False
296.4701 	EXP 	fixation: autoDraw = True
298.4892 	DATA 	Keypress: t
300.4721 	EXP 	New trial (rep=12, index=1): {'trial': 'standard', 'file': "soundFiles/1000Hz_-3dBFS_3s_44.1kHz.wav'", 'corrAns': 'None', 'tone': 1000}
300.4929 	EXP 	fixation: autoDraw = False
300.4929 	EXP 	fixation: autoDraw = True
304.4570 	EXP 	New trial (rep=12, index=2): {'trial': 'standard', 'file': "soundFiles/1000Hz_-3dBFS_3s_44.1kHz.wav'", 'corrAns': 'None', 'tone': 1000}
304.4711 	EXP 	fixation: autoDraw = False
304.4711 	EXP 	fixation: autoDraw = True
308.4553 	EXP 	New trial (rep=12, index=3): {'trial': 'standard', 'file': "soundFiles/1000Hz_-3dBFS_3s_44.1kHz.wav'", 'corrAns': 'None', 'tone': 1000}
308.4704 	EXP 	fixation: autoDraw = False
308.4704 	EXP 	fixation: autoDraw = True
312.4536 	EXP 	New trial (rep=13, index=0): {'trial': 'standard', 'file': "soundFiles/1000Hz_-3dBFS_3s_44.1kHz.wav'", 'corrAns': 'None', 'tone': 1000}
312.4744 	EXP 	fixation: autoDraw = False
312.4744 	EXP 	fixation: autoDraw = True
316.4423 	EXP 	New trial (rep=13, index=1): {'trial': 'target', 'file': "soundFiles/1200Hz_-3dBFS_3s_44.1kHz.wav'", 'corrAns': 't', 'tone': 2000}
316.4548 	EXP 	fixation: autoDraw = False
316.4548 	EXP 	fixation: autoDraw = True
318.3395 	DATA 	Keypress: t
320.4552 	EXP 	New trial (rep=13, index=2): {'trial': 'standard', 'file': "soundFiles/1000Hz_-3dBFS_3s_44.1kHz.wav'", 'corrAns': 'None', 'tone': 1000}
320.4701 	EXP 	fixation: autoDraw = False
320.4701 	EXP 	fixation: autoDraw = True
324.4585 	EXP 	New trial (rep=13, index=3): {'trial': 'standard', 'file': "soundFiles/1000Hz_-3dBFS_3s_44.1kHz.wav'", 'corrAns': 'None', 'tone': 1000}
324.4729 	EXP 	fixation: autoDraw = False
324.4729 	EXP 	fixation: autoDraw = True
328.4560 	EXP 	New trial (rep=14, index=0): {'trial': 'standard', 'file': "soundFiles/1000Hz_-3dBFS_3s_44.1kHz.wav'", 'corrAns': 'None', 'tone': 1000}
328.4711 	EXP 	fixation: autoDraw = False
328.4711 	EXP 	fixation: autoDraw = True
332.4560 	EXP 	New trial (rep=14, index=1): {'trial': 'standard', 'file': "soundFiles/1000Hz_-3dBFS_3s_44.1kHz.wav'", 'corrAns': 'None', 'tone': 1000}
332.4706 	EXP 	fixation: autoDraw = False
332.4706 	EXP 	fixation: autoDraw = True
336.4481 	EXP 	New trial (rep=14, index=2): {'trial': 'target', 'file': "soundFiles/1200Hz_-3dBFS_3s_44.1kHz.wav'", 'corrAns': 't', 'tone': 2000}
336.4726 	EXP 	fixation: autoDraw = False
336.4726 	EXP 	fixation: autoDraw = True
338.8425 	DATA 	Keypress: t
339.3048 	DATA 	Keypress: t
340.4559 	EXP 	New trial (rep=14, index=3): {'trial': 'standard', 'file': "soundFiles/1000Hz_-3dBFS_3s_44.1kHz.wav'", 'corrAns': 'None', 'tone': 1000}
340.4707 	EXP 	fixation: autoDraw = False
340.4707 	EXP 	fixation: autoDraw = True
344.4564 	EXP 	New trial (rep=15, index=0): {'trial': 'standard', 'file': "soundFiles/1000Hz_-3dBFS_3s_44.1kHz.wav'", 'corrAns': 'None', 'tone': 1000}
344.4708 	EXP 	fixation: autoDraw = False
344.4708 	EXP 	fixation: autoDraw = True
348.4563 	EXP 	New trial (rep=15, index=1): {'trial': 'standard', 'file': "soundFiles/1000Hz_-3dBFS_3s_44.1kHz.wav'", 'corrAns': 'None', 'tone': 1000}
348.4711 	EXP 	fixation: autoDraw = False
348.4711 	EXP 	fixation: autoDraw = True
352.4562 	EXP 	New trial (rep=15, index=2): {'trial': 'target', 'file': "soundFiles/1200Hz_-3dBFS_3s_44.1kHz.wav'", 'corrAns': 't', 'tone': 2000}
352.4712 	EXP 	fixation: autoDraw = False
352.4712 	EXP 	fixation: autoDraw = True
354.4240 	DATA 	Keypress: t
356.4566 	EXP 	New trial (rep=15, index=3): {'trial': 'standard', 'file': "soundFiles/1000Hz_-3dBFS_3s_44.1kHz.wav'", 'corrAns': 'None', 'tone': 1000}
356.4707 	EXP 	fixation: autoDraw = False
356.4707 	EXP 	fixation: autoDraw = True
360.4550 	EXP 	New trial (rep=16, index=0): {'trial': 'standard', 'file': "soundFiles/1000Hz_-3dBFS_3s_44.1kHz.wav'", 'corrAns': 'None', 'tone': 1000}
360.4705 	EXP 	fixation: autoDraw = False
360.4705 	EXP 	fixation: autoDraw = True
364.4570 	EXP 	New trial (rep=16, index=1): {'trial': 'target', 'file': "soundFiles/1200Hz_-3dBFS_3s_44.1kHz.wav'", 'corrAns': 't', 'tone': 2000}
364.4713 	EXP 	fixation: autoDraw = False
364.4713 	EXP 	fixation: autoDraw = True
366.2737 	DATA 	Keypress: t
368.4575 	EXP 	New trial (rep=16, index=2): {'trial': 'standard', 'file': "soundFiles/1000Hz_-3dBFS_3s_44.1kHz.wav'", 'corrAns': 'None', 'tone': 1000}
368.4713 	EXP 	fixation: autoDraw = False
368.4713 	EXP 	fixation: autoDraw = True
372.4728 	EXP 	New trial (rep=16, index=3): {'trial': 'standard', 'file': "soundFiles/1000Hz_-3dBFS_3s_44.1kHz.wav'", 'corrAns': 'None', 'tone': 1000}
372.5104 	EXP 	fixation: autoDraw = False
372.5104 	EXP 	fixation: autoDraw = True
376.4415 	EXP 	New trial (rep=17, index=0): {'trial': 'standard', 'file': "soundFiles/1000Hz_-3dBFS_3s_44.1kHz.wav'", 'corrAns': 'None', 'tone': 1000}
376.4552 	EXP 	fixation: autoDraw = False
376.4552 	EXP 	fixation: autoDraw = True
380.4413 	EXP 	New trial (rep=17, index=1): {'trial': 'target', 'file': "soundFiles/1200Hz_-3dBFS_3s_44.1kHz.wav'", 'corrAns': 't', 'tone': 2000}
380.4549 	EXP 	fixation: autoDraw = False
380.4549 	EXP 	fixation: autoDraw = True
382.7112 	DATA 	Keypress: t
384.4749 	EXP 	New trial (rep=17, index=2): {'trial': 'standard', 'file': "soundFiles/1000Hz_-3dBFS_3s_44.1kHz.wav'", 'corrAns': 'None', 'tone': 1000}
384.5108 	EXP 	fixation: autoDraw = False
384.5108 	EXP 	fixation: autoDraw = True
388.4411 	EXP 	New trial (rep=17, index=3): {'trial': 'standard', 'file': "soundFiles/1000Hz_-3dBFS_3s_44.1kHz.wav'", 'corrAns': 'None', 'tone': 1000}
388.4552 	EXP 	fixation: autoDraw = False
388.4552 	EXP 	fixation: autoDraw = True
392.4417 	EXP 	New trial (rep=18, index=0): {'trial': 'standard', 'file': "soundFiles/1000Hz_-3dBFS_3s_44.1kHz.wav'", 'corrAns': 'None', 'tone': 1000}
392.4553 	EXP 	fixation: autoDraw = False
392.4553 	EXP 	fixation: autoDraw = True
396.4396 	EXP 	New trial (rep=18, index=1): {'trial': 'standard', 'file': "soundFiles/1000Hz_-3dBFS_3s_44.1kHz.wav'", 'corrAns': 'None', 'tone': 1000}
396.4557 	EXP 	fixation: autoDraw = False
396.4557 	EXP 	fixation: autoDraw = False
396.4557 	EXP 	fixation: autoDraw = True
400.4558 	EXP 	New trial (rep=18, index=2): {'trial': 'standard', 'file': "soundFiles/1000Hz_-3dBFS_3s_44.1kHz.wav'", 'corrAns': 'None', 'tone': 1000}
400.4712 	EXP 	fixation: autoDraw = False
400.4712 	EXP 	fixation: autoDraw = True
404.4558 	EXP 	New trial (rep=18, index=3): {'trial': 'target', 'file': "soundFiles/1200Hz_-3dBFS_3s_44.1kHz.wav'", 'corrAns': 't', 'tone': 2000}
404.4712 	EXP 	fixation: autoDraw = False
404.4712 	EXP 	fixation: autoDraw = True
406.2567 	DATA 	Keypress: t
408.4558 	EXP 	New trial (rep=19, index=0): {'trial': 'standard', 'file': "soundFiles/1000Hz_-3dBFS_3s_44.1kHz.wav'", 'corrAns': 'None', 'tone': 1000}
408.4709 	EXP 	fixation: autoDraw = False
408.4709 	EXP 	fixation: autoDraw = True
412.4561 	EXP 	New trial (rep=19, index=1): {'trial': 'target', 'file': "soundFiles/1200Hz_-3dBFS_3s_44.1kHz.wav'", 'corrAns': 't', 'tone': 2000}
412.4708 	EXP 	fixation: autoDraw = False
412.4708 	EXP 	fixation: autoDraw = True
414.5740 	DATA 	Keypress: t
416.4569 	EXP 	New trial (rep=19, index=2): {'trial': 'standard', 'file': "soundFiles/1000Hz_-3dBFS_3s_44.1kHz.wav'", 'corrAns': 'None', 'tone': 1000}
416.4714 	EXP 	fixation: autoDraw = False
416.4714 	EXP 	fixation: autoDraw = True
420.4567 	EXP 	New trial (rep=19, index=3): {'trial': 'standard', 'file': "soundFiles/1000Hz_-3dBFS_3s_44.1kHz.wav'", 'corrAns': 'None', 'tone': 1000}
420.4708 	EXP 	fixation: autoDraw = False
420.4708 	EXP 	fixation: autoDraw = True
424.4567 	EXP 	New trial (rep=20, index=0): {'trial': 'standard', 'file': "soundFiles/1000Hz_-3dBFS_3s_44.1kHz.wav'", 'corrAns': 'None', 'tone': 1000}
424.4726 	EXP 	fixation: autoDraw = False
424.4726 	EXP 	fixation: autoDraw = True
428.4416 	EXP 	New trial (rep=20, index=1): {'trial': 'target', 'file': "soundFiles/1200Hz_-3dBFS_3s_44.1kHz.wav'", 'corrAns': 't', 'tone': 2000}
428.4553 	EXP 	fixation: autoDraw = False
428.4553 	EXP 	fixation: autoDraw = True
430.3072 	DATA 	Keypress: t
432.4421 	EXP 	New trial (rep=20, index=2): {'trial': 'standard', 'file': "soundFiles/1000Hz_-3dBFS_3s_44.1kHz.wav'", 'corrAns': 'None', 'tone': 1000}
432.4553 	EXP 	fixation: autoDraw = False
432.4553 	EXP 	fixation: autoDraw = True
436.4400 	EXP 	New trial (rep=20, index=3): {'trial': 'standard', 'file': "soundFiles/1000Hz_-3dBFS_3s_44.1kHz.wav'", 'corrAns': 'None', 'tone': 1000}
436.4550 	EXP 	fixation: autoDraw = False
436.4550 	EXP 	fixation: autoDraw = True
440.4549 	EXP 	fixation: autoDraw = False
440.4565 	EXP 	New trial (rep=21, index=0): {'trial': 'target', 'file': "soundFiles/1200Hz_-3dBFS_3s_44.1kHz.wav'", 'corrAns': 't', 'tone': 2000}
440.4713 	EXP 	fixation: autoDraw = False
440.4713 	EXP 	fixation: autoDraw = True
442.2903 	DATA 	Keypress: t
444.4572 	EXP 	New trial (rep=21, index=1): {'trial': 'standard', 'file': "soundFiles/1000Hz_-3dBFS_3s_44.1kHz.wav'", 'corrAns': 'None', 'tone': 1000}
444.4717 	EXP 	fixation: autoDraw = False
444.4717 	EXP 	fixation: autoDraw = True
448.4570 	EXP 	New trial (rep=21, index=2): {'trial': 'standard', 'file': "soundFiles/1000Hz_-3dBFS_3s_44.1kHz.wav'", 'corrAns': 'None', 'tone': 1000}
448.4710 	EXP 	fixation: autoDraw = False
448.4710 	EXP 	fixation: autoDraw = True
452.4560 	EXP 	New trial (rep=21, index=3): {'trial': 'standard', 'file': "soundFiles/1000Hz_-3dBFS_3s_44.1kHz.wav'", 'corrAns': 'None', 'tone': 1000}
452.4712 	EXP 	fixation: autoDraw = False
452.4712 	EXP 	fixation: autoDraw = True
456.4561 	EXP 	New trial (rep=22, index=0): {'trial': 'standard', 'file': "soundFiles/1000Hz_-3dBFS_3s_44.1kHz.wav'", 'corrAns': 'None', 'tone': 1000}
456.4717 	EXP 	fixation: autoDraw = False
456.4717 	EXP 	fixation: autoDraw = True
460.4565 	EXP 	New trial (rep=22, index=1): {'trial': 'standard', 'file': "soundFiles/1000Hz_-3dBFS_3s_44.1kHz.wav'", 'corrAns': 'None', 'tone': 1000}
460.4714 	EXP 	fixation: autoDraw = False
460.4714 	EXP 	fixation: autoDraw = True
464.4404 	EXP 	New trial (rep=22, index=2): {'trial': 'standard', 'file': "soundFiles/1000Hz_-3dBFS_3s_44.1kHz.wav'", 'corrAns': 'None', 'tone': 1000}
464.4545 	EXP 	fixation: autoDraw = False
464.4545 	EXP 	fixation: autoDraw = True
468.4402 	EXP 	New trial (rep=22, index=3): {'trial': 'target', 'file': "soundFiles/1200Hz_-3dBFS_3s_44.1kHz.wav'", 'corrAns': 't', 'tone': 2000}
468.4558 	EXP 	fixation: autoDraw = False
468.4558 	EXP 	fixation: autoDraw = False
468.4558 	EXP 	fixation: autoDraw = True
470.8745 	DATA 	Keypress: t
472.4415 	EXP 	New trial (rep=23, index=0): {'trial': 'standard', 'file': "soundFiles/1000Hz_-3dBFS_3s_44.1kHz.wav'", 'corrAns': 'None', 'tone': 1000}
472.4546 	EXP 	fixation: autoDraw = False
472.4546 	EXP 	fixation: autoDraw = False
472.4546 	EXP 	fixation: autoDraw = True
476.4405 	EXP 	New trial (rep=23, index=1): {'trial': 'standard', 'file': "soundFiles/1000Hz_-3dBFS_3s_44.1kHz.wav'", 'corrAns': 'None', 'tone': 1000}
476.4551 	EXP 	fixation: autoDraw = False
476.4551 	EXP 	fixation: autoDraw = True
480.4420 	EXP 	New trial (rep=23, index=2): {'trial': 'target', 'file': "soundFiles/1200Hz_-3dBFS_3s_44.1kHz.wav'", 'corrAns': 't', 'tone': 2000}
480.4555 	EXP 	fixation: autoDraw = False
480.4555 	EXP 	fixation: autoDraw = True
482.2586 	DATA 	Keypress: t
484.4421 	EXP 	New trial (rep=23, index=3): {'trial': 'standard', 'file': "soundFiles/1000Hz_-3dBFS_3s_44.1kHz.wav'", 'corrAns': 'None', 'tone': 1000}
484.4555 	EXP 	fixation: autoDraw = False
484.4555 	EXP 	fixation: autoDraw = True
488.4417 	EXP 	New trial (rep=24, index=0): {'trial': 'target', 'file': "soundFiles/1200Hz_-3dBFS_3s_44.1kHz.wav'", 'corrAns': 't', 'tone': 2000}
488.4555 	EXP 	fixation: autoDraw = False
488.4555 	EXP 	fixation: autoDraw = True
490.7752 	DATA 	Keypress: t
492.4444 	EXP 	New trial (rep=24, index=1): {'trial': 'standard', 'file': "soundFiles/1000Hz_-3dBFS_3s_44.1kHz.wav'", 'corrAns': 'None', 'tone': 1000}
492.4562 	EXP 	fixation: autoDraw = False
492.4562 	EXP 	fixation: autoDraw = True
496.4735 	EXP 	New trial (rep=24, index=2): {'trial': 'standard', 'file': "soundFiles/1000Hz_-3dBFS_3s_44.1kHz.wav'", 'corrAns': 'None', 'tone': 1000}
496.4935 	EXP 	fixation: autoDraw = False
496.4935 	EXP 	fixation: autoDraw = True
500.4457 	EXP 	New trial (rep=24, index=3): {'trial': 'standard', 'file': "soundFiles/1000Hz_-3dBFS_3s_44.1kHz.wav'", 'corrAns': 'None', 'tone': 1000}
500.4576 	EXP 	fixation: autoDraw = False
500.4576 	EXP 	fixation: autoDraw = True
504.4408 	EXP 	New trial (rep=25, index=0): {'trial': 'standard', 'file': "soundFiles/1000Hz_-3dBFS_3s_44.1kHz.wav'", 'corrAns': 'None', 'tone': 1000}
504.4549 	EXP 	fixation: autoDraw = False
504.4549 	EXP 	fixation: autoDraw = True
508.4420 	EXP 	New trial (rep=25, index=1): {'trial': 'standard', 'file': "soundFiles/1000Hz_-3dBFS_3s_44.1kHz.wav'", 'corrAns': 'None', 'tone': 1000}
508.4562 	EXP 	fixation: autoDraw = False
508.4562 	EXP 	fixation: autoDraw = True
512.4403 	EXP 	New trial (rep=25, index=2): {'trial': 'standard', 'file': "soundFiles/1000Hz_-3dBFS_3s_44.1kHz.wav'", 'corrAns': 'None', 'tone': 1000}
512.4551 	EXP 	fixation: autoDraw = False
512.4551 	EXP 	fixation: autoDraw = True
516.4746 	EXP 	New trial (rep=25, index=3): {'trial': 'target', 'file': "soundFiles/1200Hz_-3dBFS_3s_44.1kHz.wav'", 'corrAns': 't', 'tone': 2000}
516.5121 	EXP 	fixation: autoDraw = False
516.5121 	EXP 	fixation: autoDraw = True
518.3249 	DATA 	Keypress: t
520.4578 	EXP 	New trial (rep=26, index=0): {'trial': 'standard', 'file': "soundFiles/1000Hz_-3dBFS_3s_44.1kHz.wav'", 'corrAns': 'None', 'tone': 1000}
520.4719 	EXP 	fixation: autoDraw = False
520.4719 	EXP 	fixation: autoDraw = True
524.4436 	EXP 	New trial (rep=26, index=1): {'trial': 'standard', 'file': "soundFiles/1000Hz_-3dBFS_3s_44.1kHz.wav'", 'corrAns': 'None', 'tone': 1000}
524.4565 	EXP 	fixation: autoDraw = False
524.4565 	EXP 	fixation: autoDraw = True
528.4410 	EXP 	New trial (rep=26, index=2): {'trial': 'target', 'file': "soundFiles/1200Hz_-3dBFS_3s_44.1kHz.wav'", 'corrAns': 't', 'tone': 2000}
528.4552 	EXP 	fixation: autoDraw = False
528.4552 	EXP 	fixation: autoDraw = True
530.5913 	DATA 	Keypress: t
532.4611 	EXP 	New trial (rep=26, index=3): {'trial': 'standard', 'file': "soundFiles/1000Hz_-3dBFS_3s_44.1kHz.wav'", 'corrAns': 'None', 'tone': 1000}
532.4942 	EXP 	fixation: autoDraw = False
532.4942 	EXP 	fixation: autoDraw = True
536.4409 	EXP 	New trial (rep=27, index=0): {'trial': 'standard', 'file': "soundFiles/1000Hz_-3dBFS_3s_44.1kHz.wav'", 'corrAns': 'None', 'tone': 1000}
536.4556 	EXP 	fixation: autoDraw = False
536.4556 	EXP 	fixation: autoDraw = True
540.4414 	EXP 	New trial (rep=27, index=1): {'trial': 'standard', 'file': "soundFiles/1000Hz_-3dBFS_3s_44.1kHz.wav'", 'corrAns': 'None', 'tone': 1000}
540.4555 	EXP 	fixation: autoDraw = False
540.4555 	EXP 	fixation: autoDraw = True
544.4415 	EXP 	New trial (rep=27, index=2): {'trial': 'standard', 'file': "soundFiles/1000Hz_-3dBFS_3s_44.1kHz.wav'", 'corrAns': 'None', 'tone': 1000}
544.4562 	EXP 	fixation: autoDraw = False
544.4562 	EXP 	fixation: autoDraw = True
548.4449 	EXP 	New trial (rep=27, index=3): {'trial': 'target', 'file': "soundFiles/1200Hz_-3dBFS_3s_44.1kHz.wav'", 'corrAns': 't', 'tone': 2000}
548.4584 	EXP 	fixation: autoDraw = False
548.4584 	EXP 	fixation: autoDraw = True
550.5600 	DATA 	Keypress: t
552.4411 	EXP 	New trial (rep=28, index=0): {'trial': 'standard', 'file': "soundFiles/1000Hz_-3dBFS_3s_44.1kHz.wav'", 'corrAns': 'None', 'tone': 1000}
552.4554 	EXP 	fixation: autoDraw = False
552.4554 	EXP 	fixation: autoDraw = True
556.4419 	EXP 	New trial (rep=28, index=1): {'trial': 'standard', 'file': "soundFiles/1000Hz_-3dBFS_3s_44.1kHz.wav'", 'corrAns': 'None', 'tone': 1000}
556.4557 	EXP 	fixation: autoDraw = False
556.4557 	EXP 	fixation: autoDraw = True
560.4426 	EXP 	New trial (rep=28, index=2): {'trial': 'target', 'file': "soundFiles/1200Hz_-3dBFS_3s_44.1kHz.wav'", 'corrAns': 't', 'tone': 2000}
560.4570 	EXP 	fixation: autoDraw = False
560.4570 	EXP 	fixation: autoDraw = True
562.5755 	DATA 	Keypress: t
564.4414 	EXP 	New trial (rep=28, index=3): {'trial': 'standard', 'file': "soundFiles/1000Hz_-3dBFS_3s_44.1kHz.wav'", 'corrAns': 'None', 'tone': 1000}
564.4560 	EXP 	fixation: autoDraw = False
564.4560 	EXP 	fixation: autoDraw = True
568.4421 	EXP 	New trial (rep=29, index=0): {'trial': 'target', 'file': "soundFiles/1200Hz_-3dBFS_3s_44.1kHz.wav'", 'corrAns': 't', 'tone': 2000}
568.4566 	EXP 	fixation: autoDraw = False
568.4566 	EXP 	fixation: autoDraw = True
570.4945 	DATA 	Keypress: t
572.4487 	EXP 	New trial (rep=29, index=1): {'trial': 'standard', 'file': "soundFiles/1000Hz_-3dBFS_3s_44.1kHz.wav'", 'corrAns': 'None', 'tone': 1000}
572.4731 	EXP 	fixation: autoDraw = False
572.4731 	EXP 	fixation: autoDraw = True
576.4460 	EXP 	New trial (rep=29, index=2): {'trial': 'standard', 'file': "soundFiles/1000Hz_-3dBFS_3s_44.1kHz.wav'", 'corrAns': 'None', 'tone': 1000}
576.4581 	EXP 	fixation: autoDraw = False
576.4581 	EXP 	fixation: autoDraw = True
580.4411 	EXP 	New trial (rep=29, index=3): {'trial': 'standard', 'file': "soundFiles/1000Hz_-3dBFS_3s_44.1kHz.wav'", 'corrAns': 'None', 'tone': 1000}
580.4564 	EXP 	fixation: autoDraw = False
580.4564 	EXP 	fixation: autoDraw = True
584.4749 	EXP 	New trial (rep=30, index=0): {'trial': 'standard', 'file': "soundFiles/1000Hz_-3dBFS_3s_44.1kHz.wav'", 'corrAns': 'None', 'tone': 1000}
584.5121 	EXP 	fixation: autoDraw = False
584.5121 	EXP 	fixation: autoDraw = True
588.4422 	EXP 	New trial (rep=30, index=1): {'trial': 'target', 'file': "soundFiles/1200Hz_-3dBFS_3s_44.1kHz.wav'", 'corrAns': 't', 'tone': 2000}
588.4561 	EXP 	fixation: autoDraw = False
588.4561 	EXP 	fixation: autoDraw = True
590.3081 	DATA 	Keypress: t
592.4417 	EXP 	New trial (rep=30, index=2): {'trial': 'standard', 'file': "soundFiles/1000Hz_-3dBFS_3s_44.1kHz.wav'", 'corrAns': 'None', 'tone': 1000}
592.4563 	EXP 	fixation: autoDraw = False
592.4563 	EXP 	fixation: autoDraw = True
596.4414 	EXP 	New trial (rep=30, index=3): {'trial': 'standard', 'file': "soundFiles/1000Hz_-3dBFS_3s_44.1kHz.wav'", 'corrAns': 'None', 'tone': 1000}
596.4561 	EXP 	fixation: autoDraw = False
596.4561 	EXP 	fixation: autoDraw = True
600.4455 	EXP 	New trial (rep=31, index=0): {'trial': 'target', 'file': "soundFiles/1200Hz_-3dBFS_3s_44.1kHz.wav'", 'corrAns': 't', 'tone': 2000}
600.4573 	EXP 	fixation: autoDraw = False
600.4573 	EXP 	fixation: autoDraw = True
602.3927 	DATA 	Keypress: t
604.4420 	EXP 	New trial (rep=31, index=1): {'trial': 'standard', 'file': "soundFiles/1000Hz_-3dBFS_3s_44.1kHz.wav'", 'corrAns': 'None', 'tone': 1000}
604.4562 	EXP 	fixation: autoDraw = False
604.4562 	EXP 	fixation: autoDraw = True
608.4409 	EXP 	New trial (rep=31, index=2): {'trial': 'standard', 'file': "soundFiles/1000Hz_-3dBFS_3s_44.1kHz.wav'", 'corrAns': 'None', 'tone': 1000}
608.4560 	EXP 	fixation: autoDraw = False
608.4560 	EXP 	fixation: autoDraw = True
612.4423 	EXP 	New trial (rep=31, index=3): {'trial': 'standard', 'file': "soundFiles/1000Hz_-3dBFS_3s_44.1kHz.wav'", 'corrAns': 'None', 'tone': 1000}
612.4566 	EXP 	fixation: autoDraw = False
612.4566 	EXP 	fixation: autoDraw = True
616.4413 	EXP 	New trial (rep=32, index=0): {'trial': 'standard', 'file': "soundFiles/1000Hz_-3dBFS_3s_44.1kHz.wav'", 'corrAns': 'None', 'tone': 1000}
616.4568 	EXP 	fixation: autoDraw = False
616.4568 	EXP 	fixation: autoDraw = True
620.4522 	EXP 	New trial (rep=32, index=1): {'trial': 'standard', 'file': "soundFiles/1000Hz_-3dBFS_3s_44.1kHz.wav'", 'corrAns': 'None', 'tone': 1000}
620.4782 	EXP 	fixation: autoDraw = False
620.4782 	EXP 	fixation: autoDraw = True
624.4417 	EXP 	New trial (rep=32, index=2): {'trial': 'standard', 'file': "soundFiles/1000Hz_-3dBFS_3s_44.1kHz.wav'", 'corrAns': 'None', 'tone': 1000}
624.4562 	EXP 	fixation: autoDraw = False
624.4562 	EXP 	fixation: autoDraw = True
628.4417 	EXP 	New trial (rep=32, index=3): {'trial': 'target', 'file': "soundFiles/1200Hz_-3dBFS_3s_44.1kHz.wav'", 'corrAns': 't', 'tone': 2000}
628.4572 	EXP 	fixation: autoDraw = False
628.4572 	EXP 	fixation: autoDraw = True
630.0421 	DATA 	Keypress: t
632.4426 	EXP 	New trial (rep=33, index=0): {'trial': 'standard', 'file': "soundFiles/1000Hz_-3dBFS_3s_44.1kHz.wav'", 'corrAns': 'None', 'tone': 1000}
632.4574 	EXP 	fixation: autoDraw = False
632.4574 	EXP 	fixation: autoDraw = True
636.4435 	EXP 	New trial (rep=33, index=1): {'trial': 'standard', 'file': "soundFiles/1000Hz_-3dBFS_3s_44.1kHz.wav'", 'corrAns': 'None', 'tone': 1000}
636.4571 	EXP 	fixation: autoDraw = False
636.4571 	EXP 	fixation: autoDraw = True
640.4452 	EXP 	New trial (rep=33, index=2): {'trial': 'standard', 'file': "soundFiles/1000Hz_-3dBFS_3s_44.1kHz.wav'", 'corrAns': 'None', 'tone': 1000}
640.4577 	EXP 	fixation: autoDraw = False
640.4577 	EXP 	fixation: autoDraw = True
644.4436 	EXP 	New trial (rep=33, index=3): {'trial': 'target', 'file': "soundFiles/1200Hz_-3dBFS_3s_44.1kHz.wav'", 'corrAns': 't', 'tone': 2000}
644.4574 	EXP 	fixation: autoDraw = False
644.4574 	EXP 	fixation: autoDraw = True
646.1640 	DATA 	Keypress: t
648.4421 	EXP 	New trial (rep=34, index=0): {'trial': 'standard', 'file': "soundFiles/1000Hz_-3dBFS_3s_44.1kHz.wav'", 'corrAns': 'None', 'tone': 1000}
648.4563 	EXP 	fixation: autoDraw = False
648.4563 	EXP 	fixation: autoDraw = True
652.4426 	EXP 	New trial (rep=34, index=1): {'trial': 'standard', 'file': "soundFiles/1000Hz_-3dBFS_3s_44.1kHz.wav'", 'corrAns': 'None', 'tone': 1000}
652.4564 	EXP 	fixation: autoDraw = False
652.4564 	EXP 	fixation: autoDraw = True
656.4423 	EXP 	New trial (rep=34, index=2): {'trial': 'standard', 'file': "soundFiles/1000Hz_-3dBFS_3s_44.1kHz.wav'", 'corrAns': 'None', 'tone': 1000}
656.4573 	EXP 	fixation: autoDraw = False
656.4573 	EXP 	fixation: autoDraw = True
660.4439 	EXP 	New trial (rep=34, index=3): {'trial': 'target', 'file': "soundFiles/1200Hz_-3dBFS_3s_44.1kHz.wav'", 'corrAns': 't', 'tone': 2000}
660.4574 	EXP 	fixation: autoDraw = False
660.4574 	EXP 	fixation: autoDraw = True
662.2275 	DATA 	Keypress: t
664.4415 	EXP 	New trial (rep=35, index=0): {'trial': 'standard', 'file': "soundFiles/1000Hz_-3dBFS_3s_44.1kHz.wav'", 'corrAns': 'None', 'tone': 1000}
664.4572 	EXP 	fixation: autoDraw = False
664.4572 	EXP 	fixation: autoDraw = True
668.4417 	EXP 	New trial (rep=35, index=1): {'trial': 'standard', 'file': "soundFiles/1000Hz_-3dBFS_3s_44.1kHz.wav'", 'corrAns': 'None', 'tone': 1000}
668.4564 	EXP 	fixation: autoDraw = False
668.4564 	EXP 	fixation: autoDraw = True
672.4416 	EXP 	New trial (rep=35, index=2): {'trial': 'standard', 'file': "soundFiles/1000Hz_-3dBFS_3s_44.1kHz.wav'", 'corrAns': 'None', 'tone': 1000}
672.4568 	EXP 	fixation: autoDraw = False
672.4568 	EXP 	fixation: autoDraw = True
676.4432 	EXP 	New trial (rep=35, index=3): {'trial': 'target', 'file': "soundFiles/1200Hz_-3dBFS_3s_44.1kHz.wav'", 'corrAns': 't', 'tone': 2000}
676.4567 	EXP 	fixation: autoDraw = False
676.4567 	EXP 	fixation: autoDraw = True
678.2942 	DATA 	Keypress: t
680.4436 	EXP 	New trial (rep=36, index=0): {'trial': 'standard', 'file': "soundFiles/1000Hz_-3dBFS_3s_44.1kHz.wav'", 'corrAns': 'None', 'tone': 1000}
680.4564 	EXP 	fixation: autoDraw = False
680.4564 	EXP 	fixation: autoDraw = True
684.4422 	EXP 	New trial (rep=36, index=1): {'trial': 'standard', 'file': "soundFiles/1000Hz_-3dBFS_3s_44.1kHz.wav'", 'corrAns': 'None', 'tone': 1000}
684.4565 	EXP 	fixation: autoDraw = False
684.4565 	EXP 	fixation: autoDraw = True
688.4422 	EXP 	New trial (rep=36, index=2): {'trial': 'target', 'file': "soundFiles/1200Hz_-3dBFS_3s_44.1kHz.wav'", 'corrAns': 't', 'tone': 2000}
688.4564 	EXP 	fixation: autoDraw = False
688.4564 	EXP 	fixation: autoDraw = True
690.2263 	DATA 	Keypress: t
692.4424 	EXP 	New trial (rep=36, index=3): {'trial': 'standard', 'file': "soundFiles/1000Hz_-3dBFS_3s_44.1kHz.wav'", 'corrAns': 'None', 'tone': 1000}
692.4568 	EXP 	fixation: autoDraw = False
692.4568 	EXP 	fixation: autoDraw = True
696.4443 	EXP 	New trial (rep=37, index=0): {'trial': 'standard', 'file': "soundFiles/1000Hz_-3dBFS_3s_44.1kHz.wav'", 'corrAns': 'None', 'tone': 1000}
696.4577 	EXP 	fixation: autoDraw = False
696.4577 	EXP 	fixation: autoDraw = True
700.4526 	EXP 	New trial (rep=37, index=1): {'trial': 'standard', 'file': "soundFiles/1000Hz_-3dBFS_3s_44.1kHz.wav'", 'corrAns': 'None', 'tone': 1000}
700.4756 	EXP 	fixation: autoDraw = False
700.4756 	EXP 	fixation: autoDraw = True
704.4428 	EXP 	New trial (rep=37, index=2): {'trial': 'target', 'file': "soundFiles/1200Hz_-3dBFS_3s_44.1kHz.wav'", 'corrAns': 't', 'tone': 2000}
704.4573 	EXP 	fixation: autoDraw = False
704.4573 	EXP 	fixation: autoDraw = True
706.3096 	DATA 	Keypress: t
708.4418 	EXP 	New trial (rep=37, index=3): {'trial': 'standard', 'file': "soundFiles/1000Hz_-3dBFS_3s_44.1kHz.wav'", 'corrAns': 'None', 'tone': 1000}
708.4566 	EXP 	fixation: autoDraw = False
708.4566 	EXP 	fixation: autoDraw = True
712.4415 	EXP 	New trial (rep=38, index=0): {'trial': 'standard', 'file': "soundFiles/1000Hz_-3dBFS_3s_44.1kHz.wav'", 'corrAns': 'None', 'tone': 1000}
712.4568 	EXP 	fixation: autoDraw = False
712.4568 	EXP 	fixation: autoDraw = True
716.4425 	EXP 	New trial (rep=38, index=1): {'trial': 'target', 'file': "soundFiles/1200Hz_-3dBFS_3s_44.1kHz.wav'", 'corrAns': 't', 'tone': 2000}
716.4571 	EXP 	fixation: autoDraw = False
716.4571 	EXP 	fixation: autoDraw = True
718.3604 	DATA 	Keypress: t
720.4419 	EXP 	New trial (rep=38, index=2): {'trial': 'standard', 'file': "soundFiles/1000Hz_-3dBFS_3s_44.1kHz.wav'", 'corrAns': 'None', 'tone': 1000}
720.4571 	EXP 	fixation: autoDraw = False
720.4571 	EXP 	fixation: autoDraw = True
724.4430 	EXP 	New trial (rep=38, index=3): {'trial': 'standard', 'file': "soundFiles/1000Hz_-3dBFS_3s_44.1kHz.wav'", 'corrAns': 'None', 'tone': 1000}
724.4583 	EXP 	fixation: autoDraw = False
724.4583 	EXP 	fixation: autoDraw = True
728.4421 	EXP 	New trial (rep=39, index=0): {'trial': 'target', 'file': "soundFiles/1200Hz_-3dBFS_3s_44.1kHz.wav'", 'corrAns': 't', 'tone': 2000}
728.4571 	EXP 	fixation: autoDraw = False
728.4571 	EXP 	fixation: autoDraw = True
730.2615 	DATA 	Keypress: t
732.4437 	EXP 	New trial (rep=39, index=1): {'trial': 'standard', 'file': "soundFiles/1000Hz_-3dBFS_3s_44.1kHz.wav'", 'corrAns': 'None', 'tone': 1000}
732.4571 	EXP 	fixation: autoDraw = False
732.4571 	EXP 	fixation: autoDraw = True
736.4423 	EXP 	New trial (rep=39, index=2): {'trial': 'standard', 'file': "soundFiles/1000Hz_-3dBFS_3s_44.1kHz.wav'", 'corrAns': 'None', 'tone': 1000}
736.4580 	EXP 	fixation: autoDraw = False
736.4580 	EXP 	fixation: autoDraw = True
740.4468 	EXP 	New trial (rep=39, index=3): {'trial': 'standard', 'file': "soundFiles/1000Hz_-3dBFS_3s_44.1kHz.wav'", 'corrAns': 'None', 'tone': 1000}
740.4588 	EXP 	fixation: autoDraw = False
740.4588 	EXP 	fixation: autoDraw = True
744.4421 	EXP 	New trial (rep=40, index=0): {'trial': 'target', 'file': "soundFiles/1200Hz_-3dBFS_3s_44.1kHz.wav'", 'corrAns': 't', 'tone': 2000}
744.4569 	EXP 	fixation: autoDraw = False
744.4569 	EXP 	fixation: autoDraw = True
746.4424 	DATA 	Keypress: t
748.4421 	EXP 	New trial (rep=40, index=1): {'trial': 'standard', 'file': "soundFiles/1000Hz_-3dBFS_3s_44.1kHz.wav'", 'corrAns': 'None', 'tone': 1000}
748.4582 	EXP 	fixation: autoDraw = False
748.4582 	EXP 	fixation: autoDraw = True
752.4424 	EXP 	New trial (rep=40, index=2): {'trial': 'standard', 'file': "soundFiles/1000Hz_-3dBFS_3s_44.1kHz.wav'", 'corrAns': 'None', 'tone': 1000}
752.4573 	EXP 	fixation: autoDraw = False
752.4573 	EXP 	fixation: autoDraw = True
756.4418 	EXP 	New trial (rep=40, index=3): {'trial': 'standard', 'file': "soundFiles/1000Hz_-3dBFS_3s_44.1kHz.wav'", 'corrAns': 'None', 'tone': 1000}
756.4572 	EXP 	fixation: autoDraw = False
756.4572 	EXP 	fixation: autoDraw = True
760.4424 	EXP 	New trial (rep=41, index=0): {'trial': 'standard', 'file': "soundFiles/1000Hz_-3dBFS_3s_44.1kHz.wav'", 'corrAns': 'None', 'tone': 1000}
760.4572 	EXP 	fixation: autoDraw = False
760.4572 	EXP 	fixation: autoDraw = True
764.4417 	EXP 	New trial (rep=41, index=1): {'trial': 'target', 'file': "soundFiles/1200Hz_-3dBFS_3s_44.1kHz.wav'", 'corrAns': 't', 'tone': 2000}
764.4573 	EXP 	fixation: autoDraw = False
764.4573 	EXP 	fixation: autoDraw = True
766.1608 	DATA 	Keypress: t
768.4428 	EXP 	New trial (rep=41, index=2): {'trial': 'standard', 'file': "soundFiles/1000Hz_-3dBFS_3s_44.1kHz.wav'", 'corrAns': 'None', 'tone': 1000}
768.4574 	EXP 	fixation: autoDraw = False
768.4574 	EXP 	fixation: autoDraw = True
772.4424 	EXP 	New trial (rep=41, index=3): {'trial': 'standard', 'file': "soundFiles/1000Hz_-3dBFS_3s_44.1kHz.wav'", 'corrAns': 'None', 'tone': 1000}
772.4574 	EXP 	fixation: autoDraw = False
772.4574 	EXP 	fixation: autoDraw = True
776.4425 	EXP 	New trial (rep=42, index=0): {'trial': 'target', 'file': "soundFiles/1200Hz_-3dBFS_3s_44.1kHz.wav'", 'corrAns': 't', 'tone': 2000}
776.4574 	EXP 	fixation: autoDraw = False
776.4574 	EXP 	fixation: autoDraw = True
778.4602 	DATA 	Keypress: t
780.4435 	EXP 	New trial (rep=42, index=1): {'trial': 'standard', 'file': "soundFiles/1000Hz_-3dBFS_3s_44.1kHz.wav'", 'corrAns': 'None', 'tone': 1000}
780.4572 	EXP 	fixation: autoDraw = False
780.4572 	EXP 	fixation: autoDraw = True
784.4430 	EXP 	New trial (rep=42, index=2): {'trial': 'standard', 'file': "soundFiles/1000Hz_-3dBFS_3s_44.1kHz.wav'", 'corrAns': 'None', 'tone': 1000}
784.4580 	EXP 	fixation: autoDraw = False
784.4580 	EXP 	fixation: autoDraw = True
788.4419 	EXP 	New trial (rep=42, index=3): {'trial': 'standard', 'file': "soundFiles/1000Hz_-3dBFS_3s_44.1kHz.wav'", 'corrAns': 'None', 'tone': 1000}
788.4573 	EXP 	fixation: autoDraw = False
788.4573 	EXP 	fixation: autoDraw = True
792.4429 	EXP 	New trial (rep=43, index=0): {'trial': 'standard', 'file': "soundFiles/1000Hz_-3dBFS_3s_44.1kHz.wav'", 'corrAns': 'None', 'tone': 1000}
792.4570 	EXP 	fixation: autoDraw = False
792.4570 	EXP 	fixation: autoDraw = True
796.4423 	EXP 	New trial (rep=43, index=1): {'trial': 'standard', 'file': "soundFiles/1000Hz_-3dBFS_3s_44.1kHz.wav'", 'corrAns': 'None', 'tone': 1000}
796.4582 	EXP 	fixation: autoDraw = False
796.4582 	EXP 	fixation: autoDraw = True
800.4424 	EXP 	New trial (rep=43, index=2): {'trial': 'target', 'file': "soundFiles/1200Hz_-3dBFS_3s_44.1kHz.wav'", 'corrAns': 't', 'tone': 2000}
800.4587 	EXP 	fixation: autoDraw = False
800.4587 	EXP 	fixation: autoDraw = True
802.2612 	DATA 	Keypress: t
804.4443 	EXP 	New trial (rep=43, index=3): {'trial': 'standard', 'file': "soundFiles/1000Hz_-3dBFS_3s_44.1kHz.wav'", 'corrAns': 'None', 'tone': 1000}
804.4582 	EXP 	fixation: autoDraw = False
804.4582 	EXP 	fixation: autoDraw = True
808.4426 	EXP 	New trial (rep=44, index=0): {'trial': 'target', 'file': "soundFiles/1200Hz_-3dBFS_3s_44.1kHz.wav'", 'corrAns': 't', 'tone': 2000}
808.4577 	EXP 	fixation: autoDraw = False
808.4577 	EXP 	fixation: autoDraw = True
810.3107 	DATA 	Keypress: t
812.4427 	EXP 	New trial (rep=44, index=1): {'trial': 'standard', 'file': "soundFiles/1000Hz_-3dBFS_3s_44.1kHz.wav'", 'corrAns': 'None', 'tone': 1000}
812.4577 	EXP 	fixation: autoDraw = False
812.4577 	EXP 	fixation: autoDraw = True
816.4430 	EXP 	New trial (rep=44, index=2): {'trial': 'standard', 'file': "soundFiles/1000Hz_-3dBFS_3s_44.1kHz.wav'", 'corrAns': 'None', 'tone': 1000}
816.4573 	EXP 	fixation: autoDraw = False
816.4573 	EXP 	fixation: autoDraw = True
820.4423 	EXP 	New trial (rep=44, index=3): {'trial': 'standard', 'file': "soundFiles/1000Hz_-3dBFS_3s_44.1kHz.wav'", 'corrAns': 'None', 'tone': 1000}
820.4575 	EXP 	fixation: autoDraw = False
820.4575 	EXP 	fixation: autoDraw = True
824.4430 	EXP 	New trial (rep=45, index=0): {'trial': 'standard', 'file': "soundFiles/1000Hz_-3dBFS_3s_44.1kHz.wav'", 'corrAns': 'None', 'tone': 1000}
824.4576 	EXP 	fixation: autoDraw = False
824.4576 	EXP 	fixation: autoDraw = True
828.4427 	EXP 	New trial (rep=45, index=1): {'trial': 'target', 'file': "soundFiles/1200Hz_-3dBFS_3s_44.1kHz.wav'", 'corrAns': 't', 'tone': 2000}
828.4574 	EXP 	fixation: autoDraw = False
828.4574 	EXP 	fixation: autoDraw = True
830.3430 	DATA 	Keypress: t
832.4426 	EXP 	New trial (rep=45, index=2): {'trial': 'standard', 'file': "soundFiles/1000Hz_-3dBFS_3s_44.1kHz.wav'", 'corrAns': 'None', 'tone': 1000}
832.4582 	EXP 	fixation: autoDraw = False
832.4582 	EXP 	fixation: autoDraw = True
836.4427 	EXP 	New trial (rep=45, index=3): {'trial': 'standard', 'file': "soundFiles/1000Hz_-3dBFS_3s_44.1kHz.wav'", 'corrAns': 'None', 'tone': 1000}
836.4576 	EXP 	fixation: autoDraw = False
836.4576 	EXP 	fixation: autoDraw = True
840.4443 	EXP 	New trial (rep=46, index=0): {'trial': 'standard', 'file': "soundFiles/1000Hz_-3dBFS_3s_44.1kHz.wav'", 'corrAns': 'None', 'tone': 1000}
840.4584 	EXP 	fixation: autoDraw = False
840.4584 	EXP 	fixation: autoDraw = True
844.4440 	EXP 	New trial (rep=46, index=1): {'trial': 'target', 'file': "soundFiles/1200Hz_-3dBFS_3s_44.1kHz.wav'", 'corrAns': 't', 'tone': 2000}
844.4583 	EXP 	fixation: autoDraw = False
844.4583 	EXP 	fixation: autoDraw = True
846.3296 	DATA 	Keypress: t
848.4446 	EXP 	New trial (rep=46, index=2): {'trial': 'standard', 'file': "soundFiles/1000Hz_-3dBFS_3s_44.1kHz.wav'", 'corrAns': 'None', 'tone': 1000}
848.4594 	EXP 	fixation: autoDraw = False
848.4594 	EXP 	fixation: autoDraw = True
852.4461 	EXP 	New trial (rep=46, index=3): {'trial': 'standard', 'file': "soundFiles/1000Hz_-3dBFS_3s_44.1kHz.wav'", 'corrAns': 'None', 'tone': 1000}
852.4595 	EXP 	fixation: autoDraw = False
852.4595 	EXP 	fixation: autoDraw = True
856.4429 	EXP 	New trial (rep=47, index=0): {'trial': 'standard', 'file': "soundFiles/1000Hz_-3dBFS_3s_44.1kHz.wav'", 'corrAns': 'None', 'tone': 1000}
856.4589 	EXP 	fixation: autoDraw = False
856.4589 	EXP 	fixation: autoDraw = True
860.4431 	EXP 	New trial (rep=47, index=1): {'trial': 'target', 'file': "soundFiles/1200Hz_-3dBFS_3s_44.1kHz.wav'", 'corrAns': 't', 'tone': 2000}
860.4591 	EXP 	fixation: autoDraw = False
860.4591 	EXP 	fixation: autoDraw = True
862.3107 	DATA 	Keypress: t
864.4433 	EXP 	New trial (rep=47, index=2): {'trial': 'standard', 'file': "soundFiles/1000Hz_-3dBFS_3s_44.1kHz.wav'", 'corrAns': 'None', 'tone': 1000}
864.4579 	EXP 	fixation: autoDraw = False
864.4579 	EXP 	fixation: autoDraw = True
868.4430 	EXP 	New trial (rep=47, index=3): {'trial': 'standard', 'file': "soundFiles/1000Hz_-3dBFS_3s_44.1kHz.wav'", 'corrAns': 'None', 'tone': 1000}
868.4579 	EXP 	fixation: autoDraw = False
868.4579 	EXP 	fixation: autoDraw = True
872.4432 	EXP 	New trial (rep=48, index=0): {'trial': 'standard', 'file': "soundFiles/1000Hz_-3dBFS_3s_44.1kHz.wav'", 'corrAns': 'None', 'tone': 1000}
872.4582 	EXP 	fixation: autoDraw = False
872.4582 	EXP 	fixation: autoDraw = True
876.4434 	EXP 	New trial (rep=48, index=1): {'trial': 'target', 'file': "soundFiles/1200Hz_-3dBFS_3s_44.1kHz.wav'", 'corrAns': 't', 'tone': 2000}
876.4581 	EXP 	fixation: autoDraw = False
876.4581 	EXP 	fixation: autoDraw = True
878.2435 	DATA 	Keypress: t
880.4433 	EXP 	New trial (rep=48, index=2): {'trial': 'standard', 'file': "soundFiles/1000Hz_-3dBFS_3s_44.1kHz.wav'", 'corrAns': 'None', 'tone': 1000}
880.4597 	EXP 	fixation: autoDraw = False
880.4597 	EXP 	fixation: autoDraw = True
884.4426 	EXP 	New trial (rep=48, index=3): {'trial': 'standard', 'file': "soundFiles/1000Hz_-3dBFS_3s_44.1kHz.wav'", 'corrAns': 'None', 'tone': 1000}
884.4589 	EXP 	fixation: autoDraw = False
884.4589 	EXP 	fixation: autoDraw = True
888.4429 	EXP 	New trial (rep=49, index=0): {'trial': 'standard', 'file': "soundFiles/1000Hz_-3dBFS_3s_44.1kHz.wav'", 'corrAns': 'None', 'tone': 1000}
888.4584 	EXP 	fixation: autoDraw = False
888.4584 	EXP 	fixation: autoDraw = True
892.4442 	EXP 	New trial (rep=49, index=1): {'trial': 'standard', 'file': "soundFiles/1000Hz_-3dBFS_3s_44.1kHz.wav'", 'corrAns': 'None', 'tone': 1000}
892.4583 	EXP 	fixation: autoDraw = False
892.4583 	EXP 	fixation: autoDraw = True
896.4767 	EXP 	New trial (rep=49, index=2): {'trial': 'standard', 'file': "soundFiles/1000Hz_-3dBFS_3s_44.1kHz.wav'", 'corrAns': 'None', 'tone': 1000}
896.4968 	EXP 	fixation: autoDraw = False
896.4968 	EXP 	fixation: autoDraw = True
900.4439 	EXP 	New trial (rep=49, index=3): {'trial': 'target', 'file': "soundFiles/1200Hz_-3dBFS_3s_44.1kHz.wav'", 'corrAns': 't', 'tone': 2000}
900.4586 	EXP 	fixation: autoDraw = False
900.4586 	EXP 	fixation: autoDraw = True
902.1613 	DATA 	Keypress: t
904.4445 	EXP 	New trial (rep=50, index=0): {'trial': 'standard', 'file': "soundFiles/1000Hz_-3dBFS_3s_44.1kHz.wav'", 'corrAns': 'None', 'tone': 1000}
904.4587 	EXP 	fixation: autoDraw = False
904.4587 	EXP 	fixation: autoDraw = True
908.4438 	EXP 	New trial (rep=50, index=1): {'trial': 'target', 'file': "soundFiles/1200Hz_-3dBFS_3s_44.1kHz.wav'", 'corrAns': 't', 'tone': 2000}
908.4585 	EXP 	fixation: autoDraw = False
908.4585 	EXP 	fixation: autoDraw = True
910.3773 	DATA 	Keypress: t
912.4439 	EXP 	New trial (rep=50, index=2): {'trial': 'standard', 'file': "soundFiles/1000Hz_-3dBFS_3s_44.1kHz.wav'", 'corrAns': 'None', 'tone': 1000}
912.4586 	EXP 	fixation: autoDraw = False
912.4586 	EXP 	fixation: autoDraw = True
916.4452 	EXP 	New trial (rep=50, index=3): {'trial': 'standard', 'file': "soundFiles/1000Hz_-3dBFS_3s_44.1kHz.wav'", 'corrAns': 'None', 'tone': 1000}
916.4595 	EXP 	fixation: autoDraw = False
916.4595 	EXP 	fixation: autoDraw = True
920.4811 	EXP 	New trial (rep=51, index=0): {'trial': 'standard', 'file': "soundFiles/1000Hz_-3dBFS_3s_44.1kHz.wav'", 'corrAns': 'None', 'tone': 1000}
920.5131 	EXP 	fixation: autoDraw = False
920.5131 	EXP 	fixation: autoDraw = True
924.4433 	EXP 	New trial (rep=51, index=1): {'trial': 'standard', 'file': "soundFiles/1000Hz_-3dBFS_3s_44.1kHz.wav'", 'corrAns': 'None', 'tone': 1000}
924.4578 	EXP 	fixation: autoDraw = False
924.4578 	EXP 	fixation: autoDraw = True
928.4446 	EXP 	New trial (rep=51, index=2): {'trial': 'target', 'file': "soundFiles/1200Hz_-3dBFS_3s_44.1kHz.wav'", 'corrAns': 't', 'tone': 2000}
928.4588 	EXP 	fixation: autoDraw = False
928.4588 	EXP 	fixation: autoDraw = True
930.3440 	DATA 	Keypress: t
932.4800 	EXP 	New trial (rep=51, index=3): {'trial': 'standard', 'file': "soundFiles/1000Hz_-3dBFS_3s_44.1kHz.wav'", 'corrAns': 'None', 'tone': 1000}
932.5146 	EXP 	fixation: autoDraw = False
932.5146 	EXP 	fixation: autoDraw = True
936.4498 	EXP 	New trial (rep=52, index=0): {'trial': 'target', 'file': "soundFiles/1200Hz_-3dBFS_3s_44.1kHz.wav'", 'corrAns': 't', 'tone': 2000}
936.4608 	EXP 	fixation: autoDraw = False
936.4608 	EXP 	fixation: autoDraw = True
938.5774 	DATA 	Keypress: t
940.4449 	EXP 	New trial (rep=52, index=1): {'trial': 'standard', 'file': "soundFiles/1000Hz_-3dBFS_3s_44.1kHz.wav'", 'corrAns': 'None', 'tone': 1000}
940.4592 	EXP 	fixation: autoDraw = False
940.4592 	EXP 	fixation: autoDraw = True
944.4430 	EXP 	New trial (rep=52, index=2): {'trial': 'standard', 'file': "soundFiles/1000Hz_-3dBFS_3s_44.1kHz.wav'", 'corrAns': 'None', 'tone': 1000}
944.4585 	EXP 	fixation: autoDraw = False
944.4585 	EXP 	fixation: autoDraw = True
948.4767 	EXP 	New trial (rep=52, index=3): {'trial': 'standard', 'file': "soundFiles/1000Hz_-3dBFS_3s_44.1kHz.wav'", 'corrAns': 'None', 'tone': 1000}
948.5150 	EXP 	fixation: autoDraw = False
948.5150 	EXP 	fixation: autoDraw = True
952.4439 	EXP 	New trial (rep=53, index=0): {'trial': 'target', 'file': "soundFiles/1200Hz_-3dBFS_3s_44.1kHz.wav'", 'corrAns': 't', 'tone': 2000}
952.4590 	EXP 	fixation: autoDraw = False
952.4590 	EXP 	fixation: autoDraw = True
954.3110 	DATA 	Keypress: t
956.4444 	EXP 	New trial (rep=53, index=1): {'trial': 'standard', 'file': "soundFiles/1000Hz_-3dBFS_3s_44.1kHz.wav'", 'corrAns': 'None', 'tone': 1000}
956.4596 	EXP 	fixation: autoDraw = False
956.4596 	EXP 	fixation: autoDraw = True
960.4448 	EXP 	New trial (rep=53, index=2): {'trial': 'standard', 'file': "soundFiles/1000Hz_-3dBFS_3s_44.1kHz.wav'", 'corrAns': 'None', 'tone': 1000}
960.4593 	EXP 	fixation: autoDraw = False
960.4593 	EXP 	fixation: autoDraw = True
964.4443 	EXP 	New trial (rep=53, index=3): {'trial': 'standard', 'file': "soundFiles/1000Hz_-3dBFS_3s_44.1kHz.wav'", 'corrAns': 'None', 'tone': 1000}
964.4595 	EXP 	fixation: autoDraw = False
964.4595 	EXP 	fixation: autoDraw = True
968.4457 	EXP 	New trial (rep=54, index=0): {'trial': 'standard', 'file': "soundFiles/1000Hz_-3dBFS_3s_44.1kHz.wav'", 'corrAns': 'None', 'tone': 1000}
968.4601 	EXP 	fixation: autoDraw = False
968.4601 	EXP 	fixation: autoDraw = True
972.4438 	EXP 	New trial (rep=54, index=1): {'trial': 'target', 'file': "soundFiles/1200Hz_-3dBFS_3s_44.1kHz.wav'", 'corrAns': 't', 'tone': 2000}
972.4587 	EXP 	fixation: autoDraw = False
972.4587 	EXP 	fixation: autoDraw = True
974.2782 	DATA 	Keypress: t
976.4447 	EXP 	New trial (rep=54, index=2): {'trial': 'standard', 'file': "soundFiles/1000Hz_-3dBFS_3s_44.1kHz.wav'", 'corrAns': 'None', 'tone': 1000}
976.4587 	EXP 	fixation: autoDraw = False
976.4587 	EXP 	fixation: autoDraw = True
980.4438 	EXP 	New trial (rep=54, index=3): {'trial': 'standard', 'file': "soundFiles/1000Hz_-3dBFS_3s_44.1kHz.wav'", 'corrAns': 'None', 'tone': 1000}
980.4588 	EXP 	fixation: autoDraw = False
980.4588 	EXP 	fixation: autoDraw = True
984.4441 	EXP 	New trial (rep=55, index=0): {'trial': 'standard', 'file': "soundFiles/1000Hz_-3dBFS_3s_44.1kHz.wav'", 'corrAns': 'None', 'tone': 1000}
984.4586 	EXP 	fixation: autoDraw = False
984.4586 	EXP 	fixation: autoDraw = True
988.4457 	EXP 	New trial (rep=55, index=1): {'trial': 'target', 'file': "soundFiles/1200Hz_-3dBFS_3s_44.1kHz.wav'", 'corrAns': 't', 'tone': 2000}
988.4603 	EXP 	fixation: autoDraw = False
988.4603 	EXP 	fixation: autoDraw = True
990.4124 	DATA 	Keypress: t
992.4458 	EXP 	New trial (rep=55, index=2): {'trial': 'standard', 'file': "soundFiles/1000Hz_-3dBFS_3s_44.1kHz.wav'", 'corrAns': 'None', 'tone': 1000}
992.4594 	EXP 	fixation: autoDraw = False
992.4594 	EXP 	fixation: autoDraw = True
996.4519 	EXP 	New trial (rep=55, index=3): {'trial': 'standard', 'file': "soundFiles/1000Hz_-3dBFS_3s_44.1kHz.wav'", 'corrAns': 'None', 'tone': 1000}
996.4774 	EXP 	fixation: autoDraw = False
996.4774 	EXP 	fixation: autoDraw = True
1000.4445 	EXP 	New trial (rep=56, index=0): {'trial': 'standard', 'file': "soundFiles/1000Hz_-3dBFS_3s_44.1kHz.wav'", 'corrAns': 'None', 'tone': 1000}
1000.4591 	EXP 	fixation: autoDraw = False
1000.4591 	EXP 	fixation: autoDraw = True
1004.4436 	EXP 	New trial (rep=56, index=1): {'trial': 'standard', 'file': "soundFiles/1000Hz_-3dBFS_3s_44.1kHz.wav'", 'corrAns': 'None', 'tone': 1000}
1004.4587 	EXP 	fixation: autoDraw = False
1004.4587 	EXP 	fixation: autoDraw = True
1008.4444 	EXP 	New trial (rep=56, index=2): {'trial': 'standard', 'file': "soundFiles/1000Hz_-3dBFS_3s_44.1kHz.wav'", 'corrAns': 'None', 'tone': 1000}
1008.4590 	EXP 	fixation: autoDraw = False
1008.4590 	EXP 	fixation: autoDraw = True
1012.4453 	EXP 	New trial (rep=56, index=3): {'trial': 'target', 'file': "soundFiles/1200Hz_-3dBFS_3s_44.1kHz.wav'", 'corrAns': 't', 'tone': 2000}
1012.4595 	EXP 	fixation: autoDraw = False
1012.4595 	EXP 	fixation: autoDraw = True
1014.2123 	DATA 	Keypress: t
1016.4471 	EXP 	New trial (rep=57, index=0): {'trial': 'standard', 'file': "soundFiles/1000Hz_-3dBFS_3s_44.1kHz.wav'", 'corrAns': 'None', 'tone': 1000}
1016.4596 	EXP 	fixation: autoDraw = False
1016.4596 	EXP 	fixation: autoDraw = True
1020.4439 	EXP 	New trial (rep=57, index=1): {'trial': 'target', 'file': "soundFiles/1200Hz_-3dBFS_3s_44.1kHz.wav'", 'corrAns': 't', 'tone': 2000}
1020.4593 	EXP 	fixation: autoDraw = False
1020.4593 	EXP 	fixation: autoDraw = True
1022.6290 	DATA 	Keypress: t
1024.4461 	EXP 	New trial (rep=57, index=2): {'trial': 'standard', 'file': "soundFiles/1000Hz_-3dBFS_3s_44.1kHz.wav'", 'corrAns': 'None', 'tone': 1000}
1024.4603 	EXP 	fixation: autoDraw = False
1024.4603 	EXP 	fixation: autoDraw = True
1028.4460 	EXP 	New trial (rep=57, index=3): {'trial': 'standard', 'file': "soundFiles/1000Hz_-3dBFS_3s_44.1kHz.wav'", 'corrAns': 'None', 'tone': 1000}
1028.4594 	EXP 	fixation: autoDraw = False
1028.4594 	EXP 	fixation: autoDraw = True
1032.4445 	EXP 	New trial (rep=58, index=0): {'trial': 'standard', 'file': "soundFiles/1000Hz_-3dBFS_3s_44.1kHz.wav'", 'corrAns': 'None', 'tone': 1000}
1032.4594 	EXP 	fixation: autoDraw = False
1032.4594 	EXP 	fixation: autoDraw = True
1036.4445 	EXP 	New trial (rep=58, index=1): {'trial': 'standard', 'file': "soundFiles/1000Hz_-3dBFS_3s_44.1kHz.wav'", 'corrAns': 'None', 'tone': 1000}
1036.4598 	EXP 	fixation: autoDraw = False
1036.4598 	EXP 	fixation: autoDraw = True
1040.4446 	EXP 	New trial (rep=58, index=2): {'trial': 'standard', 'file': "soundFiles/1000Hz_-3dBFS_3s_44.1kHz.wav'", 'corrAns': 'None', 'tone': 1000}
1040.4596 	EXP 	fixation: autoDraw = False
1040.4596 	EXP 	fixation: autoDraw = True
1044.4446 	EXP 	New trial (rep=58, index=3): {'trial': 'target', 'file': "soundFiles/1200Hz_-3dBFS_3s_44.1kHz.wav'", 'corrAns': 't', 'tone': 2000}
1044.4595 	EXP 	fixation: autoDraw = False
1044.4595 	EXP 	fixation: autoDraw = True
1046.1457 	DATA 	Keypress: t
1048.4476 	EXP 	New trial (rep=59, index=0): {'trial': 'target', 'file': "soundFiles/1200Hz_-3dBFS_3s_44.1kHz.wav'", 'corrAns': 't', 'tone': 2000}
1048.4605 	EXP 	fixation: autoDraw = False
1048.4605 	EXP 	fixation: autoDraw = True
1050.4290 	DATA 	Keypress: t
1052.4487 	EXP 	New trial (rep=59, index=1): {'trial': 'standard', 'file': "soundFiles/1000Hz_-3dBFS_3s_44.1kHz.wav'", 'corrAns': 'None', 'tone': 1000}
1052.4608 	EXP 	fixation: autoDraw = False
1052.4608 	EXP 	fixation: autoDraw = True
1056.4445 	EXP 	New trial (rep=59, index=2): {'trial': 'standard', 'file': "soundFiles/1000Hz_-3dBFS_3s_44.1kHz.wav'", 'corrAns': 'None', 'tone': 1000}
1056.4596 	EXP 	fixation: autoDraw = False
1056.4596 	EXP 	fixation: autoDraw = True
1060.4467 	EXP 	New trial (rep=59, index=3): {'trial': 'standard', 'file': "soundFiles/1000Hz_-3dBFS_3s_44.1kHz.wav'", 'corrAns': 'None', 'tone': 1000}
1060.4613 	EXP 	fixation: autoDraw = False
1060.4613 	EXP 	fixation: autoDraw = True
1064.4596 	EXP 	fixation: autoDraw = False
1064.4596 	EXP 	thank_you: autoDraw = True
1067.4599 	EXP 	thank_you: autoDraw = False
1074.7543 	DATA 	Mouse: Left button down, pos=(362,473)
1074.8130 	DATA 	Mouse:  Left button up, pos=(362,473)
1076.4974 	DATA 	Keypress: e
1076.5107 	EXP 	thank_you: autoDraw = False
1076.7110 	EXP 	window1: mouseVisible = True
