5.9811 	WARNING 	User requested fullscreen with size [1536  864], but screen is actually [1920, 1080]. Using actual size
7.6095 	EXP 	Created window1 = Window(allowGUI=True, allowStencil=False, autoLog=True, backendConf=UNKNOWN, bitsMode=UNKNOWN, blendMode='avg', bpc=(8, 8, 8), color=array([-1, -1, -1]), colorSpace='rgb', depthBits=8, fullscr=<method-wrapper '__getattribute__' of attributeSetter object at 0x0000026023BAB400>, gamma=None, gammaErrorPolicy='raise', lms=UNKNOWN, monitor=<psychopy.monitors.calibTools.Monitor object at 0x0000026024C17220>, multiSample=False, name='window1', numSamples=2, pos=(0, 0), screen=0, size=array([1920, 1080]), stencilBits=0, stereo=False, units='height', useFBO=True, useRetina=False, viewOri=0.0, viewPos=None, viewScale=None, waitBlanking=True, winType='pyglet')
7.6096 	EXP 	window1: mouseVisible = True
7.6096 	EXP 	window1: mouseVisible = False
7.6096 	EXP 	window1: Attempting to measure frame rate of screen (0) ...
7.6097 	EXP 	window1: recordFrameIntervals = False
7.7762 	EXP 	window1: recordFrameIntervals = True
7.9596 	EXP 	Screen (0) actual frame rate measured at 60.10Hz
7.9596 	EXP 	window1: recordFrameIntervals = False
10.0756 	EXP 	Created InstructionsText = TextStim(__class__=<class 'psychopy.visual.text.TextStim'>, alignHoriz=method-wrapper(...), alignText='center', alignVert=method-wrapper(...), anchorHoriz='center', anchorVert='center', antialias=True, autoDraw=False, autoLog=True, bold=False, color=array([1, 1, 1]), colorSpace='rgb', contrast=1.0, depth=0.0, flipHoriz=False, flipVert=False, font='Open Sans', fontFiles=[], height=0.05, italic=False, languageStyle='LTR', name='InstructionsText', opacity=1.0, ori=0.0, pos=array([0., 0.]), rgb=UNKNOWN, text=str(...), units='height', win=Window(...), wrapWidth=1)
10.1437 	EXP 	Created ISI_text = TextStim(__class__=<class 'psychopy.visual.text.TextStim'>, alignHoriz=method-wrapper(...), alignText='center', alignVert=method-wrapper(...), anchorHoriz='center', anchorVert='center', antialias=True, autoDraw=False, autoLog=True, bold=False, color=array([1, 1, 1]), colorSpace='rgb', contrast=1.0, depth=-1.0, flipHoriz=False, flipVert=False, font='Open Sans', fontFiles=[], height=0.05, italic=False, languageStyle='LTR', name='ISI_text', opacity=1.0, ori=0.0, pos=array([0., 0.]), rgb=UNKNOWN, text='', units='height', win=Window(...), wrapWidth=1)
10.1442 	EXP 	Created Targetstim = TextStim(__class__=<class 'psychopy.visual.text.TextStim'>, alignHoriz=method-wrapper(...), alignText='center', alignVert=method-wrapper(...), anchorHoriz='center', anchorVert='center', antialias=True, autoDraw=False, autoLog=True, bold=False, color=array([ 1, -1, -1]), colorSpace='rgb', contrast=1.0, depth=-1.0, flipHoriz=False, flipVert=False, font='Open Sans', fontFiles=[], height=0.05, italic=False, languageStyle='LTR', name='Targetstim', opacity=1.0, ori=0.0, pos=array([0., 0.]), rgb=UNKNOWN, text='', units='height', win=Window(...), wrapWidth=1)
10.1447 	EXP 	Created Feedback_text = TextStim(__class__=<class 'psychopy.visual.text.TextStim'>, alignHoriz=method-wrapper(...), alignText='center', alignVert=method-wrapper(...), anchorHoriz='center', anchorVert='center', antialias=True, autoDraw=False, autoLog=True, bold=False, color=array([ 1, -1, -1]), colorSpace='rgb', contrast=1.0, depth=0.0, flipHoriz=False, flipVert=False, font='Open Sans', fontFiles=[], height=0.05, italic=False, languageStyle='LTR', name='Feedback_text', opacity=1.0, ori=0.0, pos=array([0., 0.]), rgb=UNKNOWN, text='', units='height', win=Window(...), wrapWidth=1)
10.1512 	EXP 	Created Goodbye = TextStim(__class__=<class 'psychopy.visual.text.TextStim'>, alignHoriz=method-wrapper(...), alignText='center', alignVert=method-wrapper(...), anchorHoriz='center', anchorVert='center', antialias=True, autoDraw=False, autoLog=True, bold=False, color=array([1, 1, 1]), colorSpace='rgb', contrast=1.0, depth=0.0, flipHoriz=False, flipVert=False, font='Open Sans', fontFiles=[], height=0.05, italic=False, languageStyle='LTR', name='Goodbye', opacity=1.0, ori=0.0, pos=array([0., 0.]), rgb=UNKNOWN, text=str(...), units='height', win=Window(...), wrapWidth=1)
10.1582 	EXP 	InstructionsText: autoDraw = True
17.3890 	EXP 	Created sequence: random, trialTypes=1, nReps=120, seed=None
17.3895 	EXP 	New trial (rep=0, index=0): None
17.3929 	DATA 	Keypress: space
17.4003 	EXP 	InstructionsText: autoDraw = False
17.4003 	EXP 	ISI_text: autoDraw = True
19.1814 	EXP 	ISI_text: autoDraw = False
19.1814 	EXP 	ISI_text: autoDraw = False
19.1814 	EXP 	Targetstim: autoDraw = True
19.9210 	DATA 	Keypress: space
19.9307 	EXP 	Targetstim: autoDraw = False
19.9307 	EXP 	Feedback_text: height = 0.05
19.9307 	EXP 	Feedback_text: height = 0.05
19.9307 	EXP 	Feedback_text: height = 0.05
19.9307 	EXP 	Feedback_text: text = '728'
19.9307 	EXP 	Feedback_text: autoDraw = True
20.4153 	EXP 	New trial (rep=1, index=0): None
20.4306 	EXP 	Feedback_text: autoDraw = False
20.4306 	EXP 	Feedback_text: autoDraw = False
20.4306 	EXP 	ISI_text: autoDraw = True
22.1952 	EXP 	ISI_text: autoDraw = False
22.1952 	EXP 	ISI_text: autoDraw = False
22.1952 	EXP 	Targetstim: autoDraw = True
22.7496 	DATA 	Keypress: space
22.7615 	EXP 	Targetstim: autoDraw = False
22.7615 	EXP 	Feedback_text: height = 0.05
22.7615 	EXP 	Feedback_text: height = 0.05
22.7615 	EXP 	Feedback_text: height = 0.05
22.7615 	EXP 	Feedback_text: text = '541'
22.7615 	EXP 	Feedback_text: autoDraw = True
23.2458 	EXP 	New trial (rep=2, index=0): None
23.2614 	EXP 	Feedback_text: autoDraw = False
23.2614 	EXP 	Feedback_text: autoDraw = False
23.2614 	EXP 	ISI_text: autoDraw = True
24.9093 	EXP 	ISI_text: autoDraw = False
24.9093 	EXP 	ISI_text: autoDraw = False
24.9093 	EXP 	Targetstim: autoDraw = True
25.0309 	DATA 	Keypress: space
25.0431 	EXP 	Targetstim: autoDraw = False
25.0431 	EXP 	Feedback_text: height = 0.05
25.0431 	EXP 	Feedback_text: height = 0.05
25.0431 	EXP 	Feedback_text: height = 0.05
25.0431 	EXP 	Feedback_text: text = '112'
25.0431 	EXP 	Feedback_text: autoDraw = True
25.5267 	EXP 	New trial (rep=3, index=0): None
25.5425 	EXP 	Feedback_text: autoDraw = False
25.5425 	EXP 	Feedback_text: autoDraw = False
25.5425 	EXP 	ISI_text: autoDraw = True
28.7227 	EXP 	ISI_text: autoDraw = False
28.7227 	EXP 	ISI_text: autoDraw = False
28.7227 	EXP 	Targetstim: autoDraw = True
28.9942 	DATA 	Keypress: space
29.0060 	EXP 	Targetstim: autoDraw = False
29.0060 	EXP 	Feedback_text: height = 0.05
29.0060 	EXP 	Feedback_text: height = 0.05
29.0060 	EXP 	Feedback_text: height = 0.05
29.0060 	EXP 	Feedback_text: text = '266'
29.0060 	EXP 	Feedback_text: autoDraw = True
29.4901 	EXP 	New trial (rep=4, index=0): None
29.5052 	EXP 	Feedback_text: autoDraw = False
29.5052 	EXP 	Feedback_text: autoDraw = False
29.5052 	EXP 	ISI_text: autoDraw = True
32.3858 	EXP 	ISI_text: autoDraw = False
32.3858 	EXP 	ISI_text: autoDraw = False
32.3858 	EXP 	Targetstim: autoDraw = True
32.6400 	DATA 	Keypress: space
32.6525 	EXP 	Targetstim: autoDraw = False
32.6525 	EXP 	Feedback_text: height = 0.05
32.6525 	EXP 	Feedback_text: height = 0.05
32.6525 	EXP 	Feedback_text: height = 0.05
32.6525 	EXP 	Feedback_text: text = '248'
32.6525 	EXP 	Feedback_text: autoDraw = True
33.1368 	EXP 	New trial (rep=5, index=0): None
33.1517 	EXP 	Feedback_text: autoDraw = False
33.1517 	EXP 	Feedback_text: autoDraw = False
33.1517 	EXP 	ISI_text: autoDraw = True
33.7843 	EXP 	ISI_text: autoDraw = False
33.7843 	EXP 	ISI_text: autoDraw = False
33.7843 	EXP 	Targetstim: autoDraw = True
34.2890 	DATA 	Keypress: space
34.3009 	EXP 	Targetstim: autoDraw = False
34.3009 	EXP 	Feedback_text: height = 0.05
34.3009 	EXP 	Feedback_text: height = 0.05
34.3009 	EXP 	Feedback_text: height = 0.05
34.3009 	EXP 	Feedback_text: text = '499'
34.3009 	EXP 	Feedback_text: autoDraw = True
34.7848 	EXP 	New trial (rep=6, index=0): None
34.8003 	EXP 	Feedback_text: autoDraw = False
34.8003 	EXP 	Feedback_text: autoDraw = False
34.8003 	EXP 	ISI_text: autoDraw = True
36.7820 	EXP 	ISI_text: autoDraw = False
36.7820 	EXP 	ISI_text: autoDraw = False
36.7820 	EXP 	Targetstim: autoDraw = True
37.0529 	DATA 	Keypress: space
37.0652 	EXP 	Targetstim: autoDraw = False
37.0652 	EXP 	Feedback_text: height = 0.05
37.0652 	EXP 	Feedback_text: height = 0.05
37.0652 	EXP 	Feedback_text: height = 0.05
37.0652 	EXP 	Feedback_text: text = '255'
37.0652 	EXP 	Feedback_text: autoDraw = True
37.5656 	EXP 	New trial (rep=7, index=0): None
37.5810 	EXP 	Feedback_text: autoDraw = False
37.5810 	EXP 	Feedback_text: autoDraw = False
37.5810 	EXP 	ISI_text: autoDraw = True
38.0977 	EXP 	ISI_text: autoDraw = False
38.0977 	EXP 	ISI_text: autoDraw = False
38.0977 	EXP 	Targetstim: autoDraw = True
38.3681 	DATA 	Keypress: space
38.3802 	EXP 	Targetstim: autoDraw = False
38.3802 	EXP 	Feedback_text: height = 0.05
38.3802 	EXP 	Feedback_text: height = 0.05
38.3802 	EXP 	Feedback_text: height = 0.05
38.3802 	EXP 	Feedback_text: text = '260'
38.3802 	EXP 	Feedback_text: autoDraw = True
38.8644 	EXP 	New trial (rep=8, index=0): None
38.8799 	EXP 	Feedback_text: autoDraw = False
38.8799 	EXP 	Feedback_text: autoDraw = False
38.8799 	EXP 	ISI_text: autoDraw = True
40.6116 	EXP 	ISI_text: autoDraw = False
40.6116 	EXP 	ISI_text: autoDraw = False
40.6116 	EXP 	Targetstim: autoDraw = True
40.8494 	DATA 	Keypress: space
40.8614 	EXP 	Targetstim: autoDraw = False
40.8614 	EXP 	Feedback_text: height = 0.05
40.8614 	EXP 	Feedback_text: height = 0.05
40.8614 	EXP 	Feedback_text: height = 0.05
40.8614 	EXP 	Feedback_text: text = '229'
40.8614 	EXP 	Feedback_text: autoDraw = True
41.3455 	EXP 	New trial (rep=9, index=0): None
41.3612 	EXP 	Feedback_text: autoDraw = False
41.3612 	EXP 	Feedback_text: autoDraw = False
41.3612 	EXP 	ISI_text: autoDraw = True
42.2604 	EXP 	ISI_text: autoDraw = False
42.2604 	EXP 	ISI_text: autoDraw = False
42.2604 	EXP 	Targetstim: autoDraw = True
42.4980 	DATA 	Keypress: space
42.5096 	EXP 	Targetstim: autoDraw = False
42.5096 	EXP 	Feedback_text: height = 0.05
42.5096 	EXP 	Feedback_text: height = 0.05
42.5096 	EXP 	Feedback_text: height = 0.05
42.5096 	EXP 	Feedback_text: text = '225'
42.5096 	EXP 	Feedback_text: autoDraw = True
42.9940 	EXP 	New trial (rep=10, index=0): None
43.0093 	EXP 	Feedback_text: autoDraw = False
43.0093 	EXP 	Feedback_text: autoDraw = False
43.0093 	EXP 	ISI_text: autoDraw = True
44.2950 	DATA 	Keypress: space
44.3081 	EXP 	ISI_text: autoDraw = False
44.3081 	EXP 	Targetstim: autoDraw = False
44.3081 	EXP 	Feedback_text: height = 0.05
44.3081 	EXP 	Feedback_text: height = 0.05
44.3081 	EXP 	Feedback_text: height = 0.05
44.3081 	EXP 	Feedback_text: text = 'Too soon!'
45.8243 	DATA 	Keypress: space
57.4962 	DATA 	Keypress: space
66.4717 	DATA 	Keypress: escape
67.2218 	EXP 	window1: mouseVisible = True
